Sat Feb 24 11:37:24 IRKT 2018 Сервер ЕЭИСЦ успешно запущен:
Порт файлового обмена - 6502

Sat Feb 24 11:37:24 IRKT 2018. FTP SERVER. Сервер запущен по порту: 6502
Sat Feb 24 11:37:33 IRKT 2018. FTP SERVER. Новое соединение: /0:0:0:0:0:0:0:1
Sat Feb 24 11:37:33 IRKT 2018. FTP SERVER. Тестирование соединения клиента с серверомКлиент: /0:0:0:0:0:0:0:1
Sat Feb 24 11:37:34 IRKT 2018. FTP SERVER. Новое соединение: /0:0:0:0:0:0:0:1
Sat Feb 24 11:37:34 IRKT 2018. FTP SERVER. Тестирование соединения клиента с серверомКлиент: /0:0:0:0:0:0:0:1
Sat Feb 24 11:37:34 IRKT 2018. FTP SERVER. Новое соединение: /0:0:0:0:0:0:0:1
Sat Feb 24 11:37:34 IRKT 2018. FTP SERVER. Тестирование соединения клиента с серверомКлиент: /0:0:0:0:0:0:0:1
Sat Feb 24 11:37:34 IRKT 2018. FTP SERVER. Новое соединение: /0:0:0:0:0:0:0:1
Sat Feb 24 11:37:34 IRKT 2018. FTP SERVER. Тестирование соединения клиента с серверомКлиент: /0:0:0:0:0:0:0:1
Sat Feb 24 11:37:34 IRKT 2018. FTP SERVER. Новое соединение: /0:0:0:0:0:0:0:1
Sat Feb 24 11:37:34 IRKT 2018. FTP SERVER. Тестирование соединения клиента с серверомКлиент: /0:0:0:0:0:0:0:1
Sat Feb 24 11:37:34 IRKT 2018. FTP SERVER. Новое соединение: /0:0:0:0:0:0:0:1
Sat Feb 24 11:37:34 IRKT 2018. FTP SERVER. Тестирование соединения клиента с серверомКлиент: /0:0:0:0:0:0:0:1
Sat Feb 24 11:37:35 IRKT 2018. FTP SERVER. Новое соединение: /0:0:0:0:0:0:0:1
Sat Feb 24 11:37:35 IRKT 2018. FTP SERVER. Тестирование соединения клиента с серверомКлиент: /0:0:0:0:0:0:0:1
Sat Feb 24 11:37:35 IRKT 2018. FTP SERVER. Новое соединение: /0:0:0:0:0:0:0:1
Sat Feb 24 11:37:35 IRKT 2018. FTP SERVER. Тестирование соединения клиента с серверомКлиент: /0:0:0:0:0:0:0:1
Sat Feb 24 11:37:35 IRKT 2018. FTP SERVER. Новое соединение: /0:0:0:0:0:0:0:1
Sat Feb 24 11:37:35 IRKT 2018. FTP SERVER. Тестирование соединения клиента с серверомКлиент: /0:0:0:0:0:0:0:1
Sat Feb 24 11:37:35 IRKT 2018. FTP SERVER. Новое соединение: /0:0:0:0:0:0:0:1
Sat Feb 24 11:37:35 IRKT 2018. FTP SERVER. Тестирование соединения клиента с серверомКлиент: /0:0:0:0:0:0:0:1
Sat Feb 24 11:37:36 IRKT 2018. FTP SERVER. Новое соединение: /0:0:0:0:0:0:0:1
Sat Feb 24 11:37:36 IRKT 2018. FTP SERVER. Тестирование соединения клиента с серверомКлиент: /0:0:0:0:0:0:0:1
Sat Feb 24 11:37:36 IRKT 2018. FTP SERVER. Новое соединение: /0:0:0:0:0:0:0:1
Sat Feb 24 11:37:36 IRKT 2018. FTP SERVER. Тестирование соединения клиента с серверомКлиент: /0:0:0:0:0:0:0:1
Sat Feb 24 11:37:36 IRKT 2018. FTP SERVER. Новое соединение: /0:0:0:0:0:0:0:1
Sat Feb 24 11:37:36 IRKT 2018. FTP SERVER. Тестирование соединения клиента с серверомКлиент: /0:0:0:0:0:0:0:1
Sat Feb 24 11:37:36 IRKT 2018. FTP SERVER. Новое соединение: /0:0:0:0:0:0:0:1
Sat Feb 24 11:37:36 IRKT 2018. FTP SERVER. Тестирование соединения клиента с серверомКлиент: /0:0:0:0:0:0:0:1
Sat Feb 24 11:37:36 IRKT 2018. FTP SERVER. Новое соединение: /0:0:0:0:0:0:0:1
Sat Feb 24 11:37:36 IRKT 2018. FTP SERVER. Тестирование соединения клиента с серверомКлиент: /0:0:0:0:0:0:0:1
Sat Feb 24 11:37:37 IRKT 2018. FTP SERVER. Новое соединение: /0:0:0:0:0:0:0:1
Sat Feb 24 11:37:37 IRKT 2018. FTP SERVER. Тестирование соединения клиента с серверомКлиент: /0:0:0:0:0:0:0:1
Sat Feb 24 11:37:37 IRKT 2018. FTP SERVER. Новое соединение: /0:0:0:0:0:0:0:1
Sat Feb 24 11:37:37 IRKT 2018. FTP SERVER. Тестирование соединения клиента с серверомКлиент: /0:0:0:0:0:0:0:1
Sat Feb 24 11:37:37 IRKT 2018. FTP SERVER. Новое соединение: /0:0:0:0:0:0:0:1
Sat Feb 24 11:37:37 IRKT 2018. FTP SERVER. Тестирование соединения клиента с серверомКлиент: /0:0:0:0:0:0:0:1
Sat Feb 24 11:37:37 IRKT 2018. FTP SERVER. Новое соединение: /0:0:0:0:0:0:0:1
Sat Feb 24 11:37:37 IRKT 2018. FTP SERVER. Тестирование соединения клиента с серверомКлиент: /0:0:0:0:0:0:0:1
Sat Feb 24 11:37:38 IRKT 2018. FTP SERVER. Новое соединение: /0:0:0:0:0:0:0:1
Sat Feb 24 11:37:38 IRKT 2018. FTP SERVER. Тестирование соединения клиента с серверомКлиент: /0:0:0:0:0:0:0:1
