Mon Dec 18 07:04:31 GMT+08:00 2017 Сервер ЕЭИСЦ успешно запущен:
Порт обмена сообщений - 6500
Порт файлового обмена - 6502

Mon Dec 18 07:04:31 GMT+08:00 2017. FTP SERVER. Сервер запущен по порту: 6502
Mon Dec 18 07:04:59 GMT+08:00 2017. FTP SERVER. Новое соединение: /0:0:0:0:0:0:0:1
Mon Dec 18 07:04:59 GMT+08:00 2017. FTP SERVER. Запрос на отправку данных клиенту: /0:0:0:0:0:0:0:1 По запросу №1 Объем файла: 10байт
Mon Dec 18 07:04:59 GMT+08:00 2017. FTP SERVER. Запущен процесс отправки данных клиенту: /0:0:0:0:0:0:0:1 Номер сеанса: 1
Mon Dec 18 07:04:59 GMT+08:00 2017. FTP SERVER. Отправка данных клиенту: /0:0:0:0:0:0:0:1 успешно завершена!
Mon Dec 18 07:05:00 GMT+08:00 2017. FTP SERVER. Новое соединение: /0:0:0:0:0:0:0:1
Mon Dec 18 07:05:00 GMT+08:00 2017. FTP SERVER. Запрос на отправку данных клиенту: /0:0:0:0:0:0:0:1 По запросу №1 Объем файла: 560байт
Mon Dec 18 07:05:00 GMT+08:00 2017. FTP SERVER. Запущен процесс отправки данных клиенту: /0:0:0:0:0:0:0:1 Номер сеанса: 2
Mon Dec 18 07:05:00 GMT+08:00 2017. FTP SERVER. Отправка данных клиенту: /0:0:0:0:0:0:0:1 успешно завершена!
Mon Dec 18 07:05:00 GMT+08:00 2017. FTP SERVER. Новое соединение: /0:0:0:0:0:0:0:1
Mon Dec 18 07:05:00 GMT+08:00 2017. FTP SERVER. Запрос на отправку данных клиенту: /0:0:0:0:0:0:0:1 По запросу №1 Объем файла: 751104байт
Mon Dec 18 07:05:00 GMT+08:00 2017. FTP SERVER. Запущен процесс отправки данных клиенту: /0:0:0:0:0:0:0:1 Номер сеанса: 3
Mon Dec 18 07:05:00 GMT+08:00 2017. FTP SERVER. Сессия получения файла была завершена с клиентом /0:0:0:0:0:0:0:1 Номер сеанса: 3 Connection reset
Mon Dec 18 07:05:00 GMT+08:00 2017. FTP SERVER. Новое соединение: /0:0:0:0:0:0:0:1
Mon Dec 18 07:05:00 GMT+08:00 2017. FTP SERVER. Запрос на отправку данных клиенту: /0:0:0:0:0:0:0:1 По запросу №1 Объем файла: 1155байт
Mon Dec 18 07:05:00 GMT+08:00 2017. FTP SERVER. Запущен процесс отправки данных клиенту: /0:0:0:0:0:0:0:1 Номер сеанса: 4
Mon Dec 18 07:05:00 GMT+08:00 2017. FTP SERVER. Отправка данных клиенту: /0:0:0:0:0:0:0:1 успешно завершена!
Mon Dec 18 07:05:00 GMT+08:00 2017. FTP SERVER. Новое соединение: /0:0:0:0:0:0:0:1
Mon Dec 18 07:05:00 GMT+08:00 2017. FTP SERVER. Запрос на отправку данных клиенту: /0:0:0:0:0:0:0:1 По запросу №1 Объем файла: 218624байт
Mon Dec 18 07:05:00 GMT+08:00 2017. FTP SERVER. Запущен процесс отправки данных клиенту: /0:0:0:0:0:0:0:1 Номер сеанса: 5
Mon Dec 18 07:05:00 GMT+08:00 2017. FTP SERVER. Сессия получения файла была завершена с клиентом /0:0:0:0:0:0:0:1 Номер сеанса: 5 Connection reset
Mon Dec 18 07:05:00 GMT+08:00 2017. FTP SERVER. Новое соединение: /0:0:0:0:0:0:0:1
Mon Dec 18 07:05:00 GMT+08:00 2017. FTP SERVER. Запрос на отправку данных клиенту: /0:0:0:0:0:0:0:1 По запросу №1 Объем файла: 22696байт
Mon Dec 18 07:05:00 GMT+08:00 2017. FTP SERVER. Запущен процесс отправки данных клиенту: /0:0:0:0:0:0:0:1 Номер сеанса: 6
Mon Dec 18 07:05:00 GMT+08:00 2017. FTP SERVER. Отправка данных клиенту: /0:0:0:0:0:0:0:1 успешно завершена!
Mon Dec 18 07:05:06 GMT+08:00 2017. FTP SERVER. Новое соединение: /0:0:0:0:0:0:0:1
Mon Dec 18 07:05:06 GMT+08:00 2017. FTP SERVER. Запрос на отправку данных клиенту: /0:0:0:0:0:0:0:1 По запросу №1 Объем файла: 89байт
Mon Dec 18 07:05:06 GMT+08:00 2017. FTP SERVER. Запущен процесс отправки данных клиенту: /0:0:0:0:0:0:0:1 Номер сеанса: 7
Mon Dec 18 07:05:06 GMT+08:00 2017. FTP SERVER. Отправка данных клиенту: /0:0:0:0:0:0:0:1 успешно завершена!
Mon Dec 18 07:05:06 GMT+08:00 2017. FTP SERVER. Новое соединение: /0:0:0:0:0:0:0:1
Mon Dec 18 07:05:06 GMT+08:00 2017. FTP SERVER. Запрос на отправку данных клиенту: /0:0:0:0:0:0:0:1 По запросу №1 Объем файла: 14108байт
Mon Dec 18 07:05:06 GMT+08:00 2017. FTP SERVER. Запущен процесс отправки данных клиенту: /0:0:0:0:0:0:0:1 Номер сеанса: 8
Mon Dec 18 07:05:06 GMT+08:00 2017. FTP SERVER. Отправка данных клиенту: /0:0:0:0:0:0:0:1 успешно завершена!
Mon Dec 18 07:05:08 GMT+08:00 2017. FTP SERVER. Новое соединение: /0:0:0:0:0:0:0:1
Mon Dec 18 07:05:08 GMT+08:00 2017. FTP SERVER. Запрос на отправку данных клиенту: /0:0:0:0:0:0:0:1 По запросу №1 Объем файла: 14108байт
Mon Dec 18 07:05:08 GMT+08:00 2017. FTP SERVER. Запущен процесс отправки данных клиенту: /0:0:0:0:0:0:0:1 Номер сеанса: 9
Mon Dec 18 07:05:08 GMT+08:00 2017. FTP SERVER. Отправка данных клиенту: /0:0:0:0:0:0:0:1 успешно завершена!
Mon Dec 18 07:05:10 GMT+08:00 2017. FTP SERVER. Новое соединение: /0:0:0:0:0:0:0:1
Mon Dec 18 07:05:10 GMT+08:00 2017. FTP SERVER. Запрос на отправку данных клиенту: /0:0:0:0:0:0:0:1 По запросу №1 Объем файла: 182784байт
Mon Dec 18 07:05:10 GMT+08:00 2017. FTP SERVER. Запущен процесс отправки данных клиенту: /0:0:0:0:0:0:0:1 Номер сеанса: 10
Mon Dec 18 07:05:10 GMT+08:00 2017. FTP SERVER. Сессия получения файла была завершена с клиентом /0:0:0:0:0:0:0:1 Номер сеанса: 10 Connection reset
Mon Dec 18 07:05:11 GMT+08:00 2017. FTP SERVER. Новое соединение: /0:0:0:0:0:0:0:1
Mon Dec 18 07:05:11 GMT+08:00 2017. FTP SERVER. Запрос на отправку данных клиенту: /0:0:0:0:0:0:0:1 По запросу №1 Объем файла: 14108байт
Mon Dec 18 07:05:11 GMT+08:00 2017. FTP SERVER. Запущен процесс отправки данных клиенту: /0:0:0:0:0:0:0:1 Номер сеанса: 11
Mon Dec 18 07:05:11 GMT+08:00 2017. FTP SERVER. Отправка данных клиенту: /0:0:0:0:0:0:0:1 успешно завершена!
Mon Dec 18 07:05:13 GMT+08:00 2017. FTP SERVER. Новое соединение: /0:0:0:0:0:0:0:1
Mon Dec 18 07:05:13 GMT+08:00 2017. FTP SERVER. Запрос на отправку данных клиенту: /0:0:0:0:0:0:0:1 По запросу №1 Объем файла: 14108байт
Mon Dec 18 07:05:13 GMT+08:00 2017. FTP SERVER. Запущен процесс отправки данных клиенту: /0:0:0:0:0:0:0:1 Номер сеанса: 12
Mon Dec 18 07:05:13 GMT+08:00 2017. FTP SERVER. Отправка данных клиенту: /0:0:0:0:0:0:0:1 успешно завершена!
Mon Dec 18 07:05:15 GMT+08:00 2017. FTP SERVER. Новое соединение: /0:0:0:0:0:0:0:1
Mon Dec 18 07:05:15 GMT+08:00 2017. FTP SERVER. Запрос на отправку данных клиенту: /0:0:0:0:0:0:0:1 По запросу №1 Объем файла: 14108байт
Mon Dec 18 07:05:15 GMT+08:00 2017. FTP SERVER. Запущен процесс отправки данных клиенту: /0:0:0:0:0:0:0:1 Номер сеанса: 13
Mon Dec 18 07:05:15 GMT+08:00 2017. FTP SERVER. Отправка данных клиенту: /0:0:0:0:0:0:0:1 успешно завершена!
Mon Dec 18 07:05:17 GMT+08:00 2017. FTP SERVER. Новое соединение: /0:0:0:0:0:0:0:1
Mon Dec 18 07:05:17 GMT+08:00 2017. FTP SERVER. Запрос на отправку данных клиенту: /0:0:0:0:0:0:0:1 По запросу №1 Объем файла: 14108байт
Mon Dec 18 07:05:17 GMT+08:00 2017. FTP SERVER. Запущен процесс отправки данных клиенту: /0:0:0:0:0:0:0:1 Номер сеанса: 14
Mon Dec 18 07:05:17 GMT+08:00 2017. FTP SERVER. Отправка данных клиенту: /0:0:0:0:0:0:0:1 успешно завершена!
Mon Dec 18 07:05:19 GMT+08:00 2017. FTP SERVER. Новое соединение: /0:0:0:0:0:0:0:1
Mon Dec 18 07:05:19 GMT+08:00 2017. FTP SERVER. Запрос на отправку данных клиенту: /0:0:0:0:0:0:0:1 По запросу №1 Объем файла: 14108байт
Mon Dec 18 07:05:19 GMT+08:00 2017. FTP SERVER. Запущен процесс отправки данных клиенту: /0:0:0:0:0:0:0:1 Номер сеанса: 15
Mon Dec 18 07:05:19 GMT+08:00 2017. FTP SERVER. Отправка данных клиенту: /0:0:0:0:0:0:0:1 успешно завершена!
Mon Dec 18 07:05:22 GMT+08:00 2017. FTP SERVER. Новое соединение: /0:0:0:0:0:0:0:1
Mon Dec 18 07:05:22 GMT+08:00 2017. FTP SERVER. Запрос на отправку данных клиенту: /0:0:0:0:0:0:0:1 По запросу №1 Объем файла: 14108байт
Mon Dec 18 07:05:22 GMT+08:00 2017. FTP SERVER. Запущен процесс отправки данных клиенту: /0:0:0:0:0:0:0:1 Номер сеанса: 16
Mon Dec 18 07:05:22 GMT+08:00 2017. FTP SERVER. Отправка данных клиенту: /0:0:0:0:0:0:0:1 успешно завершена!
Mon Dec 18 07:05:24 GMT+08:00 2017. FTP SERVER. Новое соединение: /0:0:0:0:0:0:0:1
Mon Dec 18 07:05:24 GMT+08:00 2017. FTP SERVER. Запрос на отправку данных клиенту: /0:0:0:0:0:0:0:1 По запросу №1 Объем файла: 14108байт
Mon Dec 18 07:05:24 GMT+08:00 2017. FTP SERVER. Запущен процесс отправки данных клиенту: /0:0:0:0:0:0:0:1 Номер сеанса: 17
Mon Dec 18 07:05:24 GMT+08:00 2017. FTP SERVER. Отправка данных клиенту: /0:0:0:0:0:0:0:1 успешно завершена!
Mon Dec 18 07:05:26 GMT+08:00 2017. FTP SERVER. Новое соединение: /0:0:0:0:0:0:0:1
Mon Dec 18 07:05:26 GMT+08:00 2017. FTP SERVER. Запрос на отправку данных клиенту: /0:0:0:0:0:0:0:1 По запросу №1 Объем файла: 14108байт
Mon Dec 18 07:05:26 GMT+08:00 2017. FTP SERVER. Запущен процесс отправки данных клиенту: /0:0:0:0:0:0:0:1 Номер сеанса: 18
Mon Dec 18 07:05:26 GMT+08:00 2017. FTP SERVER. Отправка данных клиенту: /0:0:0:0:0:0:0:1 успешно завершена!
Mon Dec 18 07:05:28 GMT+08:00 2017. FTP SERVER. Новое соединение: /0:0:0:0:0:0:0:1
Mon Dec 18 07:05:28 GMT+08:00 2017. FTP SERVER. Запрос на отправку данных клиенту: /0:0:0:0:0:0:0:1 По запросу №1 Объем файла: 14108байт
Mon Dec 18 07:05:28 GMT+08:00 2017. FTP SERVER. Запущен процесс отправки данных клиенту: /0:0:0:0:0:0:0:1 Номер сеанса: 19
Mon Dec 18 07:05:28 GMT+08:00 2017. FTP SERVER. Отправка данных клиенту: /0:0:0:0:0:0:0:1 успешно завершена!
Mon Dec 18 07:05:30 GMT+08:00 2017. FTP SERVER. Новое соединение: /0:0:0:0:0:0:0:1
Mon Dec 18 07:05:30 GMT+08:00 2017. FTP SERVER. Запрос на отправку данных клиенту: /0:0:0:0:0:0:0:1 По запросу №1 Объем файла: 14108байт
Mon Dec 18 07:05:30 GMT+08:00 2017. FTP SERVER. Запущен процесс отправки данных клиенту: /0:0:0:0:0:0:0:1 Номер сеанса: 20
Mon Dec 18 07:05:30 GMT+08:00 2017. FTP SERVER. Отправка данных клиенту: /0:0:0:0:0:0:0:1 успешно завершена!
Mon Dec 18 07:05:32 GMT+08:00 2017. FTP SERVER. Новое соединение: /0:0:0:0:0:0:0:1
Mon Dec 18 07:05:32 GMT+08:00 2017. FTP SERVER. Запрос на отправку данных клиенту: /0:0:0:0:0:0:0:1 По запросу №1 Объем файла: 14108байт
Mon Dec 18 07:05:32 GMT+08:00 2017. FTP SERVER. Запущен процесс отправки данных клиенту: /0:0:0:0:0:0:0:1 Номер сеанса: 21
Mon Dec 18 07:05:32 GMT+08:00 2017. FTP SERVER. Отправка данных клиенту: /0:0:0:0:0:0:0:1 успешно завершена!
Mon Dec 18 07:05:34 GMT+08:00 2017. FTP SERVER. Новое соединение: /0:0:0:0:0:0:0:1
Mon Dec 18 07:05:34 GMT+08:00 2017. FTP SERVER. Запрос на отправку данных клиенту: /0:0:0:0:0:0:0:1 По запросу №1 Объем файла: 14108байт
Mon Dec 18 07:05:34 GMT+08:00 2017. FTP SERVER. Запущен процесс отправки данных клиенту: /0:0:0:0:0:0:0:1 Номер сеанса: 22
Mon Dec 18 07:05:34 GMT+08:00 2017. FTP SERVER. Отправка данных клиенту: /0:0:0:0:0:0:0:1 успешно завершена!
Mon Dec 18 07:05:36 GMT+08:00 2017. FTP SERVER. Новое соединение: /0:0:0:0:0:0:0:1
Mon Dec 18 07:05:36 GMT+08:00 2017. FTP SERVER. Запрос на отправку данных клиенту: /0:0:0:0:0:0:0:1 По запросу №1 Объем файла: 95744байт
Mon Dec 18 07:05:36 GMT+08:00 2017. FTP SERVER. Запущен процесс отправки данных клиенту: /0:0:0:0:0:0:0:1 Номер сеанса: 23
Mon Dec 18 07:05:36 GMT+08:00 2017. FTP SERVER. Сессия получения файла была завершена с клиентом /0:0:0:0:0:0:0:1 Номер сеанса: 23 Connection reset
Mon Dec 18 07:05:36 GMT+08:00 2017. FTP SERVER. Новое соединение: /0:0:0:0:0:0:0:1
Mon Dec 18 07:05:36 GMT+08:00 2017. FTP SERVER. Запрос на отправку данных клиенту: /0:0:0:0:0:0:0:1 По запросу №1 Объем файла: 14108байт
Mon Dec 18 07:05:36 GMT+08:00 2017. FTP SERVER. Запущен процесс отправки данных клиенту: /0:0:0:0:0:0:0:1 Номер сеанса: 24
Mon Dec 18 07:05:36 GMT+08:00 2017. FTP SERVER. Отправка данных клиенту: /0:0:0:0:0:0:0:1 успешно завершена!
Mon Dec 18 07:05:38 GMT+08:00 2017. FTP SERVER. Новое соединение: /0:0:0:0:0:0:0:1
Mon Dec 18 07:05:38 GMT+08:00 2017. FTP SERVER. Запрос на отправку данных клиенту: /0:0:0:0:0:0:0:1 По запросу №1 Объем файла: 224768байт
Mon Dec 18 07:05:38 GMT+08:00 2017. FTP SERVER. Запущен процесс отправки данных клиенту: /0:0:0:0:0:0:0:1 Номер сеанса: 25
Mon Dec 18 07:05:38 GMT+08:00 2017. FTP SERVER. Сессия получения файла была завершена с клиентом /0:0:0:0:0:0:0:1 Номер сеанса: 25 Connection reset
Mon Dec 18 07:05:39 GMT+08:00 2017. FTP SERVER. Новое соединение: /0:0:0:0:0:0:0:1
Mon Dec 18 07:05:39 GMT+08:00 2017. FTP SERVER. Запрос на отправку данных клиенту: /0:0:0:0:0:0:0:1 По запросу №1 Объем файла: 14108байт
Mon Dec 18 07:05:39 GMT+08:00 2017. FTP SERVER. Запущен процесс отправки данных клиенту: /0:0:0:0:0:0:0:1 Номер сеанса: 26
Mon Dec 18 07:05:39 GMT+08:00 2017. FTP SERVER. Отправка данных клиенту: /0:0:0:0:0:0:0:1 успешно завершена!
Mon Dec 18 07:05:41 GMT+08:00 2017. FTP SERVER. Новое соединение: /0:0:0:0:0:0:0:1
Mon Dec 18 07:05:41 GMT+08:00 2017. FTP SERVER. Запрос на отправку данных клиенту: /0:0:0:0:0:0:0:1 По запросу №1 Объем файла: 14108байт
Mon Dec 18 07:05:41 GMT+08:00 2017. FTP SERVER. Запущен процесс отправки данных клиенту: /0:0:0:0:0:0:0:1 Номер сеанса: 27
Mon Dec 18 07:05:41 GMT+08:00 2017. FTP SERVER. Отправка данных клиенту: /0:0:0:0:0:0:0:1 успешно завершена!
Mon Dec 18 07:05:41 GMT+08:00 2017. FTP SERVER. Новое соединение: /0:0:0:0:0:0:0:1
Mon Dec 18 07:05:41 GMT+08:00 2017. FTP SERVER. Запрос на отправку данных клиенту: /0:0:0:0:0:0:0:1 По запросу №1 Объем файла: 5237258байт
Mon Dec 18 07:05:41 GMT+08:00 2017. FTP SERVER. Запущен процесс отправки данных клиенту: /0:0:0:0:0:0:0:1 Номер сеанса: 28
Mon Dec 18 07:05:41 GMT+08:00 2017. FTP SERVER. Сессия получения файла была завершена с клиентом /0:0:0:0:0:0:0:1 Номер сеанса: 28 Connection reset
Mon Dec 18 07:05:43 GMT+08:00 2017. FTP SERVER. Новое соединение: /0:0:0:0:0:0:0:1
Mon Dec 18 07:05:43 GMT+08:00 2017. FTP SERVER. Запрос на отправку данных клиенту: /0:0:0:0:0:0:0:1 По запросу №1 Объем файла: 14108байт
Mon Dec 18 07:05:43 GMT+08:00 2017. FTP SERVER. Запущен процесс отправки данных клиенту: /0:0:0:0:0:0:0:1 Номер сеанса: 29
Mon Dec 18 07:05:43 GMT+08:00 2017. FTP SERVER. Отправка данных клиенту: /0:0:0:0:0:0:0:1 успешно завершена!
Mon Dec 18 07:05:44 GMT+08:00 2017. FTP SERVER. Новое соединение: /0:0:0:0:0:0:0:1
Mon Dec 18 07:05:44 GMT+08:00 2017. FTP SERVER. Запрос на отправку данных клиенту: /0:0:0:0:0:0:0:1 По запросу №1 Объем файла: 224768байт
Mon Dec 18 07:05:44 GMT+08:00 2017. FTP SERVER. Запущен процесс отправки данных клиенту: /0:0:0:0:0:0:0:1 Номер сеанса: 30
Mon Dec 18 07:05:44 GMT+08:00 2017. FTP SERVER. Сессия получения файла была завершена с клиентом /0:0:0:0:0:0:0:1 Номер сеанса: 30 Connection reset
Mon Dec 18 07:05:45 GMT+08:00 2017. FTP SERVER. Новое соединение: /0:0:0:0:0:0:0:1
Mon Dec 18 07:05:45 GMT+08:00 2017. FTP SERVER. Запрос на отправку данных клиенту: /0:0:0:0:0:0:0:1 По запросу №1 Объем файла: 14108байт
Mon Dec 18 07:05:45 GMT+08:00 2017. FTP SERVER. Запущен процесс отправки данных клиенту: /0:0:0:0:0:0:0:1 Номер сеанса: 31
Mon Dec 18 07:05:45 GMT+08:00 2017. FTP SERVER. Отправка данных клиенту: /0:0:0:0:0:0:0:1 успешно завершена!
Mon Dec 18 07:05:47 GMT+08:00 2017. FTP SERVER. Новое соединение: /0:0:0:0:0:0:0:1
Mon Dec 18 07:05:47 GMT+08:00 2017. FTP SERVER. Запрос на отправку данных клиенту: /0:0:0:0:0:0:0:1 По запросу №1 Объем файла: 14108байт
Mon Dec 18 07:05:47 GMT+08:00 2017. FTP SERVER. Запущен процесс отправки данных клиенту: /0:0:0:0:0:0:0:1 Номер сеанса: 32
Mon Dec 18 07:05:47 GMT+08:00 2017. FTP SERVER. Отправка данных клиенту: /0:0:0:0:0:0:0:1 успешно завершена!
Mon Dec 18 07:05:49 GMT+08:00 2017. FTP SERVER. Новое соединение: /0:0:0:0:0:0:0:1
Mon Dec 18 07:05:49 GMT+08:00 2017. FTP SERVER. Запрос на отправку данных клиенту: /0:0:0:0:0:0:0:1 По запросу №1 Объем файла: 14108байт
Mon Dec 18 07:05:49 GMT+08:00 2017. FTP SERVER. Запущен процесс отправки данных клиенту: /0:0:0:0:0:0:0:1 Номер сеанса: 33
Mon Dec 18 07:05:49 GMT+08:00 2017. FTP SERVER. Отправка данных клиенту: /0:0:0:0:0:0:0:1 успешно завершена!
Mon Dec 18 07:05:51 GMT+08:00 2017. FTP SERVER. Новое соединение: /0:0:0:0:0:0:0:1
Mon Dec 18 07:05:51 GMT+08:00 2017. FTP SERVER. Запрос на отправку данных клиенту: /0:0:0:0:0:0:0:1 По запросу №1 Объем файла: 14108байт
Mon Dec 18 07:05:51 GMT+08:00 2017. FTP SERVER. Запущен процесс отправки данных клиенту: /0:0:0:0:0:0:0:1 Номер сеанса: 34
Mon Dec 18 07:05:51 GMT+08:00 2017. FTP SERVER. Отправка данных клиенту: /0:0:0:0:0:0:0:1 успешно завершена!
Mon Dec 18 07:05:54 GMT+08:00 2017. FTP SERVER. Новое соединение: /0:0:0:0:0:0:0:1
Mon Dec 18 07:05:54 GMT+08:00 2017. FTP SERVER. Запрос на отправку данных клиенту: /0:0:0:0:0:0:0:1 По запросу №1 Объем файла: 14108байт
Mon Dec 18 07:05:54 GMT+08:00 2017. FTP SERVER. Запущен процесс отправки данных клиенту: /0:0:0:0:0:0:0:1 Номер сеанса: 35
Mon Dec 18 07:05:54 GMT+08:00 2017. FTP SERVER. Отправка данных клиенту: /0:0:0:0:0:0:0:1 успешно завершена!
Mon Dec 18 07:05:56 GMT+08:00 2017. FTP SERVER. Новое соединение: /0:0:0:0:0:0:0:1
Mon Dec 18 07:05:56 GMT+08:00 2017. FTP SERVER. Запрос на отправку данных клиенту: /0:0:0:0:0:0:0:1 По запросу №1 Объем файла: 14108байт
Mon Dec 18 07:05:56 GMT+08:00 2017. FTP SERVER. Запущен процесс отправки данных клиенту: /0:0:0:0:0:0:0:1 Номер сеанса: 36
Mon Dec 18 07:05:56 GMT+08:00 2017. FTP SERVER. Отправка данных клиенту: /0:0:0:0:0:0:0:1 успешно завершена!
Mon Dec 18 07:05:56 GMT+08:00 2017. FTP SERVER. Новое соединение: /0:0:0:0:0:0:0:1
Mon Dec 18 07:05:56 GMT+08:00 2017. FTP SERVER. Запрос на отправку данных клиенту: /0:0:0:0:0:0:0:1 По запросу №1 Объем файла: 1544692байт
Mon Dec 18 07:05:56 GMT+08:00 2017. FTP SERVER. Запущен процесс отправки данных клиенту: /0:0:0:0:0:0:0:1 Номер сеанса: 37
Mon Dec 18 07:05:56 GMT+08:00 2017. FTP SERVER. Сессия получения файла была завершена с клиентом /0:0:0:0:0:0:0:1 Номер сеанса: 37 Connection reset
Mon Dec 18 07:05:58 GMT+08:00 2017. FTP SERVER. Новое соединение: /0:0:0:0:0:0:0:1
Mon Dec 18 07:05:58 GMT+08:00 2017. FTP SERVER. Запрос на отправку данных клиенту: /0:0:0:0:0:0:0:1 По запросу №1 Объем файла: 14108байт
Mon Dec 18 07:05:58 GMT+08:00 2017. FTP SERVER. Запущен процесс отправки данных клиенту: /0:0:0:0:0:0:0:1 Номер сеанса: 38
Mon Dec 18 07:05:58 GMT+08:00 2017. FTP SERVER. Отправка данных клиенту: /0:0:0:0:0:0:0:1 успешно завершена!
Mon Dec 18 07:05:59 GMT+08:00 2017. FTP SERVER. Новое соединение: /0:0:0:0:0:0:0:1
Mon Dec 18 07:05:59 GMT+08:00 2017. FTP SERVER. Запрос на отправку данных клиенту: /0:0:0:0:0:0:0:1 По запросу №1 Объем файла: 409088байт
Mon Dec 18 07:05:59 GMT+08:00 2017. FTP SERVER. Запущен процесс отправки данных клиенту: /0:0:0:0:0:0:0:1 Номер сеанса: 39
Mon Dec 18 07:05:59 GMT+08:00 2017. FTP SERVER. Сессия получения файла была завершена с клиентом /0:0:0:0:0:0:0:1 Номер сеанса: 39 Connection reset
Mon Dec 18 07:06:00 GMT+08:00 2017. FTP SERVER. Новое соединение: /0:0:0:0:0:0:0:1
Mon Dec 18 07:06:00 GMT+08:00 2017. FTP SERVER. Запрос на отправку данных клиенту: /0:0:0:0:0:0:0:1 По запросу №1 Объем файла: 14108байт
Mon Dec 18 07:06:00 GMT+08:00 2017. FTP SERVER. Запущен процесс отправки данных клиенту: /0:0:0:0:0:0:0:1 Номер сеанса: 40
Mon Dec 18 07:06:00 GMT+08:00 2017. FTP SERVER. Отправка данных клиенту: /0:0:0:0:0:0:0:1 успешно завершена!
Mon Dec 18 07:06:02 GMT+08:00 2017. FTP SERVER. Новое соединение: /0:0:0:0:0:0:0:1
Mon Dec 18 07:06:02 GMT+08:00 2017. FTP SERVER. Запрос на отправку данных клиенту: /0:0:0:0:0:0:0:1 По запросу №1 Объем файла: 14108байт
Mon Dec 18 07:06:02 GMT+08:00 2017. FTP SERVER. Запущен процесс отправки данных клиенту: /0:0:0:0:0:0:0:1 Номер сеанса: 41
Mon Dec 18 07:06:02 GMT+08:00 2017. FTP SERVER. Отправка данных клиенту: /0:0:0:0:0:0:0:1 успешно завершена!
Mon Dec 18 07:06:03 GMT+08:00 2017. FTP SERVER. Новое соединение: /0:0:0:0:0:0:0:1
Mon Dec 18 07:06:03 GMT+08:00 2017. FTP SERVER. Запрос на отправку данных клиенту: /0:0:0:0:0:0:0:1 По запросу №1 Объем файла: 1280297байт
Mon Dec 18 07:06:03 GMT+08:00 2017. FTP SERVER. Запущен процесс отправки данных клиенту: /0:0:0:0:0:0:0:1 Номер сеанса: 42
Mon Dec 18 07:06:03 GMT+08:00 2017. FTP SERVER. Сессия получения файла была завершена с клиентом /0:0:0:0:0:0:0:1 Номер сеанса: 42 Connection reset
Mon Dec 18 07:06:04 GMT+08:00 2017. FTP SERVER. Новое соединение: /0:0:0:0:0:0:0:1
Mon Dec 18 07:06:04 GMT+08:00 2017. FTP SERVER. Запрос на отправку данных клиенту: /0:0:0:0:0:0:0:1 По запросу №1 Объем файла: 14108байт
Mon Dec 18 07:06:04 GMT+08:00 2017. FTP SERVER. Запущен процесс отправки данных клиенту: /0:0:0:0:0:0:0:1 Номер сеанса: 43
Mon Dec 18 07:06:04 GMT+08:00 2017. FTP SERVER. Отправка данных клиенту: /0:0:0:0:0:0:0:1 успешно завершена!
Mon Dec 18 07:06:05 GMT+08:00 2017. FTP SERVER. Новое соединение: /0:0:0:0:0:0:0:1
Mon Dec 18 07:06:05 GMT+08:00 2017. FTP SERVER. Запрос на отправку данных клиенту: /0:0:0:0:0:0:0:1 По запросу №1 Объем файла: 2297856байт
Mon Dec 18 07:06:05 GMT+08:00 2017. FTP SERVER. Запущен процесс отправки данных клиенту: /0:0:0:0:0:0:0:1 Номер сеанса: 44
Mon Dec 18 07:06:05 GMT+08:00 2017. FTP SERVER. Сессия получения файла была завершена с клиентом /0:0:0:0:0:0:0:1 Номер сеанса: 44 Connection reset
Mon Dec 18 07:06:06 GMT+08:00 2017. FTP SERVER. Новое соединение: /0:0:0:0:0:0:0:1
Mon Dec 18 07:06:06 GMT+08:00 2017. FTP SERVER. Запрос на отправку данных клиенту: /0:0:0:0:0:0:0:1 По запросу №1 Объем файла: 14108байт
Mon Dec 18 07:06:06 GMT+08:00 2017. FTP SERVER. Запущен процесс отправки данных клиенту: /0:0:0:0:0:0:0:1 Номер сеанса: 45
Mon Dec 18 07:06:06 GMT+08:00 2017. FTP SERVER. Отправка данных клиенту: /0:0:0:0:0:0:0:1 успешно завершена!
Mon Dec 18 07:06:08 GMT+08:00 2017. FTP SERVER. Новое соединение: /0:0:0:0:0:0:0:1
Mon Dec 18 07:06:08 GMT+08:00 2017. FTP SERVER. Запрос на отправку данных клиенту: /0:0:0:0:0:0:0:1 По запросу №1 Объем файла: 14108байт
Mon Dec 18 07:06:08 GMT+08:00 2017. FTP SERVER. Запущен процесс отправки данных клиенту: /0:0:0:0:0:0:0:1 Номер сеанса: 46
Mon Dec 18 07:06:08 GMT+08:00 2017. FTP SERVER. Отправка данных клиенту: /0:0:0:0:0:0:0:1 успешно завершена!
Mon Dec 18 07:06:10 GMT+08:00 2017. FTP SERVER. Новое соединение: /0:0:0:0:0:0:0:1
Mon Dec 18 07:06:10 GMT+08:00 2017. FTP SERVER. Запрос на отправку данных клиенту: /0:0:0:0:0:0:0:1 По запросу №1 Объем файла: 14108байт
Mon Dec 18 07:06:10 GMT+08:00 2017. FTP SERVER. Запущен процесс отправки данных клиенту: /0:0:0:0:0:0:0:1 Номер сеанса: 47
Mon Dec 18 07:06:10 GMT+08:00 2017. FTP SERVER. Отправка данных клиенту: /0:0:0:0:0:0:0:1 успешно завершена!
Mon Dec 18 07:06:12 GMT+08:00 2017. FTP SERVER. Новое соединение: /0:0:0:0:0:0:0:1
Mon Dec 18 07:06:12 GMT+08:00 2017. FTP SERVER. Запрос на отправку данных клиенту: /0:0:0:0:0:0:0:1 По запросу №1 Объем файла: 14108байт
Mon Dec 18 07:06:12 GMT+08:00 2017. FTP SERVER. Запущен процесс отправки данных клиенту: /0:0:0:0:0:0:0:1 Номер сеанса: 48
Mon Dec 18 07:06:12 GMT+08:00 2017. FTP SERVER. Отправка данных клиенту: /0:0:0:0:0:0:0:1 успешно завершена!
Mon Dec 18 07:06:17 GMT+08:00 2017. FTP SERVER. Новое соединение: /0:0:0:0:0:0:0:1
Mon Dec 18 07:06:17 GMT+08:00 2017. FTP SERVER. Запрос на отправку данных клиенту: /0:0:0:0:0:0:0:1 По запросу №1 Объем файла: 14108байт
Mon Dec 18 07:06:17 GMT+08:00 2017. FTP SERVER. Запущен процесс отправки данных клиенту: /0:0:0:0:0:0:0:1 Номер сеанса: 49
Mon Dec 18 07:06:17 GMT+08:00 2017. FTP SERVER. Отправка данных клиенту: /0:0:0:0:0:0:0:1 успешно завершена!
Mon Dec 18 07:06:19 GMT+08:00 2017. FTP SERVER. Новое соединение: /0:0:0:0:0:0:0:1
Mon Dec 18 07:06:19 GMT+08:00 2017. FTP SERVER. Запрос на отправку данных клиенту: /0:0:0:0:0:0:0:1 По запросу №1 Объем файла: 14108байт
Mon Dec 18 07:06:19 GMT+08:00 2017. FTP SERVER. Запущен процесс отправки данных клиенту: /0:0:0:0:0:0:0:1 Номер сеанса: 50
Mon Dec 18 07:06:19 GMT+08:00 2017. FTP SERVER. Отправка данных клиенту: /0:0:0:0:0:0:0:1 успешно завершена!
Mon Dec 18 07:06:24 GMT+08:00 2017. FTP SERVER. Новое соединение: /0:0:0:0:0:0:0:1
Mon Dec 18 07:06:24 GMT+08:00 2017. FTP SERVER. Запрос на отправку данных клиенту: /0:0:0:0:0:0:0:1 По запросу №5 Объем файла: 14108байт
Mon Dec 18 07:06:24 GMT+08:00 2017. FTP SERVER. Запущен процесс отправки данных клиенту: /0:0:0:0:0:0:0:1 Номер сеанса: 51
Mon Dec 18 07:06:24 GMT+08:00 2017. FTP SERVER. Отправка данных клиенту: /0:0:0:0:0:0:0:1 успешно завершена!
Mon Dec 18 07:06:26 GMT+08:00 2017. FTP SERVER. Новое соединение: /0:0:0:0:0:0:0:1
Mon Dec 18 07:06:26 GMT+08:00 2017. FTP SERVER. Запрос на отправку данных клиенту: /0:0:0:0:0:0:0:1 По запросу №5 Объем файла: 14108байт
Mon Dec 18 07:06:26 GMT+08:00 2017. FTP SERVER. Запущен процесс отправки данных клиенту: /0:0:0:0:0:0:0:1 Номер сеанса: 52
Mon Dec 18 07:06:26 GMT+08:00 2017. FTP SERVER. Отправка данных клиенту: /0:0:0:0:0:0:0:1 успешно завершена!
Mon Dec 18 07:06:27 GMT+08:00 2017. FTP SERVER. Новое соединение: /0:0:0:0:0:0:0:1
Mon Dec 18 07:06:27 GMT+08:00 2017. FTP SERVER. Запрос на отправку данных клиенту: /0:0:0:0:0:0:0:1 По запросу №5 Объем файла: 543549байт
Mon Dec 18 07:06:27 GMT+08:00 2017. FTP SERVER. Запущен процесс отправки данных клиенту: /0:0:0:0:0:0:0:1 Номер сеанса: 53
Mon Dec 18 07:06:27 GMT+08:00 2017. FTP SERVER. Сессия получения файла была завершена с клиентом /0:0:0:0:0:0:0:1 Номер сеанса: 53 Connection reset
Mon Dec 18 07:06:28 GMT+08:00 2017. FTP SERVER. Новое соединение: /0:0:0:0:0:0:0:1
Mon Dec 18 07:06:28 GMT+08:00 2017. FTP SERVER. Запрос на отправку данных клиенту: /0:0:0:0:0:0:0:1 По запросу №5 Объем файла: 14108байт
Mon Dec 18 07:06:28 GMT+08:00 2017. FTP SERVER. Запущен процесс отправки данных клиенту: /0:0:0:0:0:0:0:1 Номер сеанса: 54
Mon Dec 18 07:06:28 GMT+08:00 2017. FTP SERVER. Отправка данных клиенту: /0:0:0:0:0:0:0:1 успешно завершена!
Mon Dec 18 07:06:30 GMT+08:00 2017. FTP SERVER. Новое соединение: /0:0:0:0:0:0:0:1
Mon Dec 18 07:06:30 GMT+08:00 2017. FTP SERVER. Запрос на отправку данных клиенту: /0:0:0:0:0:0:0:1 По запросу №5 Объем файла: 38888байт
Mon Dec 18 07:06:30 GMT+08:00 2017. FTP SERVER. Запущен процесс отправки данных клиенту: /0:0:0:0:0:0:0:1 Номер сеанса: 55
Mon Dec 18 07:06:30 GMT+08:00 2017. FTP SERVER. Отправка данных клиенту: /0:0:0:0:0:0:0:1 успешно завершена!
Mon Dec 18 07:06:31 GMT+08:00 2017. FTP SERVER. Новое соединение: /0:0:0:0:0:0:0:1
Mon Dec 18 07:06:31 GMT+08:00 2017. FTP SERVER. Запрос на отправку данных клиенту: /0:0:0:0:0:0:0:1 По запросу №5 Объем файла: 14108байт
Mon Dec 18 07:06:31 GMT+08:00 2017. FTP SERVER. Запущен процесс отправки данных клиенту: /0:0:0:0:0:0:0:1 Номер сеанса: 56
Mon Dec 18 07:06:31 GMT+08:00 2017. FTP SERVER. Отправка данных клиенту: /0:0:0:0:0:0:0:1 успешно завершена!
Mon Dec 18 07:06:33 GMT+08:00 2017. FTP SERVER. Новое соединение: /0:0:0:0:0:0:0:1
Mon Dec 18 07:06:33 GMT+08:00 2017. FTP SERVER. Запрос на отправку данных клиенту: /0:0:0:0:0:0:0:1 По запросу №5 Объем файла: 14108байт
Mon Dec 18 07:06:33 GMT+08:00 2017. FTP SERVER. Запущен процесс отправки данных клиенту: /0:0:0:0:0:0:0:1 Номер сеанса: 57
Mon Dec 18 07:06:33 GMT+08:00 2017. FTP SERVER. Отправка данных клиенту: /0:0:0:0:0:0:0:1 успешно завершена!
Mon Dec 18 07:06:34 GMT+08:00 2017. FTP SERVER. Новое соединение: /0:0:0:0:0:0:0:1
Mon Dec 18 07:06:34 GMT+08:00 2017. FTP SERVER. Запрос на отправку данных клиенту: /0:0:0:0:0:0:0:1 По запросу №5 Объем файла: 79999байт
Mon Dec 18 07:06:34 GMT+08:00 2017. FTP SERVER. Запущен процесс отправки данных клиенту: /0:0:0:0:0:0:0:1 Номер сеанса: 58
Mon Dec 18 07:06:34 GMT+08:00 2017. FTP SERVER. Сессия получения файла была завершена с клиентом /0:0:0:0:0:0:0:1 Номер сеанса: 58 Connection reset
Mon Dec 18 07:06:35 GMT+08:00 2017. FTP SERVER. Новое соединение: /0:0:0:0:0:0:0:1
Mon Dec 18 07:06:35 GMT+08:00 2017. FTP SERVER. Запрос на отправку данных клиенту: /0:0:0:0:0:0:0:1 По запросу №5 Объем файла: 14108байт
Mon Dec 18 07:06:35 GMT+08:00 2017. FTP SERVER. Запущен процесс отправки данных клиенту: /0:0:0:0:0:0:0:1 Номер сеанса: 59
Mon Dec 18 07:06:35 GMT+08:00 2017. FTP SERVER. Отправка данных клиенту: /0:0:0:0:0:0:0:1 успешно завершена!
Mon Dec 18 07:06:35 GMT+08:00 2017. FTP SERVER. Новое соединение: /0:0:0:0:0:0:0:1
Mon Dec 18 07:06:35 GMT+08:00 2017. FTP SERVER. Запрос на отправку данных клиенту: /0:0:0:0:0:0:0:1 По запросу №5 Объем файла: 637952байт
Mon Dec 18 07:06:35 GMT+08:00 2017. FTP SERVER. Запущен процесс отправки данных клиенту: /0:0:0:0:0:0:0:1 Номер сеанса: 60
Mon Dec 18 07:06:35 GMT+08:00 2017. FTP SERVER. Сессия получения файла была завершена с клиентом /0:0:0:0:0:0:0:1 Номер сеанса: 60 Connection reset
Mon Dec 18 07:06:37 GMT+08:00 2017. FTP SERVER. Новое соединение: /0:0:0:0:0:0:0:1
Mon Dec 18 07:06:37 GMT+08:00 2017. FTP SERVER. Запрос на отправку данных клиенту: /0:0:0:0:0:0:0:1 По запросу №5 Объем файла: 14108байт
Mon Dec 18 07:06:37 GMT+08:00 2017. FTP SERVER. Запущен процесс отправки данных клиенту: /0:0:0:0:0:0:0:1 Номер сеанса: 61
Mon Dec 18 07:06:37 GMT+08:00 2017. FTP SERVER. Отправка данных клиенту: /0:0:0:0:0:0:0:1 успешно завершена!
Mon Dec 18 07:08:53 GMT+08:00 2017. FTP SERVER. Новое соединение: /0:0:0:0:0:0:0:1
Mon Dec 18 07:08:53 GMT+08:00 2017. FTP SERVER. Запрос на отправку данных клиенту: /0:0:0:0:0:0:0:1 По запросу №5 Объем файла: 10байт
Mon Dec 18 07:08:53 GMT+08:00 2017. FTP SERVER. Запущен процесс отправки данных клиенту: /0:0:0:0:0:0:0:1 Номер сеанса: 62
Mon Dec 18 07:08:53 GMT+08:00 2017. FTP SERVER. Отправка данных клиенту: /0:0:0:0:0:0:0:1 успешно завершена!
Mon Dec 18 07:08:55 GMT+08:00 2017. FTP SERVER. Новое соединение: /0:0:0:0:0:0:0:1
Mon Dec 18 07:08:55 GMT+08:00 2017. FTP SERVER. Запрос на отправку данных клиенту: /0:0:0:0:0:0:0:1 По запросу №5 Объем файла: 560байт
Mon Dec 18 07:08:55 GMT+08:00 2017. FTP SERVER. Запущен процесс отправки данных клиенту: /0:0:0:0:0:0:0:1 Номер сеанса: 63
Mon Dec 18 07:08:55 GMT+08:00 2017. FTP SERVER. Отправка данных клиенту: /0:0:0:0:0:0:0:1 успешно завершена!
Mon Dec 18 07:08:55 GMT+08:00 2017. FTP SERVER. Новое соединение: /0:0:0:0:0:0:0:1
Mon Dec 18 07:08:55 GMT+08:00 2017. FTP SERVER. Запрос на отправку данных клиенту: /0:0:0:0:0:0:0:1 По запросу №5 Объем файла: 751104байт
Mon Dec 18 07:08:55 GMT+08:00 2017. FTP SERVER. Запущен процесс отправки данных клиенту: /0:0:0:0:0:0:0:1 Номер сеанса: 64
Mon Dec 18 07:08:55 GMT+08:00 2017. FTP SERVER. Сессия получения файла была завершена с клиентом /0:0:0:0:0:0:0:1 Номер сеанса: 64 Connection reset
Mon Dec 18 07:08:55 GMT+08:00 2017. FTP SERVER. Новое соединение: /0:0:0:0:0:0:0:1
Mon Dec 18 07:08:55 GMT+08:00 2017. FTP SERVER. Запрос на отправку данных клиенту: /0:0:0:0:0:0:0:1 По запросу №5 Объем файла: 1155байт
Mon Dec 18 07:08:55 GMT+08:00 2017. FTP SERVER. Запущен процесс отправки данных клиенту: /0:0:0:0:0:0:0:1 Номер сеанса: 65
Mon Dec 18 07:08:55 GMT+08:00 2017. FTP SERVER. Отправка данных клиенту: /0:0:0:0:0:0:0:1 успешно завершена!
Mon Dec 18 07:08:55 GMT+08:00 2017. FTP SERVER. Новое соединение: /0:0:0:0:0:0:0:1
Mon Dec 18 07:08:55 GMT+08:00 2017. FTP SERVER. Запрос на отправку данных клиенту: /0:0:0:0:0:0:0:1 По запросу №5 Объем файла: 218624байт
Mon Dec 18 07:08:55 GMT+08:00 2017. FTP SERVER. Запущен процесс отправки данных клиенту: /0:0:0:0:0:0:0:1 Номер сеанса: 66
Mon Dec 18 07:08:55 GMT+08:00 2017. FTP SERVER. Сессия получения файла была завершена с клиентом /0:0:0:0:0:0:0:1 Номер сеанса: 66 Connection reset
Mon Dec 18 07:08:55 GMT+08:00 2017. FTP SERVER. Новое соединение: /0:0:0:0:0:0:0:1
Mon Dec 18 07:08:55 GMT+08:00 2017. FTP SERVER. Запрос на отправку данных клиенту: /0:0:0:0:0:0:0:1 По запросу №5 Объем файла: 22696байт
Mon Dec 18 07:08:55 GMT+08:00 2017. FTP SERVER. Запущен процесс отправки данных клиенту: /0:0:0:0:0:0:0:1 Номер сеанса: 67
Mon Dec 18 07:08:55 GMT+08:00 2017. FTP SERVER. Отправка данных клиенту: /0:0:0:0:0:0:0:1 успешно завершена!
Mon Dec 18 07:09:01 GMT+08:00 2017. FTP SERVER. Новое соединение: /0:0:0:0:0:0:0:1
Mon Dec 18 07:09:01 GMT+08:00 2017. FTP SERVER. Запрос на отправку данных клиенту: /0:0:0:0:0:0:0:1 По запросу №5 Объем файла: 89байт
Mon Dec 18 07:09:01 GMT+08:00 2017. FTP SERVER. Запущен процесс отправки данных клиенту: /0:0:0:0:0:0:0:1 Номер сеанса: 68
Mon Dec 18 07:09:01 GMT+08:00 2017. FTP SERVER. Отправка данных клиенту: /0:0:0:0:0:0:0:1 успешно завершена!
Mon Dec 18 07:09:01 GMT+08:00 2017. FTP SERVER. Новое соединение: /0:0:0:0:0:0:0:1
Mon Dec 18 07:09:01 GMT+08:00 2017. FTP SERVER. Запрос на отправку данных клиенту: /0:0:0:0:0:0:0:1 По запросу №5 Объем файла: 14108байт
Mon Dec 18 07:09:01 GMT+08:00 2017. FTP SERVER. Запущен процесс отправки данных клиенту: /0:0:0:0:0:0:0:1 Номер сеанса: 69
Mon Dec 18 07:09:01 GMT+08:00 2017. FTP SERVER. Отправка данных клиенту: /0:0:0:0:0:0:0:1 успешно завершена!
Mon Dec 18 07:09:03 GMT+08:00 2017. FTP SERVER. Новое соединение: /0:0:0:0:0:0:0:1
Mon Dec 18 07:09:03 GMT+08:00 2017. FTP SERVER. Запрос на отправку данных клиенту: /0:0:0:0:0:0:0:1 По запросу №5 Объем файла: 14108байт
Mon Dec 18 07:09:03 GMT+08:00 2017. FTP SERVER. Запущен процесс отправки данных клиенту: /0:0:0:0:0:0:0:1 Номер сеанса: 70
Mon Dec 18 07:09:03 GMT+08:00 2017. FTP SERVER. Отправка данных клиенту: /0:0:0:0:0:0:0:1 успешно завершена!
Mon Dec 18 07:09:03 GMT+08:00 2017. FTP SERVER. Новое соединение: /0:0:0:0:0:0:0:1
Mon Dec 18 07:09:03 GMT+08:00 2017. FTP SERVER. Запрос на отправку данных клиенту: /0:0:0:0:0:0:0:1 По запросу №5 Объем файла: 382464байт
Mon Dec 18 07:09:03 GMT+08:00 2017. FTP SERVER. Запущен процесс отправки данных клиенту: /0:0:0:0:0:0:0:1 Номер сеанса: 71
Mon Dec 18 07:09:03 GMT+08:00 2017. FTP SERVER. Сессия получения файла была завершена с клиентом /0:0:0:0:0:0:0:1 Номер сеанса: 71 Connection reset
Mon Dec 18 07:09:05 GMT+08:00 2017. FTP SERVER. Новое соединение: /0:0:0:0:0:0:0:1
Mon Dec 18 07:09:05 GMT+08:00 2017. FTP SERVER. Запрос на отправку данных клиенту: /0:0:0:0:0:0:0:1 По запросу №5 Объем файла: 14108байт
Mon Dec 18 07:09:05 GMT+08:00 2017. FTP SERVER. Запущен процесс отправки данных клиенту: /0:0:0:0:0:0:0:1 Номер сеанса: 72
Mon Dec 18 07:09:05 GMT+08:00 2017. FTP SERVER. Отправка данных клиенту: /0:0:0:0:0:0:0:1 успешно завершена!
Mon Dec 18 07:09:05 GMT+08:00 2017. FTP SERVER. Новое соединение: /0:0:0:0:0:0:0:1
Mon Dec 18 07:09:05 GMT+08:00 2017. FTP SERVER. Запрос на отправку данных клиенту: /0:0:0:0:0:0:0:1 По запросу №5 Объем файла: 92147байт
Mon Dec 18 07:09:05 GMT+08:00 2017. FTP SERVER. Запущен процесс отправки данных клиенту: /0:0:0:0:0:0:0:1 Номер сеанса: 73
Mon Dec 18 07:09:05 GMT+08:00 2017. FTP SERVER. Сессия получения файла была завершена с клиентом /0:0:0:0:0:0:0:1 Номер сеанса: 73 Connection reset
Mon Dec 18 07:09:07 GMT+08:00 2017. FTP SERVER. Новое соединение: /0:0:0:0:0:0:0:1
Mon Dec 18 07:09:07 GMT+08:00 2017. FTP SERVER. Запрос на отправку данных клиенту: /0:0:0:0:0:0:0:1 По запросу №5 Объем файла: 5237258байт
Mon Dec 18 07:09:07 GMT+08:00 2017. FTP SERVER. Запущен процесс отправки данных клиенту: /0:0:0:0:0:0:0:1 Номер сеанса: 74
Mon Dec 18 07:09:07 GMT+08:00 2017. FTP SERVER. Сессия получения файла была завершена с клиентом /0:0:0:0:0:0:0:1 Номер сеанса: 74 Connection reset
Mon Dec 18 07:09:07 GMT+08:00 2017. FTP SERVER. Новое соединение: /0:0:0:0:0:0:0:1
Mon Dec 18 07:09:07 GMT+08:00 2017. FTP SERVER. Запрос на отправку данных клиенту: /0:0:0:0:0:0:0:1 По запросу №5 Объем файла: 14108байт
Mon Dec 18 07:09:07 GMT+08:00 2017. FTP SERVER. Запущен процесс отправки данных клиенту: /0:0:0:0:0:0:0:1 Номер сеанса: 75
Mon Dec 18 07:09:07 GMT+08:00 2017. FTP SERVER. Отправка данных клиенту: /0:0:0:0:0:0:0:1 успешно завершена!
Mon Dec 18 07:09:09 GMT+08:00 2017. FTP SERVER. Новое соединение: /0:0:0:0:0:0:0:1
Mon Dec 18 07:09:09 GMT+08:00 2017. FTP SERVER. Запрос на отправку данных клиенту: /0:0:0:0:0:0:0:1 По запросу №5 Объем файла: 5237258байт
Mon Dec 18 07:09:09 GMT+08:00 2017. FTP SERVER. Запущен процесс отправки данных клиенту: /0:0:0:0:0:0:0:1 Номер сеанса: 76
Mon Dec 18 07:09:10 GMT+08:00 2017. FTP SERVER. Сессия получения файла была завершена с клиентом /0:0:0:0:0:0:0:1 Номер сеанса: 76 Connection reset
Mon Dec 18 07:09:10 GMT+08:00 2017. FTP SERVER. Новое соединение: /0:0:0:0:0:0:0:1
Mon Dec 18 07:09:10 GMT+08:00 2017. FTP SERVER. Запрос на отправку данных клиенту: /0:0:0:0:0:0:0:1 По запросу №5 Объем файла: 14108байт
Mon Dec 18 07:09:10 GMT+08:00 2017. FTP SERVER. Запущен процесс отправки данных клиенту: /0:0:0:0:0:0:0:1 Номер сеанса: 77
Mon Dec 18 07:09:10 GMT+08:00 2017. FTP SERVER. Отправка данных клиенту: /0:0:0:0:0:0:0:1 успешно завершена!
Mon Dec 18 07:09:12 GMT+08:00 2017. FTP SERVER. Новое соединение: /0:0:0:0:0:0:0:1
Mon Dec 18 07:09:12 GMT+08:00 2017. FTP SERVER. Запрос на отправку данных клиенту: /0:0:0:0:0:0:0:1 По запросу №5 Объем файла: 14108байт
Mon Dec 18 07:09:12 GMT+08:00 2017. FTP SERVER. Запущен процесс отправки данных клиенту: /0:0:0:0:0:0:0:1 Номер сеанса: 78
Mon Dec 18 07:09:12 GMT+08:00 2017. FTP SERVER. Отправка данных клиенту: /0:0:0:0:0:0:0:1 успешно завершена!
Mon Dec 18 07:09:14 GMT+08:00 2017. FTP SERVER. Новое соединение: /0:0:0:0:0:0:0:1
Mon Dec 18 07:09:14 GMT+08:00 2017. FTP SERVER. Запрос на отправку данных клиенту: /0:0:0:0:0:0:0:1 По запросу №5 Объем файла: 14108байт
Mon Dec 18 07:09:14 GMT+08:00 2017. FTP SERVER. Запущен процесс отправки данных клиенту: /0:0:0:0:0:0:0:1 Номер сеанса: 79
Mon Dec 18 07:09:14 GMT+08:00 2017. FTP SERVER. Отправка данных клиенту: /0:0:0:0:0:0:0:1 успешно завершена!
Mon Dec 18 07:09:16 GMT+08:00 2017. FTP SERVER. Новое соединение: /0:0:0:0:0:0:0:1
Mon Dec 18 07:09:16 GMT+08:00 2017. FTP SERVER. Запрос на отправку данных клиенту: /0:0:0:0:0:0:0:1 По запросу №5 Объем файла: 14108байт
Mon Dec 18 07:09:16 GMT+08:00 2017. FTP SERVER. Запущен процесс отправки данных клиенту: /0:0:0:0:0:0:0:1 Номер сеанса: 80
Mon Dec 18 07:09:16 GMT+08:00 2017. FTP SERVER. Отправка данных клиенту: /0:0:0:0:0:0:0:1 успешно завершена!
Mon Dec 18 07:09:18 GMT+08:00 2017. FTP SERVER. Новое соединение: /0:0:0:0:0:0:0:1
Mon Dec 18 07:09:18 GMT+08:00 2017. FTP SERVER. Запрос на отправку данных клиенту: /0:0:0:0:0:0:0:1 По запросу №5 Объем файла: 14108байт
Mon Dec 18 07:09:18 GMT+08:00 2017. FTP SERVER. Запущен процесс отправки данных клиенту: /0:0:0:0:0:0:0:1 Номер сеанса: 81
Mon Dec 18 07:09:18 GMT+08:00 2017. FTP SERVER. Отправка данных клиенту: /0:0:0:0:0:0:0:1 успешно завершена!
Mon Dec 18 07:09:20 GMT+08:00 2017. FTP SERVER. Новое соединение: /0:0:0:0:0:0:0:1
Mon Dec 18 07:09:20 GMT+08:00 2017. FTP SERVER. Запрос на отправку данных клиенту: /0:0:0:0:0:0:0:1 По запросу №5 Объем файла: 14108байт
Mon Dec 18 07:09:20 GMT+08:00 2017. FTP SERVER. Запущен процесс отправки данных клиенту: /0:0:0:0:0:0:0:1 Номер сеанса: 82
Mon Dec 18 07:09:20 GMT+08:00 2017. FTP SERVER. Отправка данных клиенту: /0:0:0:0:0:0:0:1 успешно завершена!
Mon Dec 18 07:09:22 GMT+08:00 2017. FTP SERVER. Новое соединение: /0:0:0:0:0:0:0:1
Mon Dec 18 07:09:22 GMT+08:00 2017. FTP SERVER. Запрос на отправку данных клиенту: /0:0:0:0:0:0:0:1 По запросу №5 Объем файла: 14108байт
Mon Dec 18 07:09:22 GMT+08:00 2017. FTP SERVER. Запущен процесс отправки данных клиенту: /0:0:0:0:0:0:0:1 Номер сеанса: 83
Mon Dec 18 07:09:22 GMT+08:00 2017. FTP SERVER. Отправка данных клиенту: /0:0:0:0:0:0:0:1 успешно завершена!
Mon Dec 18 07:09:24 GMT+08:00 2017. FTP SERVER. Новое соединение: /0:0:0:0:0:0:0:1
Mon Dec 18 07:09:24 GMT+08:00 2017. FTP SERVER. Запрос на отправку данных клиенту: /0:0:0:0:0:0:0:1 По запросу №5 Объем файла: 14108байт
Mon Dec 18 07:09:24 GMT+08:00 2017. FTP SERVER. Запущен процесс отправки данных клиенту: /0:0:0:0:0:0:0:1 Номер сеанса: 84
Mon Dec 18 07:09:24 GMT+08:00 2017. FTP SERVER. Отправка данных клиенту: /0:0:0:0:0:0:0:1 успешно завершена!
Mon Dec 18 07:09:26 GMT+08:00 2017. FTP SERVER. Новое соединение: /0:0:0:0:0:0:0:1
Mon Dec 18 07:09:26 GMT+08:00 2017. FTP SERVER. Запрос на отправку данных клиенту: /0:0:0:0:0:0:0:1 По запросу №5 Объем файла: 8817664байт
Mon Dec 18 07:09:26 GMT+08:00 2017. FTP SERVER. Запущен процесс отправки данных клиенту: /0:0:0:0:0:0:0:1 Номер сеанса: 85
Mon Dec 18 07:09:26 GMT+08:00 2017. FTP SERVER. Сессия получения файла была завершена с клиентом /0:0:0:0:0:0:0:1 Номер сеанса: 85 Connection reset
Mon Dec 18 07:09:27 GMT+08:00 2017. FTP SERVER. Новое соединение: /0:0:0:0:0:0:0:1
Mon Dec 18 07:09:27 GMT+08:00 2017. FTP SERVER. Запрос на отправку данных клиенту: /0:0:0:0:0:0:0:1 По запросу №5 Объем файла: 14108байт
Mon Dec 18 07:09:27 GMT+08:00 2017. FTP SERVER. Запущен процесс отправки данных клиенту: /0:0:0:0:0:0:0:1 Номер сеанса: 86
Mon Dec 18 07:09:27 GMT+08:00 2017. FTP SERVER. Отправка данных клиенту: /0:0:0:0:0:0:0:1 успешно завершена!
Mon Dec 18 07:09:29 GMT+08:00 2017. FTP SERVER. Новое соединение: /0:0:0:0:0:0:0:1
Mon Dec 18 07:09:29 GMT+08:00 2017. FTP SERVER. Запрос на отправку данных клиенту: /0:0:0:0:0:0:0:1 По запросу №5 Объем файла: 14108байт
Mon Dec 18 07:09:29 GMT+08:00 2017. FTP SERVER. Запущен процесс отправки данных клиенту: /0:0:0:0:0:0:0:1 Номер сеанса: 87
Mon Dec 18 07:09:29 GMT+08:00 2017. FTP SERVER. Отправка данных клиенту: /0:0:0:0:0:0:0:1 успешно завершена!
Mon Dec 18 07:09:31 GMT+08:00 2017. FTP SERVER. Новое соединение: /0:0:0:0:0:0:0:1
Mon Dec 18 07:09:31 GMT+08:00 2017. FTP SERVER. Запрос на отправку данных клиенту: /0:0:0:0:0:0:0:1 По запросу №5 Объем файла: 14108байт
Mon Dec 18 07:09:31 GMT+08:00 2017. FTP SERVER. Запущен процесс отправки данных клиенту: /0:0:0:0:0:0:0:1 Номер сеанса: 88
Mon Dec 18 07:09:31 GMT+08:00 2017. FTP SERVER. Отправка данных клиенту: /0:0:0:0:0:0:0:1 успешно завершена!
Mon Dec 18 07:09:31 GMT+08:00 2017. FTP SERVER. Новое соединение: /0:0:0:0:0:0:0:1
Mon Dec 18 07:09:31 GMT+08:00 2017. FTP SERVER. Запрос на отправку данных клиенту: /0:0:0:0:0:0:0:1 По запросу №5 Объем файла: 336896байт
Mon Dec 18 07:09:31 GMT+08:00 2017. FTP SERVER. Запущен процесс отправки данных клиенту: /0:0:0:0:0:0:0:1 Номер сеанса: 89
Mon Dec 18 07:09:31 GMT+08:00 2017. FTP SERVER. Сессия получения файла была завершена с клиентом /0:0:0:0:0:0:0:1 Номер сеанса: 89 Connection reset
Mon Dec 18 07:09:33 GMT+08:00 2017. FTP SERVER. Новое соединение: /0:0:0:0:0:0:0:1
Mon Dec 18 07:09:33 GMT+08:00 2017. FTP SERVER. Запрос на отправку данных клиенту: /0:0:0:0:0:0:0:1 По запросу №5 Объем файла: 14108байт
Mon Dec 18 07:09:33 GMT+08:00 2017. FTP SERVER. Запущен процесс отправки данных клиенту: /0:0:0:0:0:0:0:1 Номер сеанса: 90
Mon Dec 18 07:09:33 GMT+08:00 2017. FTP SERVER. Отправка данных клиенту: /0:0:0:0:0:0:0:1 успешно завершена!
Mon Dec 18 07:09:34 GMT+08:00 2017. FTP SERVER. Новое соединение: /0:0:0:0:0:0:0:1
Mon Dec 18 07:09:34 GMT+08:00 2017. FTP SERVER. Запрос на отправку данных клиенту: /0:0:0:0:0:0:0:1 По запросу №5 Объем файла: 409088байт
Mon Dec 18 07:09:34 GMT+08:00 2017. FTP SERVER. Запущен процесс отправки данных клиенту: /0:0:0:0:0:0:0:1 Номер сеанса: 91
Mon Dec 18 07:09:34 GMT+08:00 2017. FTP SERVER. Сессия получения файла была завершена с клиентом /0:0:0:0:0:0:0:1 Номер сеанса: 91 Connection reset
Mon Dec 18 07:09:35 GMT+08:00 2017. FTP SERVER. Новое соединение: /0:0:0:0:0:0:0:1
Mon Dec 18 07:09:35 GMT+08:00 2017. FTP SERVER. Запрос на отправку данных клиенту: /0:0:0:0:0:0:0:1 По запросу №5 Объем файла: 14108байт
Mon Dec 18 07:09:35 GMT+08:00 2017. FTP SERVER. Запущен процесс отправки данных клиенту: /0:0:0:0:0:0:0:1 Номер сеанса: 92
Mon Dec 18 07:09:35 GMT+08:00 2017. FTP SERVER. Отправка данных клиенту: /0:0:0:0:0:0:0:1 успешно завершена!
Mon Dec 18 07:09:36 GMT+08:00 2017. FTP SERVER. Новое соединение: /0:0:0:0:0:0:0:1
Mon Dec 18 07:09:36 GMT+08:00 2017. FTP SERVER. Запрос на отправку данных клиенту: /0:0:0:0:0:0:0:1 По запросу №5 Объем файла: 2195661байт
Mon Dec 18 07:09:36 GMT+08:00 2017. FTP SERVER. Запущен процесс отправки данных клиенту: /0:0:0:0:0:0:0:1 Номер сеанса: 93
Mon Dec 18 07:09:36 GMT+08:00 2017. FTP SERVER. Сессия получения файла была завершена с клиентом /0:0:0:0:0:0:0:1 Номер сеанса: 93 Connection reset
Mon Dec 18 07:09:37 GMT+08:00 2017. FTP SERVER. Новое соединение: /0:0:0:0:0:0:0:1
Mon Dec 18 07:09:37 GMT+08:00 2017. FTP SERVER. Запрос на отправку данных клиенту: /0:0:0:0:0:0:0:1 По запросу №5 Объем файла: 14108байт
Mon Dec 18 07:09:37 GMT+08:00 2017. FTP SERVER. Запущен процесс отправки данных клиенту: /0:0:0:0:0:0:0:1 Номер сеанса: 94
Mon Dec 18 07:09:37 GMT+08:00 2017. FTP SERVER. Отправка данных клиенту: /0:0:0:0:0:0:0:1 успешно завершена!
Mon Dec 18 07:09:40 GMT+08:00 2017. FTP SERVER. Новое соединение: /0:0:0:0:0:0:0:1
Mon Dec 18 07:09:40 GMT+08:00 2017. FTP SERVER. Запрос на отправку данных клиенту: /0:0:0:0:0:0:0:1 По запросу №5 Объем файла: 14108байт
Mon Dec 18 07:09:40 GMT+08:00 2017. FTP SERVER. Запущен процесс отправки данных клиенту: /0:0:0:0:0:0:0:1 Номер сеанса: 95
Mon Dec 18 07:09:40 GMT+08:00 2017. FTP SERVER. Отправка данных клиенту: /0:0:0:0:0:0:0:1 успешно завершена!
Mon Dec 18 07:09:41 GMT+08:00 2017. FTP SERVER. Новое соединение: /0:0:0:0:0:0:0:1
Mon Dec 18 07:09:41 GMT+08:00 2017. FTP SERVER. Запрос на отправку данных клиенту: /0:0:0:0:0:0:0:1 По запросу №5 Объем файла: 596480байт
Mon Dec 18 07:09:41 GMT+08:00 2017. FTP SERVER. Запущен процесс отправки данных клиенту: /0:0:0:0:0:0:0:1 Номер сеанса: 96
Mon Dec 18 07:09:41 GMT+08:00 2017. FTP SERVER. Сессия получения файла была завершена с клиентом /0:0:0:0:0:0:0:1 Номер сеанса: 96 Connection reset
Mon Dec 18 07:09:42 GMT+08:00 2017. FTP SERVER. Новое соединение: /0:0:0:0:0:0:0:1
Mon Dec 18 07:09:42 GMT+08:00 2017. FTP SERVER. Запрос на отправку данных клиенту: /0:0:0:0:0:0:0:1 По запросу №5 Объем файла: 14108байт
Mon Dec 18 07:09:42 GMT+08:00 2017. FTP SERVER. Запущен процесс отправки данных клиенту: /0:0:0:0:0:0:0:1 Номер сеанса: 97
Mon Dec 18 07:09:42 GMT+08:00 2017. FTP SERVER. Отправка данных клиенту: /0:0:0:0:0:0:0:1 успешно завершена!
Mon Dec 18 07:09:42 GMT+08:00 2017. FTP SERVER. Новое соединение: /0:0:0:0:0:0:0:1
Mon Dec 18 07:09:42 GMT+08:00 2017. FTP SERVER. Запрос на отправку данных клиенту: /0:0:0:0:0:0:0:1 По запросу №5 Объем файла: 1112764байт
Mon Dec 18 07:09:42 GMT+08:00 2017. FTP SERVER. Запущен процесс отправки данных клиенту: /0:0:0:0:0:0:0:1 Номер сеанса: 98
Mon Dec 18 07:09:42 GMT+08:00 2017. FTP SERVER. Сессия получения файла была завершена с клиентом /0:0:0:0:0:0:0:1 Номер сеанса: 98 Connection reset
Mon Dec 18 07:09:44 GMT+08:00 2017. FTP SERVER. Новое соединение: /0:0:0:0:0:0:0:1
Mon Dec 18 07:09:44 GMT+08:00 2017. FTP SERVER. Запрос на отправку данных клиенту: /0:0:0:0:0:0:0:1 По запросу №5 Объем файла: 14108байт
Mon Dec 18 07:09:44 GMT+08:00 2017. FTP SERVER. Запущен процесс отправки данных клиенту: /0:0:0:0:0:0:0:1 Номер сеанса: 99
Mon Dec 18 07:09:44 GMT+08:00 2017. FTP SERVER. Отправка данных клиенту: /0:0:0:0:0:0:0:1 успешно завершена!
Mon Dec 18 07:09:44 GMT+08:00 2017. FTP SERVER. Новое соединение: /0:0:0:0:0:0:0:1
Mon Dec 18 07:09:44 GMT+08:00 2017. FTP SERVER. Запрос на отправку данных клиенту: /0:0:0:0:0:0:0:1 По запросу №5 Объем файла: 5237258байт
Mon Dec 18 07:09:44 GMT+08:00 2017. FTP SERVER. Запущен процесс отправки данных клиенту: /0:0:0:0:0:0:0:1 Номер сеанса: 100
Mon Dec 18 07:09:44 GMT+08:00 2017. FTP SERVER. Сессия получения файла была завершена с клиентом /0:0:0:0:0:0:0:1 Номер сеанса: 100 Connection reset
Mon Dec 18 07:09:46 GMT+08:00 2017. FTP SERVER. Новое соединение: /0:0:0:0:0:0:0:1
Mon Dec 18 07:09:46 GMT+08:00 2017. FTP SERVER. Запрос на отправку данных клиенту: /0:0:0:0:0:0:0:1 По запросу №5 Объем файла: 14108байт
Mon Dec 18 07:09:46 GMT+08:00 2017. FTP SERVER. Запущен процесс отправки данных клиенту: /0:0:0:0:0:0:0:1 Номер сеанса: 101
Mon Dec 18 07:09:46 GMT+08:00 2017. FTP SERVER. Отправка данных клиенту: /0:0:0:0:0:0:0:1 успешно завершена!
Mon Dec 18 07:09:47 GMT+08:00 2017. FTP SERVER. Новое соединение: /0:0:0:0:0:0:0:1
Mon Dec 18 07:09:47 GMT+08:00 2017. FTP SERVER. Запрос на отправку данных клиенту: /0:0:0:0:0:0:0:1 По запросу №5 Объем файла: 224768байт
Mon Dec 18 07:09:47 GMT+08:00 2017. FTP SERVER. Запущен процесс отправки данных клиенту: /0:0:0:0:0:0:0:1 Номер сеанса: 102
Mon Dec 18 07:09:47 GMT+08:00 2017. FTP SERVER. Сессия получения файла была завершена с клиентом /0:0:0:0:0:0:0:1 Номер сеанса: 102 Connection reset
Mon Dec 18 07:09:48 GMT+08:00 2017. FTP SERVER. Новое соединение: /0:0:0:0:0:0:0:1
Mon Dec 18 07:09:48 GMT+08:00 2017. FTP SERVER. Запрос на отправку данных клиенту: /0:0:0:0:0:0:0:1 По запросу №5 Объем файла: 14108байт
Mon Dec 18 07:09:48 GMT+08:00 2017. FTP SERVER. Запущен процесс отправки данных клиенту: /0:0:0:0:0:0:0:1 Номер сеанса: 103
Mon Dec 18 07:09:48 GMT+08:00 2017. FTP SERVER. Отправка данных клиенту: /0:0:0:0:0:0:0:1 успешно завершена!
Mon Dec 18 07:09:49 GMT+08:00 2017. FTP SERVER. Новое соединение: /0:0:0:0:0:0:0:1
Mon Dec 18 07:09:49 GMT+08:00 2017. FTP SERVER. Запрос на отправку данных клиенту: /0:0:0:0:0:0:0:1 По запросу №5 Объем файла: 7792640байт
Mon Dec 18 07:09:49 GMT+08:00 2017. FTP SERVER. Запущен процесс отправки данных клиенту: /0:0:0:0:0:0:0:1 Номер сеанса: 104
Mon Dec 18 07:09:50 GMT+08:00 2017. FTP SERVER. Сессия получения файла была завершена с клиентом /0:0:0:0:0:0:0:1 Номер сеанса: 104 Connection reset
Mon Dec 18 07:09:50 GMT+08:00 2017. FTP SERVER. Новое соединение: /0:0:0:0:0:0:0:1
Mon Dec 18 07:09:50 GMT+08:00 2017. FTP SERVER. Запрос на отправку данных клиенту: /0:0:0:0:0:0:0:1 По запросу №5 Объем файла: 14108байт
Mon Dec 18 07:09:50 GMT+08:00 2017. FTP SERVER. Запущен процесс отправки данных клиенту: /0:0:0:0:0:0:0:1 Номер сеанса: 105
Mon Dec 18 07:09:50 GMT+08:00 2017. FTP SERVER. Отправка данных клиенту: /0:0:0:0:0:0:0:1 успешно завершена!
Mon Dec 18 07:09:52 GMT+08:00 2017. FTP SERVER. Новое соединение: /0:0:0:0:0:0:0:1
Mon Dec 18 07:09:52 GMT+08:00 2017. FTP SERVER. Запрос на отправку данных клиенту: /0:0:0:0:0:0:0:1 По запросу №5 Объем файла: 7792640байт
Mon Dec 18 07:09:52 GMT+08:00 2017. FTP SERVER. Запущен процесс отправки данных клиенту: /0:0:0:0:0:0:0:1 Номер сеанса: 106
Mon Dec 18 07:09:52 GMT+08:00 2017. FTP SERVER. Сессия получения файла была завершена с клиентом /0:0:0:0:0:0:0:1 Номер сеанса: 106 Connection reset
Mon Dec 18 07:09:53 GMT+08:00 2017. FTP SERVER. Новое соединение: /0:0:0:0:0:0:0:1
Mon Dec 18 07:09:53 GMT+08:00 2017. FTP SERVER. Запрос на отправку данных клиенту: /0:0:0:0:0:0:0:1 По запросу №5 Объем файла: 14108байт
Mon Dec 18 07:09:53 GMT+08:00 2017. FTP SERVER. Запущен процесс отправки данных клиенту: /0:0:0:0:0:0:0:1 Номер сеанса: 107
Mon Dec 18 07:09:53 GMT+08:00 2017. FTP SERVER. Отправка данных клиенту: /0:0:0:0:0:0:0:1 успешно завершена!
Mon Dec 18 07:09:54 GMT+08:00 2017. FTP SERVER. Новое соединение: /0:0:0:0:0:0:0:1
Mon Dec 18 07:09:54 GMT+08:00 2017. FTP SERVER. Запрос на отправку данных клиенту: /0:0:0:0:0:0:0:1 По запросу №5 Объем файла: 1112764байт
Mon Dec 18 07:09:54 GMT+08:00 2017. FTP SERVER. Запущен процесс отправки данных клиенту: /0:0:0:0:0:0:0:1 Номер сеанса: 108
Mon Dec 18 07:09:54 GMT+08:00 2017. FTP SERVER. Сессия получения файла была завершена с клиентом /0:0:0:0:0:0:0:1 Номер сеанса: 108 Connection reset
Mon Dec 18 07:09:55 GMT+08:00 2017. FTP SERVER. Новое соединение: /0:0:0:0:0:0:0:1
Mon Dec 18 07:09:55 GMT+08:00 2017. FTP SERVER. Запрос на отправку данных клиенту: /0:0:0:0:0:0:0:1 По запросу №5 Объем файла: 14108байт
Mon Dec 18 07:09:55 GMT+08:00 2017. FTP SERVER. Запущен процесс отправки данных клиенту: /0:0:0:0:0:0:0:1 Номер сеанса: 109
Mon Dec 18 07:09:55 GMT+08:00 2017. FTP SERVER. Отправка данных клиенту: /0:0:0:0:0:0:0:1 успешно завершена!
Mon Dec 18 07:09:57 GMT+08:00 2017. FTP SERVER. Новое соединение: /0:0:0:0:0:0:0:1
Mon Dec 18 07:09:57 GMT+08:00 2017. FTP SERVER. Запрос на отправку данных клиенту: /0:0:0:0:0:0:0:1 По запросу №5 Объем файла: 7792640байт
Mon Dec 18 07:09:57 GMT+08:00 2017. FTP SERVER. Запущен процесс отправки данных клиенту: /0:0:0:0:0:0:0:1 Номер сеанса: 110
Mon Dec 18 07:09:58 GMT+08:00 2017. FTP SERVER. Сессия получения файла была завершена с клиентом /0:0:0:0:0:0:0:1 Номер сеанса: 110 Connection reset
Mon Dec 18 07:09:58 GMT+08:00 2017. FTP SERVER. Новое соединение: /0:0:0:0:0:0:0:1
Mon Dec 18 07:09:58 GMT+08:00 2017. FTP SERVER. Запрос на отправку данных клиенту: /0:0:0:0:0:0:0:1 По запросу №5 Объем файла: 14108байт
Mon Dec 18 07:09:58 GMT+08:00 2017. FTP SERVER. Запущен процесс отправки данных клиенту: /0:0:0:0:0:0:0:1 Номер сеанса: 111
Mon Dec 18 07:09:58 GMT+08:00 2017. FTP SERVER. Отправка данных клиенту: /0:0:0:0:0:0:0:1 успешно завершена!
Mon Dec 18 07:10:00 GMT+08:00 2017. FTP SERVER. Новое соединение: /0:0:0:0:0:0:0:1
Mon Dec 18 07:10:00 GMT+08:00 2017. FTP SERVER. Запрос на отправку данных клиенту: /0:0:0:0:0:0:0:1 По запросу №5 Объем файла: 14108байт
Mon Dec 18 07:10:00 GMT+08:00 2017. FTP SERVER. Запущен процесс отправки данных клиенту: /0:0:0:0:0:0:0:1 Номер сеанса: 112
Mon Dec 18 07:10:00 GMT+08:00 2017. FTP SERVER. Отправка данных клиенту: /0:0:0:0:0:0:0:1 успешно завершена!
Mon Dec 18 07:10:11 GMT+08:00 2017. FTP SERVER. Новое соединение: /0:0:0:0:0:0:0:1
Mon Dec 18 07:10:11 GMT+08:00 2017. FTP SERVER. Запрос на отправку данных клиенту: /0:0:0:0:0:0:0:1 По запросу №5 Объем файла: 14108байт
Mon Dec 18 07:10:11 GMT+08:00 2017. FTP SERVER. Запущен процесс отправки данных клиенту: /0:0:0:0:0:0:0:1 Номер сеанса: 113
Mon Dec 18 07:10:11 GMT+08:00 2017. FTP SERVER. Отправка данных клиенту: /0:0:0:0:0:0:0:1 успешно завершена!
Mon Dec 18 07:10:13 GMT+08:00 2017. FTP SERVER. Новое соединение: /0:0:0:0:0:0:0:1
Mon Dec 18 07:10:13 GMT+08:00 2017. FTP SERVER. Запрос на отправку данных клиенту: /0:0:0:0:0:0:0:1 По запросу №6 Объем файла: 14108байт
Mon Dec 18 07:10:13 GMT+08:00 2017. FTP SERVER. Запущен процесс отправки данных клиенту: /0:0:0:0:0:0:0:1 Номер сеанса: 114
Mon Dec 18 07:10:13 GMT+08:00 2017. FTP SERVER. Отправка данных клиенту: /0:0:0:0:0:0:0:1 успешно завершена!
Mon Dec 18 07:10:14 GMT+08:00 2017. FTP SERVER. Новое соединение: /0:0:0:0:0:0:0:1
Mon Dec 18 07:10:14 GMT+08:00 2017. FTP SERVER. Запрос на отправку данных клиенту: /0:0:0:0:0:0:0:1 По запросу №6 Объем файла: 182784байт
Mon Dec 18 07:10:14 GMT+08:00 2017. FTP SERVER. Запущен процесс отправки данных клиенту: /0:0:0:0:0:0:0:1 Номер сеанса: 115
Mon Dec 18 07:10:14 GMT+08:00 2017. FTP SERVER. Сессия получения файла была завершена с клиентом /0:0:0:0:0:0:0:1 Номер сеанса: 115 Connection reset
Mon Dec 18 07:10:15 GMT+08:00 2017. FTP SERVER. Новое соединение: /0:0:0:0:0:0:0:1
Mon Dec 18 07:10:15 GMT+08:00 2017. FTP SERVER. Запрос на отправку данных клиенту: /0:0:0:0:0:0:0:1 По запросу №6 Объем файла: 14108байт
Mon Dec 18 07:10:15 GMT+08:00 2017. FTP SERVER. Запущен процесс отправки данных клиенту: /0:0:0:0:0:0:0:1 Номер сеанса: 116
Mon Dec 18 07:10:15 GMT+08:00 2017. FTP SERVER. Отправка данных клиенту: /0:0:0:0:0:0:0:1 успешно завершена!
Mon Dec 18 07:10:18 GMT+08:00 2017. FTP SERVER. Новое соединение: /0:0:0:0:0:0:0:1
Mon Dec 18 07:10:18 GMT+08:00 2017. FTP SERVER. Запрос на отправку данных клиенту: /0:0:0:0:0:0:0:1 По запросу №6 Объем файла: 14108байт
Mon Dec 18 07:10:18 GMT+08:00 2017. FTP SERVER. Запущен процесс отправки данных клиенту: /0:0:0:0:0:0:0:1 Номер сеанса: 117
Mon Dec 18 07:10:18 GMT+08:00 2017. FTP SERVER. Отправка данных клиенту: /0:0:0:0:0:0:0:1 успешно завершена!
Mon Dec 18 07:10:20 GMT+08:00 2017. FTP SERVER. Новое соединение: /0:0:0:0:0:0:0:1
Mon Dec 18 07:10:20 GMT+08:00 2017. FTP SERVER. Запрос на отправку данных клиенту: /0:0:0:0:0:0:0:1 По запросу №6 Объем файла: 14108байт
Mon Dec 18 07:10:20 GMT+08:00 2017. FTP SERVER. Запущен процесс отправки данных клиенту: /0:0:0:0:0:0:0:1 Номер сеанса: 118
Mon Dec 18 07:10:20 GMT+08:00 2017. FTP SERVER. Отправка данных клиенту: /0:0:0:0:0:0:0:1 успешно завершена!
Mon Dec 18 07:10:22 GMT+08:00 2017. FTP SERVER. Новое соединение: /0:0:0:0:0:0:0:1
Mon Dec 18 07:10:22 GMT+08:00 2017. FTP SERVER. Запрос на отправку данных клиенту: /0:0:0:0:0:0:0:1 По запросу №6 Объем файла: 14108байт
Mon Dec 18 07:10:22 GMT+08:00 2017. FTP SERVER. Запущен процесс отправки данных клиенту: /0:0:0:0:0:0:0:1 Номер сеанса: 119
Mon Dec 18 07:10:22 GMT+08:00 2017. FTP SERVER. Отправка данных клиенту: /0:0:0:0:0:0:0:1 успешно завершена!
Mon Dec 18 07:10:23 GMT+08:00 2017. FTP SERVER. Новое соединение: /0:0:0:0:0:0:0:1
Mon Dec 18 07:10:23 GMT+08:00 2017. FTP SERVER. Запрос на отправку данных клиенту: /0:0:0:0:0:0:0:1 По запросу №6 Объем файла: 7792640байт
Mon Dec 18 07:10:23 GMT+08:00 2017. FTP SERVER. Запущен процесс отправки данных клиенту: /0:0:0:0:0:0:0:1 Номер сеанса: 120
Mon Dec 18 07:10:23 GMT+08:00 2017. FTP SERVER. Сессия получения файла была завершена с клиентом /0:0:0:0:0:0:0:1 Номер сеанса: 120 Connection reset
Mon Dec 18 07:10:24 GMT+08:00 2017. FTP SERVER. Новое соединение: /0:0:0:0:0:0:0:1
Mon Dec 18 07:10:24 GMT+08:00 2017. FTP SERVER. Запрос на отправку данных клиенту: /0:0:0:0:0:0:0:1 По запросу №6 Объем файла: 14108байт
Mon Dec 18 07:10:24 GMT+08:00 2017. FTP SERVER. Запущен процесс отправки данных клиенту: /0:0:0:0:0:0:0:1 Номер сеанса: 121
Mon Dec 18 07:10:24 GMT+08:00 2017. FTP SERVER. Отправка данных клиенту: /0:0:0:0:0:0:0:1 успешно завершена!
Mon Dec 18 07:10:26 GMT+08:00 2017. FTP SERVER. Новое соединение: /0:0:0:0:0:0:0:1
Mon Dec 18 07:10:26 GMT+08:00 2017. FTP SERVER. Запрос на отправку данных клиенту: /0:0:0:0:0:0:0:1 По запросу №6 Объем файла: 14108байт
Mon Dec 18 07:10:26 GMT+08:00 2017. FTP SERVER. Запущен процесс отправки данных клиенту: /0:0:0:0:0:0:0:1 Номер сеанса: 122
Mon Dec 18 07:10:26 GMT+08:00 2017. FTP SERVER. Отправка данных клиенту: /0:0:0:0:0:0:0:1 успешно завершена!
Mon Dec 18 07:10:29 GMT+08:00 2017. FTP SERVER. Новое соединение: /0:0:0:0:0:0:0:1
Mon Dec 18 07:10:29 GMT+08:00 2017. FTP SERVER. Запрос на отправку данных клиенту: /0:0:0:0:0:0:0:1 По запросу №6 Объем файла: 14108байт
Mon Dec 18 07:10:29 GMT+08:00 2017. FTP SERVER. Запущен процесс отправки данных клиенту: /0:0:0:0:0:0:0:1 Номер сеанса: 123
Mon Dec 18 07:10:29 GMT+08:00 2017. FTP SERVER. Отправка данных клиенту: /0:0:0:0:0:0:0:1 успешно завершена!
Mon Dec 18 07:10:31 GMT+08:00 2017. FTP SERVER. Новое соединение: /0:0:0:0:0:0:0:1
Mon Dec 18 07:10:31 GMT+08:00 2017. FTP SERVER. Запрос на отправку данных клиенту: /0:0:0:0:0:0:0:1 По запросу №6 Объем файла: 14108байт
Mon Dec 18 07:10:31 GMT+08:00 2017. FTP SERVER. Запущен процесс отправки данных клиенту: /0:0:0:0:0:0:0:1 Номер сеанса: 124
Mon Dec 18 07:10:31 GMT+08:00 2017. FTP SERVER. Отправка данных клиенту: /0:0:0:0:0:0:0:1 успешно завершена!
Mon Dec 18 07:10:33 GMT+08:00 2017. FTP SERVER. Новое соединение: /0:0:0:0:0:0:0:1
Mon Dec 18 07:10:33 GMT+08:00 2017. FTP SERVER. Запрос на отправку данных клиенту: /0:0:0:0:0:0:0:1 По запросу №6 Объем файла: 14108байт
Mon Dec 18 07:10:33 GMT+08:00 2017. FTP SERVER. Запущен процесс отправки данных клиенту: /0:0:0:0:0:0:0:1 Номер сеанса: 125
Mon Dec 18 07:10:33 GMT+08:00 2017. FTP SERVER. Отправка данных клиенту: /0:0:0:0:0:0:0:1 успешно завершена!
Mon Dec 18 07:10:35 GMT+08:00 2017. FTP SERVER. Новое соединение: /0:0:0:0:0:0:0:1
Mon Dec 18 07:10:35 GMT+08:00 2017. FTP SERVER. Запрос на отправку данных клиенту: /0:0:0:0:0:0:0:1 По запросу №6 Объем файла: 14108байт
Mon Dec 18 07:10:35 GMT+08:00 2017. FTP SERVER. Запущен процесс отправки данных клиенту: /0:0:0:0:0:0:0:1 Номер сеанса: 126
Mon Dec 18 07:10:35 GMT+08:00 2017. FTP SERVER. Отправка данных клиенту: /0:0:0:0:0:0:0:1 успешно завершена!
Mon Dec 18 07:10:37 GMT+08:00 2017. FTP SERVER. Новое соединение: /0:0:0:0:0:0:0:1
Mon Dec 18 07:10:37 GMT+08:00 2017. FTP SERVER. Запрос на отправку данных клиенту: /0:0:0:0:0:0:0:1 По запросу №6 Объем файла: 14108байт
Mon Dec 18 07:10:37 GMT+08:00 2017. FTP SERVER. Запущен процесс отправки данных клиенту: /0:0:0:0:0:0:0:1 Номер сеанса: 127
Mon Dec 18 07:10:37 GMT+08:00 2017. FTP SERVER. Отправка данных клиенту: /0:0:0:0:0:0:0:1 успешно завершена!
Mon Dec 18 07:10:39 GMT+08:00 2017. FTP SERVER. Новое соединение: /0:0:0:0:0:0:0:1
Mon Dec 18 07:10:39 GMT+08:00 2017. FTP SERVER. Запрос на отправку данных клиенту: /0:0:0:0:0:0:0:1 По запросу №6 Объем файла: 14273байт
Mon Dec 18 07:10:39 GMT+08:00 2017. FTP SERVER. Запущен процесс отправки данных клиенту: /0:0:0:0:0:0:0:1 Номер сеанса: 128
Mon Dec 18 07:10:39 GMT+08:00 2017. FTP SERVER. Отправка данных клиенту: /0:0:0:0:0:0:0:1 успешно завершена!
Mon Dec 18 07:10:41 GMT+08:00 2017. FTP SERVER. Новое соединение: /0:0:0:0:0:0:0:1
Mon Dec 18 07:10:41 GMT+08:00 2017. FTP SERVER. Запрос на отправку данных клиенту: /0:0:0:0:0:0:0:1 По запросу №6 Объем файла: 14273байт
Mon Dec 18 07:10:41 GMT+08:00 2017. FTP SERVER. Запущен процесс отправки данных клиенту: /0:0:0:0:0:0:0:1 Номер сеанса: 129
Mon Dec 18 07:10:41 GMT+08:00 2017. FTP SERVER. Отправка данных клиенту: /0:0:0:0:0:0:0:1 успешно завершена!
Mon Dec 18 07:10:44 GMT+08:00 2017. FTP SERVER. Новое соединение: /0:0:0:0:0:0:0:1
Mon Dec 18 07:10:44 GMT+08:00 2017. FTP SERVER. Запрос на отправку данных клиенту: /0:0:0:0:0:0:0:1 По запросу №6 Объем файла: 14273байт
Mon Dec 18 07:10:44 GMT+08:00 2017. FTP SERVER. Запущен процесс отправки данных клиенту: /0:0:0:0:0:0:0:1 Номер сеанса: 130
Mon Dec 18 07:10:44 GMT+08:00 2017. FTP SERVER. Отправка данных клиенту: /0:0:0:0:0:0:0:1 успешно завершена!
Mon Dec 18 07:10:46 GMT+08:00 2017. FTP SERVER. Новое соединение: /0:0:0:0:0:0:0:1
Mon Dec 18 07:10:46 GMT+08:00 2017. FTP SERVER. Запрос на отправку данных клиенту: /0:0:0:0:0:0:0:1 По запросу №6 Объем файла: 14108байт
Mon Dec 18 07:10:46 GMT+08:00 2017. FTP SERVER. Запущен процесс отправки данных клиенту: /0:0:0:0:0:0:0:1 Номер сеанса: 131
Mon Dec 18 07:10:46 GMT+08:00 2017. FTP SERVER. Отправка данных клиенту: /0:0:0:0:0:0:0:1 успешно завершена!
Mon Dec 18 07:10:49 GMT+08:00 2017. FTP SERVER. Новое соединение: /0:0:0:0:0:0:0:1
Mon Dec 18 07:10:49 GMT+08:00 2017. FTP SERVER. Запрос на отправку данных клиенту: /0:0:0:0:0:0:0:1 По запросу №6 Объем файла: 7792640байт
Mon Dec 18 07:10:49 GMT+08:00 2017. FTP SERVER. Запущен процесс отправки данных клиенту: /0:0:0:0:0:0:0:1 Номер сеанса: 132
Mon Dec 18 07:10:49 GMT+08:00 2017. FTP SERVER. Сессия получения файла была завершена с клиентом /0:0:0:0:0:0:0:1 Номер сеанса: 132 Connection reset
Mon Dec 18 07:10:49 GMT+08:00 2017. FTP SERVER. Новое соединение: /0:0:0:0:0:0:0:1
Mon Dec 18 07:10:49 GMT+08:00 2017. FTP SERVER. Запрос на отправку данных клиенту: /0:0:0:0:0:0:0:1 По запросу №6 Объем файла: 14108байт
Mon Dec 18 07:10:49 GMT+08:00 2017. FTP SERVER. Запущен процесс отправки данных клиенту: /0:0:0:0:0:0:0:1 Номер сеанса: 133
Mon Dec 18 07:10:49 GMT+08:00 2017. FTP SERVER. Отправка данных клиенту: /0:0:0:0:0:0:0:1 успешно завершена!
Mon Dec 18 07:10:51 GMT+08:00 2017. FTP SERVER. Новое соединение: /0:0:0:0:0:0:0:1
Mon Dec 18 07:10:51 GMT+08:00 2017. FTP SERVER. Запрос на отправку данных клиенту: /0:0:0:0:0:0:0:1 По запросу №6 Объем файла: 14108байт
Mon Dec 18 07:10:51 GMT+08:00 2017. FTP SERVER. Запущен процесс отправки данных клиенту: /0:0:0:0:0:0:0:1 Номер сеанса: 134
Mon Dec 18 07:10:51 GMT+08:00 2017. FTP SERVER. Отправка данных клиенту: /0:0:0:0:0:0:0:1 успешно завершена!
Mon Dec 18 07:10:59 GMT+08:00 2017. FTP SERVER. Новое соединение: /0:0:0:0:0:0:0:1
Mon Dec 18 07:10:59 GMT+08:00 2017. FTP SERVER. Запрос на отправку данных клиенту: /0:0:0:0:0:0:0:1 По запросу №6 Объем файла: 14108байт
Mon Dec 18 07:10:59 GMT+08:00 2017. FTP SERVER. Запущен процесс отправки данных клиенту: /0:0:0:0:0:0:0:1 Номер сеанса: 135
Mon Dec 18 07:10:59 GMT+08:00 2017. FTP SERVER. Отправка данных клиенту: /0:0:0:0:0:0:0:1 успешно завершена!
Mon Dec 18 07:11:01 GMT+08:00 2017. FTP SERVER. Новое соединение: /0:0:0:0:0:0:0:1
Mon Dec 18 07:11:01 GMT+08:00 2017. FTP SERVER. Запрос на отправку данных клиенту: /0:0:0:0:0:0:0:1 По запросу №6 Объем файла: 14108байт
Mon Dec 18 07:11:01 GMT+08:00 2017. FTP SERVER. Запущен процесс отправки данных клиенту: /0:0:0:0:0:0:0:1 Номер сеанса: 136
Mon Dec 18 07:11:01 GMT+08:00 2017. FTP SERVER. Отправка данных клиенту: /0:0:0:0:0:0:0:1 успешно завершена!
Mon Dec 18 07:11:03 GMT+08:00 2017. FTP SERVER. Новое соединение: /0:0:0:0:0:0:0:1
Mon Dec 18 07:11:03 GMT+08:00 2017. FTP SERVER. Запрос на отправку данных клиенту: /0:0:0:0:0:0:0:1 По запросу №6 Объем файла: 14108байт
Mon Dec 18 07:11:03 GMT+08:00 2017. FTP SERVER. Запущен процесс отправки данных клиенту: /0:0:0:0:0:0:0:1 Номер сеанса: 137
Mon Dec 18 07:11:03 GMT+08:00 2017. FTP SERVER. Отправка данных клиенту: /0:0:0:0:0:0:0:1 успешно завершена!
Mon Dec 18 07:11:05 GMT+08:00 2017. FTP SERVER. Новое соединение: /0:0:0:0:0:0:0:1
Mon Dec 18 07:11:05 GMT+08:00 2017. FTP SERVER. Запрос на отправку данных клиенту: /0:0:0:0:0:0:0:1 По запросу №6 Объем файла: 14108байт
Mon Dec 18 07:11:05 GMT+08:00 2017. FTP SERVER. Запущен процесс отправки данных клиенту: /0:0:0:0:0:0:0:1 Номер сеанса: 138
Mon Dec 18 07:11:05 GMT+08:00 2017. FTP SERVER. Отправка данных клиенту: /0:0:0:0:0:0:0:1 успешно завершена!
Mon Dec 18 07:11:07 GMT+08:00 2017. FTP SERVER. Новое соединение: /0:0:0:0:0:0:0:1
Mon Dec 18 07:11:07 GMT+08:00 2017. FTP SERVER. Запрос на отправку данных клиенту: /0:0:0:0:0:0:0:1 По запросу №6 Объем файла: 14108байт
Mon Dec 18 07:11:07 GMT+08:00 2017. FTP SERVER. Запущен процесс отправки данных клиенту: /0:0:0:0:0:0:0:1 Номер сеанса: 139
Mon Dec 18 07:11:07 GMT+08:00 2017. FTP SERVER. Отправка данных клиенту: /0:0:0:0:0:0:0:1 успешно завершена!
Mon Dec 18 07:11:09 GMT+08:00 2017. FTP SERVER. Новое соединение: /0:0:0:0:0:0:0:1
Mon Dec 18 07:11:09 GMT+08:00 2017. FTP SERVER. Запрос на отправку данных клиенту: /0:0:0:0:0:0:0:1 По запросу №6 Объем файла: 14108байт
Mon Dec 18 07:11:09 GMT+08:00 2017. FTP SERVER. Запущен процесс отправки данных клиенту: /0:0:0:0:0:0:0:1 Номер сеанса: 140
Mon Dec 18 07:11:09 GMT+08:00 2017. FTP SERVER. Отправка данных клиенту: /0:0:0:0:0:0:0:1 успешно завершена!
Mon Dec 18 07:11:11 GMT+08:00 2017. FTP SERVER. Новое соединение: /0:0:0:0:0:0:0:1
Mon Dec 18 07:11:11 GMT+08:00 2017. FTP SERVER. Запрос на отправку данных клиенту: /0:0:0:0:0:0:0:1 По запросу №6 Объем файла: 14108байт
Mon Dec 18 07:11:11 GMT+08:00 2017. FTP SERVER. Запущен процесс отправки данных клиенту: /0:0:0:0:0:0:0:1 Номер сеанса: 141
Mon Dec 18 07:11:11 GMT+08:00 2017. FTP SERVER. Отправка данных клиенту: /0:0:0:0:0:0:0:1 успешно завершена!
Mon Dec 18 07:11:13 GMT+08:00 2017. FTP SERVER. Новое соединение: /0:0:0:0:0:0:0:1
Mon Dec 18 07:11:13 GMT+08:00 2017. FTP SERVER. Запрос на отправку данных клиенту: /0:0:0:0:0:0:0:1 По запросу №6 Объем файла: 14108байт
Mon Dec 18 07:11:13 GMT+08:00 2017. FTP SERVER. Запущен процесс отправки данных клиенту: /0:0:0:0:0:0:0:1 Номер сеанса: 142
Mon Dec 18 07:11:13 GMT+08:00 2017. FTP SERVER. Отправка данных клиенту: /0:0:0:0:0:0:0:1 успешно завершена!
Mon Dec 18 07:11:15 GMT+08:00 2017. FTP SERVER. Новое соединение: /0:0:0:0:0:0:0:1
Mon Dec 18 07:11:15 GMT+08:00 2017. FTP SERVER. Запрос на отправку данных клиенту: /0:0:0:0:0:0:0:1 По запросу №6 Объем файла: 14108байт
Mon Dec 18 07:11:15 GMT+08:00 2017. FTP SERVER. Запущен процесс отправки данных клиенту: /0:0:0:0:0:0:0:1 Номер сеанса: 143
Mon Dec 18 07:11:15 GMT+08:00 2017. FTP SERVER. Отправка данных клиенту: /0:0:0:0:0:0:0:1 успешно завершена!
Mon Dec 18 07:11:17 GMT+08:00 2017. FTP SERVER. Новое соединение: /0:0:0:0:0:0:0:1
Mon Dec 18 07:11:17 GMT+08:00 2017. FTP SERVER. Запрос на отправку данных клиенту: /0:0:0:0:0:0:0:1 По запросу №6 Объем файла: 14108байт
Mon Dec 18 07:11:17 GMT+08:00 2017. FTP SERVER. Запущен процесс отправки данных клиенту: /0:0:0:0:0:0:0:1 Номер сеанса: 144
Mon Dec 18 07:11:17 GMT+08:00 2017. FTP SERVER. Отправка данных клиенту: /0:0:0:0:0:0:0:1 успешно завершена!
Mon Dec 18 07:11:20 GMT+08:00 2017. FTP SERVER. Новое соединение: /0:0:0:0:0:0:0:1
Mon Dec 18 07:11:20 GMT+08:00 2017. FTP SERVER. Запрос на отправку данных клиенту: /0:0:0:0:0:0:0:1 По запросу №6 Объем файла: 14108байт
Mon Dec 18 07:11:20 GMT+08:00 2017. FTP SERVER. Запущен процесс отправки данных клиенту: /0:0:0:0:0:0:0:1 Номер сеанса: 145
Mon Dec 18 07:11:20 GMT+08:00 2017. FTP SERVER. Отправка данных клиенту: /0:0:0:0:0:0:0:1 успешно завершена!
Mon Dec 18 07:11:22 GMT+08:00 2017. FTP SERVER. Новое соединение: /0:0:0:0:0:0:0:1
Mon Dec 18 07:11:22 GMT+08:00 2017. FTP SERVER. Запрос на отправку данных клиенту: /0:0:0:0:0:0:0:1 По запросу №6 Объем файла: 14108байт
Mon Dec 18 07:11:22 GMT+08:00 2017. FTP SERVER. Запущен процесс отправки данных клиенту: /0:0:0:0:0:0:0:1 Номер сеанса: 146
Mon Dec 18 07:11:22 GMT+08:00 2017. FTP SERVER. Отправка данных клиенту: /0:0:0:0:0:0:0:1 успешно завершена!
Mon Dec 18 07:11:24 GMT+08:00 2017. FTP SERVER. Новое соединение: /0:0:0:0:0:0:0:1
Mon Dec 18 07:11:24 GMT+08:00 2017. FTP SERVER. Запрос на отправку данных клиенту: /0:0:0:0:0:0:0:1 По запросу №6 Объем файла: 14108байт
Mon Dec 18 07:11:24 GMT+08:00 2017. FTP SERVER. Запущен процесс отправки данных клиенту: /0:0:0:0:0:0:0:1 Номер сеанса: 147
Mon Dec 18 07:11:24 GMT+08:00 2017. FTP SERVER. Отправка данных клиенту: /0:0:0:0:0:0:0:1 успешно завершена!
Mon Dec 18 07:11:26 GMT+08:00 2017. FTP SERVER. Новое соединение: /0:0:0:0:0:0:0:1
Mon Dec 18 07:11:26 GMT+08:00 2017. FTP SERVER. Запрос на отправку данных клиенту: /0:0:0:0:0:0:0:1 По запросу №6 Объем файла: 14108байт
Mon Dec 18 07:11:26 GMT+08:00 2017. FTP SERVER. Запущен процесс отправки данных клиенту: /0:0:0:0:0:0:0:1 Номер сеанса: 148
Mon Dec 18 07:11:26 GMT+08:00 2017. FTP SERVER. Отправка данных клиенту: /0:0:0:0:0:0:0:1 успешно завершена!
Mon Dec 18 07:11:28 GMT+08:00 2017. FTP SERVER. Новое соединение: /0:0:0:0:0:0:0:1
Mon Dec 18 07:11:28 GMT+08:00 2017. FTP SERVER. Запрос на отправку данных клиенту: /0:0:0:0:0:0:0:1 По запросу №6 Объем файла: 14108байт
Mon Dec 18 07:11:28 GMT+08:00 2017. FTP SERVER. Запущен процесс отправки данных клиенту: /0:0:0:0:0:0:0:1 Номер сеанса: 149
Mon Dec 18 07:11:28 GMT+08:00 2017. FTP SERVER. Отправка данных клиенту: /0:0:0:0:0:0:0:1 успешно завершена!
Mon Dec 18 07:11:30 GMT+08:00 2017. FTP SERVER. Новое соединение: /0:0:0:0:0:0:0:1
Mon Dec 18 07:11:30 GMT+08:00 2017. FTP SERVER. Запрос на отправку данных клиенту: /0:0:0:0:0:0:0:1 По запросу №6 Объем файла: 14108байт
Mon Dec 18 07:11:30 GMT+08:00 2017. FTP SERVER. Запущен процесс отправки данных клиенту: /0:0:0:0:0:0:0:1 Номер сеанса: 150
Mon Dec 18 07:11:30 GMT+08:00 2017. FTP SERVER. Отправка данных клиенту: /0:0:0:0:0:0:0:1 успешно завершена!
Mon Dec 18 07:11:32 GMT+08:00 2017. FTP SERVER. Новое соединение: /0:0:0:0:0:0:0:1
Mon Dec 18 07:11:32 GMT+08:00 2017. FTP SERVER. Запрос на отправку данных клиенту: /0:0:0:0:0:0:0:1 По запросу №6 Объем файла: 14108байт
Mon Dec 18 07:11:32 GMT+08:00 2017. FTP SERVER. Запущен процесс отправки данных клиенту: /0:0:0:0:0:0:0:1 Номер сеанса: 151
Mon Dec 18 07:11:32 GMT+08:00 2017. FTP SERVER. Отправка данных клиенту: /0:0:0:0:0:0:0:1 успешно завершена!
Mon Dec 18 07:11:34 GMT+08:00 2017. FTP SERVER. Новое соединение: /0:0:0:0:0:0:0:1
Mon Dec 18 07:11:34 GMT+08:00 2017. FTP SERVER. Запрос на отправку данных клиенту: /0:0:0:0:0:0:0:1 По запросу №6 Объем файла: 14108байт
Mon Dec 18 07:11:34 GMT+08:00 2017. FTP SERVER. Запущен процесс отправки данных клиенту: /0:0:0:0:0:0:0:1 Номер сеанса: 152
Mon Dec 18 07:11:34 GMT+08:00 2017. FTP SERVER. Отправка данных клиенту: /0:0:0:0:0:0:0:1 успешно завершена!
Mon Dec 18 07:11:36 GMT+08:00 2017. FTP SERVER. Новое соединение: /0:0:0:0:0:0:0:1
Mon Dec 18 07:11:36 GMT+08:00 2017. FTP SERVER. Запрос на отправку данных клиенту: /0:0:0:0:0:0:0:1 По запросу №6 Объем файла: 14108байт
Mon Dec 18 07:11:36 GMT+08:00 2017. FTP SERVER. Запущен процесс отправки данных клиенту: /0:0:0:0:0:0:0:1 Номер сеанса: 153
Mon Dec 18 07:11:36 GMT+08:00 2017. FTP SERVER. Отправка данных клиенту: /0:0:0:0:0:0:0:1 успешно завершена!
Mon Dec 18 07:11:38 GMT+08:00 2017. FTP SERVER. Новое соединение: /0:0:0:0:0:0:0:1
Mon Dec 18 07:11:38 GMT+08:00 2017. FTP SERVER. Запрос на отправку данных клиенту: /0:0:0:0:0:0:0:1 По запросу №6 Объем файла: 14108байт
Mon Dec 18 07:11:38 GMT+08:00 2017. FTP SERVER. Запущен процесс отправки данных клиенту: /0:0:0:0:0:0:0:1 Номер сеанса: 154
Mon Dec 18 07:11:38 GMT+08:00 2017. FTP SERVER. Отправка данных клиенту: /0:0:0:0:0:0:0:1 успешно завершена!
Mon Dec 18 07:12:15 GMT+08:00 2017. FTP SERVER. Новое соединение: /0:0:0:0:0:0:0:1
Mon Dec 18 07:12:15 GMT+08:00 2017. FTP SERVER. Запрос на отправку данных клиенту: /0:0:0:0:0:0:0:1 По запросу №6 Объем файла: 10байт
Mon Dec 18 07:12:15 GMT+08:00 2017. FTP SERVER. Запущен процесс отправки данных клиенту: /0:0:0:0:0:0:0:1 Номер сеанса: 155
Mon Dec 18 07:12:15 GMT+08:00 2017. FTP SERVER. Отправка данных клиенту: /0:0:0:0:0:0:0:1 успешно завершена!
Mon Dec 18 07:12:17 GMT+08:00 2017. FTP SERVER. Новое соединение: /0:0:0:0:0:0:0:1
Mon Dec 18 07:12:17 GMT+08:00 2017. FTP SERVER. Запрос на отправку данных клиенту: /0:0:0:0:0:0:0:1 По запросу №6 Объем файла: 560байт
Mon Dec 18 07:12:17 GMT+08:00 2017. FTP SERVER. Запущен процесс отправки данных клиенту: /0:0:0:0:0:0:0:1 Номер сеанса: 156
Mon Dec 18 07:12:17 GMT+08:00 2017. FTP SERVER. Отправка данных клиенту: /0:0:0:0:0:0:0:1 успешно завершена!
Mon Dec 18 07:12:17 GMT+08:00 2017. FTP SERVER. Новое соединение: /0:0:0:0:0:0:0:1
Mon Dec 18 07:12:17 GMT+08:00 2017. FTP SERVER. Запрос на отправку данных клиенту: /0:0:0:0:0:0:0:1 По запросу №6 Объем файла: 751104байт
Mon Dec 18 07:12:17 GMT+08:00 2017. FTP SERVER. Запущен процесс отправки данных клиенту: /0:0:0:0:0:0:0:1 Номер сеанса: 157
Mon Dec 18 07:12:17 GMT+08:00 2017. FTP SERVER. Сессия получения файла была завершена с клиентом /0:0:0:0:0:0:0:1 Номер сеанса: 157 Connection reset
Mon Dec 18 07:12:17 GMT+08:00 2017. FTP SERVER. Новое соединение: /0:0:0:0:0:0:0:1
Mon Dec 18 07:12:17 GMT+08:00 2017. FTP SERVER. Запрос на отправку данных клиенту: /0:0:0:0:0:0:0:1 По запросу №6 Объем файла: 1155байт
Mon Dec 18 07:12:17 GMT+08:00 2017. FTP SERVER. Запущен процесс отправки данных клиенту: /0:0:0:0:0:0:0:1 Номер сеанса: 158
Mon Dec 18 07:12:17 GMT+08:00 2017. FTP SERVER. Отправка данных клиенту: /0:0:0:0:0:0:0:1 успешно завершена!
Mon Dec 18 07:12:17 GMT+08:00 2017. FTP SERVER. Новое соединение: /0:0:0:0:0:0:0:1
Mon Dec 18 07:12:17 GMT+08:00 2017. FTP SERVER. Запрос на отправку данных клиенту: /0:0:0:0:0:0:0:1 По запросу №6 Объем файла: 218624байт
Mon Dec 18 07:12:17 GMT+08:00 2017. FTP SERVER. Запущен процесс отправки данных клиенту: /0:0:0:0:0:0:0:1 Номер сеанса: 159
Mon Dec 18 07:12:17 GMT+08:00 2017. FTP SERVER. Сессия получения файла была завершена с клиентом /0:0:0:0:0:0:0:1 Номер сеанса: 159 Connection reset
Mon Dec 18 07:12:17 GMT+08:00 2017. FTP SERVER. Новое соединение: /0:0:0:0:0:0:0:1
Mon Dec 18 07:12:17 GMT+08:00 2017. FTP SERVER. Запрос на отправку данных клиенту: /0:0:0:0:0:0:0:1 По запросу №6 Объем файла: 22696байт
Mon Dec 18 07:12:17 GMT+08:00 2017. FTP SERVER. Запущен процесс отправки данных клиенту: /0:0:0:0:0:0:0:1 Номер сеанса: 160
Mon Dec 18 07:12:17 GMT+08:00 2017. FTP SERVER. Отправка данных клиенту: /0:0:0:0:0:0:0:1 успешно завершена!
Mon Dec 18 07:12:21 GMT+08:00 2017. FTP SERVER. Новое соединение: /0:0:0:0:0:0:0:1
Mon Dec 18 07:12:21 GMT+08:00 2017. FTP SERVER. Запрос на отправку данных клиенту: /0:0:0:0:0:0:0:1 По запросу №6 Объем файла: 89байт
Mon Dec 18 07:12:21 GMT+08:00 2017. FTP SERVER. Запущен процесс отправки данных клиенту: /0:0:0:0:0:0:0:1 Номер сеанса: 161
Mon Dec 18 07:12:21 GMT+08:00 2017. FTP SERVER. Отправка данных клиенту: /0:0:0:0:0:0:0:1 успешно завершена!
Mon Dec 18 07:12:21 GMT+08:00 2017. FTP SERVER. Новое соединение: /0:0:0:0:0:0:0:1
Mon Dec 18 07:12:21 GMT+08:00 2017. FTP SERVER. Запрос на отправку данных клиенту: /0:0:0:0:0:0:0:1 По запросу №6 Объем файла: 14108байт
Mon Dec 18 07:12:21 GMT+08:00 2017. FTP SERVER. Запущен процесс отправки данных клиенту: /0:0:0:0:0:0:0:1 Номер сеанса: 162
Mon Dec 18 07:12:21 GMT+08:00 2017. FTP SERVER. Отправка данных клиенту: /0:0:0:0:0:0:0:1 успешно завершена!
Mon Dec 18 07:12:23 GMT+08:00 2017. FTP SERVER. Новое соединение: /0:0:0:0:0:0:0:1
Mon Dec 18 07:12:23 GMT+08:00 2017. FTP SERVER. Запрос на отправку данных клиенту: /0:0:0:0:0:0:0:1 По запросу №6 Объем файла: 14108байт
Mon Dec 18 07:12:23 GMT+08:00 2017. FTP SERVER. Запущен процесс отправки данных клиенту: /0:0:0:0:0:0:0:1 Номер сеанса: 163
Mon Dec 18 07:12:23 GMT+08:00 2017. FTP SERVER. Отправка данных клиенту: /0:0:0:0:0:0:0:1 успешно завершена!
Mon Dec 18 07:12:25 GMT+08:00 2017. FTP SERVER. Новое соединение: /0:0:0:0:0:0:0:1
Mon Dec 18 07:12:25 GMT+08:00 2017. FTP SERVER. Запрос на отправку данных клиенту: /0:0:0:0:0:0:0:1 По запросу №6 Объем файла: 14108байт
Mon Dec 18 07:12:25 GMT+08:00 2017. FTP SERVER. Запущен процесс отправки данных клиенту: /0:0:0:0:0:0:0:1 Номер сеанса: 164
Mon Dec 18 07:12:25 GMT+08:00 2017. FTP SERVER. Отправка данных клиенту: /0:0:0:0:0:0:0:1 успешно завершена!
Mon Dec 18 07:12:26 GMT+08:00 2017. FTP SERVER. Новое соединение: /0:0:0:0:0:0:0:1
Mon Dec 18 07:12:26 GMT+08:00 2017. FTP SERVER. Запрос на отправку данных клиенту: /0:0:0:0:0:0:0:1 По запросу №6 Объем файла: 224768байт
Mon Dec 18 07:12:26 GMT+08:00 2017. FTP SERVER. Запущен процесс отправки данных клиенту: /0:0:0:0:0:0:0:1 Номер сеанса: 165
Mon Dec 18 07:12:26 GMT+08:00 2017. FTP SERVER. Сессия получения файла была завершена с клиентом /0:0:0:0:0:0:0:1 Номер сеанса: 165 Connection reset
Mon Dec 18 07:12:27 GMT+08:00 2017. FTP SERVER. Новое соединение: /0:0:0:0:0:0:0:1
Mon Dec 18 07:12:27 GMT+08:00 2017. FTP SERVER. Запрос на отправку данных клиенту: /0:0:0:0:0:0:0:1 По запросу №6 Объем файла: 14108байт
Mon Dec 18 07:12:27 GMT+08:00 2017. FTP SERVER. Запущен процесс отправки данных клиенту: /0:0:0:0:0:0:0:1 Номер сеанса: 166
Mon Dec 18 07:12:27 GMT+08:00 2017. FTP SERVER. Отправка данных клиенту: /0:0:0:0:0:0:0:1 успешно завершена!
Mon Dec 18 07:12:29 GMT+08:00 2017. FTP SERVER. Новое соединение: /0:0:0:0:0:0:0:1
Mon Dec 18 07:12:29 GMT+08:00 2017. FTP SERVER. Запрос на отправку данных клиенту: /0:0:0:0:0:0:0:1 По запросу №6 Объем файла: 182784байт
Mon Dec 18 07:12:29 GMT+08:00 2017. FTP SERVER. Запущен процесс отправки данных клиенту: /0:0:0:0:0:0:0:1 Номер сеанса: 167
Mon Dec 18 07:12:29 GMT+08:00 2017. FTP SERVER. Сессия получения файла была завершена с клиентом /0:0:0:0:0:0:0:1 Номер сеанса: 167 Connection reset
Mon Dec 18 07:12:30 GMT+08:00 2017. FTP SERVER. Новое соединение: /0:0:0:0:0:0:0:1
Mon Dec 18 07:12:30 GMT+08:00 2017. FTP SERVER. Запрос на отправку данных клиенту: /0:0:0:0:0:0:0:1 По запросу №6 Объем файла: 14108байт
Mon Dec 18 07:12:30 GMT+08:00 2017. FTP SERVER. Запущен процесс отправки данных клиенту: /0:0:0:0:0:0:0:1 Номер сеанса: 168
Mon Dec 18 07:12:30 GMT+08:00 2017. FTP SERVER. Отправка данных клиенту: /0:0:0:0:0:0:0:1 успешно завершена!
Mon Dec 18 07:12:32 GMT+08:00 2017. FTP SERVER. Новое соединение: /0:0:0:0:0:0:0:1
Mon Dec 18 07:12:32 GMT+08:00 2017. FTP SERVER. Запрос на отправку данных клиенту: /0:0:0:0:0:0:0:1 По запросу №6 Объем файла: 16800байт
Mon Dec 18 07:12:32 GMT+08:00 2017. FTP SERVER. Запущен процесс отправки данных клиенту: /0:0:0:0:0:0:0:1 Номер сеанса: 169
Mon Dec 18 07:12:32 GMT+08:00 2017. FTP SERVER. Отправка данных клиенту: /0:0:0:0:0:0:0:1 успешно завершена!
Mon Dec 18 07:12:32 GMT+08:00 2017. FTP SERVER. Новое соединение: /0:0:0:0:0:0:0:1
Mon Dec 18 07:12:32 GMT+08:00 2017. FTP SERVER. Запрос на отправку данных клиенту: /0:0:0:0:0:0:0:1 По запросу №6 Объем файла: 14108байт
Mon Dec 18 07:12:32 GMT+08:00 2017. FTP SERVER. Запущен процесс отправки данных клиенту: /0:0:0:0:0:0:0:1 Номер сеанса: 170
Mon Dec 18 07:12:32 GMT+08:00 2017. FTP SERVER. Отправка данных клиенту: /0:0:0:0:0:0:0:1 успешно завершена!
Mon Dec 18 07:12:34 GMT+08:00 2017. FTP SERVER. Новое соединение: /0:0:0:0:0:0:0:1
Mon Dec 18 07:12:34 GMT+08:00 2017. FTP SERVER. Запрос на отправку данных клиенту: /0:0:0:0:0:0:0:1 По запросу №6 Объем файла: 16800байт
Mon Dec 18 07:12:34 GMT+08:00 2017. FTP SERVER. Запущен процесс отправки данных клиенту: /0:0:0:0:0:0:0:1 Номер сеанса: 171
Mon Dec 18 07:12:34 GMT+08:00 2017. FTP SERVER. Отправка данных клиенту: /0:0:0:0:0:0:0:1 успешно завершена!
Mon Dec 18 07:12:34 GMT+08:00 2017. FTP SERVER. Новое соединение: /0:0:0:0:0:0:0:1
Mon Dec 18 07:12:34 GMT+08:00 2017. FTP SERVER. Запрос на отправку данных клиенту: /0:0:0:0:0:0:0:1 По запросу №6 Объем файла: 14108байт
Mon Dec 18 07:12:34 GMT+08:00 2017. FTP SERVER. Запущен процесс отправки данных клиенту: /0:0:0:0:0:0:0:1 Номер сеанса: 172
Mon Dec 18 07:12:34 GMT+08:00 2017. FTP SERVER. Отправка данных клиенту: /0:0:0:0:0:0:0:1 успешно завершена!
Mon Dec 18 07:12:36 GMT+08:00 2017. FTP SERVER. Новое соединение: /0:0:0:0:0:0:0:1
Mon Dec 18 07:12:36 GMT+08:00 2017. FTP SERVER. Запрос на отправку данных клиенту: /0:0:0:0:0:0:0:1 По запросу №6 Объем файла: 7792640байт
Mon Dec 18 07:12:36 GMT+08:00 2017. FTP SERVER. Запущен процесс отправки данных клиенту: /0:0:0:0:0:0:0:1 Номер сеанса: 173
Mon Dec 18 07:12:36 GMT+08:00 2017. FTP SERVER. Сессия получения файла была завершена с клиентом /0:0:0:0:0:0:0:1 Номер сеанса: 173 Connection reset
Mon Dec 18 07:12:36 GMT+08:00 2017. FTP SERVER. Новое соединение: /0:0:0:0:0:0:0:1
Mon Dec 18 07:12:36 GMT+08:00 2017. FTP SERVER. Запрос на отправку данных клиенту: /0:0:0:0:0:0:0:1 По запросу №6 Объем файла: 14108байт
Mon Dec 18 07:12:36 GMT+08:00 2017. FTP SERVER. Запущен процесс отправки данных клиенту: /0:0:0:0:0:0:0:1 Номер сеанса: 174
Mon Dec 18 07:12:36 GMT+08:00 2017. FTP SERVER. Отправка данных клиенту: /0:0:0:0:0:0:0:1 успешно завершена!
Mon Dec 18 07:12:38 GMT+08:00 2017. FTP SERVER. Новое соединение: /0:0:0:0:0:0:0:1
Mon Dec 18 07:12:38 GMT+08:00 2017. FTP SERVER. Запрос на отправку данных клиенту: /0:0:0:0:0:0:0:1 По запросу №6 Объем файла: 7792640байт
Mon Dec 18 07:12:38 GMT+08:00 2017. FTP SERVER. Запущен процесс отправки данных клиенту: /0:0:0:0:0:0:0:1 Номер сеанса: 175
Mon Dec 18 07:12:38 GMT+08:00 2017. FTP SERVER. Сессия получения файла была завершена с клиентом /0:0:0:0:0:0:0:1 Номер сеанса: 175 Connection reset
Mon Dec 18 07:12:38 GMT+08:00 2017. FTP SERVER. Новое соединение: /0:0:0:0:0:0:0:1
Mon Dec 18 07:12:38 GMT+08:00 2017. FTP SERVER. Запрос на отправку данных клиенту: /0:0:0:0:0:0:0:1 По запросу №6 Объем файла: 14108байт
Mon Dec 18 07:12:38 GMT+08:00 2017. FTP SERVER. Запущен процесс отправки данных клиенту: /0:0:0:0:0:0:0:1 Номер сеанса: 176
Mon Dec 18 07:12:38 GMT+08:00 2017. FTP SERVER. Отправка данных клиенту: /0:0:0:0:0:0:0:1 успешно завершена!
Mon Dec 18 07:12:40 GMT+08:00 2017. FTP SERVER. Новое соединение: /0:0:0:0:0:0:0:1
Mon Dec 18 07:12:40 GMT+08:00 2017. FTP SERVER. Запрос на отправку данных клиенту: /0:0:0:0:0:0:0:1 По запросу №6 Объем файла: 7792640байт
Mon Dec 18 07:12:40 GMT+08:00 2017. FTP SERVER. Запущен процесс отправки данных клиенту: /0:0:0:0:0:0:0:1 Номер сеанса: 177
Mon Dec 18 07:12:40 GMT+08:00 2017. FTP SERVER. Сессия получения файла была завершена с клиентом /0:0:0:0:0:0:0:1 Номер сеанса: 177 Connection reset
Mon Dec 18 07:12:41 GMT+08:00 2017. FTP SERVER. Новое соединение: /0:0:0:0:0:0:0:1
Mon Dec 18 07:12:41 GMT+08:00 2017. FTP SERVER. Запрос на отправку данных клиенту: /0:0:0:0:0:0:0:1 По запросу №6 Объем файла: 14108байт
Mon Dec 18 07:12:41 GMT+08:00 2017. FTP SERVER. Запущен процесс отправки данных клиенту: /0:0:0:0:0:0:0:1 Номер сеанса: 178
Mon Dec 18 07:12:41 GMT+08:00 2017. FTP SERVER. Отправка данных клиенту: /0:0:0:0:0:0:0:1 успешно завершена!
Mon Dec 18 07:12:43 GMT+08:00 2017. FTP SERVER. Новое соединение: /0:0:0:0:0:0:0:1
Mon Dec 18 07:12:43 GMT+08:00 2017. FTP SERVER. Запрос на отправку данных клиенту: /0:0:0:0:0:0:0:1 По запросу №6 Объем файла: 14108байт
Mon Dec 18 07:12:43 GMT+08:00 2017. FTP SERVER. Запущен процесс отправки данных клиенту: /0:0:0:0:0:0:0:1 Номер сеанса: 179
Mon Dec 18 07:12:43 GMT+08:00 2017. FTP SERVER. Отправка данных клиенту: /0:0:0:0:0:0:0:1 успешно завершена!
Mon Dec 18 07:12:49 GMT+08:00 2017. FTP SERVER. Новое соединение: /0:0:0:0:0:0:0:1
Mon Dec 18 07:12:49 GMT+08:00 2017. FTP SERVER. Запрос на отправку данных клиенту: /0:0:0:0:0:0:0:1 По запросу №6 Объем файла: 14108байт
Mon Dec 18 07:12:49 GMT+08:00 2017. FTP SERVER. Запущен процесс отправки данных клиенту: /0:0:0:0:0:0:0:1 Номер сеанса: 180
Mon Dec 18 07:12:49 GMT+08:00 2017. FTP SERVER. Отправка данных клиенту: /0:0:0:0:0:0:0:1 успешно завершена!
Mon Dec 18 07:12:51 GMT+08:00 2017. FTP SERVER. Новое соединение: /0:0:0:0:0:0:0:1
Mon Dec 18 07:12:51 GMT+08:00 2017. FTP SERVER. Запрос на отправку данных клиенту: /0:0:0:0:0:0:0:1 По запросу №6 Объем файла: 14108байт
Mon Dec 18 07:12:51 GMT+08:00 2017. FTP SERVER. Запущен процесс отправки данных клиенту: /0:0:0:0:0:0:0:1 Номер сеанса: 181
Mon Dec 18 07:12:51 GMT+08:00 2017. FTP SERVER. Отправка данных клиенту: /0:0:0:0:0:0:0:1 успешно завершена!
Mon Dec 18 07:12:54 GMT+08:00 2017. FTP SERVER. Новое соединение: /0:0:0:0:0:0:0:1
Mon Dec 18 07:12:54 GMT+08:00 2017. FTP SERVER. Запрос на отправку данных клиенту: /0:0:0:0:0:0:0:1 По запросу №6 Объем файла: 14108байт
Mon Dec 18 07:12:54 GMT+08:00 2017. FTP SERVER. Запущен процесс отправки данных клиенту: /0:0:0:0:0:0:0:1 Номер сеанса: 182
Mon Dec 18 07:12:54 GMT+08:00 2017. FTP SERVER. Отправка данных клиенту: /0:0:0:0:0:0:0:1 успешно завершена!
Mon Dec 18 07:12:56 GMT+08:00 2017. FTP SERVER. Новое соединение: /0:0:0:0:0:0:0:1
Mon Dec 18 07:12:56 GMT+08:00 2017. FTP SERVER. Запрос на отправку данных клиенту: /0:0:0:0:0:0:0:1 По запросу №6 Объем файла: 14108байт
Mon Dec 18 07:12:56 GMT+08:00 2017. FTP SERVER. Запущен процесс отправки данных клиенту: /0:0:0:0:0:0:0:1 Номер сеанса: 183
Mon Dec 18 07:12:56 GMT+08:00 2017. FTP SERVER. Отправка данных клиенту: /0:0:0:0:0:0:0:1 успешно завершена!
Mon Dec 18 07:12:58 GMT+08:00 2017. FTP SERVER. Новое соединение: /0:0:0:0:0:0:0:1
Mon Dec 18 07:12:58 GMT+08:00 2017. FTP SERVER. Запрос на отправку данных клиенту: /0:0:0:0:0:0:0:1 По запросу №6 Объем файла: 14108байт
Mon Dec 18 07:12:58 GMT+08:00 2017. FTP SERVER. Запущен процесс отправки данных клиенту: /0:0:0:0:0:0:0:1 Номер сеанса: 184
Mon Dec 18 07:12:58 GMT+08:00 2017. FTP SERVER. Отправка данных клиенту: /0:0:0:0:0:0:0:1 успешно завершена!
Mon Dec 18 07:13:00 GMT+08:00 2017. FTP SERVER. Новое соединение: /0:0:0:0:0:0:0:1
Mon Dec 18 07:13:00 GMT+08:00 2017. FTP SERVER. Запрос на отправку данных клиенту: /0:0:0:0:0:0:0:1 По запросу №6 Объем файла: 871424байт
Mon Dec 18 07:13:00 GMT+08:00 2017. FTP SERVER. Запущен процесс отправки данных клиенту: /0:0:0:0:0:0:0:1 Номер сеанса: 185
Mon Dec 18 07:13:00 GMT+08:00 2017. FTP SERVER. Сессия получения файла была завершена с клиентом /0:0:0:0:0:0:0:1 Номер сеанса: 185 Connection reset
Mon Dec 18 07:13:00 GMT+08:00 2017. FTP SERVER. Новое соединение: /0:0:0:0:0:0:0:1
Mon Dec 18 07:13:00 GMT+08:00 2017. FTP SERVER. Запрос на отправку данных клиенту: /0:0:0:0:0:0:0:1 По запросу №6 Объем файла: 14108байт
Mon Dec 18 07:13:00 GMT+08:00 2017. FTP SERVER. Запущен процесс отправки данных клиенту: /0:0:0:0:0:0:0:1 Номер сеанса: 186
Mon Dec 18 07:13:00 GMT+08:00 2017. FTP SERVER. Отправка данных клиенту: /0:0:0:0:0:0:0:1 успешно завершена!
Mon Dec 18 07:13:02 GMT+08:00 2017. FTP SERVER. Новое соединение: /0:0:0:0:0:0:0:1
Mon Dec 18 07:13:02 GMT+08:00 2017. FTP SERVER. Запрос на отправку данных клиенту: /0:0:0:0:0:0:0:1 По запросу №6 Объем файла: 14108байт
Mon Dec 18 07:13:02 GMT+08:00 2017. FTP SERVER. Запущен процесс отправки данных клиенту: /0:0:0:0:0:0:0:1 Номер сеанса: 187
Mon Dec 18 07:13:02 GMT+08:00 2017. FTP SERVER. Отправка данных клиенту: /0:0:0:0:0:0:0:1 успешно завершена!
Mon Dec 18 07:13:03 GMT+08:00 2017. FTP SERVER. Новое соединение: /0:0:0:0:0:0:0:1
Mon Dec 18 07:13:03 GMT+08:00 2017. FTP SERVER. Запрос на отправку данных клиенту: /0:0:0:0:0:0:0:1 По запросу №6 Объем файла: 5022619байт
Mon Dec 18 07:13:03 GMT+08:00 2017. FTP SERVER. Запущен процесс отправки данных клиенту: /0:0:0:0:0:0:0:1 Номер сеанса: 188
Mon Dec 18 07:13:03 GMT+08:00 2017. FTP SERVER. Сессия получения файла была завершена с клиентом /0:0:0:0:0:0:0:1 Номер сеанса: 188 Connection reset
Mon Dec 18 07:13:04 GMT+08:00 2017. FTP SERVER. Новое соединение: /0:0:0:0:0:0:0:1
Mon Dec 18 07:13:04 GMT+08:00 2017. FTP SERVER. Запрос на отправку данных клиенту: /0:0:0:0:0:0:0:1 По запросу №6 Объем файла: 14108байт
Mon Dec 18 07:13:04 GMT+08:00 2017. FTP SERVER. Запущен процесс отправки данных клиенту: /0:0:0:0:0:0:0:1 Номер сеанса: 189
Mon Dec 18 07:13:04 GMT+08:00 2017. FTP SERVER. Отправка данных клиенту: /0:0:0:0:0:0:0:1 успешно завершена!
Mon Dec 18 07:13:06 GMT+08:00 2017. FTP SERVER. Новое соединение: /0:0:0:0:0:0:0:1
Mon Dec 18 07:13:06 GMT+08:00 2017. FTP SERVER. Запрос на отправку данных клиенту: /0:0:0:0:0:0:0:1 По запросу №6 Объем файла: 14108байт
Mon Dec 18 07:13:06 GMT+08:00 2017. FTP SERVER. Запущен процесс отправки данных клиенту: /0:0:0:0:0:0:0:1 Номер сеанса: 190
Mon Dec 18 07:13:06 GMT+08:00 2017. FTP SERVER. Отправка данных клиенту: /0:0:0:0:0:0:0:1 успешно завершена!
Mon Dec 18 07:13:09 GMT+08:00 2017. FTP SERVER. Новое соединение: /0:0:0:0:0:0:0:1
Mon Dec 18 07:13:09 GMT+08:00 2017. FTP SERVER. Запрос на отправку данных клиенту: /0:0:0:0:0:0:0:1 По запросу №6 Объем файла: 14108байт
Mon Dec 18 07:13:09 GMT+08:00 2017. FTP SERVER. Запущен процесс отправки данных клиенту: /0:0:0:0:0:0:0:1 Номер сеанса: 191
Mon Dec 18 07:13:09 GMT+08:00 2017. FTP SERVER. Отправка данных клиенту: /0:0:0:0:0:0:0:1 успешно завершена!
Mon Dec 18 07:13:09 GMT+08:00 2017. FTP SERVER. Новое соединение: /0:0:0:0:0:0:0:1
Mon Dec 18 07:13:09 GMT+08:00 2017. FTP SERVER. Запрос на отправку данных клиенту: /0:0:0:0:0:0:0:1 По запросу №6 Объем файла: 409088байт
Mon Dec 18 07:13:09 GMT+08:00 2017. FTP SERVER. Запущен процесс отправки данных клиенту: /0:0:0:0:0:0:0:1 Номер сеанса: 192
Mon Dec 18 07:13:09 GMT+08:00 2017. FTP SERVER. Сессия получения файла была завершена с клиентом /0:0:0:0:0:0:0:1 Номер сеанса: 192 Connection reset
Mon Dec 18 07:13:11 GMT+08:00 2017. FTP SERVER. Новое соединение: /0:0:0:0:0:0:0:1
Mon Dec 18 07:13:11 GMT+08:00 2017. FTP SERVER. Запрос на отправку данных клиенту: /0:0:0:0:0:0:0:1 По запросу №6 Объем файла: 14108байт
Mon Dec 18 07:13:11 GMT+08:00 2017. FTP SERVER. Запущен процесс отправки данных клиенту: /0:0:0:0:0:0:0:1 Номер сеанса: 193
Mon Dec 18 07:13:11 GMT+08:00 2017. FTP SERVER. Отправка данных клиенту: /0:0:0:0:0:0:0:1 успешно завершена!
Mon Dec 18 07:13:13 GMT+08:00 2017. FTP SERVER. Новое соединение: /0:0:0:0:0:0:0:1
Mon Dec 18 07:13:13 GMT+08:00 2017. FTP SERVER. Запрос на отправку данных клиенту: /0:0:0:0:0:0:0:1 По запросу №6 Объем файла: 14108байт
Mon Dec 18 07:13:13 GMT+08:00 2017. FTP SERVER. Запущен процесс отправки данных клиенту: /0:0:0:0:0:0:0:1 Номер сеанса: 194
Mon Dec 18 07:13:13 GMT+08:00 2017. FTP SERVER. Отправка данных клиенту: /0:0:0:0:0:0:0:1 успешно завершена!
Mon Dec 18 07:13:15 GMT+08:00 2017. FTP SERVER. Новое соединение: /0:0:0:0:0:0:0:1
Mon Dec 18 07:13:15 GMT+08:00 2017. FTP SERVER. Запрос на отправку данных клиенту: /0:0:0:0:0:0:0:1 По запросу №6 Объем файла: 14108байт
Mon Dec 18 07:13:15 GMT+08:00 2017. FTP SERVER. Запущен процесс отправки данных клиенту: /0:0:0:0:0:0:0:1 Номер сеанса: 195
Mon Dec 18 07:13:15 GMT+08:00 2017. FTP SERVER. Отправка данных клиенту: /0:0:0:0:0:0:0:1 успешно завершена!
Mon Dec 18 07:13:18 GMT+08:00 2017. FTP SERVER. Новое соединение: /0:0:0:0:0:0:0:1
Mon Dec 18 07:13:18 GMT+08:00 2017. FTP SERVER. Запрос на отправку данных клиенту: /0:0:0:0:0:0:0:1 По запросу №6 Объем файла: 14108байт
Mon Dec 18 07:13:18 GMT+08:00 2017. FTP SERVER. Запущен процесс отправки данных клиенту: /0:0:0:0:0:0:0:1 Номер сеанса: 196
Mon Dec 18 07:13:18 GMT+08:00 2017. FTP SERVER. Отправка данных клиенту: /0:0:0:0:0:0:0:1 успешно завершена!
Mon Dec 18 07:13:20 GMT+08:00 2017. FTP SERVER. Новое соединение: /0:0:0:0:0:0:0:1
Mon Dec 18 07:13:20 GMT+08:00 2017. FTP SERVER. Запрос на отправку данных клиенту: /0:0:0:0:0:0:0:1 По запросу №6 Объем файла: 14108байт
Mon Dec 18 07:13:20 GMT+08:00 2017. FTP SERVER. Запущен процесс отправки данных клиенту: /0:0:0:0:0:0:0:1 Номер сеанса: 197
Mon Dec 18 07:13:20 GMT+08:00 2017. FTP SERVER. Отправка данных клиенту: /0:0:0:0:0:0:0:1 успешно завершена!
Mon Dec 18 07:13:22 GMT+08:00 2017. FTP SERVER. Новое соединение: /0:0:0:0:0:0:0:1
Mon Dec 18 07:13:22 GMT+08:00 2017. FTP SERVER. Запрос на отправку данных клиенту: /0:0:0:0:0:0:0:1 По запросу №6 Объем файла: 14108байт
Mon Dec 18 07:13:22 GMT+08:00 2017. FTP SERVER. Запущен процесс отправки данных клиенту: /0:0:0:0:0:0:0:1 Номер сеанса: 198
Mon Dec 18 07:13:22 GMT+08:00 2017. FTP SERVER. Отправка данных клиенту: /0:0:0:0:0:0:0:1 успешно завершена!
Mon Dec 18 07:13:24 GMT+08:00 2017. FTP SERVER. Новое соединение: /0:0:0:0:0:0:0:1
Mon Dec 18 07:13:24 GMT+08:00 2017. FTP SERVER. Запрос на отправку данных клиенту: /0:0:0:0:0:0:0:1 По запросу №6 Объем файла: 14108байт
Mon Dec 18 07:13:24 GMT+08:00 2017. FTP SERVER. Запущен процесс отправки данных клиенту: /0:0:0:0:0:0:0:1 Номер сеанса: 199
Mon Dec 18 07:13:24 GMT+08:00 2017. FTP SERVER. Отправка данных клиенту: /0:0:0:0:0:0:0:1 успешно завершена!
Mon Dec 18 07:13:27 GMT+08:00 2017. FTP SERVER. Новое соединение: /0:0:0:0:0:0:0:1
Mon Dec 18 07:13:27 GMT+08:00 2017. FTP SERVER. Запрос на отправку данных клиенту: /0:0:0:0:0:0:0:1 По запросу №6 Объем файла: 14108байт
Mon Dec 18 07:13:27 GMT+08:00 2017. FTP SERVER. Запущен процесс отправки данных клиенту: /0:0:0:0:0:0:0:1 Номер сеанса: 200
Mon Dec 18 07:13:27 GMT+08:00 2017. FTP SERVER. Отправка данных клиенту: /0:0:0:0:0:0:0:1 успешно завершена!
Mon Dec 18 07:13:29 GMT+08:00 2017. FTP SERVER. Новое соединение: /0:0:0:0:0:0:0:1
Mon Dec 18 07:13:29 GMT+08:00 2017. FTP SERVER. Запрос на отправку данных клиенту: /0:0:0:0:0:0:0:1 По запросу №6 Объем файла: 14108байт
Mon Dec 18 07:13:29 GMT+08:00 2017. FTP SERVER. Запущен процесс отправки данных клиенту: /0:0:0:0:0:0:0:1 Номер сеанса: 201
Mon Dec 18 07:13:29 GMT+08:00 2017. FTP SERVER. Отправка данных клиенту: /0:0:0:0:0:0:0:1 успешно завершена!
Mon Dec 18 07:13:31 GMT+08:00 2017. FTP SERVER. Новое соединение: /0:0:0:0:0:0:0:1
Mon Dec 18 07:13:31 GMT+08:00 2017. FTP SERVER. Запрос на отправку данных клиенту: /0:0:0:0:0:0:0:1 По запросу №6 Объем файла: 14108байт
Mon Dec 18 07:13:31 GMT+08:00 2017. FTP SERVER. Запущен процесс отправки данных клиенту: /0:0:0:0:0:0:0:1 Номер сеанса: 202
Mon Dec 18 07:13:31 GMT+08:00 2017. FTP SERVER. Отправка данных клиенту: /0:0:0:0:0:0:0:1 успешно завершена!
Mon Dec 18 07:13:33 GMT+08:00 2017. FTP SERVER. Новое соединение: /0:0:0:0:0:0:0:1
Mon Dec 18 07:13:33 GMT+08:00 2017. FTP SERVER. Запрос на отправку данных клиенту: /0:0:0:0:0:0:0:1 По запросу №6 Объем файла: 14108байт
Mon Dec 18 07:13:33 GMT+08:00 2017. FTP SERVER. Запущен процесс отправки данных клиенту: /0:0:0:0:0:0:0:1 Номер сеанса: 203
Mon Dec 18 07:13:33 GMT+08:00 2017. FTP SERVER. Отправка данных клиенту: /0:0:0:0:0:0:0:1 успешно завершена!
Mon Dec 18 07:13:35 GMT+08:00 2017. FTP SERVER. Новое соединение: /0:0:0:0:0:0:0:1
Mon Dec 18 07:13:35 GMT+08:00 2017. FTP SERVER. Запрос на отправку данных клиенту: /0:0:0:0:0:0:0:1 По запросу №6 Объем файла: 14108байт
Mon Dec 18 07:13:35 GMT+08:00 2017. FTP SERVER. Запущен процесс отправки данных клиенту: /0:0:0:0:0:0:0:1 Номер сеанса: 204
Mon Dec 18 07:13:35 GMT+08:00 2017. FTP SERVER. Отправка данных клиенту: /0:0:0:0:0:0:0:1 успешно завершена!
Mon Dec 18 07:13:37 GMT+08:00 2017. FTP SERVER. Новое соединение: /0:0:0:0:0:0:0:1
Mon Dec 18 07:13:37 GMT+08:00 2017. FTP SERVER. Запрос на отправку данных клиенту: /0:0:0:0:0:0:0:1 По запросу №6 Объем файла: 14108байт
Mon Dec 18 07:13:37 GMT+08:00 2017. FTP SERVER. Запущен процесс отправки данных клиенту: /0:0:0:0:0:0:0:1 Номер сеанса: 205
Mon Dec 18 07:13:37 GMT+08:00 2017. FTP SERVER. Отправка данных клиенту: /0:0:0:0:0:0:0:1 успешно завершена!
Mon Dec 18 07:13:39 GMT+08:00 2017. FTP SERVER. Новое соединение: /0:0:0:0:0:0:0:1
Mon Dec 18 07:13:39 GMT+08:00 2017. FTP SERVER. Запрос на отправку данных клиенту: /0:0:0:0:0:0:0:1 По запросу №6 Объем файла: 14108байт
Mon Dec 18 07:13:39 GMT+08:00 2017. FTP SERVER. Запущен процесс отправки данных клиенту: /0:0:0:0:0:0:0:1 Номер сеанса: 206
Mon Dec 18 07:13:39 GMT+08:00 2017. FTP SERVER. Отправка данных клиенту: /0:0:0:0:0:0:0:1 успешно завершена!
Mon Dec 18 07:13:41 GMT+08:00 2017. FTP SERVER. Новое соединение: /0:0:0:0:0:0:0:1
Mon Dec 18 07:13:41 GMT+08:00 2017. FTP SERVER. Запрос на отправку данных клиенту: /0:0:0:0:0:0:0:1 По запросу №6 Объем файла: 14108байт
Mon Dec 18 07:13:41 GMT+08:00 2017. FTP SERVER. Запущен процесс отправки данных клиенту: /0:0:0:0:0:0:0:1 Номер сеанса: 207
Mon Dec 18 07:13:41 GMT+08:00 2017. FTP SERVER. Отправка данных клиенту: /0:0:0:0:0:0:0:1 успешно завершена!
Mon Dec 18 07:13:43 GMT+08:00 2017. FTP SERVER. Новое соединение: /0:0:0:0:0:0:0:1
Mon Dec 18 07:13:43 GMT+08:00 2017. FTP SERVER. Запрос на отправку данных клиенту: /0:0:0:0:0:0:0:1 По запросу №6 Объем файла: 14108байт
Mon Dec 18 07:13:43 GMT+08:00 2017. FTP SERVER. Запущен процесс отправки данных клиенту: /0:0:0:0:0:0:0:1 Номер сеанса: 208
Mon Dec 18 07:13:43 GMT+08:00 2017. FTP SERVER. Отправка данных клиенту: /0:0:0:0:0:0:0:1 успешно завершена!
Mon Dec 18 07:13:45 GMT+08:00 2017. FTP SERVER. Новое соединение: /0:0:0:0:0:0:0:1
Mon Dec 18 07:13:45 GMT+08:00 2017. FTP SERVER. Запрос на отправку данных клиенту: /0:0:0:0:0:0:0:1 По запросу №6 Объем файла: 14108байт
Mon Dec 18 07:13:45 GMT+08:00 2017. FTP SERVER. Запущен процесс отправки данных клиенту: /0:0:0:0:0:0:0:1 Номер сеанса: 209
Mon Dec 18 07:13:45 GMT+08:00 2017. FTP SERVER. Отправка данных клиенту: /0:0:0:0:0:0:0:1 успешно завершена!
Mon Dec 18 07:13:48 GMT+08:00 2017. FTP SERVER. Новое соединение: /0:0:0:0:0:0:0:1
Mon Dec 18 07:13:48 GMT+08:00 2017. FTP SERVER. Запрос на отправку данных клиенту: /0:0:0:0:0:0:0:1 По запросу №6 Объем файла: 14108байт
Mon Dec 18 07:13:48 GMT+08:00 2017. FTP SERVER. Запущен процесс отправки данных клиенту: /0:0:0:0:0:0:0:1 Номер сеанса: 210
Mon Dec 18 07:13:48 GMT+08:00 2017. FTP SERVER. Отправка данных клиенту: /0:0:0:0:0:0:0:1 успешно завершена!
Mon Dec 18 07:13:52 GMT+08:00 2017. FTP SERVER. Новое соединение: /0:0:0:0:0:0:0:1
Mon Dec 18 07:13:52 GMT+08:00 2017. FTP SERVER. Запрос на отправку данных клиенту: /0:0:0:0:0:0:0:1 По запросу №6 Объем файла: 14108байт
Mon Dec 18 07:13:52 GMT+08:00 2017. FTP SERVER. Запущен процесс отправки данных клиенту: /0:0:0:0:0:0:0:1 Номер сеанса: 211
Mon Dec 18 07:13:52 GMT+08:00 2017. FTP SERVER. Отправка данных клиенту: /0:0:0:0:0:0:0:1 успешно завершена!
