Fri Nov 03 09:13:32 IRKT 2017. FAST SERVER. Сервер быстрого обмена запущен по адресу -  PMP-MS020-SIP/192.168.4.98:6500

Fri Nov 03 09:13:32 IRKT 2017Сервер ЕЭИСЦ успешно запущен:
Порт обмена сообщений - 6500
Порт файлового обмена - 6502

Fri Nov 03 09:15:38 IRKT 2017. FAST SERVER. Клиент присоединился к серверу: /0:0:0:0:0:0:0:1:61046 (621652809)
Fri Nov 03 09:15:38 IRKT 2017. FAST SERVER. Получено сообщение от /0:0:0:0:0:0:0:1:61046 (621652809)
Fri Nov 03 09:15:44 IRKT 2017. FAST SERVER. Обработка запроса на получение всех файловых систем [id: 0x250dab49, /0:0:0:0:0:0:0:1:61046 => /0:0:0:0:0:0:0:1:6500]) Номер запроса: 1
Fri Nov 03 09:15:44 IRKT 2017. FAST SERVER. Запрос успешно выполнен, отправление данных: [id: 0x250dab49, /0:0:0:0:0:0:0:1:61046 => /0:0:0:0:0:0:0:1:6500]) Номер запроса: 1
Fri Nov 03 09:15:44 IRKT 2017. FAST SERVER. Получено сообщение от /0:0:0:0:0:0:0:1:61046 (621652809)
Fri Nov 03 09:15:44 IRKT 2017. FAST SERVER. Обработка запроса на получение содержимого файловой системы C:\Users\admin\Desktop\Инструкции\ Канал[id: 0x250dab49, /0:0:0:0:0:0:0:1:61046 => /0:0:0:0:0:0:0:1:6500]) Номер запроса: 2
Fri Nov 03 09:15:46 IRKT 2017. FAST SERVER. Запрос успешно выполнен, отправление данных: [id: 0x250dab49, /0:0:0:0:0:0:0:1:61046 => /0:0:0:0:0:0:0:1:6500]) Номер запроса: 2
Fri Nov 03 09:15:50 IRKT 2017. FAST SERVER. Получено сообщение от /0:0:0:0:0:0:0:1:61046 (621652809)
Fri Nov 03 09:15:50 IRKT 2017. FAST SERVER. Обработка запроса на получение содержимого файла [id: 0x250dab49, /0:0:0:0:0:0:0:1:61046 => /0:0:0:0:0:0:0:1:6500]) Номер запроса: 3
Fri Nov 03 09:15:50 IRKT 2017. FAST SERVER. Обработка запроса на получение файла по пути: C:\Users\admin\Desktop\Инструкции\\Документ Microsoft Word.doc Канал [id: 0x250dab49, /0:0:0:0:0:0:0:1:61046 => /0:0:0:0:0:0:0:1:6500]) Номер запроса: 3
Fri Nov 03 09:15:50 IRKT 2017. FAST SERVER. Запрос успешно выполнен, отправление данных: [id: 0x250dab49, /0:0:0:0:0:0:0:1:61046 => /0:0:0:0:0:0:0:1:6500]) Номер запроса: 3
Fri Nov 03 09:16:35 IRKT 2017. FAST SERVER. Получено сообщение от /0:0:0:0:0:0:0:1:61046 (621652809)
Fri Nov 03 09:16:35 IRKT 2017. FAST SERVER. Обработка запроса на получение содержимого файла [id: 0x250dab49, /0:0:0:0:0:0:0:1:61046 => /0:0:0:0:0:0:0:1:6500]) Номер запроса: 4
Fri Nov 03 09:16:35 IRKT 2017. FAST SERVER. Обработка запроса на получение файла по пути: C:\Users\admin\Desktop\Инструкции\\Trp88.tiff Канал [id: 0x250dab49, /0:0:0:0:0:0:0:1:61046 => /0:0:0:0:0:0:0:1:6500]) Номер запроса: 4
Fri Nov 03 09:16:35 IRKT 2017. FAST SERVER. Запрос успешно выполнен, отправление данных: [id: 0x250dab49, /0:0:0:0:0:0:0:1:61046 => /0:0:0:0:0:0:0:1:6500]) Номер запроса: 4
Fri Nov 03 09:16:38 IRKT 2017. FAST SERVER. Получено сообщение от /0:0:0:0:0:0:0:1:61046 (621652809)
Fri Nov 03 09:16:38 IRKT 2017. FAST SERVER. Обработка запроса на получение содержимого файла [id: 0x250dab49, /0:0:0:0:0:0:0:1:61046 => /0:0:0:0:0:0:0:1:6500]) Номер запроса: 5
Fri Nov 03 09:16:38 IRKT 2017. FAST SERVER. Обработка запроса на получение файла по пути: C:\Users\admin\Desktop\Инструкции\\Список недостатков по этапу №1.xls Канал [id: 0x250dab49, /0:0:0:0:0:0:0:1:61046 => /0:0:0:0:0:0:0:1:6500]) Номер запроса: 5
Fri Nov 03 09:16:38 IRKT 2017. FAST SERVER. Запрос успешно выполнен, отправление данных: [id: 0x250dab49, /0:0:0:0:0:0:0:1:61046 => /0:0:0:0:0:0:0:1:6500]) Номер запроса: 5
Fri Nov 03 09:28:14 IRKT 2017. FAST SERVER. Получено сообщение от /0:0:0:0:0:0:0:1:61046 (621652809)
Fri Nov 03 09:28:14 IRKT 2017. FAST SERVER. Обработка запроса на получение содержимого файла [id: 0x250dab49, /0:0:0:0:0:0:0:1:61046 => /0:0:0:0:0:0:0:1:6500]) Номер запроса: 6
Fri Nov 03 09:28:14 IRKT 2017. FAST SERVER. Обработка запроса на получение файла по пути: C:\Users\admin\Desktop\Инструкции\\dadsadvx.txt Канал [id: 0x250dab49, /0:0:0:0:0:0:0:1:61046 => /0:0:0:0:0:0:0:1:6500]) Номер запроса: 6
Fri Nov 03 09:28:14 IRKT 2017. FAST SERVER. Запрос успешно выполнен, отправление данных: [id: 0x250dab49, /0:0:0:0:0:0:0:1:61046 => /0:0:0:0:0:0:0:1:6500]) Номер запроса: 6
Fri Nov 03 09:28:19 IRKT 2017. FAST SERVER. Получено сообщение от /0:0:0:0:0:0:0:1:61046 (621652809)
Fri Nov 03 09:28:19 IRKT 2017. FAST SERVER. Обработка запроса на получение содержимого файла [id: 0x250dab49, /0:0:0:0:0:0:0:1:61046 => /0:0:0:0:0:0:0:1:6500]) Номер запроса: 7
Fri Nov 03 09:28:19 IRKT 2017. FAST SERVER. Обработка запроса на получение файла по пути: C:\Users\admin\Desktop\Инструкции\\Инструкции2\maven.docx Канал [id: 0x250dab49, /0:0:0:0:0:0:0:1:61046 => /0:0:0:0:0:0:0:1:6500]) Номер запроса: 7
Fri Nov 03 09:28:19 IRKT 2017. FAST SERVER. Запрос успешно выполнен, отправление данных: [id: 0x250dab49, /0:0:0:0:0:0:0:1:61046 => /0:0:0:0:0:0:0:1:6500]) Номер запроса: 7
Fri Nov 03 09:28:23 IRKT 2017. FAST SERVER. Получено сообщение от /0:0:0:0:0:0:0:1:61046 (621652809)
Fri Nov 03 09:28:23 IRKT 2017. FAST SERVER. Обработка запроса на получение содержимого файла [id: 0x250dab49, /0:0:0:0:0:0:0:1:61046 => /0:0:0:0:0:0:0:1:6500]) Номер запроса: 8
Fri Nov 03 09:28:23 IRKT 2017. FAST SERVER. Обработка запроса на получение файла по пути: C:\Users\admin\Desktop\Инструкции\\Инструкции2\README.txt Канал [id: 0x250dab49, /0:0:0:0:0:0:0:1:61046 => /0:0:0:0:0:0:0:1:6500]) Номер запроса: 8
Fri Nov 03 09:28:23 IRKT 2017. FAST SERVER. Запрос успешно выполнен, отправление данных: [id: 0x250dab49, /0:0:0:0:0:0:0:1:61046 => /0:0:0:0:0:0:0:1:6500]) Номер запроса: 8
Fri Nov 03 09:28:26 IRKT 2017. FAST SERVER. Получено сообщение от /0:0:0:0:0:0:0:1:61046 (621652809)
Fri Nov 03 09:28:26 IRKT 2017. FAST SERVER. Обработка запроса на получение содержимого файла [id: 0x250dab49, /0:0:0:0:0:0:0:1:61046 => /0:0:0:0:0:0:0:1:6500]) Номер запроса: 9
Fri Nov 03 09:28:26 IRKT 2017. FAST SERVER. Обработка запроса на получение файла по пути: C:\Users\admin\Desktop\Инструкции\\Инструкции2\АСРН-2\! Инструкция Работа с общедомовыми приборами учета.doc Канал [id: 0x250dab49, /0:0:0:0:0:0:0:1:61046 => /0:0:0:0:0:0:0:1:6500]) Номер запроса: 9
Fri Nov 03 09:28:26 IRKT 2017. FAST SERVER. Запрос успешно выполнен, отправление данных: [id: 0x250dab49, /0:0:0:0:0:0:0:1:61046 => /0:0:0:0:0:0:0:1:6500]) Номер запроса: 9
Fri Nov 03 09:28:30 IRKT 2017. FAST SERVER. Получено сообщение от /0:0:0:0:0:0:0:1:61046 (621652809)
Fri Nov 03 09:28:30 IRKT 2017. FAST SERVER. Обработка запроса на получение содержимого файла [id: 0x250dab49, /0:0:0:0:0:0:0:1:61046 => /0:0:0:0:0:0:0:1:6500]) Номер запроса: 10
Fri Nov 03 09:28:30 IRKT 2017. FAST SERVER. Обработка запроса на получение файла по пути: C:\Users\admin\Desktop\Инструкции\\Инструкции2\АСРН-2\!Инструкция Работа с приборами учета.doc Канал [id: 0x250dab49, /0:0:0:0:0:0:0:1:61046 => /0:0:0:0:0:0:0:1:6500]) Номер запроса: 10
Fri Nov 03 09:28:30 IRKT 2017. FAST SERVER. Запрос успешно выполнен, отправление данных: [id: 0x250dab49, /0:0:0:0:0:0:0:1:61046 => /0:0:0:0:0:0:0:1:6500]) Номер запроса: 10
Fri Nov 03 09:29:34 IRKT 2017. FAST SERVER. Соединение с сервером было закрыто /0:0:0:0:0:0:0:1:61046 (621652809)
Fri Nov 03 09:53:34 IRKT 2017. FAST SERVER. Клиент присоединился к серверу: /0:0:0:0:0:0:0:1:61269 (29277102)
Fri Nov 03 09:53:35 IRKT 2017. FAST SERVER. Получено сообщение от /0:0:0:0:0:0:0:1:61269 (29277102)
Fri Nov 03 09:53:35 IRKT 2017. FAST SERVER. Обработка запроса на получение всех файловых систем [id: 0x01bebbae, /0:0:0:0:0:0:0:1:61269 => /0:0:0:0:0:0:0:1:6500]) Номер запроса: 11
Fri Nov 03 09:53:35 IRKT 2017. FAST SERVER. Запрос успешно выполнен, отправление данных: [id: 0x01bebbae, /0:0:0:0:0:0:0:1:61269 => /0:0:0:0:0:0:0:1:6500]) Номер запроса: 11
Fri Nov 03 09:53:35 IRKT 2017. FAST SERVER. Получено сообщение от /0:0:0:0:0:0:0:1:61269 (29277102)
Fri Nov 03 09:53:35 IRKT 2017. FAST SERVER. Обработка запроса на получение содержимого файловой системы C:\Users\admin\Desktop\Инструкции\ Канал[id: 0x01bebbae, /0:0:0:0:0:0:0:1:61269 => /0:0:0:0:0:0:0:1:6500]) Номер запроса: 12
Fri Nov 03 09:53:36 IRKT 2017. FAST SERVER. Запрос успешно выполнен, отправление данных: [id: 0x01bebbae, /0:0:0:0:0:0:0:1:61269 => /0:0:0:0:0:0:0:1:6500]) Номер запроса: 12
Fri Nov 03 09:55:11 IRKT 2017. FAST SERVER. Получено сообщение от /0:0:0:0:0:0:0:1:61269 (29277102)
Fri Nov 03 09:55:11 IRKT 2017. FAST SERVER. Обработка запроса на получение содержимого файловой системы C:\Users\admin\Desktop\Инструкции\ Канал[id: 0x01bebbae, /0:0:0:0:0:0:0:1:61269 => /0:0:0:0:0:0:0:1:6500]) Номер запроса: 13
Fri Nov 03 09:55:11 IRKT 2017. FAST SERVER. Запрос успешно выполнен, отправление данных: [id: 0x01bebbae, /0:0:0:0:0:0:0:1:61269 => /0:0:0:0:0:0:0:1:6500]) Номер запроса: 13
Fri Nov 03 09:55:34 IRKT 2017. FAST SERVER. Ошибка при передаче данных (/0:0:0:0:0:0:0:1:61269): java.io.IOException: Удаленный хост принудительно разорвал существующее подключение (29277102)
Fri Nov 03 09:55:34 IRKT 2017. FAST SERVER. Соединение с сервером было закрыто /0:0:0:0:0:0:0:1:61269 (29277102)
Fri Nov 03 09:57:11 IRKT 2017. FAST SERVER. Клиент присоединился к серверу: /0:0:0:0:0:0:0:1:61288 (1685654737)
Fri Nov 03 09:57:11 IRKT 2017. FAST SERVER. Получено сообщение от /0:0:0:0:0:0:0:1:61288 (1685654737)
Fri Nov 03 09:57:11 IRKT 2017. FAST SERVER. Обработка запроса на получение всех файловых систем [id: 0x64790cd1, /0:0:0:0:0:0:0:1:61288 => /0:0:0:0:0:0:0:1:6500]) Номер запроса: 14
Fri Nov 03 09:57:11 IRKT 2017. FAST SERVER. Запрос успешно выполнен, отправление данных: [id: 0x64790cd1, /0:0:0:0:0:0:0:1:61288 => /0:0:0:0:0:0:0:1:6500]) Номер запроса: 14
Fri Nov 03 09:57:11 IRKT 2017. FAST SERVER. Получено сообщение от /0:0:0:0:0:0:0:1:61288 (1685654737)
Fri Nov 03 09:57:11 IRKT 2017. FAST SERVER. Обработка запроса на получение содержимого файловой системы C:\Users\admin\Desktop\Инструкции\ Канал[id: 0x64790cd1, /0:0:0:0:0:0:0:1:61288 => /0:0:0:0:0:0:0:1:6500]) Номер запроса: 15
Fri Nov 03 09:57:11 IRKT 2017. FAST SERVER. Запрос успешно выполнен, отправление данных: [id: 0x64790cd1, /0:0:0:0:0:0:0:1:61288 => /0:0:0:0:0:0:0:1:6500]) Номер запроса: 15
Fri Nov 03 09:57:53 IRKT 2017. FAST SERVER. Соединение с сервером было закрыто /0:0:0:0:0:0:0:1:61288 (1685654737)
Fri Nov 03 09:58:09 IRKT 2017. FAST SERVER. Клиент присоединился к серверу: /0:0:0:0:0:0:0:1:61294 (2024409079)
Fri Nov 03 09:58:09 IRKT 2017. FAST SERVER. Получено сообщение от /0:0:0:0:0:0:0:1:61294 (2024409079)
Fri Nov 03 09:58:09 IRKT 2017. FAST SERVER. Обработка запроса на получение всех файловых систем [id: 0x78aa07f7, /0:0:0:0:0:0:0:1:61294 => /0:0:0:0:0:0:0:1:6500]) Номер запроса: 16
Fri Nov 03 09:58:09 IRKT 2017. FAST SERVER. Запрос успешно выполнен, отправление данных: [id: 0x78aa07f7, /0:0:0:0:0:0:0:1:61294 => /0:0:0:0:0:0:0:1:6500]) Номер запроса: 16
Fri Nov 03 09:58:09 IRKT 2017. FAST SERVER. Получено сообщение от /0:0:0:0:0:0:0:1:61294 (2024409079)
Fri Nov 03 09:58:09 IRKT 2017. FAST SERVER. Обработка запроса на получение содержимого файловой системы C:\Users\admin\Desktop\Инструкции\ Канал[id: 0x78aa07f7, /0:0:0:0:0:0:0:1:61294 => /0:0:0:0:0:0:0:1:6500]) Номер запроса: 17
Fri Nov 03 09:58:09 IRKT 2017. FAST SERVER. Запрос успешно выполнен, отправление данных: [id: 0x78aa07f7, /0:0:0:0:0:0:0:1:61294 => /0:0:0:0:0:0:0:1:6500]) Номер запроса: 17
Fri Nov 03 09:58:39 IRKT 2017. FAST SERVER. Получено сообщение от /0:0:0:0:0:0:0:1:61294 (2024409079)
Fri Nov 03 09:58:39 IRKT 2017. FAST SERVER. Обработка запроса на получение содержимого файла [id: 0x78aa07f7, /0:0:0:0:0:0:0:1:61294 => /0:0:0:0:0:0:0:1:6500]) Номер запроса: 18
Fri Nov 03 09:58:39 IRKT 2017. FAST SERVER. Обработка запроса на получение файла по пути: C:\Users\admin\Desktop\Инструкции\\Trp88.tiff Канал [id: 0x78aa07f7, /0:0:0:0:0:0:0:1:61294 => /0:0:0:0:0:0:0:1:6500]) Номер запроса: 18
Fri Nov 03 09:58:39 IRKT 2017. FAST SERVER. Запрос успешно выполнен, отправление данных: [id: 0x78aa07f7, /0:0:0:0:0:0:0:1:61294 => /0:0:0:0:0:0:0:1:6500]) Номер запроса: 18
Fri Nov 03 09:58:51 IRKT 2017. FAST SERVER. Получено сообщение от /0:0:0:0:0:0:0:1:61294 (2024409079)
Fri Nov 03 09:58:51 IRKT 2017. FAST SERVER. Обработка запроса на получение содержимого файла [id: 0x78aa07f7, /0:0:0:0:0:0:0:1:61294 => /0:0:0:0:0:0:0:1:6500]) Номер запроса: 19
Fri Nov 03 09:58:51 IRKT 2017. FAST SERVER. Обработка запроса на получение файла по пути: C:\Users\admin\Desktop\Инструкции\\Инструкции2\Инструкция Платежный документ 354.doc Канал [id: 0x78aa07f7, /0:0:0:0:0:0:0:1:61294 => /0:0:0:0:0:0:0:1:6500]) Номер запроса: 19
Fri Nov 03 09:58:51 IRKT 2017. FAST SERVER. Запрос успешно выполнен, отправление данных: [id: 0x78aa07f7, /0:0:0:0:0:0:0:1:61294 => /0:0:0:0:0:0:0:1:6500]) Номер запроса: 19
Fri Nov 03 09:59:05 IRKT 2017. FAST SERVER. Получено сообщение от /0:0:0:0:0:0:0:1:61294 (2024409079)
Fri Nov 03 09:59:05 IRKT 2017. FAST SERVER. Обработка запроса на получение содержимого файла [id: 0x78aa07f7, /0:0:0:0:0:0:0:1:61294 => /0:0:0:0:0:0:0:1:6500]) Номер запроса: 20
Fri Nov 03 09:59:05 IRKT 2017. FAST SERVER. Обработка запроса на получение файла по пути: C:\Users\admin\Desktop\Инструкции\\Инструкции2\Инструкция Заявки.docx Канал [id: 0x78aa07f7, /0:0:0:0:0:0:0:1:61294 => /0:0:0:0:0:0:0:1:6500]) Номер запроса: 20
Fri Nov 03 09:59:05 IRKT 2017. FAST SERVER. Запрос успешно выполнен, отправление данных: [id: 0x78aa07f7, /0:0:0:0:0:0:0:1:61294 => /0:0:0:0:0:0:0:1:6500]) Номер запроса: 20
Fri Nov 03 09:59:36 IRKT 2017. FAST SERVER. Соединение с сервером было закрыто /0:0:0:0:0:0:0:1:61294 (2024409079)
Fri Nov 03 10:01:26 IRKT 2017. FAST SERVER. Клиент присоединился к серверу: /0:0:0:0:0:0:0:1:61323 (366367525)
Fri Nov 03 10:01:26 IRKT 2017. FAST SERVER. Получено сообщение от /0:0:0:0:0:0:0:1:61323 (366367525)
Fri Nov 03 10:01:26 IRKT 2017. FAST SERVER. Обработка запроса на получение всех файловых систем [id: 0x15d65325, /0:0:0:0:0:0:0:1:61323 => /0:0:0:0:0:0:0:1:6500]) Номер запроса: 21
Fri Nov 03 10:01:26 IRKT 2017. FAST SERVER. Запрос успешно выполнен, отправление данных: [id: 0x15d65325, /0:0:0:0:0:0:0:1:61323 => /0:0:0:0:0:0:0:1:6500]) Номер запроса: 21
Fri Nov 03 10:01:27 IRKT 2017. FAST SERVER. Получено сообщение от /0:0:0:0:0:0:0:1:61323 (366367525)
Fri Nov 03 10:01:27 IRKT 2017. FAST SERVER. Обработка запроса на получение содержимого файловой системы C:\Users\admin\Desktop\Инструкции\ Канал[id: 0x15d65325, /0:0:0:0:0:0:0:1:61323 => /0:0:0:0:0:0:0:1:6500]) Номер запроса: 22
Fri Nov 03 10:01:27 IRKT 2017. FAST SERVER. Запрос успешно выполнен, отправление данных: [id: 0x15d65325, /0:0:0:0:0:0:0:1:61323 => /0:0:0:0:0:0:0:1:6500]) Номер запроса: 22
Fri Nov 03 10:01:32 IRKT 2017. FAST SERVER. Ошибка при передаче данных (/0:0:0:0:0:0:0:1:61323): java.io.IOException: Удаленный хост принудительно разорвал существующее подключение (366367525)
Fri Nov 03 10:01:32 IRKT 2017. FAST SERVER. Соединение с сервером было закрыто /0:0:0:0:0:0:0:1:61323 (366367525)
Fri Nov 03 10:16:41 IRKT 2017. FAST SERVER. Клиент присоединился к серверу: /0:0:0:0:0:0:0:1:61366 (1481217637)
Fri Nov 03 10:16:42 IRKT 2017. FAST SERVER. Получено сообщение от /0:0:0:0:0:0:0:1:61366 (1481217637)
Fri Nov 03 10:16:42 IRKT 2017. FAST SERVER. Обработка запроса на получение всех файловых систем [id: 0x58499665, /0:0:0:0:0:0:0:1:61366 => /0:0:0:0:0:0:0:1:6500]) Номер запроса: 23
Fri Nov 03 10:16:42 IRKT 2017. FAST SERVER. Запрос успешно выполнен, отправление данных: [id: 0x58499665, /0:0:0:0:0:0:0:1:61366 => /0:0:0:0:0:0:0:1:6500]) Номер запроса: 23
Fri Nov 03 10:16:42 IRKT 2017. FAST SERVER. Получено сообщение от /0:0:0:0:0:0:0:1:61366 (1481217637)
Fri Nov 03 10:16:42 IRKT 2017. FAST SERVER. Обработка запроса на получение содержимого файловой системы C:\Users\admin\Desktop\Инструкции\ Канал[id: 0x58499665, /0:0:0:0:0:0:0:1:61366 => /0:0:0:0:0:0:0:1:6500]) Номер запроса: 24
Fri Nov 03 10:16:45 IRKT 2017. FAST SERVER. Запрос успешно выполнен, отправление данных: [id: 0x58499665, /0:0:0:0:0:0:0:1:61366 => /0:0:0:0:0:0:0:1:6500]) Номер запроса: 24
Fri Nov 03 10:17:00 IRKT 2017. FAST SERVER. Получено сообщение от /0:0:0:0:0:0:0:1:61366 (1481217637)
Fri Nov 03 10:17:00 IRKT 2017. FAST SERVER. Обработка запроса на создание каталога в системе файловой системы[id: 0x58499665, /0:0:0:0:0:0:0:1:61366 => /0:0:0:0:0:0:0:1:6500]) Номер запроса: 25
Fri Nov 03 10:17:00 IRKT 2017. FAST SERVER. Создание каталога по пути: C:\Users\admin\Desktop\Инструкции\\МОП\ГВС Канал [id: 0x58499665, /0:0:0:0:0:0:0:1:61366 => /0:0:0:0:0:0:0:1:6500]) Номер запроса: 25
Fri Nov 03 10:17:30 IRKT 2017. FAST SERVER. Ошибка при передаче данных (/0:0:0:0:0:0:0:1:61366): java.io.IOException: Удаленный хост принудительно разорвал существующее подключение (1481217637)
Fri Nov 03 10:17:30 IRKT 2017. FAST SERVER. Соединение с сервером было закрыто /0:0:0:0:0:0:0:1:61366 (1481217637)
Fri Nov 03 10:18:18 IRKT 2017. FAST SERVER. Запрос успешно выполнен, отправление данных: [id: 0x58499665, /0:0:0:0:0:0:0:1:61366 :> /0:0:0:0:0:0:0:1:6500]) Номер запроса: 25
Fri Nov 03 10:18:18 IRKT 2017. FAST SERVER. Ошибка при передаче данных (/0:0:0:0:0:0:0:1:61366): java.nio.channels.ClosedChannelException (1481217637)
Fri Nov 03 10:18:36 IRKT 2017. FAST SERVER. Клиент присоединился к серверу: /0:0:0:0:0:0:0:1:61378 (1469877604)
Fri Nov 03 10:18:37 IRKT 2017. FAST SERVER. Получено сообщение от /0:0:0:0:0:0:0:1:61378 (1469877604)
Fri Nov 03 10:18:37 IRKT 2017. FAST SERVER. Обработка запроса на получение всех файловых систем [id: 0x579c8d64, /0:0:0:0:0:0:0:1:61378 => /0:0:0:0:0:0:0:1:6500]) Номер запроса: 26
Fri Nov 03 10:18:37 IRKT 2017. FAST SERVER. Запрос успешно выполнен, отправление данных: [id: 0x579c8d64, /0:0:0:0:0:0:0:1:61378 => /0:0:0:0:0:0:0:1:6500]) Номер запроса: 26
Fri Nov 03 10:18:37 IRKT 2017. FAST SERVER. Получено сообщение от /0:0:0:0:0:0:0:1:61378 (1469877604)
Fri Nov 03 10:18:37 IRKT 2017. FAST SERVER. Обработка запроса на получение содержимого файловой системы C:\Users\admin\Desktop\Инструкции\ Канал[id: 0x579c8d64, /0:0:0:0:0:0:0:1:61378 => /0:0:0:0:0:0:0:1:6500]) Номер запроса: 27
Fri Nov 03 10:18:38 IRKT 2017. FAST SERVER. Запрос успешно выполнен, отправление данных: [id: 0x579c8d64, /0:0:0:0:0:0:0:1:61378 => /0:0:0:0:0:0:0:1:6500]) Номер запроса: 27
Fri Nov 03 10:18:46 IRKT 2017. FAST SERVER. Ошибка при передаче данных (/0:0:0:0:0:0:0:1:61378): java.io.IOException: Удаленный хост принудительно разорвал существующее подключение (1469877604)
Fri Nov 03 10:18:46 IRKT 2017. FAST SERVER. Соединение с сервером было закрыто /0:0:0:0:0:0:0:1:61378 (1469877604)
Fri Nov 03 10:19:02 IRKT 2017. FAST SERVER. Клиент присоединился к серверу: /0:0:0:0:0:0:0:1:61384 (1414984203)
Fri Nov 03 10:19:03 IRKT 2017. FAST SERVER. Получено сообщение от /0:0:0:0:0:0:0:1:61384 (1414984203)
Fri Nov 03 10:19:03 IRKT 2017. FAST SERVER. Обработка запроса на получение всех файловых систем [id: 0x5456f20b, /0:0:0:0:0:0:0:1:61384 => /0:0:0:0:0:0:0:1:6500]) Номер запроса: 28
Fri Nov 03 10:19:03 IRKT 2017. FAST SERVER. Запрос успешно выполнен, отправление данных: [id: 0x5456f20b, /0:0:0:0:0:0:0:1:61384 => /0:0:0:0:0:0:0:1:6500]) Номер запроса: 28
Fri Nov 03 10:19:03 IRKT 2017. FAST SERVER. Получено сообщение от /0:0:0:0:0:0:0:1:61384 (1414984203)
Fri Nov 03 10:19:03 IRKT 2017. FAST SERVER. Обработка запроса на получение содержимого файловой системы C:\Users\admin\Desktop\Инструкции\ Канал[id: 0x5456f20b, /0:0:0:0:0:0:0:1:61384 => /0:0:0:0:0:0:0:1:6500]) Номер запроса: 29
Fri Nov 03 10:19:03 IRKT 2017. FAST SERVER. Запрос успешно выполнен, отправление данных: [id: 0x5456f20b, /0:0:0:0:0:0:0:1:61384 => /0:0:0:0:0:0:0:1:6500]) Номер запроса: 29
Fri Nov 03 10:19:29 IRKT 2017. FAST SERVER. Получено сообщение от /0:0:0:0:0:0:0:1:61384 (1414984203)
Fri Nov 03 10:19:29 IRKT 2017. FAST SERVER. Обработка запроса на создание каталога в системе файловой системы[id: 0x5456f20b, /0:0:0:0:0:0:0:1:61384 => /0:0:0:0:0:0:0:1:6500]) Номер запроса: 30
Fri Nov 03 10:19:29 IRKT 2017. FAST SERVER. Создание каталога по пути: C:\Users\admin\Desktop\Инструкции\\МОП\ЭЭ Канал [id: 0x5456f20b, /0:0:0:0:0:0:0:1:61384 => /0:0:0:0:0:0:0:1:6500]) Номер запроса: 30
Fri Nov 03 10:19:31 IRKT 2017. FAST SERVER. Запрос успешно выполнен, отправление данных: [id: 0x5456f20b, /0:0:0:0:0:0:0:1:61384 => /0:0:0:0:0:0:0:1:6500]) Номер запроса: 30
Fri Nov 03 10:19:39 IRKT 2017. FAST SERVER. Получено сообщение от /0:0:0:0:0:0:0:1:61384 (1414984203)
Fri Nov 03 10:19:39 IRKT 2017. FAST SERVER. Обработка запроса на получение содержимого файловой системы C:\Users\admin\Desktop\Инструкции\ Канал[id: 0x5456f20b, /0:0:0:0:0:0:0:1:61384 => /0:0:0:0:0:0:0:1:6500]) Номер запроса: 31
Fri Nov 03 10:19:39 IRKT 2017. FAST SERVER. Запрос успешно выполнен, отправление данных: [id: 0x5456f20b, /0:0:0:0:0:0:0:1:61384 => /0:0:0:0:0:0:0:1:6500]) Номер запроса: 31
Fri Nov 03 10:20:28 IRKT 2017. FAST SERVER. Соединение с сервером было закрыто /0:0:0:0:0:0:0:1:61384 (1414984203)
Fri Nov 03 10:22:17 IRKT 2017. FAST SERVER. Клиент присоединился к серверу: /0:0:0:0:0:0:0:1:61399 (30323234)
Fri Nov 03 10:22:17 IRKT 2017. FAST SERVER. Получено сообщение от /0:0:0:0:0:0:0:1:61399 (30323234)
Fri Nov 03 10:22:17 IRKT 2017. FAST SERVER. Обработка запроса на получение всех файловых систем [id: 0x01ceb222, /0:0:0:0:0:0:0:1:61399 => /0:0:0:0:0:0:0:1:6500]) Номер запроса: 32
Fri Nov 03 10:22:17 IRKT 2017. FAST SERVER. Запрос успешно выполнен, отправление данных: [id: 0x01ceb222, /0:0:0:0:0:0:0:1:61399 => /0:0:0:0:0:0:0:1:6500]) Номер запроса: 32
Fri Nov 03 10:22:17 IRKT 2017. FAST SERVER. Получено сообщение от /0:0:0:0:0:0:0:1:61399 (30323234)
Fri Nov 03 10:22:17 IRKT 2017. FAST SERVER. Обработка запроса на получение содержимого файловой системы C:\Users\admin\Desktop\Инструкции\ Канал[id: 0x01ceb222, /0:0:0:0:0:0:0:1:61399 => /0:0:0:0:0:0:0:1:6500]) Номер запроса: 33
Fri Nov 03 10:22:17 IRKT 2017. FAST SERVER. Запрос успешно выполнен, отправление данных: [id: 0x01ceb222, /0:0:0:0:0:0:0:1:61399 => /0:0:0:0:0:0:0:1:6500]) Номер запроса: 33
Fri Nov 03 10:22:28 IRKT 2017. FAST SERVER. Получено сообщение от /0:0:0:0:0:0:0:1:61399 (30323234)
Fri Nov 03 10:22:28 IRKT 2017. FAST SERVER. Обработка запроса на создание каталога в системе файловой системы[id: 0x01ceb222, /0:0:0:0:0:0:0:1:61399 => /0:0:0:0:0:0:0:1:6500]) Номер запроса: 34
Fri Nov 03 10:22:28 IRKT 2017. FAST SERVER. Создание каталога по пути: C:\Users\admin\Desktop\Инструкции\\Новая категория Канал [id: 0x01ceb222, /0:0:0:0:0:0:0:1:61399 => /0:0:0:0:0:0:0:1:6500]) Номер запроса: 34
Fri Nov 03 10:22:35 IRKT 2017. FAST SERVER. Запрос успешно выполнен, отправление данных: [id: 0x01ceb222, /0:0:0:0:0:0:0:1:61399 => /0:0:0:0:0:0:0:1:6500]) Номер запроса: 34
Fri Nov 03 10:22:41 IRKT 2017. FAST SERVER. Получено сообщение от /0:0:0:0:0:0:0:1:61399 (30323234)
Fri Nov 03 10:22:41 IRKT 2017. FAST SERVER. Обработка запроса на получение содержимого файловой системы C:\Users\admin\Desktop\Инструкции\ Канал[id: 0x01ceb222, /0:0:0:0:0:0:0:1:61399 => /0:0:0:0:0:0:0:1:6500]) Номер запроса: 35
Fri Nov 03 10:22:42 IRKT 2017. FAST SERVER. Запрос успешно выполнен, отправление данных: [id: 0x01ceb222, /0:0:0:0:0:0:0:1:61399 => /0:0:0:0:0:0:0:1:6500]) Номер запроса: 35
