Thu Dec 21 15:55:11 IRKT 2017 Сервер ЕЭИСЦ успешно запущен:
Порт обмена сообщений - 6500
Порт файлового обмена - 6502

Thu Dec 21 15:55:11 IRKT 2017. FTP SERVER. Сервер запущен по порту: 6502
Thu Dec 21 15:55:11 IRKT 2017. FTP SERVER. Сервер запущен по порту: 6500
Thu Dec 21 15:55:18 IRKT 2017. FAST SERVER. Обработка запроса на получение всех файловых систем 1
Thu Dec 21 15:55:18 IRKT 2017. FAST SERVER. Запрос успешно выполнен, отправление данных: 1
Thu Dec 21 15:55:18 IRKT 2017. FTP SERVER. Запущен процесс отправки данных клиенту: /0:0:0:0:0:0:0:1 Номер сеанса: 1
Thu Dec 21 15:55:18 IRKT 2017. FTP SERVER. Отправка данных клиенту: /0:0:0:0:0:0:0:1 успешно завершена!
Thu Dec 21 15:55:18 IRKT 2017. FTP SERVER. Новое соединение: /0:0:0:0:0:0:0:1
Thu Dec 21 15:55:18 IRKT 2017. FTP SERVER. Запрос на отправку данных клиенту: /0:0:0:0:0:0:0:1 По запросу №1 Объем файла: 137байт
Thu Dec 21 15:55:18 IRKT 2017. FTP SERVER. Запущен процесс отправки данных клиенту: /0:0:0:0:0:0:0:1 Номер сеанса: 1
Thu Dec 21 15:55:31 IRKT 2017. FAST SERVER. Обработка запроса на получение содержимого файла 2
Thu Dec 21 15:55:31 IRKT 2017. FAST SERVER. Обработка запроса на получение файла по пути: C:\Users\admin\Desktop\Инструкции\gethostid.txt) Номер запроса: 2
Thu Dec 21 15:55:31 IRKT 2017. FAST SERVER. Запрос успешно выполнен, отправление данных: 2
Thu Dec 21 15:55:31 IRKT 2017. FTP SERVER. Запущен процесс отправки данных клиенту: /0:0:0:0:0:0:0:1 Номер сеанса: 2
Thu Dec 21 15:55:31 IRKT 2017. FTP SERVER. Отправка данных клиенту: /0:0:0:0:0:0:0:1 успешно завершена!
Thu Dec 21 15:55:31 IRKT 2017. FTP SERVER. Новое соединение: /0:0:0:0:0:0:0:1
Thu Dec 21 15:55:31 IRKT 2017. FTP SERVER. Сервер при выполнении запроса получил неизвестную ошибку: Connection reset
Thu Dec 21 15:57:33 IRKT 2017. FTP SERVER. Отправка данных клиенту: /0:0:0:0:0:0:0:1 успешно завершена!
Thu Dec 21 15:59:06 IRKT 2017. FAST SERVER. Авторизация пользователя с сервером ) Номер запроса: 3 Имя пользователя: contact
Thu Dec 21 15:59:06 IRKT 2017. FAST SERVER. Запрос успешно выполнен, отправление данных: 3
Thu Dec 21 15:59:06 IRKT 2017. FTP SERVER. Запущен процесс отправки данных клиенту: /0:0:0:0:0:0:0:1 Номер сеанса: 3
Thu Dec 21 15:59:06 IRKT 2017. FTP SERVER. Отправка данных клиенту: /0:0:0:0:0:0:0:1 успешно завершена!
Thu Dec 21 15:59:08 IRKT 2017. FAST SERVER. Обработка запроса на получение всех файловых систем 4
Thu Dec 21 15:59:08 IRKT 2017. FAST SERVER. Запрос успешно выполнен, отправление данных: 4
Thu Dec 21 15:59:08 IRKT 2017. FTP SERVER. Запущен процесс отправки данных клиенту: /0:0:0:0:0:0:0:1 Номер сеанса: 4
Thu Dec 21 15:59:08 IRKT 2017. FTP SERVER. Отправка данных клиенту: /0:0:0:0:0:0:0:1 успешно завершена!
Thu Dec 21 15:59:08 IRKT 2017. FTP SERVER. Новое соединение: /0:0:0:0:0:0:0:1
Thu Dec 21 15:59:08 IRKT 2017. FTP SERVER. Запрос на отправку данных клиенту: /0:0:0:0:0:0:0:1 По запросу №3 Объем файла: 137байт
Thu Dec 21 15:59:08 IRKT 2017. FTP SERVER. Запущен процесс отправки данных клиенту: /0:0:0:0:0:0:0:1 Номер сеанса: 2
Thu Dec 21 15:59:08 IRKT 2017. FTP SERVER. Отправка данных клиенту: /0:0:0:0:0:0:0:1 успешно завершена!
Thu Dec 21 16:00:11 IRKT 2017. FAST SERVER. Запрос успешно выполнен, отправление данных: 5
Thu Dec 21 16:00:11 IRKT 2017. FTP SERVER. Запущен процесс отправки данных клиенту: /0:0:0:0:0:0:0:1 Номер сеанса: 5
Thu Dec 21 16:00:11 IRKT 2017. FTP SERVER. Отправка данных клиенту: /0:0:0:0:0:0:0:1 успешно завершена!
Thu Dec 21 16:00:11 IRKT 2017. FTP SERVER. Новое соединение: /0:0:0:0:0:0:0:1
Thu Dec 21 16:00:11 IRKT 2017. FTP SERVER. Запрос на отправку данных клиенту: /0:0:0:0:0:0:0:1 По запросу №3 Объем файла: 44971байт
Thu Dec 21 16:00:11 IRKT 2017. FTP SERVER. Запущен процесс отправки данных клиенту: /0:0:0:0:0:0:0:1 Номер сеанса: 3
Thu Dec 21 16:00:11 IRKT 2017. FTP SERVER. Отправка данных клиенту: /0:0:0:0:0:0:0:1 успешно завершена!
Thu Dec 21 16:00:32 IRKT 2017. FAST SERVER. Запрос успешно выполнен, отправление данных: 6
Thu Dec 21 16:00:32 IRKT 2017. FTP SERVER. Запущен процесс отправки данных клиенту: /0:0:0:0:0:0:0:1 Номер сеанса: 6
Thu Dec 21 16:00:32 IRKT 2017. FTP SERVER. Отправка данных клиенту: /0:0:0:0:0:0:0:1 успешно завершена!
Thu Dec 21 16:00:32 IRKT 2017. FTP SERVER. Новое соединение: /0:0:0:0:0:0:0:1
Thu Dec 21 16:00:32 IRKT 2017. FTP SERVER. Запрос на отправку данных клиенту: /0:0:0:0:0:0:0:1 По запросу №3 Объем файла: 44971байт
Thu Dec 21 16:00:32 IRKT 2017. FTP SERVER. Запущен процесс отправки данных клиенту: /0:0:0:0:0:0:0:1 Номер сеанса: 4
Thu Dec 21 16:00:32 IRKT 2017. FTP SERVER. Отправка данных клиенту: /0:0:0:0:0:0:0:1 успешно завершена!
Thu Dec 21 16:03:47 IRKT 2017. FAST SERVER. Авторизация пользователя с сервером ) Номер запроса: 7 Имя пользователя: contact
Thu Dec 21 16:03:47 IRKT 2017. FAST SERVER. Запрос успешно выполнен, отправление данных: 7
Thu Dec 21 16:03:47 IRKT 2017. FTP SERVER. Запущен процесс отправки данных клиенту: /0:0:0:0:0:0:0:1 Номер сеанса: 7
Thu Dec 21 16:03:47 IRKT 2017. FTP SERVER. Отправка данных клиенту: /0:0:0:0:0:0:0:1 успешно завершена!
Thu Dec 21 16:03:47 IRKT 2017. FAST SERVER. Обработка запроса на получение всех файловых систем 8
Thu Dec 21 16:03:47 IRKT 2017. FAST SERVER. Запрос успешно выполнен, отправление данных: 8
Thu Dec 21 16:03:47 IRKT 2017. FTP SERVER. Запущен процесс отправки данных клиенту: /0:0:0:0:0:0:0:1 Номер сеанса: 8
Thu Dec 21 16:03:47 IRKT 2017. FTP SERVER. Отправка данных клиенту: /0:0:0:0:0:0:0:1 успешно завершена!
Thu Dec 21 16:03:47 IRKT 2017. FTP SERVER. Новое соединение: /0:0:0:0:0:0:0:1
Thu Dec 21 16:03:47 IRKT 2017. FTP SERVER. Запрос на отправку данных клиенту: /0:0:0:0:0:0:0:1 По запросу №3 Объем файла: 137байт
Thu Dec 21 16:03:47 IRKT 2017. FTP SERVER. Запущен процесс отправки данных клиенту: /0:0:0:0:0:0:0:1 Номер сеанса: 5
Thu Dec 21 16:03:47 IRKT 2017. FTP SERVER. Отправка данных клиенту: /0:0:0:0:0:0:0:1 успешно завершена!
Thu Dec 21 16:05:04 IRKT 2017. FAST SERVER. Авторизация пользователя с сервером ) Номер запроса: 9 Имя пользователя: contact
Thu Dec 21 16:05:04 IRKT 2017. FAST SERVER. Запрос успешно выполнен, отправление данных: 9
Thu Dec 21 16:05:04 IRKT 2017. FTP SERVER. Запущен процесс отправки данных клиенту: /0:0:0:0:0:0:0:1 Номер сеанса: 9
Thu Dec 21 16:05:04 IRKT 2017. FTP SERVER. Отправка данных клиенту: /0:0:0:0:0:0:0:1 успешно завершена!
Thu Dec 21 16:05:05 IRKT 2017. FAST SERVER. Обработка запроса на получение всех файловых систем 10
Thu Dec 21 16:05:05 IRKT 2017. FAST SERVER. Запрос успешно выполнен, отправление данных: 10
Thu Dec 21 16:05:05 IRKT 2017. FTP SERVER. Запущен процесс отправки данных клиенту: /0:0:0:0:0:0:0:1 Номер сеанса: 10
Thu Dec 21 16:05:05 IRKT 2017. FTP SERVER. Отправка данных клиенту: /0:0:0:0:0:0:0:1 успешно завершена!
Thu Dec 21 16:05:05 IRKT 2017. FTP SERVER. Новое соединение: /0:0:0:0:0:0:0:1
Thu Dec 21 16:05:05 IRKT 2017. FTP SERVER. Запрос на отправку данных клиенту: /0:0:0:0:0:0:0:1 По запросу №3 Объем файла: 137байт
Thu Dec 21 16:05:05 IRKT 2017. FTP SERVER. Запущен процесс отправки данных клиенту: /0:0:0:0:0:0:0:1 Номер сеанса: 6
Thu Dec 21 16:05:05 IRKT 2017. FTP SERVER. Отправка данных клиенту: /0:0:0:0:0:0:0:1 успешно завершена!
Thu Dec 21 16:05:07 IRKT 2017. FAST SERVER. Запрос успешно выполнен, отправление данных: 11
Thu Dec 21 16:05:07 IRKT 2017. FTP SERVER. Запущен процесс отправки данных клиенту: /0:0:0:0:0:0:0:1 Номер сеанса: 11
Thu Dec 21 16:05:07 IRKT 2017. FTP SERVER. Отправка данных клиенту: /0:0:0:0:0:0:0:1 успешно завершена!
Thu Dec 21 16:05:07 IRKT 2017. FTP SERVER. Новое соединение: /0:0:0:0:0:0:0:1
Thu Dec 21 16:05:07 IRKT 2017. FTP SERVER. Запрос на отправку данных клиенту: /0:0:0:0:0:0:0:1 По запросу №3 Объем файла: 44971байт
Thu Dec 21 16:05:07 IRKT 2017. FTP SERVER. Запущен процесс отправки данных клиенту: /0:0:0:0:0:0:0:1 Номер сеанса: 7
Thu Dec 21 16:05:07 IRKT 2017. FTP SERVER. Отправка данных клиенту: /0:0:0:0:0:0:0:1 успешно завершена!
Thu Dec 21 16:05:10 IRKT 2017. FAST SERVER. Запрос успешно выполнен, отправление данных: 12
Thu Dec 21 16:05:10 IRKT 2017. FTP SERVER. Запущен процесс отправки данных клиенту: /0:0:0:0:0:0:0:1 Номер сеанса: 12
Thu Dec 21 16:05:10 IRKT 2017. FTP SERVER. Отправка данных клиенту: /0:0:0:0:0:0:0:1 успешно завершена!
Thu Dec 21 16:05:10 IRKT 2017. FTP SERVER. Новое соединение: /0:0:0:0:0:0:0:1
Thu Dec 21 16:05:10 IRKT 2017. FTP SERVER. Запрос на отправку данных клиенту: /0:0:0:0:0:0:0:1 По запросу №3 Объем файла: 44971байт
Thu Dec 21 16:05:10 IRKT 2017. FTP SERVER. Запущен процесс отправки данных клиенту: /0:0:0:0:0:0:0:1 Номер сеанса: 8
Thu Dec 21 16:05:10 IRKT 2017. FTP SERVER. Отправка данных клиенту: /0:0:0:0:0:0:0:1 успешно завершена!
Thu Dec 21 16:05:12 IRKT 2017. FAST SERVER. Обработка запроса на получение содержимого файла 13
Thu Dec 21 16:05:12 IRKT 2017. FAST SERVER. Обработка запроса на получение файла по пути: C:\Users\admin\Desktop\Инструкции\gethostid.txt) Номер запроса: 13
Thu Dec 21 16:05:12 IRKT 2017. FAST SERVER. Запрос успешно выполнен, отправление данных: 13
Thu Dec 21 16:05:12 IRKT 2017. FTP SERVER. Запущен процесс отправки данных клиенту: /0:0:0:0:0:0:0:1 Номер сеанса: 13
Thu Dec 21 16:05:12 IRKT 2017. FTP SERVER. Отправка данных клиенту: /0:0:0:0:0:0:0:1 успешно завершена!
Thu Dec 21 16:05:12 IRKT 2017. FTP SERVER. Новое соединение: /0:0:0:0:0:0:0:1
Thu Dec 21 16:05:12 IRKT 2017. FTP SERVER. Запрос на отправку данных клиенту: /0:0:0:0:0:0:0:1 По запросу №3 Объем файла: 694байт
Thu Dec 21 16:05:12 IRKT 2017. FTP SERVER. Запущен процесс отправки данных клиенту: /0:0:0:0:0:0:0:1 Номер сеанса: 9
Thu Dec 21 16:05:12 IRKT 2017. FTP SERVER. Отправка данных клиенту: /0:0:0:0:0:0:0:1 успешно завершена!
Thu Dec 21 16:05:15 IRKT 2017. FAST SERVER. Запрос успешно выполнен, отправление данных: 14
Thu Dec 21 16:05:15 IRKT 2017. FTP SERVER. Запущен процесс отправки данных клиенту: /0:0:0:0:0:0:0:1 Номер сеанса: 14
Thu Dec 21 16:05:15 IRKT 2017. FTP SERVER. Отправка данных клиенту: /0:0:0:0:0:0:0:1 успешно завершена!
Thu Dec 21 16:05:15 IRKT 2017. FTP SERVER. Новое соединение: /0:0:0:0:0:0:0:1
Thu Dec 21 16:05:15 IRKT 2017. FTP SERVER. Запрос на отправку данных клиенту: /0:0:0:0:0:0:0:1 По запросу №3 Объем файла: 44971байт
Thu Dec 21 16:05:15 IRKT 2017. FTP SERVER. Запущен процесс отправки данных клиенту: /0:0:0:0:0:0:0:1 Номер сеанса: 10
Thu Dec 21 16:05:15 IRKT 2017. FTP SERVER. Отправка данных клиенту: /0:0:0:0:0:0:0:1 успешно завершена!
Thu Dec 21 16:05:18 IRKT 2017. FAST SERVER. Запрос успешно выполнен, отправление данных: 15
Thu Dec 21 16:05:18 IRKT 2017. FTP SERVER. Запущен процесс отправки данных клиенту: /0:0:0:0:0:0:0:1 Номер сеанса: 15
Thu Dec 21 16:05:18 IRKT 2017. FTP SERVER. Отправка данных клиенту: /0:0:0:0:0:0:0:1 успешно завершена!
Thu Dec 21 16:05:18 IRKT 2017. FTP SERVER. Новое соединение: /0:0:0:0:0:0:0:1
Thu Dec 21 16:05:18 IRKT 2017. FTP SERVER. Запрос на отправку данных клиенту: /0:0:0:0:0:0:0:1 По запросу №3 Объем файла: 44971байт
Thu Dec 21 16:05:18 IRKT 2017. FTP SERVER. Запущен процесс отправки данных клиенту: /0:0:0:0:0:0:0:1 Номер сеанса: 11
Thu Dec 21 16:05:18 IRKT 2017. FTP SERVER. Отправка данных клиенту: /0:0:0:0:0:0:0:1 успешно завершена!
Thu Dec 21 16:05:18 IRKT 2017. FAST SERVER. Обработка запроса на получение содержимого файла 16
Thu Dec 21 16:05:18 IRKT 2017. FAST SERVER. Обработка запроса на получение файла по пути: C:\Users\admin\Desktop\Инструкции\ИЭСК130716 ЖЗ объединенный.xlsx) Номер запроса: 16
Thu Dec 21 16:05:18 IRKT 2017. FAST SERVER. Запрос успешно выполнен, отправление данных: 16
Thu Dec 21 16:05:18 IRKT 2017. FTP SERVER. Запущен процесс отправки данных клиенту: /0:0:0:0:0:0:0:1 Номер сеанса: 16
Thu Dec 21 16:05:18 IRKT 2017. FTP SERVER. Отправка данных клиенту: /0:0:0:0:0:0:0:1 успешно завершена!
Thu Dec 21 16:05:18 IRKT 2017. FTP SERVER. Новое соединение: /0:0:0:0:0:0:0:1
Thu Dec 21 16:05:18 IRKT 2017. FTP SERVER. Запрос на отправку данных клиенту: /0:0:0:0:0:0:0:1 По запросу №3 Объем файла: 338132байт
Thu Dec 21 16:05:18 IRKT 2017. FTP SERVER. Запущен процесс отправки данных клиенту: /0:0:0:0:0:0:0:1 Номер сеанса: 12
Thu Dec 21 16:05:18 IRKT 2017. FTP SERVER. Сессия получения файла была завершена с клиентом /0:0:0:0:0:0:0:1 Номер сеанса: 12 Connection reset
Thu Dec 21 16:05:45 IRKT 2017. FAST SERVER. Запрос успешно выполнен, отправление данных: 17
Thu Dec 21 16:05:45 IRKT 2017. FTP SERVER. Запущен процесс отправки данных клиенту: /0:0:0:0:0:0:0:1 Номер сеанса: 17
Thu Dec 21 16:05:45 IRKT 2017. FTP SERVER. Отправка данных клиенту: /0:0:0:0:0:0:0:1 успешно завершена!
Thu Dec 21 16:05:45 IRKT 2017. FTP SERVER. Новое соединение: /0:0:0:0:0:0:0:1
Thu Dec 21 16:05:45 IRKT 2017. FTP SERVER. Запрос на отправку данных клиенту: /0:0:0:0:0:0:0:1 По запросу №3 Объем файла: 44971байт
Thu Dec 21 16:05:45 IRKT 2017. FTP SERVER. Запущен процесс отправки данных клиенту: /0:0:0:0:0:0:0:1 Номер сеанса: 13
Thu Dec 21 16:05:45 IRKT 2017. FTP SERVER. Отправка данных клиенту: /0:0:0:0:0:0:0:1 успешно завершена!
Thu Dec 21 16:05:47 IRKT 2017. FAST SERVER. Запрос успешно выполнен, отправление данных: 18
Thu Dec 21 16:05:47 IRKT 2017. FTP SERVER. Запущен процесс отправки данных клиенту: /0:0:0:0:0:0:0:1 Номер сеанса: 18
Thu Dec 21 16:05:47 IRKT 2017. FTP SERVER. Отправка данных клиенту: /0:0:0:0:0:0:0:1 успешно завершена!
Thu Dec 21 16:05:47 IRKT 2017. FTP SERVER. Новое соединение: /0:0:0:0:0:0:0:1
Thu Dec 21 16:05:47 IRKT 2017. FTP SERVER. Запрос на отправку данных клиенту: /0:0:0:0:0:0:0:1 По запросу №3 Объем файла: 44971байт
Thu Dec 21 16:05:47 IRKT 2017. FTP SERVER. Запущен процесс отправки данных клиенту: /0:0:0:0:0:0:0:1 Номер сеанса: 14
Thu Dec 21 16:05:47 IRKT 2017. FTP SERVER. Отправка данных клиенту: /0:0:0:0:0:0:0:1 успешно завершена!
Thu Dec 21 16:05:49 IRKT 2017. FAST SERVER. Запрос успешно выполнен, отправление данных: 19
Thu Dec 21 16:05:49 IRKT 2017. FTP SERVER. Запущен процесс отправки данных клиенту: /0:0:0:0:0:0:0:1 Номер сеанса: 19
Thu Dec 21 16:05:49 IRKT 2017. FTP SERVER. Отправка данных клиенту: /0:0:0:0:0:0:0:1 успешно завершена!
Thu Dec 21 16:05:49 IRKT 2017. FTP SERVER. Новое соединение: /0:0:0:0:0:0:0:1
Thu Dec 21 16:05:49 IRKT 2017. FTP SERVER. Запрос на отправку данных клиенту: /0:0:0:0:0:0:0:1 По запросу №3 Объем файла: 44971байт
Thu Dec 21 16:05:49 IRKT 2017. FTP SERVER. Запущен процесс отправки данных клиенту: /0:0:0:0:0:0:0:1 Номер сеанса: 15
Thu Dec 21 16:05:49 IRKT 2017. FTP SERVER. Отправка данных клиенту: /0:0:0:0:0:0:0:1 успешно завершена!
Thu Dec 21 16:05:50 IRKT 2017. FAST SERVER. Обработка запроса на получение содержимого файла 20
Thu Dec 21 16:05:50 IRKT 2017. FAST SERVER. Обработка запроса на получение файла по пути: C:\Users\admin\Desktop\Инструкции\Новая кат1\РП.docx) Номер запроса: 20
Thu Dec 21 16:05:50 IRKT 2017. FAST SERVER. Запрос успешно выполнен, отправление данных: 20
Thu Dec 21 16:05:50 IRKT 2017. FTP SERVER. Запущен процесс отправки данных клиенту: /0:0:0:0:0:0:0:1 Номер сеанса: 20
Thu Dec 21 16:05:50 IRKT 2017. FTP SERVER. Отправка данных клиенту: /0:0:0:0:0:0:0:1 успешно завершена!
Thu Dec 21 16:05:50 IRKT 2017. FTP SERVER. Новое соединение: /0:0:0:0:0:0:0:1
Thu Dec 21 16:05:50 IRKT 2017. FTP SERVER. Запрос на отправку данных клиенту: /0:0:0:0:0:0:0:1 По запросу №3 Объем файла: 152842байт
Thu Dec 21 16:05:50 IRKT 2017. FTP SERVER. Запущен процесс отправки данных клиенту: /0:0:0:0:0:0:0:1 Номер сеанса: 16
Thu Dec 21 16:05:50 IRKT 2017. FTP SERVER. Сессия получения файла была завершена с клиентом /0:0:0:0:0:0:0:1 Номер сеанса: 16 Connection reset
Thu Dec 21 16:05:52 IRKT 2017. FAST SERVER. Запрос успешно выполнен, отправление данных: 21
Thu Dec 21 16:05:52 IRKT 2017. FTP SERVER. Запущен процесс отправки данных клиенту: /0:0:0:0:0:0:0:1 Номер сеанса: 21
Thu Dec 21 16:05:52 IRKT 2017. FTP SERVER. Отправка данных клиенту: /0:0:0:0:0:0:0:1 успешно завершена!
Thu Dec 21 16:05:52 IRKT 2017. FTP SERVER. Новое соединение: /0:0:0:0:0:0:0:1
Thu Dec 21 16:05:52 IRKT 2017. FTP SERVER. Запрос на отправку данных клиенту: /0:0:0:0:0:0:0:1 По запросу №3 Объем файла: 44971байт
Thu Dec 21 16:05:52 IRKT 2017. FTP SERVER. Запущен процесс отправки данных клиенту: /0:0:0:0:0:0:0:1 Номер сеанса: 17
Thu Dec 21 16:05:52 IRKT 2017. FTP SERVER. Отправка данных клиенту: /0:0:0:0:0:0:0:1 успешно завершена!
Thu Dec 21 16:05:54 IRKT 2017. FAST SERVER. Запрос успешно выполнен, отправление данных: 22
Thu Dec 21 16:05:54 IRKT 2017. FTP SERVER. Запущен процесс отправки данных клиенту: /0:0:0:0:0:0:0:1 Номер сеанса: 22
Thu Dec 21 16:05:54 IRKT 2017. FTP SERVER. Отправка данных клиенту: /0:0:0:0:0:0:0:1 успешно завершена!
Thu Dec 21 16:05:54 IRKT 2017. FTP SERVER. Новое соединение: /0:0:0:0:0:0:0:1
Thu Dec 21 16:05:54 IRKT 2017. FTP SERVER. Запрос на отправку данных клиенту: /0:0:0:0:0:0:0:1 По запросу №3 Объем файла: 44971байт
Thu Dec 21 16:05:54 IRKT 2017. FTP SERVER. Запущен процесс отправки данных клиенту: /0:0:0:0:0:0:0:1 Номер сеанса: 18
Thu Dec 21 16:05:54 IRKT 2017. FTP SERVER. Отправка данных клиенту: /0:0:0:0:0:0:0:1 успешно завершена!
Thu Dec 21 16:05:56 IRKT 2017. FAST SERVER. Запрос успешно выполнен, отправление данных: 23
Thu Dec 21 16:05:56 IRKT 2017. FTP SERVER. Запущен процесс отправки данных клиенту: /0:0:0:0:0:0:0:1 Номер сеанса: 23
Thu Dec 21 16:05:56 IRKT 2017. FTP SERVER. Отправка данных клиенту: /0:0:0:0:0:0:0:1 успешно завершена!
Thu Dec 21 16:05:56 IRKT 2017. FTP SERVER. Новое соединение: /0:0:0:0:0:0:0:1
Thu Dec 21 16:05:56 IRKT 2017. FTP SERVER. Запрос на отправку данных клиенту: /0:0:0:0:0:0:0:1 По запросу №3 Объем файла: 44971байт
Thu Dec 21 16:05:56 IRKT 2017. FTP SERVER. Запущен процесс отправки данных клиенту: /0:0:0:0:0:0:0:1 Номер сеанса: 19
Thu Dec 21 16:05:56 IRKT 2017. FTP SERVER. Отправка данных клиенту: /0:0:0:0:0:0:0:1 успешно завершена!
Thu Dec 21 16:05:58 IRKT 2017. FAST SERVER. Запрос успешно выполнен, отправление данных: 24
Thu Dec 21 16:05:58 IRKT 2017. FTP SERVER. Запущен процесс отправки данных клиенту: /0:0:0:0:0:0:0:1 Номер сеанса: 24
Thu Dec 21 16:05:58 IRKT 2017. FTP SERVER. Отправка данных клиенту: /0:0:0:0:0:0:0:1 успешно завершена!
Thu Dec 21 16:05:58 IRKT 2017. FTP SERVER. Новое соединение: /0:0:0:0:0:0:0:1
Thu Dec 21 16:05:58 IRKT 2017. FTP SERVER. Запрос на отправку данных клиенту: /0:0:0:0:0:0:0:1 По запросу №3 Объем файла: 44971байт
Thu Dec 21 16:05:58 IRKT 2017. FTP SERVER. Запущен процесс отправки данных клиенту: /0:0:0:0:0:0:0:1 Номер сеанса: 20
Thu Dec 21 16:05:58 IRKT 2017. FTP SERVER. Отправка данных клиенту: /0:0:0:0:0:0:0:1 успешно завершена!
Thu Dec 21 16:06:00 IRKT 2017. FAST SERVER. Запрос успешно выполнен, отправление данных: 25
Thu Dec 21 16:06:00 IRKT 2017. FTP SERVER. Запущен процесс отправки данных клиенту: /0:0:0:0:0:0:0:1 Номер сеанса: 25
Thu Dec 21 16:06:00 IRKT 2017. FTP SERVER. Отправка данных клиенту: /0:0:0:0:0:0:0:1 успешно завершена!
Thu Dec 21 16:06:00 IRKT 2017. FTP SERVER. Новое соединение: /0:0:0:0:0:0:0:1
Thu Dec 21 16:06:00 IRKT 2017. FTP SERVER. Запрос на отправку данных клиенту: /0:0:0:0:0:0:0:1 По запросу №3 Объем файла: 44971байт
Thu Dec 21 16:06:00 IRKT 2017. FTP SERVER. Запущен процесс отправки данных клиенту: /0:0:0:0:0:0:0:1 Номер сеанса: 21
Thu Dec 21 16:06:00 IRKT 2017. FTP SERVER. Отправка данных клиенту: /0:0:0:0:0:0:0:1 успешно завершена!
Thu Dec 21 16:06:02 IRKT 2017. FAST SERVER. Запрос успешно выполнен, отправление данных: 26
Thu Dec 21 16:06:02 IRKT 2017. FTP SERVER. Запущен процесс отправки данных клиенту: /0:0:0:0:0:0:0:1 Номер сеанса: 26
Thu Dec 21 16:06:02 IRKT 2017. FTP SERVER. Отправка данных клиенту: /0:0:0:0:0:0:0:1 успешно завершена!
Thu Dec 21 16:06:02 IRKT 2017. FTP SERVER. Новое соединение: /0:0:0:0:0:0:0:1
Thu Dec 21 16:06:02 IRKT 2017. FTP SERVER. Запрос на отправку данных клиенту: /0:0:0:0:0:0:0:1 По запросу №3 Объем файла: 44971байт
Thu Dec 21 16:06:02 IRKT 2017. FTP SERVER. Запущен процесс отправки данных клиенту: /0:0:0:0:0:0:0:1 Номер сеанса: 22
Thu Dec 21 16:06:02 IRKT 2017. FTP SERVER. Отправка данных клиенту: /0:0:0:0:0:0:0:1 успешно завершена!
Thu Dec 21 16:06:04 IRKT 2017. FAST SERVER. Запрос успешно выполнен, отправление данных: 27
Thu Dec 21 16:06:04 IRKT 2017. FTP SERVER. Запущен процесс отправки данных клиенту: /0:0:0:0:0:0:0:1 Номер сеанса: 27
Thu Dec 21 16:06:04 IRKT 2017. FTP SERVER. Отправка данных клиенту: /0:0:0:0:0:0:0:1 успешно завершена!
Thu Dec 21 16:06:04 IRKT 2017. FTP SERVER. Новое соединение: /0:0:0:0:0:0:0:1
Thu Dec 21 16:06:04 IRKT 2017. FTP SERVER. Запрос на отправку данных клиенту: /0:0:0:0:0:0:0:1 По запросу №3 Объем файла: 44971байт
Thu Dec 21 16:06:04 IRKT 2017. FTP SERVER. Запущен процесс отправки данных клиенту: /0:0:0:0:0:0:0:1 Номер сеанса: 23
Thu Dec 21 16:06:04 IRKT 2017. FTP SERVER. Отправка данных клиенту: /0:0:0:0:0:0:0:1 успешно завершена!
Thu Dec 21 16:06:44 IRKT 2017. FAST SERVER. Авторизация пользователя с сервером ) Номер запроса: 28 Имя пользователя: contact
Thu Dec 21 16:06:44 IRKT 2017. FAST SERVER. Запрос успешно выполнен, отправление данных: 28
Thu Dec 21 16:06:44 IRKT 2017. FTP SERVER. Запущен процесс отправки данных клиенту: /0:0:0:0:0:0:0:1 Номер сеанса: 28
Thu Dec 21 16:06:44 IRKT 2017. FTP SERVER. Отправка данных клиенту: /0:0:0:0:0:0:0:1 успешно завершена!
Thu Dec 21 16:06:45 IRKT 2017. FAST SERVER. Обработка запроса на получение всех файловых систем 29
Thu Dec 21 16:06:45 IRKT 2017. FAST SERVER. Запрос успешно выполнен, отправление данных: 29
Thu Dec 21 16:06:45 IRKT 2017. FTP SERVER. Запущен процесс отправки данных клиенту: /0:0:0:0:0:0:0:1 Номер сеанса: 29
Thu Dec 21 16:06:45 IRKT 2017. FTP SERVER. Отправка данных клиенту: /0:0:0:0:0:0:0:1 успешно завершена!
Thu Dec 21 16:06:45 IRKT 2017. FTP SERVER. Новое соединение: /0:0:0:0:0:0:0:1
Thu Dec 21 16:06:45 IRKT 2017. FTP SERVER. Запрос на отправку данных клиенту: /0:0:0:0:0:0:0:1 По запросу №3 Объем файла: 137байт
Thu Dec 21 16:06:45 IRKT 2017. FTP SERVER. Запущен процесс отправки данных клиенту: /0:0:0:0:0:0:0:1 Номер сеанса: 24
Thu Dec 21 16:06:45 IRKT 2017. FTP SERVER. Отправка данных клиенту: /0:0:0:0:0:0:0:1 успешно завершена!
Thu Dec 21 16:06:45 IRKT 2017. FAST SERVER. Запрос успешно выполнен, отправление данных: 30
Thu Dec 21 16:06:45 IRKT 2017. FTP SERVER. Запущен процесс отправки данных клиенту: /0:0:0:0:0:0:0:1 Номер сеанса: 30
Thu Dec 21 16:06:45 IRKT 2017. FTP SERVER. Отправка данных клиенту: /0:0:0:0:0:0:0:1 успешно завершена!
Thu Dec 21 16:06:45 IRKT 2017. FTP SERVER. Новое соединение: /0:0:0:0:0:0:0:1
Thu Dec 21 16:06:45 IRKT 2017. FTP SERVER. Запрос на отправку данных клиенту: /0:0:0:0:0:0:0:1 По запросу №3 Объем файла: 44971байт
Thu Dec 21 16:06:45 IRKT 2017. FTP SERVER. Запущен процесс отправки данных клиенту: /0:0:0:0:0:0:0:1 Номер сеанса: 25
Thu Dec 21 16:06:45 IRKT 2017. FTP SERVER. Отправка данных клиенту: /0:0:0:0:0:0:0:1 успешно завершена!
Thu Dec 21 16:06:46 IRKT 2017. FAST SERVER. Обработка запроса на получение содержимого файла 31
Thu Dec 21 16:06:46 IRKT 2017. FAST SERVER. Обработка запроса на получение файла по пути: C:\Users\admin\Desktop\Инструкции\dadsadvx.txt) Номер запроса: 31
Thu Dec 21 16:06:46 IRKT 2017. FAST SERVER. Запрос успешно выполнен, отправление данных: 31
Thu Dec 21 16:06:46 IRKT 2017. FTP SERVER. Запущен процесс отправки данных клиенту: /0:0:0:0:0:0:0:1 Номер сеанса: 31
Thu Dec 21 16:06:46 IRKT 2017. FTP SERVER. Отправка данных клиенту: /0:0:0:0:0:0:0:1 успешно завершена!
Thu Dec 21 16:06:46 IRKT 2017. FTP SERVER. Новое соединение: /0:0:0:0:0:0:0:1
Thu Dec 21 16:06:46 IRKT 2017. FTP SERVER. Запрос на отправку данных клиенту: /0:0:0:0:0:0:0:1 По запросу №3 Объем файла: 217байт
Thu Dec 21 16:06:46 IRKT 2017. FTP SERVER. Запущен процесс отправки данных клиенту: /0:0:0:0:0:0:0:1 Номер сеанса: 26
Thu Dec 21 16:06:46 IRKT 2017. FTP SERVER. Отправка данных клиенту: /0:0:0:0:0:0:0:1 успешно завершена!
Thu Dec 21 16:06:46 IRKT 2017. FAST SERVER. Запрос успешно выполнен, отправление данных: 32
Thu Dec 21 16:06:46 IRKT 2017. FTP SERVER. Запущен процесс отправки данных клиенту: /0:0:0:0:0:0:0:1 Номер сеанса: 32
Thu Dec 21 16:06:46 IRKT 2017. FTP SERVER. Отправка данных клиенту: /0:0:0:0:0:0:0:1 успешно завершена!
Thu Dec 21 16:06:46 IRKT 2017. FTP SERVER. Новое соединение: /0:0:0:0:0:0:0:1
Thu Dec 21 16:06:46 IRKT 2017. FTP SERVER. Запрос на отправку данных клиенту: /0:0:0:0:0:0:0:1 По запросу №3 Объем файла: 44971байт
Thu Dec 21 16:06:46 IRKT 2017. FTP SERVER. Запущен процесс отправки данных клиенту: /0:0:0:0:0:0:0:1 Номер сеанса: 27
Thu Dec 21 16:06:46 IRKT 2017. FTP SERVER. Отправка данных клиенту: /0:0:0:0:0:0:0:1 успешно завершена!
Thu Dec 21 16:06:48 IRKT 2017. FAST SERVER. Обработка запроса на получение содержимого файла 33
Thu Dec 21 16:06:48 IRKT 2017. FAST SERVER. Обработка запроса на получение файла по пути: C:\Users\admin\Desktop\Инструкции\dasd\README.txt) Номер запроса: 33
Thu Dec 21 16:06:48 IRKT 2017. FAST SERVER. Запрос успешно выполнен, отправление данных: 33
Thu Dec 21 16:06:48 IRKT 2017. FTP SERVER. Запущен процесс отправки данных клиенту: /0:0:0:0:0:0:0:1 Номер сеанса: 33
Thu Dec 21 16:06:48 IRKT 2017. FTP SERVER. Отправка данных клиенту: /0:0:0:0:0:0:0:1 успешно завершена!
Thu Dec 21 16:06:48 IRKT 2017. FTP SERVER. Новое соединение: /0:0:0:0:0:0:0:1
Thu Dec 21 16:06:48 IRKT 2017. FTP SERVER. Запрос на отправку данных клиенту: /0:0:0:0:0:0:0:1 По запросу №3 Объем файла: 37367байт
Thu Dec 21 16:06:48 IRKT 2017. FTP SERVER. Запущен процесс отправки данных клиенту: /0:0:0:0:0:0:0:1 Номер сеанса: 28
Thu Dec 21 16:06:48 IRKT 2017. FTP SERVER. Отправка данных клиенту: /0:0:0:0:0:0:0:1 успешно завершена!
Thu Dec 21 16:06:49 IRKT 2017. FAST SERVER. Запрос успешно выполнен, отправление данных: 34
Thu Dec 21 16:06:49 IRKT 2017. FTP SERVER. Запущен процесс отправки данных клиенту: /0:0:0:0:0:0:0:1 Номер сеанса: 34
Thu Dec 21 16:06:49 IRKT 2017. FTP SERVER. Отправка данных клиенту: /0:0:0:0:0:0:0:1 успешно завершена!
Thu Dec 21 16:06:49 IRKT 2017. FTP SERVER. Новое соединение: /0:0:0:0:0:0:0:1
Thu Dec 21 16:06:49 IRKT 2017. FTP SERVER. Запрос на отправку данных клиенту: /0:0:0:0:0:0:0:1 По запросу №3 Объем файла: 44971байт
Thu Dec 21 16:06:49 IRKT 2017. FTP SERVER. Запущен процесс отправки данных клиенту: /0:0:0:0:0:0:0:1 Номер сеанса: 29
Thu Dec 21 16:06:49 IRKT 2017. FTP SERVER. Отправка данных клиенту: /0:0:0:0:0:0:0:1 успешно завершена!
Thu Dec 21 16:06:50 IRKT 2017. FAST SERVER. Обработка запроса на получение содержимого файла 35
Thu Dec 21 16:06:50 IRKT 2017. FAST SERVER. Обработка запроса на получение файла по пути: C:\Users\admin\Desktop\Инструкции\ИнформацияИЭСБК\documentum.docx) Номер запроса: 35
Thu Dec 21 16:06:50 IRKT 2017. FAST SERVER. Запрос успешно выполнен, отправление данных: 35
Thu Dec 21 16:06:50 IRKT 2017. FTP SERVER. Запущен процесс отправки данных клиенту: /0:0:0:0:0:0:0:1 Номер сеанса: 35
Thu Dec 21 16:06:50 IRKT 2017. FTP SERVER. Отправка данных клиенту: /0:0:0:0:0:0:0:1 успешно завершена!
Thu Dec 21 16:06:50 IRKT 2017. FTP SERVER. Новое соединение: /0:0:0:0:0:0:0:1
Thu Dec 21 16:06:50 IRKT 2017. FTP SERVER. Запрос на отправку данных клиенту: /0:0:0:0:0:0:0:1 По запросу №3 Объем файла: 11511байт
Thu Dec 21 16:06:50 IRKT 2017. FTP SERVER. Запущен процесс отправки данных клиенту: /0:0:0:0:0:0:0:1 Номер сеанса: 30
Thu Dec 21 16:06:50 IRKT 2017. FTP SERVER. Отправка данных клиенту: /0:0:0:0:0:0:0:1 успешно завершена!
Thu Dec 21 16:06:51 IRKT 2017. FAST SERVER. Запрос успешно выполнен, отправление данных: 36
Thu Dec 21 16:06:51 IRKT 2017. FTP SERVER. Запущен процесс отправки данных клиенту: /0:0:0:0:0:0:0:1 Номер сеанса: 36
Thu Dec 21 16:06:51 IRKT 2017. FTP SERVER. Отправка данных клиенту: /0:0:0:0:0:0:0:1 успешно завершена!
Thu Dec 21 16:06:51 IRKT 2017. FTP SERVER. Новое соединение: /0:0:0:0:0:0:0:1
Thu Dec 21 16:06:51 IRKT 2017. FTP SERVER. Запрос на отправку данных клиенту: /0:0:0:0:0:0:0:1 По запросу №3 Объем файла: 44971байт
Thu Dec 21 16:06:51 IRKT 2017. FTP SERVER. Запущен процесс отправки данных клиенту: /0:0:0:0:0:0:0:1 Номер сеанса: 31
Thu Dec 21 16:06:51 IRKT 2017. FTP SERVER. Отправка данных клиенту: /0:0:0:0:0:0:0:1 успешно завершена!
Thu Dec 21 16:06:53 IRKT 2017. FAST SERVER. Обработка запроса на получение содержимого файла 37
Thu Dec 21 16:06:53 IRKT 2017. FAST SERVER. Обработка запроса на получение файла по пути: C:\Users\admin\Desktop\Инструкции\ИнформацияИЭСБК\maven21.docx) Номер запроса: 37
Thu Dec 21 16:06:53 IRKT 2017. FAST SERVER. Запрос успешно выполнен, отправление данных: 37
Thu Dec 21 16:06:53 IRKT 2017. FTP SERVER. Запущен процесс отправки данных клиенту: /0:0:0:0:0:0:0:1 Номер сеанса: 37
Thu Dec 21 16:06:53 IRKT 2017. FTP SERVER. Отправка данных клиенту: /0:0:0:0:0:0:0:1 успешно завершена!
Thu Dec 21 16:06:53 IRKT 2017. FTP SERVER. Новое соединение: /0:0:0:0:0:0:0:1
Thu Dec 21 16:06:53 IRKT 2017. FTP SERVER. Запрос на отправку данных клиенту: /0:0:0:0:0:0:0:1 По запросу №3 Объем файла: 15550байт
Thu Dec 21 16:06:53 IRKT 2017. FTP SERVER. Запущен процесс отправки данных клиенту: /0:0:0:0:0:0:0:1 Номер сеанса: 32
Thu Dec 21 16:06:53 IRKT 2017. FTP SERVER. Отправка данных клиенту: /0:0:0:0:0:0:0:1 успешно завершена!
Thu Dec 21 16:06:53 IRKT 2017. FAST SERVER. Запрос успешно выполнен, отправление данных: 38
Thu Dec 21 16:06:53 IRKT 2017. FTP SERVER. Запущен процесс отправки данных клиенту: /0:0:0:0:0:0:0:1 Номер сеанса: 38
Thu Dec 21 16:06:53 IRKT 2017. FTP SERVER. Отправка данных клиенту: /0:0:0:0:0:0:0:1 успешно завершена!
Thu Dec 21 16:06:53 IRKT 2017. FTP SERVER. Новое соединение: /0:0:0:0:0:0:0:1
Thu Dec 21 16:06:53 IRKT 2017. FTP SERVER. Запрос на отправку данных клиенту: /0:0:0:0:0:0:0:1 По запросу №3 Объем файла: 44971байт
Thu Dec 21 16:06:53 IRKT 2017. FTP SERVER. Запущен процесс отправки данных клиенту: /0:0:0:0:0:0:0:1 Номер сеанса: 33
Thu Dec 21 16:06:53 IRKT 2017. FTP SERVER. Отправка данных клиенту: /0:0:0:0:0:0:0:1 успешно завершена!
Thu Dec 21 16:06:55 IRKT 2017. FAST SERVER. Запрос успешно выполнен, отправление данных: 39
Thu Dec 21 16:06:55 IRKT 2017. FTP SERVER. Запущен процесс отправки данных клиенту: /0:0:0:0:0:0:0:1 Номер сеанса: 39
Thu Dec 21 16:06:55 IRKT 2017. FTP SERVER. Отправка данных клиенту: /0:0:0:0:0:0:0:1 успешно завершена!
Thu Dec 21 16:06:55 IRKT 2017. FTP SERVER. Новое соединение: /0:0:0:0:0:0:0:1
Thu Dec 21 16:06:55 IRKT 2017. FTP SERVER. Запрос на отправку данных клиенту: /0:0:0:0:0:0:0:1 По запросу №3 Объем файла: 44971байт
Thu Dec 21 16:06:55 IRKT 2017. FTP SERVER. Запущен процесс отправки данных клиенту: /0:0:0:0:0:0:0:1 Номер сеанса: 34
Thu Dec 21 16:06:55 IRKT 2017. FTP SERVER. Отправка данных клиенту: /0:0:0:0:0:0:0:1 успешно завершена!
Thu Dec 21 16:06:57 IRKT 2017. FAST SERVER. Обработка запроса на получение содержимого файла 40
Thu Dec 21 16:06:57 IRKT 2017. FAST SERVER. Обработка запроса на получение файла по пути: C:\Users\admin\Desktop\Инструкции\ИнформацияИЭСБК\Инструкция Заявки.doc) Номер запроса: 40
Thu Dec 21 16:06:57 IRKT 2017. FAST SERVER. Запрос успешно выполнен, отправление данных: 40
Thu Dec 21 16:06:57 IRKT 2017. FTP SERVER. Запущен процесс отправки данных клиенту: /0:0:0:0:0:0:0:1 Номер сеанса: 40
Thu Dec 21 16:06:57 IRKT 2017. FTP SERVER. Отправка данных клиенту: /0:0:0:0:0:0:0:1 успешно завершена!
Thu Dec 21 16:06:57 IRKT 2017. FTP SERVER. Новое соединение: /0:0:0:0:0:0:0:1
Thu Dec 21 16:06:57 IRKT 2017. FTP SERVER. Запрос на отправку данных клиенту: /0:0:0:0:0:0:0:1 По запросу №3 Объем файла: 615936байт
Thu Dec 21 16:06:57 IRKT 2017. FTP SERVER. Запущен процесс отправки данных клиенту: /0:0:0:0:0:0:0:1 Номер сеанса: 35
Thu Dec 21 16:06:57 IRKT 2017. FTP SERVER. Сессия получения файла была завершена с клиентом /0:0:0:0:0:0:0:1 Номер сеанса: 35 Connection reset
Thu Dec 21 16:06:58 IRKT 2017. FAST SERVER. Запрос успешно выполнен, отправление данных: 41
Thu Dec 21 16:06:58 IRKT 2017. FTP SERVER. Запущен процесс отправки данных клиенту: /0:0:0:0:0:0:0:1 Номер сеанса: 41
Thu Dec 21 16:06:58 IRKT 2017. FTP SERVER. Отправка данных клиенту: /0:0:0:0:0:0:0:1 успешно завершена!
Thu Dec 21 16:06:58 IRKT 2017. FTP SERVER. Новое соединение: /0:0:0:0:0:0:0:1
Thu Dec 21 16:06:58 IRKT 2017. FTP SERVER. Запрос на отправку данных клиенту: /0:0:0:0:0:0:0:1 По запросу №3 Объем файла: 44971байт
Thu Dec 21 16:06:58 IRKT 2017. FTP SERVER. Запущен процесс отправки данных клиенту: /0:0:0:0:0:0:0:1 Номер сеанса: 36
Thu Dec 21 16:06:58 IRKT 2017. FTP SERVER. Отправка данных клиенту: /0:0:0:0:0:0:0:1 успешно завершена!
Thu Dec 21 16:07:00 IRKT 2017. FAST SERVER. Запрос успешно выполнен, отправление данных: 42
Thu Dec 21 16:07:00 IRKT 2017. FTP SERVER. Запущен процесс отправки данных клиенту: /0:0:0:0:0:0:0:1 Номер сеанса: 42
Thu Dec 21 16:07:00 IRKT 2017. FTP SERVER. Отправка данных клиенту: /0:0:0:0:0:0:0:1 успешно завершена!
Thu Dec 21 16:07:00 IRKT 2017. FTP SERVER. Новое соединение: /0:0:0:0:0:0:0:1
Thu Dec 21 16:07:00 IRKT 2017. FTP SERVER. Запрос на отправку данных клиенту: /0:0:0:0:0:0:0:1 По запросу №3 Объем файла: 44971байт
Thu Dec 21 16:07:00 IRKT 2017. FTP SERVER. Запущен процесс отправки данных клиенту: /0:0:0:0:0:0:0:1 Номер сеанса: 37
Thu Dec 21 16:07:00 IRKT 2017. FTP SERVER. Отправка данных клиенту: /0:0:0:0:0:0:0:1 успешно завершена!
Thu Dec 21 16:07:01 IRKT 2017. FAST SERVER. Обработка запроса на получение содержимого файла 43
Thu Dec 21 16:07:02 IRKT 2017. FAST SERVER. Обработка запроса на получение файла по пути: C:\Users\admin\Desktop\Инструкции\ИнформацияИЭСБК\Инструкция Платежный документ 354.doc) Номер запроса: 43
Thu Dec 21 16:07:02 IRKT 2017. FAST SERVER. Запрос успешно выполнен, отправление данных: 43
Thu Dec 21 16:07:02 IRKT 2017. FTP SERVER. Запущен процесс отправки данных клиенту: /0:0:0:0:0:0:0:1 Номер сеанса: 43
Thu Dec 21 16:07:02 IRKT 2017. FTP SERVER. Отправка данных клиенту: /0:0:0:0:0:0:0:1 успешно завершена!
Thu Dec 21 16:07:02 IRKT 2017. FTP SERVER. Новое соединение: /0:0:0:0:0:0:0:1
Thu Dec 21 16:07:02 IRKT 2017. FTP SERVER. Запрос на отправку данных клиенту: /0:0:0:0:0:0:0:1 По запросу №3 Объем файла: 218624байт
Thu Dec 21 16:07:02 IRKT 2017. FTP SERVER. Запущен процесс отправки данных клиенту: /0:0:0:0:0:0:0:1 Номер сеанса: 38
Thu Dec 21 16:07:02 IRKT 2017. FTP SERVER. Сессия получения файла была завершена с клиентом /0:0:0:0:0:0:0:1 Номер сеанса: 38 Connection reset
Thu Dec 21 16:07:02 IRKT 2017. FAST SERVER. Запрос успешно выполнен, отправление данных: 44
Thu Dec 21 16:07:02 IRKT 2017. FTP SERVER. Запущен процесс отправки данных клиенту: /0:0:0:0:0:0:0:1 Номер сеанса: 44
Thu Dec 21 16:07:02 IRKT 2017. FTP SERVER. Отправка данных клиенту: /0:0:0:0:0:0:0:1 успешно завершена!
Thu Dec 21 16:07:02 IRKT 2017. FTP SERVER. Новое соединение: /0:0:0:0:0:0:0:1
Thu Dec 21 16:07:02 IRKT 2017. FTP SERVER. Запрос на отправку данных клиенту: /0:0:0:0:0:0:0:1 По запросу №3 Объем файла: 44971байт
Thu Dec 21 16:07:02 IRKT 2017. FTP SERVER. Запущен процесс отправки данных клиенту: /0:0:0:0:0:0:0:1 Номер сеанса: 39
Thu Dec 21 16:07:02 IRKT 2017. FTP SERVER. Отправка данных клиенту: /0:0:0:0:0:0:0:1 успешно завершена!
Thu Dec 21 16:07:04 IRKT 2017. FAST SERVER. Обработка запроса на получение содержимого файла 45
Thu Dec 21 16:07:04 IRKT 2017. FAST SERVER. Обработка запроса на получение файла по пути: C:\Users\admin\Desktop\Инструкции\ИнформацияИЭСБК\РП.docx) Номер запроса: 45
Thu Dec 21 16:07:04 IRKT 2017. FAST SERVER. Запрос успешно выполнен, отправление данных: 45
Thu Dec 21 16:07:04 IRKT 2017. FTP SERVER. Запущен процесс отправки данных клиенту: /0:0:0:0:0:0:0:1 Номер сеанса: 45
Thu Dec 21 16:07:04 IRKT 2017. FTP SERVER. Отправка данных клиенту: /0:0:0:0:0:0:0:1 успешно завершена!
Thu Dec 21 16:07:04 IRKT 2017. FTP SERVER. Новое соединение: /0:0:0:0:0:0:0:1
Thu Dec 21 16:07:04 IRKT 2017. FTP SERVER. Запрос на отправку данных клиенту: /0:0:0:0:0:0:0:1 По запросу №3 Объем файла: 152691байт
Thu Dec 21 16:07:04 IRKT 2017. FTP SERVER. Запущен процесс отправки данных клиенту: /0:0:0:0:0:0:0:1 Номер сеанса: 40
Thu Dec 21 16:07:04 IRKT 2017. FTP SERVER. Сессия получения файла была завершена с клиентом /0:0:0:0:0:0:0:1 Номер сеанса: 40 Connection reset
Thu Dec 21 16:07:04 IRKT 2017. FAST SERVER. Запрос успешно выполнен, отправление данных: 46
Thu Dec 21 16:07:04 IRKT 2017. FTP SERVER. Запущен процесс отправки данных клиенту: /0:0:0:0:0:0:0:1 Номер сеанса: 46
Thu Dec 21 16:07:04 IRKT 2017. FTP SERVER. Отправка данных клиенту: /0:0:0:0:0:0:0:1 успешно завершена!
Thu Dec 21 16:07:04 IRKT 2017. FTP SERVER. Новое соединение: /0:0:0:0:0:0:0:1
Thu Dec 21 16:07:04 IRKT 2017. FTP SERVER. Запрос на отправку данных клиенту: /0:0:0:0:0:0:0:1 По запросу №3 Объем файла: 44971байт
Thu Dec 21 16:07:04 IRKT 2017. FTP SERVER. Запущен процесс отправки данных клиенту: /0:0:0:0:0:0:0:1 Номер сеанса: 41
Thu Dec 21 16:07:04 IRKT 2017. FTP SERVER. Отправка данных клиенту: /0:0:0:0:0:0:0:1 успешно завершена!
Thu Dec 21 16:07:06 IRKT 2017. FAST SERVER. Запрос успешно выполнен, отправление данных: 47
Thu Dec 21 16:07:06 IRKT 2017. FTP SERVER. Запущен процесс отправки данных клиенту: /0:0:0:0:0:0:0:1 Номер сеанса: 47
Thu Dec 21 16:07:06 IRKT 2017. FTP SERVER. Отправка данных клиенту: /0:0:0:0:0:0:0:1 успешно завершена!
Thu Dec 21 16:07:06 IRKT 2017. FTP SERVER. Новое соединение: /0:0:0:0:0:0:0:1
Thu Dec 21 16:07:06 IRKT 2017. FTP SERVER. Запрос на отправку данных клиенту: /0:0:0:0:0:0:0:1 По запросу №3 Объем файла: 44971байт
Thu Dec 21 16:07:06 IRKT 2017. FTP SERVER. Запущен процесс отправки данных клиенту: /0:0:0:0:0:0:0:1 Номер сеанса: 42
Thu Dec 21 16:07:06 IRKT 2017. FTP SERVER. Отправка данных клиенту: /0:0:0:0:0:0:0:1 успешно завершена!
Thu Dec 21 16:07:09 IRKT 2017. FAST SERVER. Запрос успешно выполнен, отправление данных: 48
Thu Dec 21 16:07:09 IRKT 2017. FTP SERVER. Запущен процесс отправки данных клиенту: /0:0:0:0:0:0:0:1 Номер сеанса: 48
Thu Dec 21 16:07:09 IRKT 2017. FTP SERVER. Отправка данных клиенту: /0:0:0:0:0:0:0:1 успешно завершена!
Thu Dec 21 16:07:09 IRKT 2017. FTP SERVER. Новое соединение: /0:0:0:0:0:0:0:1
Thu Dec 21 16:07:09 IRKT 2017. FTP SERVER. Запрос на отправку данных клиенту: /0:0:0:0:0:0:0:1 По запросу №3 Объем файла: 44971байт
Thu Dec 21 16:07:09 IRKT 2017. FTP SERVER. Запущен процесс отправки данных клиенту: /0:0:0:0:0:0:0:1 Номер сеанса: 43
Thu Dec 21 16:07:09 IRKT 2017. FTP SERVER. Отправка данных клиенту: /0:0:0:0:0:0:0:1 успешно завершена!
Thu Dec 21 16:07:11 IRKT 2017. FAST SERVER. Запрос успешно выполнен, отправление данных: 49
Thu Dec 21 16:07:11 IRKT 2017. FTP SERVER. Запущен процесс отправки данных клиенту: /0:0:0:0:0:0:0:1 Номер сеанса: 49
Thu Dec 21 16:07:11 IRKT 2017. FTP SERVER. Отправка данных клиенту: /0:0:0:0:0:0:0:1 успешно завершена!
Thu Dec 21 16:07:11 IRKT 2017. FTP SERVER. Новое соединение: /0:0:0:0:0:0:0:1
Thu Dec 21 16:07:11 IRKT 2017. FTP SERVER. Запрос на отправку данных клиенту: /0:0:0:0:0:0:0:1 По запросу №3 Объем файла: 44971байт
Thu Dec 21 16:07:11 IRKT 2017. FTP SERVER. Запущен процесс отправки данных клиенту: /0:0:0:0:0:0:0:1 Номер сеанса: 44
Thu Dec 21 16:07:11 IRKT 2017. FTP SERVER. Отправка данных клиенту: /0:0:0:0:0:0:0:1 успешно завершена!
Thu Dec 21 16:07:13 IRKT 2017. FAST SERVER. Запрос успешно выполнен, отправление данных: 50
Thu Dec 21 16:07:13 IRKT 2017. FTP SERVER. Запущен процесс отправки данных клиенту: /0:0:0:0:0:0:0:1 Номер сеанса: 50
Thu Dec 21 16:07:13 IRKT 2017. FTP SERVER. Отправка данных клиенту: /0:0:0:0:0:0:0:1 успешно завершена!
Thu Dec 21 16:07:13 IRKT 2017. FTP SERVER. Новое соединение: /0:0:0:0:0:0:0:1
Thu Dec 21 16:07:13 IRKT 2017. FTP SERVER. Запрос на отправку данных клиенту: /0:0:0:0:0:0:0:1 По запросу №3 Объем файла: 44971байт
Thu Dec 21 16:07:13 IRKT 2017. FTP SERVER. Запущен процесс отправки данных клиенту: /0:0:0:0:0:0:0:1 Номер сеанса: 45
Thu Dec 21 16:07:13 IRKT 2017. FTP SERVER. Отправка данных клиенту: /0:0:0:0:0:0:0:1 успешно завершена!
Thu Dec 21 16:07:15 IRKT 2017. FAST SERVER. Запрос успешно выполнен, отправление данных: 51
Thu Dec 21 16:07:15 IRKT 2017. FTP SERVER. Запущен процесс отправки данных клиенту: /0:0:0:0:0:0:0:1 Номер сеанса: 51
Thu Dec 21 16:07:15 IRKT 2017. FTP SERVER. Отправка данных клиенту: /0:0:0:0:0:0:0:1 успешно завершена!
Thu Dec 21 16:07:15 IRKT 2017. FTP SERVER. Новое соединение: /0:0:0:0:0:0:0:1
Thu Dec 21 16:07:15 IRKT 2017. FTP SERVER. Запрос на отправку данных клиенту: /0:0:0:0:0:0:0:1 По запросу №3 Объем файла: 44971байт
Thu Dec 21 16:07:15 IRKT 2017. FTP SERVER. Запущен процесс отправки данных клиенту: /0:0:0:0:0:0:0:1 Номер сеанса: 46
Thu Dec 21 16:07:15 IRKT 2017. FTP SERVER. Отправка данных клиенту: /0:0:0:0:0:0:0:1 успешно завершена!
Thu Dec 21 16:07:17 IRKT 2017. FAST SERVER. Запрос успешно выполнен, отправление данных: 52
Thu Dec 21 16:07:17 IRKT 2017. FTP SERVER. Запущен процесс отправки данных клиенту: /0:0:0:0:0:0:0:1 Номер сеанса: 52
Thu Dec 21 16:07:17 IRKT 2017. FTP SERVER. Отправка данных клиенту: /0:0:0:0:0:0:0:1 успешно завершена!
Thu Dec 21 16:07:17 IRKT 2017. FTP SERVER. Новое соединение: /0:0:0:0:0:0:0:1
Thu Dec 21 16:07:17 IRKT 2017. FTP SERVER. Запрос на отправку данных клиенту: /0:0:0:0:0:0:0:1 По запросу №3 Объем файла: 44971байт
Thu Dec 21 16:07:17 IRKT 2017. FTP SERVER. Запущен процесс отправки данных клиенту: /0:0:0:0:0:0:0:1 Номер сеанса: 47
Thu Dec 21 16:07:17 IRKT 2017. FTP SERVER. Отправка данных клиенту: /0:0:0:0:0:0:0:1 успешно завершена!
Thu Dec 21 16:07:19 IRKT 2017. FAST SERVER. Запрос успешно выполнен, отправление данных: 53
Thu Dec 21 16:07:19 IRKT 2017. FTP SERVER. Запущен процесс отправки данных клиенту: /0:0:0:0:0:0:0:1 Номер сеанса: 53
Thu Dec 21 16:07:19 IRKT 2017. FTP SERVER. Отправка данных клиенту: /0:0:0:0:0:0:0:1 успешно завершена!
Thu Dec 21 16:07:19 IRKT 2017. FTP SERVER. Новое соединение: /0:0:0:0:0:0:0:1
Thu Dec 21 16:07:19 IRKT 2017. FTP SERVER. Запрос на отправку данных клиенту: /0:0:0:0:0:0:0:1 По запросу №3 Объем файла: 44971байт
Thu Dec 21 16:07:19 IRKT 2017. FTP SERVER. Запущен процесс отправки данных клиенту: /0:0:0:0:0:0:0:1 Номер сеанса: 48
Thu Dec 21 16:07:19 IRKT 2017. FTP SERVER. Отправка данных клиенту: /0:0:0:0:0:0:0:1 успешно завершена!
Thu Dec 21 16:07:21 IRKT 2017. FAST SERVER. Запрос успешно выполнен, отправление данных: 54
Thu Dec 21 16:07:21 IRKT 2017. FTP SERVER. Запущен процесс отправки данных клиенту: /0:0:0:0:0:0:0:1 Номер сеанса: 54
Thu Dec 21 16:07:21 IRKT 2017. FTP SERVER. Отправка данных клиенту: /0:0:0:0:0:0:0:1 успешно завершена!
Thu Dec 21 16:07:21 IRKT 2017. FTP SERVER. Новое соединение: /0:0:0:0:0:0:0:1
Thu Dec 21 16:07:21 IRKT 2017. FTP SERVER. Запрос на отправку данных клиенту: /0:0:0:0:0:0:0:1 По запросу №3 Объем файла: 44971байт
Thu Dec 21 16:07:21 IRKT 2017. FTP SERVER. Запущен процесс отправки данных клиенту: /0:0:0:0:0:0:0:1 Номер сеанса: 49
Thu Dec 21 16:07:21 IRKT 2017. FTP SERVER. Отправка данных клиенту: /0:0:0:0:0:0:0:1 успешно завершена!
Thu Dec 21 16:07:23 IRKT 2017. FAST SERVER. Запрос успешно выполнен, отправление данных: 55
Thu Dec 21 16:07:23 IRKT 2017. FTP SERVER. Запущен процесс отправки данных клиенту: /0:0:0:0:0:0:0:1 Номер сеанса: 55
Thu Dec 21 16:07:23 IRKT 2017. FTP SERVER. Отправка данных клиенту: /0:0:0:0:0:0:0:1 успешно завершена!
Thu Dec 21 16:07:23 IRKT 2017. FTP SERVER. Новое соединение: /0:0:0:0:0:0:0:1
Thu Dec 21 16:07:23 IRKT 2017. FTP SERVER. Запрос на отправку данных клиенту: /0:0:0:0:0:0:0:1 По запросу №3 Объем файла: 44971байт
Thu Dec 21 16:07:23 IRKT 2017. FTP SERVER. Запущен процесс отправки данных клиенту: /0:0:0:0:0:0:0:1 Номер сеанса: 50
Thu Dec 21 16:07:23 IRKT 2017. FTP SERVER. Отправка данных клиенту: /0:0:0:0:0:0:0:1 успешно завершена!
Thu Dec 21 16:07:25 IRKT 2017. FAST SERVER. Запрос успешно выполнен, отправление данных: 56
Thu Dec 21 16:07:25 IRKT 2017. FTP SERVER. Запущен процесс отправки данных клиенту: /0:0:0:0:0:0:0:1 Номер сеанса: 56
Thu Dec 21 16:07:25 IRKT 2017. FTP SERVER. Отправка данных клиенту: /0:0:0:0:0:0:0:1 успешно завершена!
Thu Dec 21 16:07:25 IRKT 2017. FTP SERVER. Новое соединение: /0:0:0:0:0:0:0:1
Thu Dec 21 16:07:25 IRKT 2017. FTP SERVER. Запрос на отправку данных клиенту: /0:0:0:0:0:0:0:1 По запросу №3 Объем файла: 44971байт
Thu Dec 21 16:07:25 IRKT 2017. FTP SERVER. Запущен процесс отправки данных клиенту: /0:0:0:0:0:0:0:1 Номер сеанса: 51
Thu Dec 21 16:07:25 IRKT 2017. FTP SERVER. Отправка данных клиенту: /0:0:0:0:0:0:0:1 успешно завершена!
Thu Dec 21 16:07:27 IRKT 2017. FAST SERVER. Запрос успешно выполнен, отправление данных: 57
Thu Dec 21 16:07:27 IRKT 2017. FTP SERVER. Запущен процесс отправки данных клиенту: /0:0:0:0:0:0:0:1 Номер сеанса: 57
Thu Dec 21 16:07:27 IRKT 2017. FTP SERVER. Отправка данных клиенту: /0:0:0:0:0:0:0:1 успешно завершена!
Thu Dec 21 16:07:27 IRKT 2017. FTP SERVER. Новое соединение: /0:0:0:0:0:0:0:1
Thu Dec 21 16:07:27 IRKT 2017. FTP SERVER. Запрос на отправку данных клиенту: /0:0:0:0:0:0:0:1 По запросу №3 Объем файла: 44971байт
Thu Dec 21 16:07:27 IRKT 2017. FTP SERVER. Запущен процесс отправки данных клиенту: /0:0:0:0:0:0:0:1 Номер сеанса: 52
Thu Dec 21 16:07:27 IRKT 2017. FTP SERVER. Отправка данных клиенту: /0:0:0:0:0:0:0:1 успешно завершена!
Thu Dec 21 16:07:29 IRKT 2017. FAST SERVER. Запрос успешно выполнен, отправление данных: 58
Thu Dec 21 16:07:29 IRKT 2017. FTP SERVER. Запущен процесс отправки данных клиенту: /0:0:0:0:0:0:0:1 Номер сеанса: 58
Thu Dec 21 16:07:29 IRKT 2017. FTP SERVER. Отправка данных клиенту: /0:0:0:0:0:0:0:1 успешно завершена!
Thu Dec 21 16:07:29 IRKT 2017. FTP SERVER. Новое соединение: /0:0:0:0:0:0:0:1
Thu Dec 21 16:07:29 IRKT 2017. FTP SERVER. Запрос на отправку данных клиенту: /0:0:0:0:0:0:0:1 По запросу №3 Объем файла: 44971байт
Thu Dec 21 16:07:29 IRKT 2017. FTP SERVER. Запущен процесс отправки данных клиенту: /0:0:0:0:0:0:0:1 Номер сеанса: 53
Thu Dec 21 16:07:29 IRKT 2017. FTP SERVER. Отправка данных клиенту: /0:0:0:0:0:0:0:1 успешно завершена!
Thu Dec 21 16:07:32 IRKT 2017. FAST SERVER. Запрос успешно выполнен, отправление данных: 59
Thu Dec 21 16:07:32 IRKT 2017. FTP SERVER. Запущен процесс отправки данных клиенту: /0:0:0:0:0:0:0:1 Номер сеанса: 59
Thu Dec 21 16:07:32 IRKT 2017. FTP SERVER. Отправка данных клиенту: /0:0:0:0:0:0:0:1 успешно завершена!
Thu Dec 21 16:07:32 IRKT 2017. FTP SERVER. Новое соединение: /0:0:0:0:0:0:0:1
Thu Dec 21 16:07:32 IRKT 2017. FTP SERVER. Запрос на отправку данных клиенту: /0:0:0:0:0:0:0:1 По запросу №3 Объем файла: 44971байт
Thu Dec 21 16:07:32 IRKT 2017. FTP SERVER. Запущен процесс отправки данных клиенту: /0:0:0:0:0:0:0:1 Номер сеанса: 54
Thu Dec 21 16:07:32 IRKT 2017. FTP SERVER. Отправка данных клиенту: /0:0:0:0:0:0:0:1 успешно завершена!
Thu Dec 21 16:07:34 IRKT 2017. FAST SERVER. Запрос успешно выполнен, отправление данных: 60
Thu Dec 21 16:07:34 IRKT 2017. FTP SERVER. Запущен процесс отправки данных клиенту: /0:0:0:0:0:0:0:1 Номер сеанса: 60
Thu Dec 21 16:07:34 IRKT 2017. FTP SERVER. Отправка данных клиенту: /0:0:0:0:0:0:0:1 успешно завершена!
Thu Dec 21 16:07:34 IRKT 2017. FTP SERVER. Новое соединение: /0:0:0:0:0:0:0:1
Thu Dec 21 16:07:34 IRKT 2017. FTP SERVER. Запрос на отправку данных клиенту: /0:0:0:0:0:0:0:1 По запросу №3 Объем файла: 44971байт
Thu Dec 21 16:07:34 IRKT 2017. FTP SERVER. Запущен процесс отправки данных клиенту: /0:0:0:0:0:0:0:1 Номер сеанса: 55
Thu Dec 21 16:07:34 IRKT 2017. FTP SERVER. Отправка данных клиенту: /0:0:0:0:0:0:0:1 успешно завершена!
Thu Dec 21 16:07:36 IRKT 2017. FAST SERVER. Запрос успешно выполнен, отправление данных: 61
Thu Dec 21 16:07:36 IRKT 2017. FTP SERVER. Запущен процесс отправки данных клиенту: /0:0:0:0:0:0:0:1 Номер сеанса: 61
Thu Dec 21 16:07:36 IRKT 2017. FTP SERVER. Отправка данных клиенту: /0:0:0:0:0:0:0:1 успешно завершена!
Thu Dec 21 16:07:36 IRKT 2017. FTP SERVER. Новое соединение: /0:0:0:0:0:0:0:1
Thu Dec 21 16:07:36 IRKT 2017. FTP SERVER. Запрос на отправку данных клиенту: /0:0:0:0:0:0:0:1 По запросу №3 Объем файла: 44971байт
Thu Dec 21 16:07:36 IRKT 2017. FTP SERVER. Запущен процесс отправки данных клиенту: /0:0:0:0:0:0:0:1 Номер сеанса: 56
Thu Dec 21 16:07:36 IRKT 2017. FTP SERVER. Отправка данных клиенту: /0:0:0:0:0:0:0:1 успешно завершена!
Thu Dec 21 16:07:38 IRKT 2017. FAST SERVER. Запрос успешно выполнен, отправление данных: 62
Thu Dec 21 16:07:38 IRKT 2017. FTP SERVER. Запущен процесс отправки данных клиенту: /0:0:0:0:0:0:0:1 Номер сеанса: 62
Thu Dec 21 16:07:38 IRKT 2017. FTP SERVER. Отправка данных клиенту: /0:0:0:0:0:0:0:1 успешно завершена!
Thu Dec 21 16:07:38 IRKT 2017. FTP SERVER. Новое соединение: /0:0:0:0:0:0:0:1
Thu Dec 21 16:07:38 IRKT 2017. FTP SERVER. Запрос на отправку данных клиенту: /0:0:0:0:0:0:0:1 По запросу №3 Объем файла: 44971байт
Thu Dec 21 16:07:38 IRKT 2017. FTP SERVER. Запущен процесс отправки данных клиенту: /0:0:0:0:0:0:0:1 Номер сеанса: 57
Thu Dec 21 16:07:38 IRKT 2017. FTP SERVER. Отправка данных клиенту: /0:0:0:0:0:0:0:1 успешно завершена!
Thu Dec 21 16:07:40 IRKT 2017. FAST SERVER. Запрос успешно выполнен, отправление данных: 63
Thu Dec 21 16:07:40 IRKT 2017. FTP SERVER. Запущен процесс отправки данных клиенту: /0:0:0:0:0:0:0:1 Номер сеанса: 63
Thu Dec 21 16:07:40 IRKT 2017. FTP SERVER. Отправка данных клиенту: /0:0:0:0:0:0:0:1 успешно завершена!
Thu Dec 21 16:07:40 IRKT 2017. FTP SERVER. Новое соединение: /0:0:0:0:0:0:0:1
Thu Dec 21 16:07:40 IRKT 2017. FTP SERVER. Запрос на отправку данных клиенту: /0:0:0:0:0:0:0:1 По запросу №3 Объем файла: 44971байт
Thu Dec 21 16:07:40 IRKT 2017. FTP SERVER. Запущен процесс отправки данных клиенту: /0:0:0:0:0:0:0:1 Номер сеанса: 58
Thu Dec 21 16:07:40 IRKT 2017. FTP SERVER. Отправка данных клиенту: /0:0:0:0:0:0:0:1 успешно завершена!
Thu Dec 21 16:07:40 IRKT 2017. FAST SERVER. Авторизация пользователя с сервером ) Номер запроса: 64 Имя пользователя: contact
Thu Dec 21 16:07:40 IRKT 2017. FAST SERVER. Запрос успешно выполнен, отправление данных: 64
Thu Dec 21 16:07:40 IRKT 2017. FTP SERVER. Запущен процесс отправки данных клиенту: /0:0:0:0:0:0:0:1 Номер сеанса: 64
Thu Dec 21 16:07:40 IRKT 2017. FTP SERVER. Отправка данных клиенту: /0:0:0:0:0:0:0:1 успешно завершена!
Thu Dec 21 16:07:41 IRKT 2017. FAST SERVER. Обработка запроса на получение всех файловых систем 65
Thu Dec 21 16:07:41 IRKT 2017. FAST SERVER. Запрос успешно выполнен, отправление данных: 65
Thu Dec 21 16:07:41 IRKT 2017. FTP SERVER. Запущен процесс отправки данных клиенту: /0:0:0:0:0:0:0:1 Номер сеанса: 65
Thu Dec 21 16:07:41 IRKT 2017. FTP SERVER. Отправка данных клиенту: /0:0:0:0:0:0:0:1 успешно завершена!
Thu Dec 21 16:07:41 IRKT 2017. FTP SERVER. Новое соединение: /0:0:0:0:0:0:0:1
Thu Dec 21 16:07:41 IRKT 2017. FTP SERVER. Запрос на отправку данных клиенту: /0:0:0:0:0:0:0:1 По запросу №3 Объем файла: 137байт
Thu Dec 21 16:07:41 IRKT 2017. FTP SERVER. Запущен процесс отправки данных клиенту: /0:0:0:0:0:0:0:1 Номер сеанса: 59
Thu Dec 21 16:07:41 IRKT 2017. FTP SERVER. Отправка данных клиенту: /0:0:0:0:0:0:0:1 успешно завершена!
Thu Dec 21 16:07:41 IRKT 2017. FAST SERVER. Запрос успешно выполнен, отправление данных: 66
Thu Dec 21 16:07:41 IRKT 2017. FTP SERVER. Запущен процесс отправки данных клиенту: /0:0:0:0:0:0:0:1 Номер сеанса: 66
Thu Dec 21 16:07:41 IRKT 2017. FTP SERVER. Отправка данных клиенту: /0:0:0:0:0:0:0:1 успешно завершена!
Thu Dec 21 16:07:41 IRKT 2017. FTP SERVER. Новое соединение: /0:0:0:0:0:0:0:1
Thu Dec 21 16:07:41 IRKT 2017. FTP SERVER. Запрос на отправку данных клиенту: /0:0:0:0:0:0:0:1 По запросу №3 Объем файла: 44971байт
Thu Dec 21 16:07:41 IRKT 2017. FTP SERVER. Запущен процесс отправки данных клиенту: /0:0:0:0:0:0:0:1 Номер сеанса: 60
Thu Dec 21 16:07:41 IRKT 2017. FTP SERVER. Отправка данных клиенту: /0:0:0:0:0:0:0:1 успешно завершена!
Thu Dec 21 16:07:42 IRKT 2017. FAST SERVER. Запрос успешно выполнен, отправление данных: 67
Thu Dec 21 16:07:42 IRKT 2017. FTP SERVER. Запущен процесс отправки данных клиенту: /0:0:0:0:0:0:0:1 Номер сеанса: 67
Thu Dec 21 16:07:42 IRKT 2017. FTP SERVER. Отправка данных клиенту: /0:0:0:0:0:0:0:1 успешно завершена!
Thu Dec 21 16:07:42 IRKT 2017. FTP SERVER. Новое соединение: /0:0:0:0:0:0:0:1
Thu Dec 21 16:07:42 IRKT 2017. FTP SERVER. Запрос на отправку данных клиенту: /0:0:0:0:0:0:0:1 По запросу №3 Объем файла: 44971байт
Thu Dec 21 16:07:42 IRKT 2017. FTP SERVER. Запущен процесс отправки данных клиенту: /0:0:0:0:0:0:0:1 Номер сеанса: 61
Thu Dec 21 16:07:42 IRKT 2017. FTP SERVER. Отправка данных клиенту: /0:0:0:0:0:0:0:1 успешно завершена!
Thu Dec 21 16:07:42 IRKT 2017. FAST SERVER. Обработка запроса на получение содержимого файла 68
Thu Dec 21 16:07:42 IRKT 2017. FAST SERVER. Обработка запроса на получение файла по пути: C:\Users\admin\Desktop\Инструкции\dadsadvx.txt) Номер запроса: 68
Thu Dec 21 16:07:42 IRKT 2017. FAST SERVER. Запрос успешно выполнен, отправление данных: 68
Thu Dec 21 16:07:42 IRKT 2017. FTP SERVER. Запущен процесс отправки данных клиенту: /0:0:0:0:0:0:0:1 Номер сеанса: 68
Thu Dec 21 16:07:42 IRKT 2017. FTP SERVER. Отправка данных клиенту: /0:0:0:0:0:0:0:1 успешно завершена!
Thu Dec 21 16:07:42 IRKT 2017. FTP SERVER. Новое соединение: /0:0:0:0:0:0:0:1
Thu Dec 21 16:07:42 IRKT 2017. FTP SERVER. Запрос на отправку данных клиенту: /0:0:0:0:0:0:0:1 По запросу №3 Объем файла: 217байт
Thu Dec 21 16:07:42 IRKT 2017. FTP SERVER. Запущен процесс отправки данных клиенту: /0:0:0:0:0:0:0:1 Номер сеанса: 62
Thu Dec 21 16:07:42 IRKT 2017. FTP SERVER. Отправка данных клиенту: /0:0:0:0:0:0:0:1 успешно завершена!
Thu Dec 21 16:07:43 IRKT 2017. FAST SERVER. Запрос успешно выполнен, отправление данных: 69
Thu Dec 21 16:07:43 IRKT 2017. FTP SERVER. Запущен процесс отправки данных клиенту: /0:0:0:0:0:0:0:1 Номер сеанса: 69
Thu Dec 21 16:07:43 IRKT 2017. FTP SERVER. Отправка данных клиенту: /0:0:0:0:0:0:0:1 успешно завершена!
Thu Dec 21 16:07:43 IRKT 2017. FTP SERVER. Новое соединение: /0:0:0:0:0:0:0:1
Thu Dec 21 16:07:43 IRKT 2017. FTP SERVER. Запрос на отправку данных клиенту: /0:0:0:0:0:0:0:1 По запросу №3 Объем файла: 44971байт
Thu Dec 21 16:07:43 IRKT 2017. FTP SERVER. Запущен процесс отправки данных клиенту: /0:0:0:0:0:0:0:1 Номер сеанса: 63
Thu Dec 21 16:07:43 IRKT 2017. FTP SERVER. Отправка данных клиенту: /0:0:0:0:0:0:0:1 успешно завершена!
Thu Dec 21 16:07:43 IRKT 2017. FAST SERVER. Обработка запроса на получение содержимого файла 70
Thu Dec 21 16:07:43 IRKT 2017. FAST SERVER. Обработка запроса на получение файла по пути: C:\Users\admin\Desktop\Инструкции\gethostid.txt) Номер запроса: 70
Thu Dec 21 16:07:43 IRKT 2017. FAST SERVER. Запрос успешно выполнен, отправление данных: 70
Thu Dec 21 16:07:43 IRKT 2017. FTP SERVER. Запущен процесс отправки данных клиенту: /0:0:0:0:0:0:0:1 Номер сеанса: 70
Thu Dec 21 16:07:43 IRKT 2017. FTP SERVER. Отправка данных клиенту: /0:0:0:0:0:0:0:1 успешно завершена!
Thu Dec 21 16:07:43 IRKT 2017. FTP SERVER. Новое соединение: /0:0:0:0:0:0:0:1
Thu Dec 21 16:07:43 IRKT 2017. FTP SERVER. Запрос на отправку данных клиенту: /0:0:0:0:0:0:0:1 По запросу №3 Объем файла: 694байт
Thu Dec 21 16:07:43 IRKT 2017. FTP SERVER. Запущен процесс отправки данных клиенту: /0:0:0:0:0:0:0:1 Номер сеанса: 64
Thu Dec 21 16:07:43 IRKT 2017. FTP SERVER. Отправка данных клиенту: /0:0:0:0:0:0:0:1 успешно завершена!
Thu Dec 21 16:07:44 IRKT 2017. FAST SERVER. Запрос успешно выполнен, отправление данных: 71
Thu Dec 21 16:07:44 IRKT 2017. FTP SERVER. Запущен процесс отправки данных клиенту: /0:0:0:0:0:0:0:1 Номер сеанса: 71
Thu Dec 21 16:07:44 IRKT 2017. FTP SERVER. Отправка данных клиенту: /0:0:0:0:0:0:0:1 успешно завершена!
Thu Dec 21 16:07:44 IRKT 2017. FTP SERVER. Новое соединение: /0:0:0:0:0:0:0:1
Thu Dec 21 16:07:44 IRKT 2017. FTP SERVER. Запрос на отправку данных клиенту: /0:0:0:0:0:0:0:1 По запросу №3 Объем файла: 44971байт
Thu Dec 21 16:07:44 IRKT 2017. FTP SERVER. Запущен процесс отправки данных клиенту: /0:0:0:0:0:0:0:1 Номер сеанса: 65
Thu Dec 21 16:07:44 IRKT 2017. FTP SERVER. Отправка данных клиенту: /0:0:0:0:0:0:0:1 успешно завершена!
Thu Dec 21 16:07:45 IRKT 2017. FAST SERVER. Запрос успешно выполнен, отправление данных: 72
Thu Dec 21 16:07:45 IRKT 2017. FTP SERVER. Запущен процесс отправки данных клиенту: /0:0:0:0:0:0:0:1 Номер сеанса: 72
Thu Dec 21 16:07:45 IRKT 2017. FTP SERVER. Отправка данных клиенту: /0:0:0:0:0:0:0:1 успешно завершена!
Thu Dec 21 16:07:45 IRKT 2017. FTP SERVER. Новое соединение: /0:0:0:0:0:0:0:1
Thu Dec 21 16:07:45 IRKT 2017. FTP SERVER. Запрос на отправку данных клиенту: /0:0:0:0:0:0:0:1 По запросу №3 Объем файла: 44971байт
Thu Dec 21 16:07:45 IRKT 2017. FTP SERVER. Запущен процесс отправки данных клиенту: /0:0:0:0:0:0:0:1 Номер сеанса: 66
Thu Dec 21 16:07:45 IRKT 2017. FTP SERVER. Отправка данных клиенту: /0:0:0:0:0:0:0:1 успешно завершена!
Thu Dec 21 16:07:45 IRKT 2017. FAST SERVER. Обработка запроса на получение содержимого файла 73
Thu Dec 21 16:07:45 IRKT 2017. FAST SERVER. Обработка запроса на получение файла по пути: C:\Users\admin\Desktop\Инструкции\dasd\README.txt) Номер запроса: 73
Thu Dec 21 16:07:45 IRKT 2017. FAST SERVER. Запрос успешно выполнен, отправление данных: 73
Thu Dec 21 16:07:45 IRKT 2017. FTP SERVER. Запущен процесс отправки данных клиенту: /0:0:0:0:0:0:0:1 Номер сеанса: 73
Thu Dec 21 16:07:45 IRKT 2017. FTP SERVER. Отправка данных клиенту: /0:0:0:0:0:0:0:1 успешно завершена!
Thu Dec 21 16:07:45 IRKT 2017. FTP SERVER. Новое соединение: /0:0:0:0:0:0:0:1
Thu Dec 21 16:07:45 IRKT 2017. FTP SERVER. Запрос на отправку данных клиенту: /0:0:0:0:0:0:0:1 По запросу №3 Объем файла: 37367байт
Thu Dec 21 16:07:45 IRKT 2017. FTP SERVER. Запущен процесс отправки данных клиенту: /0:0:0:0:0:0:0:1 Номер сеанса: 67
Thu Dec 21 16:07:45 IRKT 2017. FTP SERVER. Отправка данных клиенту: /0:0:0:0:0:0:0:1 успешно завершена!
Thu Dec 21 16:07:46 IRKT 2017. FAST SERVER. Запрос успешно выполнен, отправление данных: 74
Thu Dec 21 16:07:46 IRKT 2017. FTP SERVER. Запущен процесс отправки данных клиенту: /0:0:0:0:0:0:0:1 Номер сеанса: 74
Thu Dec 21 16:07:46 IRKT 2017. FTP SERVER. Отправка данных клиенту: /0:0:0:0:0:0:0:1 успешно завершена!
Thu Dec 21 16:07:46 IRKT 2017. FTP SERVER. Новое соединение: /0:0:0:0:0:0:0:1
Thu Dec 21 16:07:46 IRKT 2017. FTP SERVER. Запрос на отправку данных клиенту: /0:0:0:0:0:0:0:1 По запросу №3 Объем файла: 44971байт
Thu Dec 21 16:07:46 IRKT 2017. FTP SERVER. Запущен процесс отправки данных клиенту: /0:0:0:0:0:0:0:1 Номер сеанса: 68
Thu Dec 21 16:07:46 IRKT 2017. FTP SERVER. Отправка данных клиенту: /0:0:0:0:0:0:0:1 успешно завершена!
Thu Dec 21 16:07:47 IRKT 2017. FAST SERVER. Запрос успешно выполнен, отправление данных: 75
Thu Dec 21 16:07:47 IRKT 2017. FTP SERVER. Запущен процесс отправки данных клиенту: /0:0:0:0:0:0:0:1 Номер сеанса: 75
Thu Dec 21 16:07:47 IRKT 2017. FTP SERVER. Отправка данных клиенту: /0:0:0:0:0:0:0:1 успешно завершена!
Thu Dec 21 16:07:47 IRKT 2017. FTP SERVER. Новое соединение: /0:0:0:0:0:0:0:1
Thu Dec 21 16:07:47 IRKT 2017. FTP SERVER. Запрос на отправку данных клиенту: /0:0:0:0:0:0:0:1 По запросу №3 Объем файла: 44971байт
Thu Dec 21 16:07:47 IRKT 2017. FTP SERVER. Запущен процесс отправки данных клиенту: /0:0:0:0:0:0:0:1 Номер сеанса: 69
Thu Dec 21 16:07:47 IRKT 2017. FTP SERVER. Отправка данных клиенту: /0:0:0:0:0:0:0:1 успешно завершена!
Thu Dec 21 16:07:48 IRKT 2017. FAST SERVER. Запрос успешно выполнен, отправление данных: 76
Thu Dec 21 16:07:48 IRKT 2017. FTP SERVER. Запущен процесс отправки данных клиенту: /0:0:0:0:0:0:0:1 Номер сеанса: 76
Thu Dec 21 16:07:48 IRKT 2017. FTP SERVER. Отправка данных клиенту: /0:0:0:0:0:0:0:1 успешно завершена!
Thu Dec 21 16:07:48 IRKT 2017. FTP SERVER. Новое соединение: /0:0:0:0:0:0:0:1
Thu Dec 21 16:07:48 IRKT 2017. FTP SERVER. Запрос на отправку данных клиенту: /0:0:0:0:0:0:0:1 По запросу №3 Объем файла: 44971байт
Thu Dec 21 16:07:48 IRKT 2017. FTP SERVER. Запущен процесс отправки данных клиенту: /0:0:0:0:0:0:0:1 Номер сеанса: 70
Thu Dec 21 16:07:48 IRKT 2017. FTP SERVER. Отправка данных клиенту: /0:0:0:0:0:0:0:1 успешно завершена!
Thu Dec 21 16:07:50 IRKT 2017. FAST SERVER. Запрос успешно выполнен, отправление данных: 77
Thu Dec 21 16:07:50 IRKT 2017. FTP SERVER. Запущен процесс отправки данных клиенту: /0:0:0:0:0:0:0:1 Номер сеанса: 77
Thu Dec 21 16:07:50 IRKT 2017. FTP SERVER. Отправка данных клиенту: /0:0:0:0:0:0:0:1 успешно завершена!
Thu Dec 21 16:07:50 IRKT 2017. FTP SERVER. Новое соединение: /0:0:0:0:0:0:0:1
Thu Dec 21 16:07:50 IRKT 2017. FTP SERVER. Запрос на отправку данных клиенту: /0:0:0:0:0:0:0:1 По запросу №3 Объем файла: 44971байт
Thu Dec 21 16:07:50 IRKT 2017. FTP SERVER. Запущен процесс отправки данных клиенту: /0:0:0:0:0:0:0:1 Номер сеанса: 71
Thu Dec 21 16:07:50 IRKT 2017. FTP SERVER. Отправка данных клиенту: /0:0:0:0:0:0:0:1 успешно завершена!
