Sat Jan 27 14:43:47 GMT+08:00 2018. Thread. Thread: Main FAST
Sat Jan 27 14:43:47 GMT+08:00 2018. Thread. Thread: submain FAST start
Sat Jan 27 14:44:15 GMT+08:00 2018. Thread. Thread: submain FAST end
Sat Jan 27 14:44:16 GMT+08:00 2018. Thread. Thread: Main FAST
Sat Jan 27 14:44:16 GMT+08:00 2018. Thread. Thread: submain FAST start
Sat Jan 27 14:44:30 GMT+08:00 2018. Thread. Thread: submain FAST end
Sat Jan 27 14:44:30 GMT+08:00 2018. Thread. Thread: Main FTP
Sat Jan 27 14:44:30 GMT+08:00 2018. Thread. Thread: submain FTP start
Sat Jan 27 14:44:30 GMT+08:00 2018. Thread. Thread: submain FTP end
Sat Jan 27 14:44:30 GMT+08:00 2018. Thread. Thread: Main FAST
Sat Jan 27 14:44:30 GMT+08:00 2018. Thread. Thread: submain FAST start
Sat Jan 27 14:44:37 GMT+08:00 2018. Thread. Thread: submain FAST end
Sat Jan 27 14:44:37 GMT+08:00 2018. Thread. Thread: Main FTP
Sat Jan 27 14:44:37 GMT+08:00 2018. Thread. Thread: submain FTP start
Sat Jan 27 14:44:37 GMT+08:00 2018. Thread. Thread: submain FTP end
Sat Jan 27 14:44:38 GMT+08:00 2018. Thread. Thread: Main FAST
Sat Jan 27 14:44:38 GMT+08:00 2018. Thread. Thread: submain FAST start
Sat Jan 27 14:44:38 GMT+08:00 2018. Thread. Thread: submain FAST end
Sat Jan 27 14:44:38 GMT+08:00 2018. Thread. Thread: Main FTP
Sat Jan 27 14:44:38 GMT+08:00 2018. Thread. Thread: submain FTP start
Sat Jan 27 14:44:38 GMT+08:00 2018. Thread. Thread: submain FTP end
Sat Jan 27 14:44:40 GMT+08:00 2018. Thread. Thread: Main FAST
Sat Jan 27 14:44:40 GMT+08:00 2018. Thread. Thread: submain FAST start
Sat Jan 27 14:44:40 GMT+08:00 2018. Thread. Thread: submain FAST end
Sat Jan 27 14:44:40 GMT+08:00 2018. Thread. Thread: Main FTP
Sat Jan 27 14:44:40 GMT+08:00 2018. Thread. Thread: submain FTP start
Sat Jan 27 14:44:40 GMT+08:00 2018. Thread. Thread: submain FTP end
Sat Jan 27 14:44:42 GMT+08:00 2018. Thread. Thread: Main FAST
Sat Jan 27 14:44:42 GMT+08:00 2018. Thread. Thread: submain FAST start
Sat Jan 27 14:44:42 GMT+08:00 2018. Thread. Thread: submain FAST end
Sat Jan 27 14:44:42 GMT+08:00 2018. Thread. Thread: Main FTP
Sat Jan 27 14:44:42 GMT+08:00 2018. Thread. Thread: submain FTP start
Sat Jan 27 14:44:42 GMT+08:00 2018. Thread. Thread: submain FTP end
Sat Jan 27 14:44:44 GMT+08:00 2018. Thread. Thread: Main FAST
Sat Jan 27 14:44:44 GMT+08:00 2018. Thread. Thread: submain FAST start
Sat Jan 27 14:44:44 GMT+08:00 2018. Thread. Thread: submain FAST end
Sat Jan 27 14:44:44 GMT+08:00 2018. Thread. Thread: Main FTP
Sat Jan 27 14:44:44 GMT+08:00 2018. Thread. Thread: submain FTP start
Sat Jan 27 14:44:44 GMT+08:00 2018. Thread. Thread: submain FTP end
Sat Jan 27 14:44:46 GMT+08:00 2018. Thread. Thread: Main FAST
Sat Jan 27 14:44:46 GMT+08:00 2018. Thread. Thread: submain FAST start
Sat Jan 27 14:44:46 GMT+08:00 2018. Thread. Thread: submain FAST end
Sat Jan 27 14:44:46 GMT+08:00 2018. Thread. Thread: Main FTP
Sat Jan 27 14:44:46 GMT+08:00 2018. Thread. Thread: submain FTP start
Sat Jan 27 14:44:46 GMT+08:00 2018. Thread. Thread: submain FTP end
Sat Jan 27 14:44:48 GMT+08:00 2018. Thread. Thread: Main FAST
Sat Jan 27 14:44:48 GMT+08:00 2018. Thread. Thread: submain FAST start
Sat Jan 27 14:44:48 GMT+08:00 2018. Thread. Thread: submain FAST end
Sat Jan 27 14:44:48 GMT+08:00 2018. Thread. Thread: Main FTP
Sat Jan 27 14:44:48 GMT+08:00 2018. Thread. Thread: submain FTP start
Sat Jan 27 14:44:48 GMT+08:00 2018. Thread. Thread: submain FTP end
Sat Jan 27 14:44:51 GMT+08:00 2018. Thread. Thread: Main FAST
Sat Jan 27 14:44:51 GMT+08:00 2018. Thread. Thread: submain FAST start
Sat Jan 27 14:44:51 GMT+08:00 2018. Thread. Thread: submain FAST end
Sat Jan 27 14:44:51 GMT+08:00 2018. Thread. Thread: Main FTP
Sat Jan 27 14:44:51 GMT+08:00 2018. Thread. Thread: submain FTP start
Sat Jan 27 14:44:51 GMT+08:00 2018. Thread. Thread: submain FTP end
Sat Jan 27 14:44:53 GMT+08:00 2018. Thread. Thread: Main FAST
Sat Jan 27 14:44:53 GMT+08:00 2018. Thread. Thread: submain FAST start
Sat Jan 27 14:44:53 GMT+08:00 2018. Thread. Thread: submain FAST end
Sat Jan 27 14:44:53 GMT+08:00 2018. Thread. Thread: Main FTP
Sat Jan 27 14:44:53 GMT+08:00 2018. Thread. Thread: submain FTP start
Sat Jan 27 14:44:53 GMT+08:00 2018. Thread. Thread: submain FTP end
Sat Jan 27 14:44:55 GMT+08:00 2018. Thread. Thread: Main FAST
Sat Jan 27 14:44:55 GMT+08:00 2018. Thread. Thread: submain FAST start
Sat Jan 27 14:44:55 GMT+08:00 2018. Thread. Thread: submain FAST end
Sat Jan 27 14:44:55 GMT+08:00 2018. Thread. Thread: Main FTP
Sat Jan 27 14:44:55 GMT+08:00 2018. Thread. Thread: submain FTP start
Sat Jan 27 14:44:55 GMT+08:00 2018. Thread. Thread: submain FTP end
Sat Jan 27 14:44:57 GMT+08:00 2018. Thread. Thread: Main FAST
Sat Jan 27 14:44:57 GMT+08:00 2018. Thread. Thread: submain FAST start
Sat Jan 27 14:44:57 GMT+08:00 2018. Thread. Thread: submain FAST end
Sat Jan 27 14:44:57 GMT+08:00 2018. Thread. Thread: Main FTP
Sat Jan 27 14:44:57 GMT+08:00 2018. Thread. Thread: submain FTP start
Sat Jan 27 14:44:57 GMT+08:00 2018. Thread. Thread: submain FTP end
Sat Jan 27 14:44:59 GMT+08:00 2018. Thread. Thread: Main FAST
Sat Jan 27 14:44:59 GMT+08:00 2018. Thread. Thread: submain FAST start
Sat Jan 27 14:44:59 GMT+08:00 2018. Thread. Thread: submain FAST end
Sat Jan 27 14:44:59 GMT+08:00 2018. Thread. Thread: Main FTP
Sat Jan 27 14:44:59 GMT+08:00 2018. Thread. Thread: submain FTP start
Sat Jan 27 14:44:59 GMT+08:00 2018. Thread. Thread: submain FTP end
Sat Jan 27 14:45:01 GMT+08:00 2018. Thread. Thread: Main FAST
Sat Jan 27 14:45:01 GMT+08:00 2018. Thread. Thread: submain FAST start
Sat Jan 27 14:45:01 GMT+08:00 2018. Thread. Thread: submain FAST end
Sat Jan 27 14:45:01 GMT+08:00 2018. Thread. Thread: Main FTP
Sat Jan 27 14:45:01 GMT+08:00 2018. Thread. Thread: submain FTP start
Sat Jan 27 14:45:01 GMT+08:00 2018. Thread. Thread: submain FTP end
Sat Jan 27 14:45:03 GMT+08:00 2018. Thread. Thread: Main FAST
Sat Jan 27 14:45:03 GMT+08:00 2018. Thread. Thread: submain FAST start
Sat Jan 27 14:45:03 GMT+08:00 2018. Thread. Thread: submain FAST end
Sat Jan 27 14:45:03 GMT+08:00 2018. Thread. Thread: Main FTP
Sat Jan 27 14:45:03 GMT+08:00 2018. Thread. Thread: submain FTP start
Sat Jan 27 14:45:03 GMT+08:00 2018. Thread. Thread: submain FTP end
Sat Jan 27 14:45:05 GMT+08:00 2018. Thread. Thread: Main FAST
Sat Jan 27 14:45:05 GMT+08:00 2018. Thread. Thread: submain FAST start
Sat Jan 27 14:45:05 GMT+08:00 2018. Thread. Thread: submain FAST end
Sat Jan 27 14:45:05 GMT+08:00 2018. Thread. Thread: Main FTP
Sat Jan 27 14:45:05 GMT+08:00 2018. Thread. Thread: submain FTP start
Sat Jan 27 14:45:05 GMT+08:00 2018. Thread. Thread: submain FTP end
Sat Jan 27 14:45:07 GMT+08:00 2018. Thread. Thread: Main FAST
Sat Jan 27 14:45:07 GMT+08:00 2018. Thread. Thread: submain FAST start
Sat Jan 27 14:45:07 GMT+08:00 2018. Thread. Thread: submain FAST end
Sat Jan 27 14:45:07 GMT+08:00 2018. Thread. Thread: Main FTP
Sat Jan 27 14:45:07 GMT+08:00 2018. Thread. Thread: submain FTP start
Sat Jan 27 14:45:07 GMT+08:00 2018. Thread. Thread: submain FTP end
Sat Jan 27 14:45:09 GMT+08:00 2018. Thread. Thread: Main FAST
Sat Jan 27 14:45:09 GMT+08:00 2018. Thread. Thread: submain FAST start
Sat Jan 27 14:45:09 GMT+08:00 2018. Thread. Thread: submain FAST end
Sat Jan 27 14:45:09 GMT+08:00 2018. Thread. Thread: Main FTP
Sat Jan 27 14:45:09 GMT+08:00 2018. Thread. Thread: submain FTP start
Sat Jan 27 14:45:09 GMT+08:00 2018. Thread. Thread: submain FTP end
Sat Jan 27 14:45:11 GMT+08:00 2018. Thread. Thread: Main FAST
Sat Jan 27 14:45:11 GMT+08:00 2018. Thread. Thread: submain FAST start
Sat Jan 27 14:45:11 GMT+08:00 2018. Thread. Thread: submain FAST end
Sat Jan 27 14:45:11 GMT+08:00 2018. Thread. Thread: Main FTP
Sat Jan 27 14:45:11 GMT+08:00 2018. Thread. Thread: submain FTP start
Sat Jan 27 14:45:11 GMT+08:00 2018. Thread. Thread: submain FTP end
Sat Jan 27 14:45:13 GMT+08:00 2018. Thread. Thread: Main FAST
Sat Jan 27 14:45:13 GMT+08:00 2018. Thread. Thread: submain FAST start
Sat Jan 27 14:45:13 GMT+08:00 2018. Thread. Thread: submain FAST end
Sat Jan 27 14:45:13 GMT+08:00 2018. Thread. Thread: Main FTP
Sat Jan 27 14:45:13 GMT+08:00 2018. Thread. Thread: submain FTP start
Sat Jan 27 14:45:13 GMT+08:00 2018. Thread. Thread: submain FTP end
Sat Jan 27 14:45:15 GMT+08:00 2018. Thread. Thread: Main FAST
Sat Jan 27 14:45:15 GMT+08:00 2018. Thread. Thread: submain FAST start
Sat Jan 27 14:45:15 GMT+08:00 2018. Thread. Thread: submain FAST end
Sat Jan 27 14:45:15 GMT+08:00 2018. Thread. Thread: Main FTP
Sat Jan 27 14:45:15 GMT+08:00 2018. Thread. Thread: submain FTP start
Sat Jan 27 14:45:15 GMT+08:00 2018. Thread. Thread: submain FTP end
Sat Jan 27 14:45:18 GMT+08:00 2018. Thread. Thread: Main FAST
Sat Jan 27 14:45:18 GMT+08:00 2018. Thread. Thread: submain FAST start
Sat Jan 27 14:45:18 GMT+08:00 2018. Thread. Thread: submain FAST end
Sat Jan 27 14:45:18 GMT+08:00 2018. Thread. Thread: Main FTP
Sat Jan 27 14:45:18 GMT+08:00 2018. Thread. Thread: submain FTP start
Sat Jan 27 14:45:18 GMT+08:00 2018. Thread. Thread: submain FTP end
Sat Jan 27 14:45:20 GMT+08:00 2018. Thread. Thread: Main FAST
Sat Jan 27 14:45:20 GMT+08:00 2018. Thread. Thread: submain FAST start
Sat Jan 27 14:45:20 GMT+08:00 2018. Thread. Thread: submain FAST end
Sat Jan 27 14:45:20 GMT+08:00 2018. Thread. Thread: Main FTP
Sat Jan 27 14:45:20 GMT+08:00 2018. Thread. Thread: submain FTP start
Sat Jan 27 14:45:20 GMT+08:00 2018. Thread. Thread: submain FTP end
Sat Jan 27 14:45:22 GMT+08:00 2018. Thread. Thread: Main FAST
Sat Jan 27 14:45:22 GMT+08:00 2018. Thread. Thread: submain FAST start
Sat Jan 27 14:45:22 GMT+08:00 2018. Thread. Thread: submain FAST end
Sat Jan 27 14:45:22 GMT+08:00 2018. Thread. Thread: Main FTP
Sat Jan 27 14:45:22 GMT+08:00 2018. Thread. Thread: submain FTP start
Sat Jan 27 14:45:22 GMT+08:00 2018. Thread. Thread: submain FTP end
Sat Jan 27 14:45:24 GMT+08:00 2018. Thread. Thread: Main FAST
Sat Jan 27 14:45:24 GMT+08:00 2018. Thread. Thread: submain FAST start
Sat Jan 27 14:45:24 GMT+08:00 2018. Thread. Thread: submain FAST end
Sat Jan 27 14:45:24 GMT+08:00 2018. Thread. Thread: Main FTP
Sat Jan 27 14:45:24 GMT+08:00 2018. Thread. Thread: submain FTP start
Sat Jan 27 14:45:24 GMT+08:00 2018. Thread. Thread: submain FTP end
Sat Jan 27 14:45:26 GMT+08:00 2018. Thread. Thread: Main FAST
Sat Jan 27 14:45:26 GMT+08:00 2018. Thread. Thread: submain FAST start
Sat Jan 27 14:45:26 GMT+08:00 2018. Thread. Thread: submain FAST end
Sat Jan 27 14:45:26 GMT+08:00 2018. Thread. Thread: Main FTP
Sat Jan 27 14:45:26 GMT+08:00 2018. Thread. Thread: submain FTP start
Sat Jan 27 14:45:26 GMT+08:00 2018. Thread. Thread: submain FTP end
Sat Jan 27 14:45:28 GMT+08:00 2018. Thread. Thread: Main FAST
Sat Jan 27 14:45:28 GMT+08:00 2018. Thread. Thread: submain FAST start
Sat Jan 27 14:45:28 GMT+08:00 2018. Thread. Thread: submain FAST end
Sat Jan 27 14:45:28 GMT+08:00 2018. Thread. Thread: Main FTP
Sat Jan 27 14:45:28 GMT+08:00 2018. Thread. Thread: submain FTP start
Sat Jan 27 14:45:28 GMT+08:00 2018. Thread. Thread: submain FTP end
Sat Jan 27 14:45:30 GMT+08:00 2018. Thread. Thread: Main FAST
Sat Jan 27 14:45:30 GMT+08:00 2018. Thread. Thread: submain FAST start
Sat Jan 27 14:45:30 GMT+08:00 2018. Thread. Thread: submain FAST end
Sat Jan 27 14:45:30 GMT+08:00 2018. Thread. Thread: Main FTP
Sat Jan 27 14:45:30 GMT+08:00 2018. Thread. Thread: submain FTP start
Sat Jan 27 14:45:30 GMT+08:00 2018. Thread. Thread: submain FTP end
Sat Jan 27 14:45:32 GMT+08:00 2018. Thread. Thread: Main FAST
Sat Jan 27 14:45:32 GMT+08:00 2018. Thread. Thread: submain FAST start
Sat Jan 27 14:45:32 GMT+08:00 2018. Thread. Thread: submain FAST end
Sat Jan 27 14:45:32 GMT+08:00 2018. Thread. Thread: Main FTP
Sat Jan 27 14:45:32 GMT+08:00 2018. Thread. Thread: submain FTP start
Sat Jan 27 14:45:32 GMT+08:00 2018. Thread. Thread: submain FTP end
Sat Jan 27 14:45:34 GMT+08:00 2018. Thread. Thread: Main FAST
Sat Jan 27 14:45:34 GMT+08:00 2018. Thread. Thread: submain FAST start
Sat Jan 27 14:45:34 GMT+08:00 2018. Thread. Thread: submain FAST end
Sat Jan 27 14:45:34 GMT+08:00 2018. Thread. Thread: Main FTP
Sat Jan 27 14:45:34 GMT+08:00 2018. Thread. Thread: submain FTP start
Sat Jan 27 14:45:34 GMT+08:00 2018. Thread. Thread: submain FTP end
Sat Jan 27 14:45:36 GMT+08:00 2018. Thread. Thread: Main FAST
Sat Jan 27 14:45:36 GMT+08:00 2018. Thread. Thread: submain FAST start
Sat Jan 27 14:45:36 GMT+08:00 2018. Thread. Thread: submain FAST end
Sat Jan 27 14:45:36 GMT+08:00 2018. Thread. Thread: Main FTP
Sat Jan 27 14:45:36 GMT+08:00 2018. Thread. Thread: submain FTP start
Sat Jan 27 14:45:36 GMT+08:00 2018. Thread. Thread: submain FTP end
Sat Jan 27 14:45:38 GMT+08:00 2018. Thread. Thread: Main FAST
Sat Jan 27 14:45:38 GMT+08:00 2018. Thread. Thread: submain FAST start
Sat Jan 27 14:45:38 GMT+08:00 2018. Thread. Thread: submain FAST end
Sat Jan 27 14:45:38 GMT+08:00 2018. Thread. Thread: Main FTP
Sat Jan 27 14:45:38 GMT+08:00 2018. Thread. Thread: submain FTP start
Sat Jan 27 14:45:38 GMT+08:00 2018. Thread. Thread: submain FTP end
Sat Jan 27 14:45:40 GMT+08:00 2018. Thread. Thread: Main FAST
Sat Jan 27 14:45:40 GMT+08:00 2018. Thread. Thread: submain FAST start
Sat Jan 27 14:45:40 GMT+08:00 2018. Thread. Thread: submain FAST end
Sat Jan 27 14:45:40 GMT+08:00 2018. Thread. Thread: Main FTP
Sat Jan 27 14:45:40 GMT+08:00 2018. Thread. Thread: submain FTP start
Sat Jan 27 14:45:40 GMT+08:00 2018. Thread. Thread: submain FTP end
Sat Jan 27 14:45:42 GMT+08:00 2018. Thread. Thread: Main FAST
Sat Jan 27 14:45:42 GMT+08:00 2018. Thread. Thread: submain FAST start
Sat Jan 27 14:45:42 GMT+08:00 2018. Thread. Thread: submain FAST end
Sat Jan 27 14:45:42 GMT+08:00 2018. Thread. Thread: Main FTP
Sat Jan 27 14:45:42 GMT+08:00 2018. Thread. Thread: submain FTP start
Sat Jan 27 14:45:42 GMT+08:00 2018. Thread. Thread: submain FTP end
Sat Jan 27 14:45:44 GMT+08:00 2018. Thread. Thread: Main FAST
Sat Jan 27 14:45:44 GMT+08:00 2018. Thread. Thread: submain FAST start
Sat Jan 27 14:45:44 GMT+08:00 2018. Thread. Thread: submain FAST end
Sat Jan 27 14:45:44 GMT+08:00 2018. Thread. Thread: Main FTP
Sat Jan 27 14:45:44 GMT+08:00 2018. Thread. Thread: submain FTP start
Sat Jan 27 14:45:44 GMT+08:00 2018. Thread. Thread: submain FTP end
Sat Jan 27 14:45:46 GMT+08:00 2018. Thread. Thread: Main FAST
Sat Jan 27 14:45:46 GMT+08:00 2018. Thread. Thread: submain FAST start
Sat Jan 27 14:45:46 GMT+08:00 2018. Thread. Thread: submain FAST end
Sat Jan 27 14:45:46 GMT+08:00 2018. Thread. Thread: Main FTP
Sat Jan 27 14:45:46 GMT+08:00 2018. Thread. Thread: submain FTP start
Sat Jan 27 14:45:46 GMT+08:00 2018. Thread. Thread: submain FTP end
Sat Jan 27 14:45:49 GMT+08:00 2018. Thread. Thread: Main FAST
Sat Jan 27 14:45:49 GMT+08:00 2018. Thread. Thread: submain FAST start
Sat Jan 27 14:45:49 GMT+08:00 2018. Thread. Thread: submain FAST end
Sat Jan 27 14:45:49 GMT+08:00 2018. Thread. Thread: Main FTP
Sat Jan 27 14:45:49 GMT+08:00 2018. Thread. Thread: submain FTP start
Sat Jan 27 14:45:49 GMT+08:00 2018. Thread. Thread: submain FTP end
Sat Jan 27 14:45:51 GMT+08:00 2018. Thread. Thread: Main FAST
Sat Jan 27 14:45:51 GMT+08:00 2018. Thread. Thread: submain FAST start
Sat Jan 27 14:45:51 GMT+08:00 2018. Thread. Thread: submain FAST end
Sat Jan 27 14:45:51 GMT+08:00 2018. Thread. Thread: Main FTP
Sat Jan 27 14:45:51 GMT+08:00 2018. Thread. Thread: submain FTP start
Sat Jan 27 14:45:51 GMT+08:00 2018. Thread. Thread: submain FTP end
Sat Jan 27 14:45:53 GMT+08:00 2018. Thread. Thread: Main FAST
Sat Jan 27 14:45:53 GMT+08:00 2018. Thread. Thread: submain FAST start
Sat Jan 27 14:45:53 GMT+08:00 2018. Thread. Thread: submain FAST end
Sat Jan 27 14:45:53 GMT+08:00 2018. Thread. Thread: Main FTP
Sat Jan 27 14:45:53 GMT+08:00 2018. Thread. Thread: submain FTP start
Sat Jan 27 14:45:53 GMT+08:00 2018. Thread. Thread: submain FTP end
Sat Jan 27 14:45:55 GMT+08:00 2018. Thread. Thread: Main FAST
Sat Jan 27 14:45:55 GMT+08:00 2018. Thread. Thread: submain FAST start
Sat Jan 27 14:45:55 GMT+08:00 2018. Thread. Thread: submain FAST end
Sat Jan 27 14:45:55 GMT+08:00 2018. Thread. Thread: Main FTP
Sat Jan 27 14:45:55 GMT+08:00 2018. Thread. Thread: submain FTP start
Sat Jan 27 14:45:55 GMT+08:00 2018. Thread. Thread: submain FTP end
Sat Jan 27 14:45:57 GMT+08:00 2018. Thread. Thread: Main FAST
Sat Jan 27 14:45:57 GMT+08:00 2018. Thread. Thread: submain FAST start
Sat Jan 27 14:45:57 GMT+08:00 2018. Thread. Thread: submain FAST end
Sat Jan 27 14:45:57 GMT+08:00 2018. Thread. Thread: Main FTP
Sat Jan 27 14:45:57 GMT+08:00 2018. Thread. Thread: submain FTP start
Sat Jan 27 14:45:57 GMT+08:00 2018. Thread. Thread: submain FTP end
Sat Jan 27 14:45:59 GMT+08:00 2018. Thread. Thread: Main FAST
Sat Jan 27 14:45:59 GMT+08:00 2018. Thread. Thread: submain FAST start
Sat Jan 27 14:45:59 GMT+08:00 2018. Thread. Thread: submain FAST end
Sat Jan 27 14:45:59 GMT+08:00 2018. Thread. Thread: Main FTP
Sat Jan 27 14:45:59 GMT+08:00 2018. Thread. Thread: submain FTP start
Sat Jan 27 14:45:59 GMT+08:00 2018. Thread. Thread: submain FTP end
Sat Jan 27 14:46:01 GMT+08:00 2018. Thread. Thread: Main FAST
Sat Jan 27 14:46:01 GMT+08:00 2018. Thread. Thread: submain FAST start
Sat Jan 27 14:46:01 GMT+08:00 2018. Thread. Thread: submain FAST end
Sat Jan 27 14:46:01 GMT+08:00 2018. Thread. Thread: Main FTP
Sat Jan 27 14:46:01 GMT+08:00 2018. Thread. Thread: submain FTP start
Sat Jan 27 14:46:01 GMT+08:00 2018. Thread. Thread: submain FTP end
Sat Jan 27 14:46:03 GMT+08:00 2018. Thread. Thread: Main FAST
Sat Jan 27 14:46:03 GMT+08:00 2018. Thread. Thread: submain FAST start
Sat Jan 27 14:46:03 GMT+08:00 2018. Thread. Thread: submain FAST end
Sat Jan 27 14:46:03 GMT+08:00 2018. Thread. Thread: Main FTP
Sat Jan 27 14:46:03 GMT+08:00 2018. Thread. Thread: submain FTP start
Sat Jan 27 14:46:03 GMT+08:00 2018. Thread. Thread: submain FTP end
Sat Jan 27 14:46:05 GMT+08:00 2018. Thread. Thread: Main FAST
Sat Jan 27 14:46:05 GMT+08:00 2018. Thread. Thread: submain FAST start
Sat Jan 27 14:46:05 GMT+08:00 2018. Thread. Thread: submain FAST end
Sat Jan 27 14:46:05 GMT+08:00 2018. Thread. Thread: Main FTP
Sat Jan 27 14:46:05 GMT+08:00 2018. Thread. Thread: submain FTP start
Sat Jan 27 14:46:05 GMT+08:00 2018. Thread. Thread: submain FTP end
Sat Jan 27 14:46:07 GMT+08:00 2018. Thread. Thread: Main FAST
Sat Jan 27 14:46:07 GMT+08:00 2018. Thread. Thread: submain FAST start
Sat Jan 27 14:46:07 GMT+08:00 2018. Thread. Thread: submain FAST end
Sat Jan 27 14:46:07 GMT+08:00 2018. Thread. Thread: Main FTP
Sat Jan 27 14:46:07 GMT+08:00 2018. Thread. Thread: submain FTP start
Sat Jan 27 14:46:07 GMT+08:00 2018. Thread. Thread: submain FTP end
Sat Jan 27 14:46:09 GMT+08:00 2018. Thread. Thread: Main FAST
Sat Jan 27 14:46:09 GMT+08:00 2018. Thread. Thread: submain FAST start
Sat Jan 27 14:46:09 GMT+08:00 2018. Thread. Thread: submain FAST end
Sat Jan 27 14:46:09 GMT+08:00 2018. Thread. Thread: Main FTP
Sat Jan 27 14:46:09 GMT+08:00 2018. Thread. Thread: submain FTP start
Sat Jan 27 14:46:09 GMT+08:00 2018. Thread. Thread: submain FTP end
Sat Jan 27 14:46:11 GMT+08:00 2018. Thread. Thread: Main FAST
Sat Jan 27 14:46:11 GMT+08:00 2018. Thread. Thread: submain FAST start
Sat Jan 27 14:46:11 GMT+08:00 2018. Thread. Thread: submain FAST end
Sat Jan 27 14:46:11 GMT+08:00 2018. Thread. Thread: Main FTP
Sat Jan 27 14:46:11 GMT+08:00 2018. Thread. Thread: submain FTP start
Sat Jan 27 14:46:11 GMT+08:00 2018. Thread. Thread: submain FTP end
Sat Jan 27 14:46:13 GMT+08:00 2018. Thread. Thread: Main FAST
Sat Jan 27 14:46:13 GMT+08:00 2018. Thread. Thread: submain FAST start
Sat Jan 27 14:46:13 GMT+08:00 2018. Thread. Thread: submain FAST end
Sat Jan 27 14:46:13 GMT+08:00 2018. Thread. Thread: Main FTP
Sat Jan 27 14:46:13 GMT+08:00 2018. Thread. Thread: submain FTP start
Sat Jan 27 14:46:13 GMT+08:00 2018. Thread. Thread: submain FTP end
Sat Jan 27 14:46:15 GMT+08:00 2018. Thread. Thread: Main FAST
Sat Jan 27 14:46:15 GMT+08:00 2018. Thread. Thread: submain FAST start
Sat Jan 27 14:46:15 GMT+08:00 2018. Thread. Thread: submain FAST end
Sat Jan 27 14:46:15 GMT+08:00 2018. Thread. Thread: Main FTP
Sat Jan 27 14:46:15 GMT+08:00 2018. Thread. Thread: submain FTP start
Sat Jan 27 14:46:15 GMT+08:00 2018. Thread. Thread: submain FTP end
Sat Jan 27 14:46:18 GMT+08:00 2018. Thread. Thread: Main FAST
Sat Jan 27 14:46:18 GMT+08:00 2018. Thread. Thread: submain FAST start
Sat Jan 27 14:46:18 GMT+08:00 2018. Thread. Thread: submain FAST end
Sat Jan 27 14:46:18 GMT+08:00 2018. Thread. Thread: Main FTP
Sat Jan 27 14:46:18 GMT+08:00 2018. Thread. Thread: submain FTP start
Sat Jan 27 14:46:18 GMT+08:00 2018. Thread. Thread: submain FTP end
Sat Jan 27 14:46:20 GMT+08:00 2018. Thread. Thread: Main FAST
Sat Jan 27 14:46:20 GMT+08:00 2018. Thread. Thread: submain FAST start
Sat Jan 27 14:46:20 GMT+08:00 2018. Thread. Thread: submain FAST end
Sat Jan 27 14:46:20 GMT+08:00 2018. Thread. Thread: Main FTP
Sat Jan 27 14:46:20 GMT+08:00 2018. Thread. Thread: submain FTP start
Sat Jan 27 14:46:20 GMT+08:00 2018. Thread. Thread: submain FTP end
Sat Jan 27 14:46:22 GMT+08:00 2018. Thread. Thread: Main FAST
Sat Jan 27 14:46:22 GMT+08:00 2018. Thread. Thread: submain FAST start
Sat Jan 27 14:46:22 GMT+08:00 2018. Thread. Thread: submain FAST end
Sat Jan 27 14:46:22 GMT+08:00 2018. Thread. Thread: Main FTP
Sat Jan 27 14:46:22 GMT+08:00 2018. Thread. Thread: submain FTP start
Sat Jan 27 14:46:22 GMT+08:00 2018. Thread. Thread: submain FTP end
Sat Jan 27 14:46:24 GMT+08:00 2018. Thread. Thread: Main FAST
Sat Jan 27 14:46:24 GMT+08:00 2018. Thread. Thread: submain FAST start
Sat Jan 27 14:46:24 GMT+08:00 2018. Thread. Thread: submain FAST end
Sat Jan 27 14:46:24 GMT+08:00 2018. Thread. Thread: Main FTP
Sat Jan 27 14:46:24 GMT+08:00 2018. Thread. Thread: submain FTP start
Sat Jan 27 14:46:24 GMT+08:00 2018. Thread. Thread: submain FTP end
Sat Jan 27 14:46:26 GMT+08:00 2018. Thread. Thread: Main FAST
Sat Jan 27 14:46:26 GMT+08:00 2018. Thread. Thread: submain FAST start
Sat Jan 27 14:46:26 GMT+08:00 2018. Thread. Thread: submain FAST end
Sat Jan 27 14:46:26 GMT+08:00 2018. Thread. Thread: Main FTP
Sat Jan 27 14:46:26 GMT+08:00 2018. Thread. Thread: submain FTP start
Sat Jan 27 14:46:26 GMT+08:00 2018. Thread. Thread: submain FTP end
Sat Jan 27 14:46:28 GMT+08:00 2018. Thread. Thread: Main FAST
Sat Jan 27 14:46:28 GMT+08:00 2018. Thread. Thread: submain FAST start
Sat Jan 27 14:46:28 GMT+08:00 2018. Thread. Thread: submain FAST end
Sat Jan 27 14:46:28 GMT+08:00 2018. Thread. Thread: Main FTP
Sat Jan 27 14:46:28 GMT+08:00 2018. Thread. Thread: submain FTP start
Sat Jan 27 14:46:28 GMT+08:00 2018. Thread. Thread: submain FTP end
Sat Jan 27 14:46:30 GMT+08:00 2018. Thread. Thread: Main FAST
Sat Jan 27 14:46:30 GMT+08:00 2018. Thread. Thread: submain FAST start
Sat Jan 27 14:46:30 GMT+08:00 2018. Thread. Thread: submain FAST end
Sat Jan 27 14:46:30 GMT+08:00 2018. Thread. Thread: Main FTP
Sat Jan 27 14:46:30 GMT+08:00 2018. Thread. Thread: submain FTP start
Sat Jan 27 14:46:30 GMT+08:00 2018. Thread. Thread: submain FTP end
Sat Jan 27 14:46:32 GMT+08:00 2018. Thread. Thread: Main FAST
Sat Jan 27 14:46:32 GMT+08:00 2018. Thread. Thread: submain FAST start
Sat Jan 27 14:46:32 GMT+08:00 2018. Thread. Thread: submain FAST end
Sat Jan 27 14:46:32 GMT+08:00 2018. Thread. Thread: Main FTP
Sat Jan 27 14:46:32 GMT+08:00 2018. Thread. Thread: submain FTP start
Sat Jan 27 14:46:32 GMT+08:00 2018. Thread. Thread: submain FTP end
Sat Jan 27 14:46:34 GMT+08:00 2018. Thread. Thread: Main FAST
Sat Jan 27 14:46:34 GMT+08:00 2018. Thread. Thread: submain FAST start
Sat Jan 27 14:46:34 GMT+08:00 2018. Thread. Thread: submain FAST end
Sat Jan 27 14:46:34 GMT+08:00 2018. Thread. Thread: Main FTP
Sat Jan 27 14:46:34 GMT+08:00 2018. Thread. Thread: submain FTP start
Sat Jan 27 14:46:34 GMT+08:00 2018. Thread. Thread: submain FTP end
Sat Jan 27 14:46:36 GMT+08:00 2018. Thread. Thread: Main FAST
Sat Jan 27 14:46:36 GMT+08:00 2018. Thread. Thread: submain FAST start
Sat Jan 27 14:46:36 GMT+08:00 2018. Thread. Thread: submain FAST end
Sat Jan 27 14:46:36 GMT+08:00 2018. Thread. Thread: Main FTP
Sat Jan 27 14:46:36 GMT+08:00 2018. Thread. Thread: submain FTP start
Sat Jan 27 14:46:36 GMT+08:00 2018. Thread. Thread: submain FTP end
Sat Jan 27 14:46:38 GMT+08:00 2018. Thread. Thread: Main FAST
Sat Jan 27 14:46:38 GMT+08:00 2018. Thread. Thread: submain FAST start
Sat Jan 27 14:46:38 GMT+08:00 2018. Thread. Thread: submain FAST end
Sat Jan 27 14:46:38 GMT+08:00 2018. Thread. Thread: Main FTP
Sat Jan 27 14:46:38 GMT+08:00 2018. Thread. Thread: submain FTP start
Sat Jan 27 14:46:38 GMT+08:00 2018. Thread. Thread: submain FTP end
Sat Jan 27 14:46:40 GMT+08:00 2018. Thread. Thread: Main FAST
Sat Jan 27 14:46:40 GMT+08:00 2018. Thread. Thread: submain FAST start
Sat Jan 27 14:46:40 GMT+08:00 2018. Thread. Thread: submain FAST end
Sat Jan 27 14:46:40 GMT+08:00 2018. Thread. Thread: Main FTP
Sat Jan 27 14:46:40 GMT+08:00 2018. Thread. Thread: submain FTP start
Sat Jan 27 14:46:40 GMT+08:00 2018. Thread. Thread: submain FTP end
Sat Jan 27 14:46:42 GMT+08:00 2018. Thread. Thread: Main FAST
Sat Jan 27 14:46:42 GMT+08:00 2018. Thread. Thread: submain FAST start
Sat Jan 27 14:46:42 GMT+08:00 2018. Thread. Thread: submain FAST end
Sat Jan 27 14:46:42 GMT+08:00 2018. Thread. Thread: Main FTP
Sat Jan 27 14:46:42 GMT+08:00 2018. Thread. Thread: submain FTP start
Sat Jan 27 14:46:42 GMT+08:00 2018. Thread. Thread: submain FTP end
Sat Jan 27 14:46:44 GMT+08:00 2018. Thread. Thread: Main FAST
Sat Jan 27 14:46:44 GMT+08:00 2018. Thread. Thread: submain FAST start
Sat Jan 27 14:46:44 GMT+08:00 2018. Thread. Thread: submain FAST end
Sat Jan 27 14:46:44 GMT+08:00 2018. Thread. Thread: Main FTP
Sat Jan 27 14:46:44 GMT+08:00 2018. Thread. Thread: submain FTP start
Sat Jan 27 14:46:44 GMT+08:00 2018. Thread. Thread: submain FTP end
Sat Jan 27 14:46:47 GMT+08:00 2018. Thread. Thread: Main FAST
Sat Jan 27 14:46:47 GMT+08:00 2018. Thread. Thread: submain FAST start
Sat Jan 27 14:46:47 GMT+08:00 2018. Thread. Thread: submain FAST end
Sat Jan 27 14:46:47 GMT+08:00 2018. Thread. Thread: Main FTP
Sat Jan 27 14:46:47 GMT+08:00 2018. Thread. Thread: submain FTP start
Sat Jan 27 14:46:47 GMT+08:00 2018. Thread. Thread: submain FTP end
Sat Jan 27 14:46:49 GMT+08:00 2018. Thread. Thread: Main FAST
Sat Jan 27 14:46:49 GMT+08:00 2018. Thread. Thread: submain FAST start
Sat Jan 27 14:46:49 GMT+08:00 2018. Thread. Thread: submain FAST end
Sat Jan 27 14:46:49 GMT+08:00 2018. Thread. Thread: Main FTP
Sat Jan 27 14:46:49 GMT+08:00 2018. Thread. Thread: submain FTP start
Sat Jan 27 14:46:49 GMT+08:00 2018. Thread. Thread: submain FTP end
Sat Jan 27 14:46:51 GMT+08:00 2018. Thread. Thread: Main FAST
Sat Jan 27 14:46:51 GMT+08:00 2018. Thread. Thread: submain FAST start
Sat Jan 27 14:46:51 GMT+08:00 2018. Thread. Thread: submain FAST end
Sat Jan 27 14:46:51 GMT+08:00 2018. Thread. Thread: Main FTP
Sat Jan 27 14:46:51 GMT+08:00 2018. Thread. Thread: submain FTP start
Sat Jan 27 14:46:51 GMT+08:00 2018. Thread. Thread: submain FTP end
Sat Jan 27 14:46:53 GMT+08:00 2018. Thread. Thread: Main FAST
Sat Jan 27 14:46:53 GMT+08:00 2018. Thread. Thread: submain FAST start
Sat Jan 27 14:46:53 GMT+08:00 2018. Thread. Thread: submain FAST end
Sat Jan 27 14:46:53 GMT+08:00 2018. Thread. Thread: Main FTP
Sat Jan 27 14:46:53 GMT+08:00 2018. Thread. Thread: submain FTP start
Sat Jan 27 14:46:53 GMT+08:00 2018. Thread. Thread: submain FTP end
Sat Jan 27 14:46:55 GMT+08:00 2018. Thread. Thread: Main FAST
Sat Jan 27 14:46:55 GMT+08:00 2018. Thread. Thread: submain FAST start
Sat Jan 27 14:46:55 GMT+08:00 2018. Thread. Thread: submain FAST end
Sat Jan 27 14:46:55 GMT+08:00 2018. Thread. Thread: Main FTP
Sat Jan 27 14:46:55 GMT+08:00 2018. Thread. Thread: submain FTP start
Sat Jan 27 14:46:55 GMT+08:00 2018. Thread. Thread: submain FTP end
Sat Jan 27 14:46:57 GMT+08:00 2018. Thread. Thread: Main FAST
Sat Jan 27 14:46:57 GMT+08:00 2018. Thread. Thread: submain FAST start
Sat Jan 27 14:46:57 GMT+08:00 2018. Thread. Thread: submain FAST end
Sat Jan 27 14:46:57 GMT+08:00 2018. Thread. Thread: Main FTP
Sat Jan 27 14:46:57 GMT+08:00 2018. Thread. Thread: submain FTP start
Sat Jan 27 14:46:57 GMT+08:00 2018. Thread. Thread: submain FTP end
Sat Jan 27 14:46:59 GMT+08:00 2018. Thread. Thread: Main FAST
Sat Jan 27 14:46:59 GMT+08:00 2018. Thread. Thread: submain FAST start
Sat Jan 27 14:46:59 GMT+08:00 2018. Thread. Thread: submain FAST end
Sat Jan 27 14:46:59 GMT+08:00 2018. Thread. Thread: Main FTP
Sat Jan 27 14:46:59 GMT+08:00 2018. Thread. Thread: submain FTP start
Sat Jan 27 14:46:59 GMT+08:00 2018. Thread. Thread: submain FTP end
Sat Jan 27 14:47:01 GMT+08:00 2018. Thread. Thread: Main FAST
Sat Jan 27 14:47:01 GMT+08:00 2018. Thread. Thread: submain FAST start
Sat Jan 27 14:47:01 GMT+08:00 2018. Thread. Thread: submain FAST end
Sat Jan 27 14:47:01 GMT+08:00 2018. Thread. Thread: Main FTP
Sat Jan 27 14:47:01 GMT+08:00 2018. Thread. Thread: submain FTP start
Sat Jan 27 14:47:01 GMT+08:00 2018. Thread. Thread: submain FTP end
Sat Jan 27 14:47:03 GMT+08:00 2018. Thread. Thread: Main FAST
Sat Jan 27 14:47:03 GMT+08:00 2018. Thread. Thread: submain FAST start
Sat Jan 27 14:47:03 GMT+08:00 2018. Thread. Thread: submain FAST end
Sat Jan 27 14:47:03 GMT+08:00 2018. Thread. Thread: Main FTP
Sat Jan 27 14:47:03 GMT+08:00 2018. Thread. Thread: submain FTP start
Sat Jan 27 14:47:03 GMT+08:00 2018. Thread. Thread: submain FTP end
Sat Jan 27 14:47:05 GMT+08:00 2018. Thread. Thread: Main FAST
Sat Jan 27 14:47:05 GMT+08:00 2018. Thread. Thread: submain FAST start
Sat Jan 27 14:47:05 GMT+08:00 2018. Thread. Thread: submain FAST end
Sat Jan 27 14:47:05 GMT+08:00 2018. Thread. Thread: Main FTP
Sat Jan 27 14:47:05 GMT+08:00 2018. Thread. Thread: submain FTP start
Sat Jan 27 14:47:05 GMT+08:00 2018. Thread. Thread: submain FTP end
Sat Jan 27 14:47:07 GMT+08:00 2018. Thread. Thread: Main FAST
Sat Jan 27 14:47:07 GMT+08:00 2018. Thread. Thread: submain FAST start
Sat Jan 27 14:47:07 GMT+08:00 2018. Thread. Thread: submain FAST end
Sat Jan 27 14:47:07 GMT+08:00 2018. Thread. Thread: Main FTP
Sat Jan 27 14:47:07 GMT+08:00 2018. Thread. Thread: submain FTP start
Sat Jan 27 14:47:07 GMT+08:00 2018. Thread. Thread: submain FTP end
Sat Jan 27 14:47:09 GMT+08:00 2018. Thread. Thread: Main FAST
Sat Jan 27 14:47:09 GMT+08:00 2018. Thread. Thread: submain FAST start
Sat Jan 27 14:47:09 GMT+08:00 2018. Thread. Thread: submain FAST end
Sat Jan 27 14:47:09 GMT+08:00 2018. Thread. Thread: Main FTP
Sat Jan 27 14:47:09 GMT+08:00 2018. Thread. Thread: submain FTP start
Sat Jan 27 14:47:09 GMT+08:00 2018. Thread. Thread: submain FTP end
Sat Jan 27 14:47:11 GMT+08:00 2018. Thread. Thread: Main FAST
Sat Jan 27 14:47:11 GMT+08:00 2018. Thread. Thread: submain FAST start
Sat Jan 27 14:47:11 GMT+08:00 2018. Thread. Thread: submain FAST end
Sat Jan 27 14:47:12 GMT+08:00 2018. Thread. Thread: Main FTP
Sat Jan 27 14:47:12 GMT+08:00 2018. Thread. Thread: submain FTP start
Sat Jan 27 14:47:12 GMT+08:00 2018. Thread. Thread: submain FTP end
Sat Jan 27 14:47:14 GMT+08:00 2018. Thread. Thread: Main FAST
Sat Jan 27 14:47:14 GMT+08:00 2018. Thread. Thread: submain FAST start
Sat Jan 27 14:47:14 GMT+08:00 2018. Thread. Thread: submain FAST end
Sat Jan 27 14:47:14 GMT+08:00 2018. Thread. Thread: Main FTP
Sat Jan 27 14:47:14 GMT+08:00 2018. Thread. Thread: submain FTP start
Sat Jan 27 14:47:14 GMT+08:00 2018. Thread. Thread: submain FTP end
Sat Jan 27 14:47:16 GMT+08:00 2018. Thread. Thread: Main FAST
Sat Jan 27 14:47:16 GMT+08:00 2018. Thread. Thread: submain FAST start
Sat Jan 27 14:47:16 GMT+08:00 2018. Thread. Thread: submain FAST end
Sat Jan 27 14:47:16 GMT+08:00 2018. Thread. Thread: Main FTP
Sat Jan 27 14:47:16 GMT+08:00 2018. Thread. Thread: submain FTP start
Sat Jan 27 14:47:16 GMT+08:00 2018. Thread. Thread: submain FTP end
Sat Jan 27 14:47:18 GMT+08:00 2018. Thread. Thread: Main FAST
Sat Jan 27 14:47:18 GMT+08:00 2018. Thread. Thread: submain FAST start
Sat Jan 27 14:47:18 GMT+08:00 2018. Thread. Thread: submain FAST end
Sat Jan 27 14:47:18 GMT+08:00 2018. Thread. Thread: Main FTP
Sat Jan 27 14:47:18 GMT+08:00 2018. Thread. Thread: submain FTP start
Sat Jan 27 14:47:18 GMT+08:00 2018. Thread. Thread: submain FTP end
Sat Jan 27 14:47:20 GMT+08:00 2018. Thread. Thread: Main FAST
Sat Jan 27 14:47:20 GMT+08:00 2018. Thread. Thread: submain FAST start
Sat Jan 27 14:47:20 GMT+08:00 2018. Thread. Thread: submain FAST end
Sat Jan 27 14:47:20 GMT+08:00 2018. Thread. Thread: Main FTP
Sat Jan 27 14:47:20 GMT+08:00 2018. Thread. Thread: submain FTP start
Sat Jan 27 14:47:20 GMT+08:00 2018. Thread. Thread: submain FTP end
Sat Jan 27 14:47:22 GMT+08:00 2018. Thread. Thread: Main FAST
Sat Jan 27 14:47:22 GMT+08:00 2018. Thread. Thread: submain FAST start
Sat Jan 27 14:47:22 GMT+08:00 2018. Thread. Thread: submain FAST end
Sat Jan 27 14:47:22 GMT+08:00 2018. Thread. Thread: Main FTP
Sat Jan 27 14:47:22 GMT+08:00 2018. Thread. Thread: submain FTP start
Sat Jan 27 14:47:22 GMT+08:00 2018. Thread. Thread: submain FTP end
Sat Jan 27 14:47:24 GMT+08:00 2018. Thread. Thread: Main FAST
Sat Jan 27 14:47:24 GMT+08:00 2018. Thread. Thread: submain FAST start
Sat Jan 27 14:47:24 GMT+08:00 2018. Thread. Thread: submain FAST end
Sat Jan 27 14:47:24 GMT+08:00 2018. Thread. Thread: Main FTP
Sat Jan 27 14:47:24 GMT+08:00 2018. Thread. Thread: submain FTP start
Sat Jan 27 14:47:24 GMT+08:00 2018. Thread. Thread: submain FTP end
Sat Jan 27 14:47:26 GMT+08:00 2018. Thread. Thread: Main FAST
Sat Jan 27 14:47:26 GMT+08:00 2018. Thread. Thread: submain FAST start
Sat Jan 27 14:47:26 GMT+08:00 2018. Thread. Thread: submain FAST end
Sat Jan 27 14:47:26 GMT+08:00 2018. Thread. Thread: Main FTP
Sat Jan 27 14:47:26 GMT+08:00 2018. Thread. Thread: submain FTP start
Sat Jan 27 14:47:26 GMT+08:00 2018. Thread. Thread: submain FTP end
Sat Jan 27 14:47:28 GMT+08:00 2018. Thread. Thread: Main FAST
Sat Jan 27 14:47:28 GMT+08:00 2018. Thread. Thread: submain FAST start
Sat Jan 27 14:47:28 GMT+08:00 2018. Thread. Thread: submain FAST end
Sat Jan 27 14:47:28 GMT+08:00 2018. Thread. Thread: Main FTP
Sat Jan 27 14:47:28 GMT+08:00 2018. Thread. Thread: submain FTP start
Sat Jan 27 14:47:28 GMT+08:00 2018. Thread. Thread: submain FTP end
Sat Jan 27 14:47:30 GMT+08:00 2018. Thread. Thread: Main FAST
Sat Jan 27 14:47:30 GMT+08:00 2018. Thread. Thread: submain FAST start
Sat Jan 27 14:47:30 GMT+08:00 2018. Thread. Thread: submain FAST end
Sat Jan 27 14:47:30 GMT+08:00 2018. Thread. Thread: Main FTP
Sat Jan 27 14:47:30 GMT+08:00 2018. Thread. Thread: submain FTP start
Sat Jan 27 14:47:30 GMT+08:00 2018. Thread. Thread: submain FTP end
Sat Jan 27 14:47:32 GMT+08:00 2018. Thread. Thread: Main FAST
Sat Jan 27 14:47:32 GMT+08:00 2018. Thread. Thread: submain FAST start
Sat Jan 27 14:47:32 GMT+08:00 2018. Thread. Thread: submain FAST end
Sat Jan 27 14:47:32 GMT+08:00 2018. Thread. Thread: Main FTP
Sat Jan 27 14:47:32 GMT+08:00 2018. Thread. Thread: submain FTP start
Sat Jan 27 14:47:32 GMT+08:00 2018. Thread. Thread: submain FTP end
Sat Jan 27 14:47:34 GMT+08:00 2018. Thread. Thread: Main FAST
Sat Jan 27 14:47:34 GMT+08:00 2018. Thread. Thread: submain FAST start
Sat Jan 27 14:47:34 GMT+08:00 2018. Thread. Thread: submain FAST end
Sat Jan 27 14:47:34 GMT+08:00 2018. Thread. Thread: Main FTP
Sat Jan 27 14:47:34 GMT+08:00 2018. Thread. Thread: submain FTP start
Sat Jan 27 14:47:34 GMT+08:00 2018. Thread. Thread: submain FTP end
Sat Jan 27 14:47:36 GMT+08:00 2018. Thread. Thread: Main FAST
Sat Jan 27 14:47:36 GMT+08:00 2018. Thread. Thread: submain FAST start
Sat Jan 27 14:47:36 GMT+08:00 2018. Thread. Thread: submain FAST end
Sat Jan 27 14:47:36 GMT+08:00 2018. Thread. Thread: Main FTP
Sat Jan 27 14:47:36 GMT+08:00 2018. Thread. Thread: submain FTP start
Sat Jan 27 14:47:36 GMT+08:00 2018. Thread. Thread: submain FTP end
