Mon Dec 18 08:15:00 IRKT 2017 Сервер ЕЭИСЦ успешно запущен:
Порт обмена сообщений - 6500
Порт файлового обмена - 6502

Mon Dec 18 08:15:00 IRKT 2017. FTP SERVER. Сервер запущен по порту: 6502
Mon Dec 18 08:15:18 IRKT 2017. FTP SERVER. Новое соединение: /0:0:0:0:0:0:0:1
Mon Dec 18 08:15:18 IRKT 2017. FTP SERVER. Запрос на отправку данных клиенту: /0:0:0:0:0:0:0:1 По запросу №1 Объем файла: 10байт
Mon Dec 18 08:15:18 IRKT 2017. FTP SERVER. Запущен процесс отправки данных клиенту: /0:0:0:0:0:0:0:1 Номер сеанса: 1
Mon Dec 18 08:15:18 IRKT 2017. FTP SERVER. Отправка данных клиенту: /0:0:0:0:0:0:0:1 успешно завершена!
Mon Dec 18 08:15:36 IRKT 2017. FTP SERVER. Новое соединение: /0:0:0:0:0:0:0:1
Mon Dec 18 08:15:36 IRKT 2017. FTP SERVER. Запрос на отправку данных клиенту: /0:0:0:0:0:0:0:1 По запросу №1 Объем файла: 10байт
Mon Dec 18 08:15:36 IRKT 2017. FTP SERVER. Запущен процесс отправки данных клиенту: /0:0:0:0:0:0:0:1 Номер сеанса: 2
Mon Dec 18 08:15:36 IRKT 2017. FTP SERVER. Отправка данных клиенту: /0:0:0:0:0:0:0:1 успешно завершена!
Mon Dec 18 08:16:53 IRKT 2017. FTP SERVER. Новое соединение: /0:0:0:0:0:0:0:1
Mon Dec 18 08:16:53 IRKT 2017. FTP SERVER. Запрос на отправку данных клиенту: /0:0:0:0:0:0:0:1 По запросу №1 Объем файла: 20байт
Mon Dec 18 08:16:53 IRKT 2017. FTP SERVER. Запущен процесс отправки данных клиенту: /0:0:0:0:0:0:0:1 Номер сеанса: 3
Mon Dec 18 08:16:53 IRKT 2017. FTP SERVER. Отправка данных клиенту: /0:0:0:0:0:0:0:1 успешно завершена!
Mon Dec 18 08:16:57 IRKT 2017. FTP SERVER. Новое соединение: /0:0:0:0:0:0:0:1
Mon Dec 18 08:16:57 IRKT 2017. FTP SERVER. Запрос на отправку данных клиенту: /0:0:0:0:0:0:0:1 По запросу №1 Объем файла: 5194байт
Mon Dec 18 08:16:57 IRKT 2017. FTP SERVER. Запущен процесс отправки данных клиенту: /0:0:0:0:0:0:0:1 Номер сеанса: 4
Mon Dec 18 08:16:57 IRKT 2017. FTP SERVER. Отправка данных клиенту: /0:0:0:0:0:0:0:1 успешно завершена!
Mon Dec 18 08:16:57 IRKT 2017. FTP SERVER. Новое соединение: /0:0:0:0:0:0:0:1
Mon Dec 18 08:16:57 IRKT 2017. FTP SERVER. Запрос на отправку данных клиенту: /0:0:0:0:0:0:0:1 По запросу №1 Объем файла: 0байт
Mon Dec 18 08:16:57 IRKT 2017. FTP SERVER. Запущен процесс отправки данных клиенту: /0:0:0:0:0:0:0:1 Номер сеанса: 5
Mon Dec 18 08:16:57 IRKT 2017. FTP SERVER. Отправка данных клиенту: /0:0:0:0:0:0:0:1 успешно завершена!
Mon Dec 18 08:16:57 IRKT 2017. FTP SERVER. Новое соединение: /0:0:0:0:0:0:0:1
Mon Dec 18 08:16:57 IRKT 2017. FTP SERVER. Запрос на отправку данных клиенту: /0:0:0:0:0:0:0:1 По запросу №1 Объем файла: 0байт
Mon Dec 18 08:16:57 IRKT 2017. FTP SERVER. Запущен процесс отправки данных клиенту: /0:0:0:0:0:0:0:1 Номер сеанса: 6
Mon Dec 18 08:16:57 IRKT 2017. FTP SERVER. Отправка данных клиенту: /0:0:0:0:0:0:0:1 успешно завершена!
Mon Dec 18 08:16:57 IRKT 2017. FTP SERVER. Новое соединение: /0:0:0:0:0:0:0:1
Mon Dec 18 08:16:57 IRKT 2017. FTP SERVER. Запрос на отправку данных клиенту: /0:0:0:0:0:0:0:1 По запросу №1 Объем файла: 0байт
Mon Dec 18 08:16:57 IRKT 2017. FTP SERVER. Запущен процесс отправки данных клиенту: /0:0:0:0:0:0:0:1 Номер сеанса: 7
Mon Dec 18 08:16:57 IRKT 2017. FTP SERVER. Отправка данных клиенту: /0:0:0:0:0:0:0:1 успешно завершена!
Mon Dec 18 08:16:57 IRKT 2017. FTP SERVER. Новое соединение: /0:0:0:0:0:0:0:1
Mon Dec 18 08:16:57 IRKT 2017. FTP SERVER. Запрос на отправку данных клиенту: /0:0:0:0:0:0:0:1 По запросу №1 Объем файла: 0байт
Mon Dec 18 08:16:57 IRKT 2017. FTP SERVER. Запущен процесс отправки данных клиенту: /0:0:0:0:0:0:0:1 Номер сеанса: 8
Mon Dec 18 08:16:57 IRKT 2017. FTP SERVER. Отправка данных клиенту: /0:0:0:0:0:0:0:1 успешно завершена!
Mon Dec 18 08:16:57 IRKT 2017. FTP SERVER. Новое соединение: /0:0:0:0:0:0:0:1
Mon Dec 18 08:16:57 IRKT 2017. FTP SERVER. Запрос на отправку данных клиенту: /0:0:0:0:0:0:0:1 По запросу №1 Объем файла: 0байт
Mon Dec 18 08:16:57 IRKT 2017. FTP SERVER. Запущен процесс отправки данных клиенту: /0:0:0:0:0:0:0:1 Номер сеанса: 9
Mon Dec 18 08:16:57 IRKT 2017. FTP SERVER. Отправка данных клиенту: /0:0:0:0:0:0:0:1 успешно завершена!
Mon Dec 18 08:16:57 IRKT 2017. FTP SERVER. Новое соединение: /0:0:0:0:0:0:0:1
Mon Dec 18 08:16:57 IRKT 2017. FTP SERVER. Запрос на отправку данных клиенту: /0:0:0:0:0:0:0:1 По запросу №1 Объем файла: 614байт
Mon Dec 18 08:16:57 IRKT 2017. FTP SERVER. Запущен процесс отправки данных клиенту: /0:0:0:0:0:0:0:1 Номер сеанса: 10
Mon Dec 18 08:16:57 IRKT 2017. FTP SERVER. Отправка данных клиенту: /0:0:0:0:0:0:0:1 успешно завершена!
Mon Dec 18 08:16:57 IRKT 2017. FTP SERVER. Новое соединение: /0:0:0:0:0:0:0:1
Mon Dec 18 08:16:57 IRKT 2017. FTP SERVER. Запрос на отправку данных клиенту: /0:0:0:0:0:0:0:1 По запросу №1 Объем файла: 2056байт
Mon Dec 18 08:16:57 IRKT 2017. FTP SERVER. Запущен процесс отправки данных клиенту: /0:0:0:0:0:0:0:1 Номер сеанса: 11
Mon Dec 18 08:16:57 IRKT 2017. FTP SERVER. Отправка данных клиенту: /0:0:0:0:0:0:0:1 успешно завершена!
Mon Dec 18 08:16:57 IRKT 2017. FTP SERVER. Новое соединение: /0:0:0:0:0:0:0:1
Mon Dec 18 08:16:57 IRKT 2017. FTP SERVER. Запрос на отправку данных клиенту: /0:0:0:0:0:0:0:1 По запросу №1 Объем файла: 193байт
Mon Dec 18 08:16:57 IRKT 2017. FTP SERVER. Запущен процесс отправки данных клиенту: /0:0:0:0:0:0:0:1 Номер сеанса: 12
Mon Dec 18 08:16:57 IRKT 2017. FTP SERVER. Отправка данных клиенту: /0:0:0:0:0:0:0:1 успешно завершена!
Mon Dec 18 08:16:57 IRKT 2017. FTP SERVER. Новое соединение: /0:0:0:0:0:0:0:1
Mon Dec 18 08:16:57 IRKT 2017. FTP SERVER. Запрос на отправку данных клиенту: /0:0:0:0:0:0:0:1 По запросу №1 Объем файла: 316байт
Mon Dec 18 08:16:57 IRKT 2017. FTP SERVER. Запущен процесс отправки данных клиенту: /0:0:0:0:0:0:0:1 Номер сеанса: 13
Mon Dec 18 08:16:57 IRKT 2017. FTP SERVER. Отправка данных клиенту: /0:0:0:0:0:0:0:1 успешно завершена!
Mon Dec 18 08:16:57 IRKT 2017. FTP SERVER. Новое соединение: /0:0:0:0:0:0:0:1
Mon Dec 18 08:16:57 IRKT 2017. FTP SERVER. Запрос на отправку данных клиенту: /0:0:0:0:0:0:0:1 По запросу №1 Объем файла: 370байт
Mon Dec 18 08:16:57 IRKT 2017. FTP SERVER. Запущен процесс отправки данных клиенту: /0:0:0:0:0:0:0:1 Номер сеанса: 14
Mon Dec 18 08:16:57 IRKT 2017. FTP SERVER. Отправка данных клиенту: /0:0:0:0:0:0:0:1 успешно завершена!
Mon Dec 18 08:16:57 IRKT 2017. FTP SERVER. Новое соединение: /0:0:0:0:0:0:0:1
Mon Dec 18 08:16:57 IRKT 2017. FTP SERVER. Запрос на отправку данных клиенту: /0:0:0:0:0:0:0:1 По запросу №1 Объем файла: 253байт
Mon Dec 18 08:16:57 IRKT 2017. FTP SERVER. Запущен процесс отправки данных клиенту: /0:0:0:0:0:0:0:1 Номер сеанса: 15
Mon Dec 18 08:16:57 IRKT 2017. FTP SERVER. Отправка данных клиенту: /0:0:0:0:0:0:0:1 успешно завершена!
Mon Dec 18 08:16:57 IRKT 2017. FTP SERVER. Новое соединение: /0:0:0:0:0:0:0:1
Mon Dec 18 08:16:57 IRKT 2017. FTP SERVER. Запрос на отправку данных клиенту: /0:0:0:0:0:0:0:1 По запросу №1 Объем файла: 319байт
Mon Dec 18 08:16:57 IRKT 2017. FTP SERVER. Запущен процесс отправки данных клиенту: /0:0:0:0:0:0:0:1 Номер сеанса: 16
Mon Dec 18 08:16:57 IRKT 2017. FTP SERVER. Отправка данных клиенту: /0:0:0:0:0:0:0:1 успешно завершена!
Mon Dec 18 08:16:57 IRKT 2017. FTP SERVER. Новое соединение: /0:0:0:0:0:0:0:1
Mon Dec 18 08:16:57 IRKT 2017. FTP SERVER. Запрос на отправку данных клиенту: /0:0:0:0:0:0:0:1 По запросу №1 Объем файла: 439байт
Mon Dec 18 08:16:57 IRKT 2017. FTP SERVER. Запущен процесс отправки данных клиенту: /0:0:0:0:0:0:0:1 Номер сеанса: 17
Mon Dec 18 08:16:57 IRKT 2017. FTP SERVER. Отправка данных клиенту: /0:0:0:0:0:0:0:1 успешно завершена!
Mon Dec 18 08:16:57 IRKT 2017. FTP SERVER. Новое соединение: /0:0:0:0:0:0:0:1
Mon Dec 18 08:16:57 IRKT 2017. FTP SERVER. Запрос на отправку данных клиенту: /0:0:0:0:0:0:0:1 По запросу №1 Объем файла: 16958байт
Mon Dec 18 08:16:57 IRKT 2017. FTP SERVER. Запущен процесс отправки данных клиенту: /0:0:0:0:0:0:0:1 Номер сеанса: 18
Mon Dec 18 08:16:57 IRKT 2017. FTP SERVER. Отправка данных клиенту: /0:0:0:0:0:0:0:1 успешно завершена!
Mon Dec 18 08:16:57 IRKT 2017. FTP SERVER. Новое соединение: /0:0:0:0:0:0:0:1
Mon Dec 18 08:16:57 IRKT 2017. FTP SERVER. Запрос на отправку данных клиенту: /0:0:0:0:0:0:0:1 По запросу №1 Объем файла: 300байт
Mon Dec 18 08:16:57 IRKT 2017. FTP SERVER. Запущен процесс отправки данных клиенту: /0:0:0:0:0:0:0:1 Номер сеанса: 19
Mon Dec 18 08:16:57 IRKT 2017. FTP SERVER. Отправка данных клиенту: /0:0:0:0:0:0:0:1 успешно завершена!
Mon Dec 18 08:16:57 IRKT 2017. FTP SERVER. Новое соединение: /0:0:0:0:0:0:0:1
Mon Dec 18 08:16:57 IRKT 2017. FTP SERVER. Запрос на отправку данных клиенту: /0:0:0:0:0:0:0:1 По запросу №1 Объем файла: 4286байт
Mon Dec 18 08:16:57 IRKT 2017. FTP SERVER. Запущен процесс отправки данных клиенту: /0:0:0:0:0:0:0:1 Номер сеанса: 20
Mon Dec 18 08:16:57 IRKT 2017. FTP SERVER. Отправка данных клиенту: /0:0:0:0:0:0:0:1 успешно завершена!
Mon Dec 18 08:16:57 IRKT 2017. FTP SERVER. Новое соединение: /0:0:0:0:0:0:0:1
Mon Dec 18 08:16:57 IRKT 2017. FTP SERVER. Запрос на отправку данных клиенту: /0:0:0:0:0:0:0:1 По запросу №1 Объем файла: 800байт
Mon Dec 18 08:16:57 IRKT 2017. FTP SERVER. Запущен процесс отправки данных клиенту: /0:0:0:0:0:0:0:1 Номер сеанса: 21
Mon Dec 18 08:16:57 IRKT 2017. FTP SERVER. Отправка данных клиенту: /0:0:0:0:0:0:0:1 успешно завершена!
Mon Dec 18 08:16:57 IRKT 2017. FTP SERVER. Новое соединение: /0:0:0:0:0:0:0:1
Mon Dec 18 08:16:57 IRKT 2017. FTP SERVER. Запрос на отправку данных клиенту: /0:0:0:0:0:0:0:1 По запросу №1 Объем файла: 1742байт
Mon Dec 18 08:16:57 IRKT 2017. FTP SERVER. Запущен процесс отправки данных клиенту: /0:0:0:0:0:0:0:1 Номер сеанса: 22
Mon Dec 18 08:16:57 IRKT 2017. FTP SERVER. Отправка данных клиенту: /0:0:0:0:0:0:0:1 успешно завершена!
Mon Dec 18 08:16:57 IRKT 2017. FTP SERVER. Новое соединение: /0:0:0:0:0:0:0:1
Mon Dec 18 08:16:57 IRKT 2017. FTP SERVER. Запрос на отправку данных клиенту: /0:0:0:0:0:0:0:1 По запросу №1 Объем файла: 67646байт
Mon Dec 18 08:16:57 IRKT 2017. FTP SERVER. Запущен процесс отправки данных клиенту: /0:0:0:0:0:0:0:1 Номер сеанса: 23
Mon Dec 18 08:16:57 IRKT 2017. FTP SERVER. Сессия получения файла была завершена с клиентом /0:0:0:0:0:0:0:1 Номер сеанса: 23 Connection reset
Mon Dec 18 08:16:57 IRKT 2017. FTP SERVER. Новое соединение: /0:0:0:0:0:0:0:1
Mon Dec 18 08:16:57 IRKT 2017. FTP SERVER. Запрос на отправку данных клиенту: /0:0:0:0:0:0:0:1 По запросу №1 Объем файла: 1607байт
Mon Dec 18 08:16:57 IRKT 2017. FTP SERVER. Запущен процесс отправки данных клиенту: /0:0:0:0:0:0:0:1 Номер сеанса: 24
Mon Dec 18 08:16:57 IRKT 2017. FTP SERVER. Отправка данных клиенту: /0:0:0:0:0:0:0:1 успешно завершена!
Mon Dec 18 08:16:57 IRKT 2017. FTP SERVER. Новое соединение: /0:0:0:0:0:0:0:1
Mon Dec 18 08:16:57 IRKT 2017. FTP SERVER. Запрос на отправку данных клиенту: /0:0:0:0:0:0:0:1 По запросу №1 Объем файла: 284байт
Mon Dec 18 08:16:57 IRKT 2017. FTP SERVER. Запущен процесс отправки данных клиенту: /0:0:0:0:0:0:0:1 Номер сеанса: 25
Mon Dec 18 08:16:57 IRKT 2017. FTP SERVER. Отправка данных клиенту: /0:0:0:0:0:0:0:1 успешно завершена!
Mon Dec 18 08:16:57 IRKT 2017. FTP SERVER. Новое соединение: /0:0:0:0:0:0:0:1
Mon Dec 18 08:16:57 IRKT 2017. FTP SERVER. Запрос на отправку данных клиенту: /0:0:0:0:0:0:0:1 По запросу №1 Объем файла: 284байт
Mon Dec 18 08:16:57 IRKT 2017. FTP SERVER. Запущен процесс отправки данных клиенту: /0:0:0:0:0:0:0:1 Номер сеанса: 26
Mon Dec 18 08:16:57 IRKT 2017. FTP SERVER. Отправка данных клиенту: /0:0:0:0:0:0:0:1 успешно завершена!
Mon Dec 18 08:16:57 IRKT 2017. FTP SERVER. Новое соединение: /0:0:0:0:0:0:0:1
Mon Dec 18 08:16:57 IRKT 2017. FTP SERVER. Запрос на отправку данных клиенту: /0:0:0:0:0:0:0:1 По запросу №1 Объем файла: 191байт
Mon Dec 18 08:16:57 IRKT 2017. FTP SERVER. Запущен процесс отправки данных клиенту: /0:0:0:0:0:0:0:1 Номер сеанса: 27
Mon Dec 18 08:16:57 IRKT 2017. FTP SERVER. Отправка данных клиенту: /0:0:0:0:0:0:0:1 успешно завершена!
Mon Dec 18 08:16:57 IRKT 2017. FTP SERVER. Новое соединение: /0:0:0:0:0:0:0:1
Mon Dec 18 08:16:57 IRKT 2017. FTP SERVER. Запрос на отправку данных клиенту: /0:0:0:0:0:0:0:1 По запросу №1 Объем файла: 1372байт
Mon Dec 18 08:16:57 IRKT 2017. FTP SERVER. Запущен процесс отправки данных клиенту: /0:0:0:0:0:0:0:1 Номер сеанса: 28
Mon Dec 18 08:16:57 IRKT 2017. FTP SERVER. Отправка данных клиенту: /0:0:0:0:0:0:0:1 успешно завершена!
Mon Dec 18 08:16:57 IRKT 2017. FTP SERVER. Новое соединение: /0:0:0:0:0:0:0:1
Mon Dec 18 08:16:57 IRKT 2017. FTP SERVER. Запрос на отправку данных клиенту: /0:0:0:0:0:0:0:1 По запросу №1 Объем файла: 1474байт
Mon Dec 18 08:16:57 IRKT 2017. FTP SERVER. Запущен процесс отправки данных клиенту: /0:0:0:0:0:0:0:1 Номер сеанса: 29
Mon Dec 18 08:16:57 IRKT 2017. FTP SERVER. Отправка данных клиенту: /0:0:0:0:0:0:0:1 успешно завершена!
Mon Dec 18 08:16:57 IRKT 2017. FTP SERVER. Новое соединение: /0:0:0:0:0:0:0:1
Mon Dec 18 08:16:57 IRKT 2017. FTP SERVER. Запрос на отправку данных клиенту: /0:0:0:0:0:0:0:1 По запросу №1 Объем файла: 471байт
Mon Dec 18 08:16:57 IRKT 2017. FTP SERVER. Запущен процесс отправки данных клиенту: /0:0:0:0:0:0:0:1 Номер сеанса: 30
Mon Dec 18 08:16:57 IRKT 2017. FTP SERVER. Отправка данных клиенту: /0:0:0:0:0:0:0:1 успешно завершена!
Mon Dec 18 08:16:57 IRKT 2017. FTP SERVER. Новое соединение: /0:0:0:0:0:0:0:1
Mon Dec 18 08:16:57 IRKT 2017. FTP SERVER. Запрос на отправку данных клиенту: /0:0:0:0:0:0:0:1 По запросу №1 Объем файла: 271байт
Mon Dec 18 08:16:57 IRKT 2017. FTP SERVER. Запущен процесс отправки данных клиенту: /0:0:0:0:0:0:0:1 Номер сеанса: 31
Mon Dec 18 08:16:57 IRKT 2017. FTP SERVER. Отправка данных клиенту: /0:0:0:0:0:0:0:1 успешно завершена!
Mon Dec 18 08:16:57 IRKT 2017. FTP SERVER. Новое соединение: /0:0:0:0:0:0:0:1
Mon Dec 18 08:16:57 IRKT 2017. FTP SERVER. Запрос на отправку данных клиенту: /0:0:0:0:0:0:0:1 По запросу №1 Объем файла: 219байт
Mon Dec 18 08:16:57 IRKT 2017. FTP SERVER. Запущен процесс отправки данных клиенту: /0:0:0:0:0:0:0:1 Номер сеанса: 32
Mon Dec 18 08:16:57 IRKT 2017. FTP SERVER. Отправка данных клиенту: /0:0:0:0:0:0:0:1 успешно завершена!
Mon Dec 18 08:16:57 IRKT 2017. FTP SERVER. Новое соединение: /0:0:0:0:0:0:0:1
Mon Dec 18 08:16:57 IRKT 2017. FTP SERVER. Запрос на отправку данных клиенту: /0:0:0:0:0:0:0:1 По запросу №1 Объем файла: 267байт
Mon Dec 18 08:16:57 IRKT 2017. FTP SERVER. Запущен процесс отправки данных клиенту: /0:0:0:0:0:0:0:1 Номер сеанса: 33
Mon Dec 18 08:16:57 IRKT 2017. FTP SERVER. Отправка данных клиенту: /0:0:0:0:0:0:0:1 успешно завершена!
Mon Dec 18 08:16:57 IRKT 2017. FTP SERVER. Новое соединение: /0:0:0:0:0:0:0:1
Mon Dec 18 08:16:57 IRKT 2017. FTP SERVER. Запрос на отправку данных клиенту: /0:0:0:0:0:0:0:1 По запросу №1 Объем файла: 748байт
Mon Dec 18 08:16:57 IRKT 2017. FTP SERVER. Запущен процесс отправки данных клиенту: /0:0:0:0:0:0:0:1 Номер сеанса: 34
Mon Dec 18 08:16:57 IRKT 2017. FTP SERVER. Отправка данных клиенту: /0:0:0:0:0:0:0:1 успешно завершена!
Mon Dec 18 08:16:57 IRKT 2017. FTP SERVER. Новое соединение: /0:0:0:0:0:0:0:1
Mon Dec 18 08:16:57 IRKT 2017. FTP SERVER. Запрос на отправку данных клиенту: /0:0:0:0:0:0:0:1 По запросу №1 Объем файла: 1034байт
Mon Dec 18 08:16:57 IRKT 2017. FTP SERVER. Запущен процесс отправки данных клиенту: /0:0:0:0:0:0:0:1 Номер сеанса: 35
Mon Dec 18 08:16:57 IRKT 2017. FTP SERVER. Отправка данных клиенту: /0:0:0:0:0:0:0:1 успешно завершена!
Mon Dec 18 08:16:57 IRKT 2017. FTP SERVER. Новое соединение: /0:0:0:0:0:0:0:1
Mon Dec 18 08:16:57 IRKT 2017. FTP SERVER. Запрос на отправку данных клиенту: /0:0:0:0:0:0:0:1 По запросу №1 Объем файла: 67646байт
Mon Dec 18 08:16:57 IRKT 2017. FTP SERVER. Запущен процесс отправки данных клиенту: /0:0:0:0:0:0:0:1 Номер сеанса: 36
Mon Dec 18 08:16:57 IRKT 2017. FTP SERVER. Сессия получения файла была завершена с клиентом /0:0:0:0:0:0:0:1 Номер сеанса: 36 Connection reset
Mon Dec 18 08:16:57 IRKT 2017. FTP SERVER. Новое соединение: /0:0:0:0:0:0:0:1
Mon Dec 18 08:16:57 IRKT 2017. FTP SERVER. Запрос на отправку данных клиенту: /0:0:0:0:0:0:0:1 По запросу №1 Объем файла: 2797байт
Mon Dec 18 08:16:57 IRKT 2017. FTP SERVER. Запущен процесс отправки данных клиенту: /0:0:0:0:0:0:0:1 Номер сеанса: 37
Mon Dec 18 08:16:57 IRKT 2017. FTP SERVER. Отправка данных клиенту: /0:0:0:0:0:0:0:1 успешно завершена!
Mon Dec 18 08:16:57 IRKT 2017. FTP SERVER. Новое соединение: /0:0:0:0:0:0:0:1
Mon Dec 18 08:16:57 IRKT 2017. FTP SERVER. Запрос на отправку данных клиенту: /0:0:0:0:0:0:0:1 По запросу №1 Объем файла: 198байт
Mon Dec 18 08:16:57 IRKT 2017. FTP SERVER. Запущен процесс отправки данных клиенту: /0:0:0:0:0:0:0:1 Номер сеанса: 38
Mon Dec 18 08:16:57 IRKT 2017. FTP SERVER. Отправка данных клиенту: /0:0:0:0:0:0:0:1 успешно завершена!
Mon Dec 18 08:16:57 IRKT 2017. FTP SERVER. Новое соединение: /0:0:0:0:0:0:0:1
Mon Dec 18 08:16:57 IRKT 2017. FTP SERVER. Запрос на отправку данных клиенту: /0:0:0:0:0:0:0:1 По запросу №1 Объем файла: 240байт
Mon Dec 18 08:16:57 IRKT 2017. FTP SERVER. Запущен процесс отправки данных клиенту: /0:0:0:0:0:0:0:1 Номер сеанса: 39
Mon Dec 18 08:16:57 IRKT 2017. FTP SERVER. Отправка данных клиенту: /0:0:0:0:0:0:0:1 успешно завершена!
Mon Dec 18 08:16:58 IRKT 2017. FTP SERVER. Новое соединение: /0:0:0:0:0:0:0:1
Mon Dec 18 08:16:58 IRKT 2017. FTP SERVER. Запрос на отправку данных клиенту: /0:0:0:0:0:0:0:1 По запросу №1 Объем файла: 127байт
Mon Dec 18 08:16:58 IRKT 2017. FTP SERVER. Запущен процесс отправки данных клиенту: /0:0:0:0:0:0:0:1 Номер сеанса: 40
Mon Dec 18 08:16:58 IRKT 2017. FTP SERVER. Отправка данных клиенту: /0:0:0:0:0:0:0:1 успешно завершена!
Mon Dec 18 08:16:58 IRKT 2017. FTP SERVER. Новое соединение: /0:0:0:0:0:0:0:1
Mon Dec 18 08:16:58 IRKT 2017. FTP SERVER. Запрос на отправку данных клиенту: /0:0:0:0:0:0:0:1 По запросу №1 Объем файла: 4286байт
Mon Dec 18 08:16:58 IRKT 2017. FTP SERVER. Запущен процесс отправки данных клиенту: /0:0:0:0:0:0:0:1 Номер сеанса: 41
Mon Dec 18 08:16:58 IRKT 2017. FTP SERVER. Отправка данных клиенту: /0:0:0:0:0:0:0:1 успешно завершена!
Mon Dec 18 08:16:58 IRKT 2017. FTP SERVER. Новое соединение: /0:0:0:0:0:0:0:1
Mon Dec 18 08:16:58 IRKT 2017. FTP SERVER. Запрос на отправку данных клиенту: /0:0:0:0:0:0:0:1 По запросу №1 Объем файла: 870байт
Mon Dec 18 08:16:58 IRKT 2017. FTP SERVER. Запущен процесс отправки данных клиенту: /0:0:0:0:0:0:0:1 Номер сеанса: 42
Mon Dec 18 08:16:58 IRKT 2017. FTP SERVER. Отправка данных клиенту: /0:0:0:0:0:0:0:1 успешно завершена!
Mon Dec 18 08:16:58 IRKT 2017. FTP SERVER. Новое соединение: /0:0:0:0:0:0:0:1
Mon Dec 18 08:16:58 IRKT 2017. FTP SERVER. Запрос на отправку данных клиенту: /0:0:0:0:0:0:0:1 По запросу №1 Объем файла: 1316байт
Mon Dec 18 08:16:58 IRKT 2017. FTP SERVER. Запущен процесс отправки данных клиенту: /0:0:0:0:0:0:0:1 Номер сеанса: 43
Mon Dec 18 08:16:58 IRKT 2017. FTP SERVER. Отправка данных клиенту: /0:0:0:0:0:0:0:1 успешно завершена!
Mon Dec 18 08:16:58 IRKT 2017. FTP SERVER. Новое соединение: /0:0:0:0:0:0:0:1
Mon Dec 18 08:16:58 IRKT 2017. FTP SERVER. Запрос на отправку данных клиенту: /0:0:0:0:0:0:0:1 По запросу №1 Объем файла: 370байт
Mon Dec 18 08:16:58 IRKT 2017. FTP SERVER. Запущен процесс отправки данных клиенту: /0:0:0:0:0:0:0:1 Номер сеанса: 44
Mon Dec 18 08:16:58 IRKT 2017. FTP SERVER. Отправка данных клиенту: /0:0:0:0:0:0:0:1 успешно завершена!
Mon Dec 18 08:16:58 IRKT 2017. FTP SERVER. Новое соединение: /0:0:0:0:0:0:0:1
Mon Dec 18 08:16:58 IRKT 2017. FTP SERVER. Запрос на отправку данных клиенту: /0:0:0:0:0:0:0:1 По запросу №1 Объем файла: 219байт
Mon Dec 18 08:16:58 IRKT 2017. FTP SERVER. Запущен процесс отправки данных клиенту: /0:0:0:0:0:0:0:1 Номер сеанса: 45
Mon Dec 18 08:16:58 IRKT 2017. FTP SERVER. Отправка данных клиенту: /0:0:0:0:0:0:0:1 успешно завершена!
Mon Dec 18 08:16:58 IRKT 2017. FTP SERVER. Новое соединение: /0:0:0:0:0:0:0:1
Mon Dec 18 08:16:58 IRKT 2017. FTP SERVER. Запрос на отправку данных клиенту: /0:0:0:0:0:0:0:1 По запросу №1 Объем файла: 520байт
Mon Dec 18 08:16:58 IRKT 2017. FTP SERVER. Запущен процесс отправки данных клиенту: /0:0:0:0:0:0:0:1 Номер сеанса: 46
Mon Dec 18 08:16:58 IRKT 2017. FTP SERVER. Отправка данных клиенту: /0:0:0:0:0:0:0:1 успешно завершена!
Mon Dec 18 08:17:34 IRKT 2017. FTP SERVER. Новое соединение: /0:0:0:0:0:0:0:1
Mon Dec 18 08:17:34 IRKT 2017. FTP SERVER. Запрос на отправку данных клиенту: /0:0:0:0:0:0:0:1 По запросу №2 Объем файла: 3байт
Mon Dec 18 08:17:34 IRKT 2017. FTP SERVER. Запущен процесс отправки данных клиенту: /0:0:0:0:0:0:0:1 Номер сеанса: 47
Mon Dec 18 08:17:34 IRKT 2017. FTP SERVER. Отправка данных клиенту: /0:0:0:0:0:0:0:1 успешно завершена!
Mon Dec 18 08:19:21 IRKT 2017. FTP SERVER. Новое соединение: /0:0:0:0:0:0:0:1
Mon Dec 18 08:19:21 IRKT 2017. FTP SERVER. Запрос на отправку данных клиенту: /0:0:0:0:0:0:0:1 По запросу №2 Объем файла: 10байт
Mon Dec 18 08:19:21 IRKT 2017. FTP SERVER. Запущен процесс отправки данных клиенту: /0:0:0:0:0:0:0:1 Номер сеанса: 48
Mon Dec 18 08:19:21 IRKT 2017. FTP SERVER. Отправка данных клиенту: /0:0:0:0:0:0:0:1 успешно завершена!
Mon Dec 18 08:29:35 IRKT 2017. FTP SERVER. Новое соединение: /0:0:0:0:0:0:0:1
Mon Dec 18 08:29:35 IRKT 2017. FTP SERVER. Запрос на отправку данных клиенту: /0:0:0:0:0:0:0:1 По запросу №2 Объем файла: 10байт
Mon Dec 18 08:29:35 IRKT 2017. FTP SERVER. Запущен процесс отправки данных клиенту: /0:0:0:0:0:0:0:1 Номер сеанса: 49
Mon Dec 18 08:29:35 IRKT 2017. FTP SERVER. Отправка данных клиенту: /0:0:0:0:0:0:0:1 успешно завершена!
Mon Dec 18 16:52:46 IRKT 2017. FTP SERVER. Новое соединение: /fe80:0:0:0:ac76:3be5:a64d:6de3%2
Mon Dec 18 16:52:46 IRKT 2017. FTP SERVER. Запрос на отправку данных клиенту: /fe80:0:0:0:ac76:3be5:a64d:6de3%2 По запросу №2 Объем файла: 3байт
Mon Dec 18 16:52:46 IRKT 2017. FTP SERVER. Запущен процесс отправки данных клиенту: /fe80:0:0:0:ac76:3be5:a64d:6de3%2 Номер сеанса: 50
Mon Dec 18 16:52:46 IRKT 2017. FTP SERVER. Отправка данных клиенту: /fe80:0:0:0:ac76:3be5:a64d:6de3%2 успешно завершена!
