Thu Dec 21 17:01:51 IRKT 2017 Сервер ЕЭИСЦ успешно запущен:
Порт обмена сообщений - 6500
Порт файлового обмена - 6502

Thu Dec 21 17:02:17 IRKT 2017. FAST SERVER. Авторизация пользователя с сервером ) Номер запроса: 1 Имя пользователя: contact
Thu Dec 21 17:02:17 IRKT 2017. FAST SERVER. Запрос успешно выполнен, отправление данных: 1
Thu Dec 21 17:02:17 IRKT 2017. FAST SERVER. Обработка запроса на получение всех файловых систем 2
Thu Dec 21 17:02:17 IRKT 2017. FAST SERVER. Запрос успешно выполнен, отправление данных: 2
Thu Dec 21 17:02:17 IRKT 2017. FAST SERVER. Запрос успешно выполнен, отправление данных: 3
Thu Dec 21 17:02:19 IRKT 2017. FAST SERVER. Обработка запроса на получение содержимого файла 4
Thu Dec 21 17:02:19 IRKT 2017. FAST SERVER. Обработка запроса на получение файла по пути: C:\Users\admin\Desktop\Инструкции\gethostid.txt) Номер запроса: 4
Thu Dec 21 17:02:19 IRKT 2017. FAST SERVER. Запрос успешно выполнен, отправление данных: 4
Thu Dec 21 17:02:19 IRKT 2017. FAST SERVER. Запрос успешно выполнен, отправление данных: 5
Thu Dec 21 17:02:20 IRKT 2017. FAST SERVER. Обработка запроса на получение содержимого файла 6
Thu Dec 21 17:02:20 IRKT 2017. FAST SERVER. Обработка запроса на получение файла по пути: C:\Users\admin\Desktop\Инструкции\dadsadvx.txt) Номер запроса: 6
Thu Dec 21 17:02:20 IRKT 2017. FAST SERVER. Запрос успешно выполнен, отправление данных: 6
Thu Dec 21 17:02:21 IRKT 2017. FAST SERVER. Запрос успешно выполнен, отправление данных: 7
Thu Dec 21 17:02:21 IRKT 2017. FAST SERVER. Обработка запроса на получение содержимого файла 8
Thu Dec 21 17:02:21 IRKT 2017. FAST SERVER. Обработка запроса на получение файла по пути: C:\Users\admin\Desktop\Инструкции\dasd\README.txt) Номер запроса: 8
Thu Dec 21 17:02:21 IRKT 2017. FAST SERVER. Запрос успешно выполнен, отправление данных: 8
Thu Dec 21 17:02:23 IRKT 2017. FAST SERVER. Обработка запроса на получение содержимого файла 9
Thu Dec 21 17:02:23 IRKT 2017. FAST SERVER. Обработка запроса на получение файла по пути: C:\Users\admin\Desktop\Инструкции\диплом2.pdf) Номер запроса: 9
Thu Dec 21 17:02:23 IRKT 2017. FAST SERVER. Запрос успешно выполнен, отправление данных: 9
Thu Dec 21 17:02:25 IRKT 2017. FAST SERVER. Запрос успешно выполнен, отправление данных: 10
Thu Dec 21 17:02:27 IRKT 2017. FAST SERVER. Обработка запроса на получение содержимого файла 11
Thu Dec 21 17:02:27 IRKT 2017. FAST SERVER. Обработка запроса на получение файла по пути: C:\Users\admin\Desktop\Инструкции\ИнформацияИЭСБК\documentum.docx) Номер запроса: 11
Thu Dec 21 17:02:27 IRKT 2017. FAST SERVER. Запрос успешно выполнен, отправление данных: 11
Thu Dec 21 17:02:28 IRKT 2017. FAST SERVER. Запрос успешно выполнен, отправление данных: 12
Thu Dec 21 17:02:29 IRKT 2017. FAST SERVER. Обработка запроса на получение содержимого файла 13
Thu Dec 21 17:02:29 IRKT 2017. FAST SERVER. Обработка запроса на получение файла по пути: C:\Users\admin\Desktop\Инструкции\ИнформацияИЭСБК\maven21.docx) Номер запроса: 13
Thu Dec 21 17:02:29 IRKT 2017. FAST SERVER. Запрос успешно выполнен, отправление данных: 13
Thu Dec 21 17:02:30 IRKT 2017. FAST SERVER. Запрос успешно выполнен, отправление данных: 14
Thu Dec 21 17:02:31 IRKT 2017. FAST SERVER. Обработка запроса на получение содержимого файла 15
Thu Dec 21 17:02:31 IRKT 2017. FAST SERVER. Обработка запроса на получение файла по пути: C:\Users\admin\Desktop\Инструкции\ИнформацияИЭСБК\VER.txt) Номер запроса: 15
Thu Dec 21 17:02:31 IRKT 2017. FAST SERVER. Запрос успешно выполнен, отправление данных: 15
Thu Dec 21 17:02:32 IRKT 2017. FAST SERVER. Запрос успешно выполнен, отправление данных: 16
Thu Dec 21 17:02:32 IRKT 2017. FAST SERVER. Обработка запроса на получение содержимого файла 17
Thu Dec 21 17:02:32 IRKT 2017. FAST SERVER. Обработка запроса на получение файла по пути: C:\Users\admin\Desktop\Инструкции\ИнформацияИЭСБК\Инструкция Заявки.doc) Номер запроса: 17
Thu Dec 21 17:02:32 IRKT 2017. FAST SERVER. Запрос успешно выполнен, отправление данных: 17
Thu Dec 21 17:02:34 IRKT 2017. FAST SERVER. Обработка запроса на получение содержимого файла 18
Thu Dec 21 17:02:34 IRKT 2017. FAST SERVER. Обработка запроса на получение файла по пути: C:\Users\admin\Desktop\Инструкции\ИнформацияИЭСБК\Инструкция Платежный документ 354.doc) Номер запроса: 18
Thu Dec 21 17:02:34 IRKT 2017. FAST SERVER. Запрос успешно выполнен, отправление данных: 18
Thu Dec 21 17:02:34 IRKT 2017. FAST SERVER. Запрос успешно выполнен, отправление данных: 19
Thu Dec 21 17:02:35 IRKT 2017. FAST SERVER. Обработка запроса на получение содержимого файла 20
Thu Dec 21 17:02:35 IRKT 2017. FAST SERVER. Обработка запроса на получение файла по пути: C:\Users\admin\Desktop\Инструкции\ИнформацияИЭСБК\РП.docx) Номер запроса: 20
Thu Dec 21 17:02:35 IRKT 2017. FAST SERVER. Запрос успешно выполнен, отправление данных: 20
Thu Dec 21 17:02:36 IRKT 2017. FAST SERVER. Запрос успешно выполнен, отправление данных: 21
Thu Dec 21 17:02:38 IRKT 2017. FAST SERVER. Запрос успешно выполнен, отправление данных: 22
Thu Dec 21 17:07:20 IRKT 2017. FAST SERVER. Авторизация пользователя с сервером ) Номер запроса: 23 Имя пользователя: contact
Thu Dec 21 17:07:20 IRKT 2017. FAST SERVER. Запрос успешно выполнен, отправление данных: 23
Thu Dec 21 17:07:20 IRKT 2017. FAST SERVER. Обработка запроса на получение всех файловых систем 24
Thu Dec 21 17:07:20 IRKT 2017. FAST SERVER. Запрос успешно выполнен, отправление данных: 24
Thu Dec 21 17:07:20 IRKT 2017. FAST SERVER. Запрос успешно выполнен, отправление данных: 25
Thu Dec 21 17:07:22 IRKT 2017. FAST SERVER. Запрос успешно выполнен, отправление данных: 26
Thu Dec 21 17:07:23 IRKT 2017. FAST SERVER. Обработка запроса на получение содержимого файла 27
Thu Dec 21 17:07:23 IRKT 2017. FAST SERVER. Обработка запроса на получение файла по пути: C:\Users\admin\Desktop\Инструкции\фывавмч.doc) Номер запроса: 27
Thu Dec 21 17:07:23 IRKT 2017. FAST SERVER. Запрос успешно выполнен, отправление данных: 27
Thu Dec 21 17:07:24 IRKT 2017. FAST SERVER. Запрос успешно выполнен, отправление данных: 28
Thu Dec 21 17:07:26 IRKT 2017. FAST SERVER. Запрос успешно выполнен, отправление данных: 29
Thu Dec 21 17:07:27 IRKT 2017. FAST SERVER. Обработка запроса на получение содержимого файла 30
Thu Dec 21 17:07:27 IRKT 2017. FAST SERVER. Обработка запроса на получение файла по пути: C:\Users\admin\Desktop\Инструкции\СписокНедостатков.xls) Номер запроса: 30
Thu Dec 21 17:07:27 IRKT 2017. FAST SERVER. Запрос успешно выполнен, отправление данных: 30
Thu Dec 21 17:07:30 IRKT 2017. FAST SERVER. Запрос успешно выполнен, отправление данных: 31
Thu Dec 21 17:07:32 IRKT 2017. FAST SERVER. Запрос успешно выполнен, отправление данных: 32
Thu Dec 21 17:07:35 IRKT 2017. FAST SERVER. Запрос успешно выполнен, отправление данных: 33
Thu Dec 21 17:07:35 IRKT 2017. FAST SERVER. Обработка запроса на получение содержимого файла 34
Thu Dec 21 17:07:35 IRKT 2017. FAST SERVER. Обработка запроса на получение файла по пути: C:\Users\admin\Desktop\Инструкции\Проверка\Инструкция Заявки2.doc) Номер запроса: 34
Thu Dec 21 17:07:35 IRKT 2017. FAST SERVER. Запрос успешно выполнен, отправление данных: 34
Thu Dec 21 17:07:37 IRKT 2017. FAST SERVER. Запрос успешно выполнен, отправление данных: 35
Thu Dec 21 17:07:39 IRKT 2017. FAST SERVER. Запрос успешно выполнен, отправление данных: 36
Thu Dec 21 17:07:41 IRKT 2017. FAST SERVER. Запрос успешно выполнен, отправление данных: 37
Thu Dec 21 17:07:43 IRKT 2017. FAST SERVER. Запрос успешно выполнен, отправление данных: 38
Thu Dec 21 17:07:43 IRKT 2017. FAST SERVER. Обработка запроса на получение содержимого файла 39
Thu Dec 21 17:07:43 IRKT 2017. FAST SERVER. Обработка запроса на получение файла по пути: C:\Users\admin\Desktop\Инструкции\ИнформацияИЭСБК\maven21.docx) Номер запроса: 39
Thu Dec 21 17:07:43 IRKT 2017. FAST SERVER. Запрос успешно выполнен, отправление данных: 39
Thu Dec 21 17:10:27 IRKT 2017. FAST SERVER. Авторизация пользователя с сервером ) Номер запроса: 40 Имя пользователя: contact
Thu Dec 21 17:10:27 IRKT 2017. FAST SERVER. Запрос успешно выполнен, отправление данных: 40
Thu Dec 21 17:10:27 IRKT 2017. FAST SERVER. Обработка запроса на получение всех файловых систем 41
Thu Dec 21 17:10:27 IRKT 2017. FAST SERVER. Запрос успешно выполнен, отправление данных: 41
Thu Dec 21 17:10:27 IRKT 2017. FAST SERVER. Запрос успешно выполнен, отправление данных: 42
Thu Dec 21 17:10:28 IRKT 2017. FAST SERVER. Обработка запроса на получение содержимого файла 43
Thu Dec 21 17:10:28 IRKT 2017. FAST SERVER. Обработка запроса на получение файла по пути: C:\Users\admin\Desktop\Инструкции\gethostid.txt) Номер запроса: 43
Thu Dec 21 17:10:28 IRKT 2017. FAST SERVER. Запрос успешно выполнен, отправление данных: 43
Thu Dec 21 17:10:29 IRKT 2017. FAST SERVER. Запрос успешно выполнен, отправление данных: 44
Thu Dec 21 17:10:31 IRKT 2017. FAST SERVER. Обработка запроса на получение содержимого файла 45
Thu Dec 21 17:10:31 IRKT 2017. FAST SERVER. Обработка запроса на получение файла по пути: C:\Users\admin\Desktop\Инструкции\ИЭСК130716 ЖЗ объединенный.xlsx) Номер запроса: 45
Thu Dec 21 17:10:31 IRKT 2017. FAST SERVER. Запрос успешно выполнен, отправление данных: 45
Thu Dec 21 17:10:47 IRKT 2017. FAST SERVER. Запрос успешно выполнен, отправление данных: 46
Thu Dec 21 17:10:49 IRKT 2017. FAST SERVER. Запрос успешно выполнен, отправление данных: 47
Thu Dec 21 17:10:51 IRKT 2017. FAST SERVER. Запрос успешно выполнен, отправление данных: 48
Thu Dec 21 17:12:45 IRKT 2017. FAST SERVER. Авторизация пользователя с сервером ) Номер запроса: 49 Имя пользователя: contact
Thu Dec 21 17:12:45 IRKT 2017. FAST SERVER. Запрос успешно выполнен, отправление данных: 49
Thu Dec 21 17:12:45 IRKT 2017. FAST SERVER. Обработка запроса на получение всех файловых систем 50
Thu Dec 21 17:12:45 IRKT 2017. FAST SERVER. Запрос успешно выполнен, отправление данных: 50
Thu Dec 21 17:12:46 IRKT 2017. FAST SERVER. Запрос успешно выполнен, отправление данных: 51
Thu Dec 21 17:12:47 IRKT 2017. FAST SERVER. Обработка запроса на получение содержимого файла 52
Thu Dec 21 17:12:47 IRKT 2017. FAST SERVER. Обработка запроса на получение файла по пути: C:\Users\admin\Desktop\Инструкции\gethostid.txt) Номер запроса: 52
Thu Dec 21 17:12:47 IRKT 2017. FAST SERVER. Запрос успешно выполнен, отправление данных: 52
Thu Dec 21 17:12:47 IRKT 2017. FAST SERVER. Запрос успешно выполнен, отправление данных: 53
Thu Dec 21 17:12:49 IRKT 2017. FAST SERVER. Запрос успешно выполнен, отправление данных: 54
Thu Dec 21 17:12:51 IRKT 2017. FAST SERVER. Запрос успешно выполнен, отправление данных: 55
Thu Dec 21 17:14:10 IRKT 2017. FAST SERVER. Авторизация пользователя с сервером ) Номер запроса: 56 Имя пользователя: contact
Thu Dec 21 17:14:10 IRKT 2017. FAST SERVER. Запрос успешно выполнен, отправление данных: 56
Thu Dec 21 17:14:11 IRKT 2017. FAST SERVER. Обработка запроса на получение всех файловых систем 57
Thu Dec 21 17:14:11 IRKT 2017. FAST SERVER. Запрос успешно выполнен, отправление данных: 57
Thu Dec 21 17:14:11 IRKT 2017. FAST SERVER. Запрос успешно выполнен, отправление данных: 58
Thu Dec 21 17:14:12 IRKT 2017. FAST SERVER. Обработка запроса на получение содержимого файла 59
Thu Dec 21 17:14:12 IRKT 2017. FAST SERVER. Обработка запроса на получение файла по пути: C:\Users\admin\Desktop\Инструкции\gethostid.txt) Номер запроса: 59
Thu Dec 21 17:14:12 IRKT 2017. FAST SERVER. Запрос успешно выполнен, отправление данных: 59
Thu Dec 21 17:14:13 IRKT 2017. FAST SERVER. Запрос успешно выполнен, отправление данных: 60
Thu Dec 21 17:14:15 IRKT 2017. FAST SERVER. Запрос успешно выполнен, отправление данных: 61
Thu Dec 21 17:14:16 IRKT 2017. FAST SERVER. Обработка запроса на получение содержимого файла 62
Thu Dec 21 17:14:16 IRKT 2017. FAST SERVER. Обработка запроса на получение файла по пути: C:\Users\admin\Desktop\Инструкции\ИЭСК130716 ЖЗ объединенный.xlsx) Номер запроса: 62
Thu Dec 21 17:14:16 IRKT 2017. FAST SERVER. Запрос успешно выполнен, отправление данных: 62
Thu Dec 21 17:14:36 IRKT 2017. FAST SERVER. Запрос успешно выполнен, отправление данных: 63
Thu Dec 21 17:14:38 IRKT 2017. FAST SERVER. Запрос успешно выполнен, отправление данных: 64
Thu Dec 21 17:14:40 IRKT 2017. FAST SERVER. Запрос успешно выполнен, отправление данных: 65
Thu Dec 21 17:14:42 IRKT 2017. FAST SERVER. Запрос успешно выполнен, отправление данных: 66
Thu Dec 21 17:14:45 IRKT 2017. FAST SERVER. Запрос успешно выполнен, отправление данных: 67
Thu Dec 21 17:14:47 IRKT 2017. FAST SERVER. Запрос успешно выполнен, отправление данных: 68
Thu Dec 21 17:14:49 IRKT 2017. FAST SERVER. Запрос успешно выполнен, отправление данных: 69
Thu Dec 21 17:14:51 IRKT 2017. FAST SERVER. Запрос успешно выполнен, отправление данных: 70
Thu Dec 21 17:14:53 IRKT 2017. FAST SERVER. Запрос успешно выполнен, отправление данных: 71
Thu Dec 21 17:14:55 IRKT 2017. FAST SERVER. Запрос успешно выполнен, отправление данных: 72
Thu Dec 21 17:14:56 IRKT 2017. FAST SERVER. Обработка запроса на получение содержимого файла 73
Thu Dec 21 17:14:56 IRKT 2017. FAST SERVER. Обработка запроса на получение файла по пути: C:\Users\admin\Desktop\Инструкции\фывавмч.doc) Номер запроса: 73
Thu Dec 21 17:14:56 IRKT 2017. FAST SERVER. Запрос успешно выполнен, отправление данных: 73
Thu Dec 21 17:14:57 IRKT 2017. FAST SERVER. Запрос успешно выполнен, отправление данных: 74
Thu Dec 21 17:14:59 IRKT 2017. FAST SERVER. Запрос успешно выполнен, отправление данных: 75
Thu Dec 21 17:15:01 IRKT 2017. FAST SERVER. Обработка запроса на получение содержимого файла 76
Thu Dec 21 17:15:01 IRKT 2017. FAST SERVER. Обработка запроса на получение файла по пути: C:\Users\admin\Desktop\Инструкции\gethostid.txt) Номер запроса: 76
Thu Dec 21 17:15:01 IRKT 2017. FAST SERVER. Запрос успешно выполнен, отправление данных: 76
Thu Dec 21 17:15:01 IRKT 2017. FAST SERVER. Запрос успешно выполнен, отправление данных: 77
Thu Dec 21 17:15:02 IRKT 2017. FAST SERVER. Обработка запроса на получение содержимого файла 78
Thu Dec 21 17:15:02 IRKT 2017. FAST SERVER. Обработка запроса на получение файла по пути: C:\Users\admin\Desktop\Инструкции\dadsadvx.txt) Номер запроса: 78
Thu Dec 21 17:15:02 IRKT 2017. FAST SERVER. Запрос успешно выполнен, отправление данных: 78
Thu Dec 21 17:15:03 IRKT 2017. FAST SERVER. Запрос успешно выполнен, отправление данных: 79
Thu Dec 21 17:15:05 IRKT 2017. FAST SERVER. Запрос успешно выполнен, отправление данных: 80
Thu Dec 21 17:15:08 IRKT 2017. FAST SERVER. Запрос успешно выполнен, отправление данных: 81
Thu Dec 21 17:15:10 IRKT 2017. FAST SERVER. Запрос успешно выполнен, отправление данных: 82
Thu Dec 21 17:15:12 IRKT 2017. FAST SERVER. Запрос успешно выполнен, отправление данных: 83
Thu Dec 21 17:15:14 IRKT 2017. FAST SERVER. Запрос успешно выполнен, отправление данных: 84
Thu Dec 21 17:15:16 IRKT 2017. FAST SERVER. Запрос успешно выполнен, отправление данных: 85
Thu Dec 21 17:15:18 IRKT 2017. FAST SERVER. Запрос успешно выполнен, отправление данных: 86
Thu Dec 21 17:15:20 IRKT 2017. FAST SERVER. Запрос успешно выполнен, отправление данных: 87
Thu Dec 21 17:15:22 IRKT 2017. FAST SERVER. Запрос успешно выполнен, отправление данных: 88
Thu Dec 21 17:15:24 IRKT 2017. FAST SERVER. Обработка запроса на получение содержимого файла 89
Thu Dec 21 17:15:24 IRKT 2017. FAST SERVER. Обработка запроса на получение файла по пути: C:\Users\admin\Desktop\Инструкции\ИнформацияИЭСБК\documentum.docx) Номер запроса: 89
Thu Dec 21 17:15:24 IRKT 2017. FAST SERVER. Запрос успешно выполнен, отправление данных: 89
Thu Dec 21 17:15:24 IRKT 2017. FAST SERVER. Запрос успешно выполнен, отправление данных: 90
Thu Dec 21 17:15:26 IRKT 2017. FAST SERVER. Запрос успешно выполнен, отправление данных: 91
Thu Dec 21 17:15:28 IRKT 2017. FAST SERVER. Запрос успешно выполнен, отправление данных: 92
Thu Dec 21 17:15:30 IRKT 2017. FAST SERVER. Запрос успешно выполнен, отправление данных: 93
Thu Dec 21 17:15:32 IRKT 2017. FAST SERVER. Обработка запроса на получение содержимого файла 94
Thu Dec 21 17:15:32 IRKT 2017. FAST SERVER. Обработка запроса на получение файла по пути: C:\Users\admin\Desktop\Инструкции\ИнформацияИЭСБК\maven21.docx) Номер запроса: 94
Thu Dec 21 17:15:32 IRKT 2017. FAST SERVER. Запрос успешно выполнен, отправление данных: 94
Thu Dec 21 17:15:33 IRKT 2017. FAST SERVER. Запрос успешно выполнен, отправление данных: 95
Thu Dec 21 17:15:34 IRKT 2017. FAST SERVER. Обработка запроса на получение содержимого файла 96
Thu Dec 21 17:15:34 IRKT 2017. FAST SERVER. Обработка запроса на получение файла по пути: C:\Users\admin\Desktop\Инструкции\ИнформацияИЭСБК\Инструкция Заявки.doc) Номер запроса: 96
Thu Dec 21 17:15:34 IRKT 2017. FAST SERVER. Запрос успешно выполнен, отправление данных: 96
Thu Dec 21 17:15:35 IRKT 2017. FAST SERVER. Запрос успешно выполнен, отправление данных: 97
Thu Dec 21 17:15:36 IRKT 2017. FAST SERVER. Обработка запроса на получение содержимого файла 98
Thu Dec 21 17:15:36 IRKT 2017. FAST SERVER. Обработка запроса на получение файла по пути: C:\Users\admin\Desktop\Инструкции\ИнформацияИЭСБК\РП.docx) Номер запроса: 98
Thu Dec 21 17:15:36 IRKT 2017. FAST SERVER. Запрос успешно выполнен, отправление данных: 98
Thu Dec 21 17:15:37 IRKT 2017. FAST SERVER. Запрос успешно выполнен, отправление данных: 99
Thu Dec 21 17:15:38 IRKT 2017. FAST SERVER. Обработка запроса на получение содержимого файла 100
Thu Dec 21 17:15:38 IRKT 2017. FAST SERVER. Обработка запроса на получение файла по пути: C:\Users\admin\Desktop\Инструкции\ИнформацияИЭСБК\Инструкция Платежный документ 354.doc) Номер запроса: 100
Thu Dec 21 17:15:38 IRKT 2017. FAST SERVER. Запрос успешно выполнен, отправление данных: 100
Thu Dec 21 17:15:39 IRKT 2017. FAST SERVER. Запрос успешно выполнен, отправление данных: 101
Thu Dec 21 17:15:41 IRKT 2017. FAST SERVER. Запрос успешно выполнен, отправление данных: 102
Thu Dec 21 17:15:43 IRKT 2017. FAST SERVER. Запрос успешно выполнен, отправление данных: 103
Thu Dec 21 17:15:44 IRKT 2017. FAST SERVER. Обработка запроса на получение содержимого файла 104
Thu Dec 21 17:15:44 IRKT 2017. FAST SERVER. Обработка запроса на получение файла по пути: C:\Users\admin\Desktop\Инструкции\ИнформацияИЭСБК\АСРН-2\Взаиморасчеты с поставщиками.doc) Номер запроса: 104
Thu Dec 21 17:15:44 IRKT 2017. FAST SERVER. Запрос успешно выполнен, отправление данных: 104
Thu Dec 21 17:15:45 IRKT 2017. FAST SERVER. Запрос успешно выполнен, отправление данных: 105
Thu Dec 21 17:15:47 IRKT 2017. FAST SERVER. Обработка запроса на получение содержимого файла 106
Thu Dec 21 17:15:47 IRKT 2017. FAST SERVER. Обработка запроса на получение файла по пути: C:\Users\admin\Desktop\Инструкции\ИнформацияИЭСБК\АСРН-2\! Инструкция Работа с общедомовыми приборами учета.doc) Номер запроса: 106
Thu Dec 21 17:15:47 IRKT 2017. FAST SERVER. Запрос успешно выполнен, отправление данных: 106
Thu Dec 21 17:15:47 IRKT 2017. FAST SERVER. Запрос успешно выполнен, отправление данных: 107
Thu Dec 21 17:15:50 IRKT 2017. FAST SERVER. Запрос успешно выполнен, отправление данных: 108
Thu Dec 21 17:15:50 IRKT 2017. FAST SERVER. Обработка запроса на получение содержимого файла 109
Thu Dec 21 17:15:50 IRKT 2017. FAST SERVER. Обработка запроса на получение файла по пути: C:\Users\admin\Desktop\Инструкции\ИнформацияИЭСБК\АСРН-2\! Инструкция Работа с общедомовыми приборами учета.doc) Номер запроса: 109
Thu Dec 21 17:15:50 IRKT 2017. FAST SERVER. Запрос успешно выполнен, отправление данных: 109
Thu Dec 21 17:15:52 IRKT 2017. FAST SERVER. Запрос успешно выполнен, отправление данных: 110
Thu Dec 21 17:15:52 IRKT 2017. FAST SERVER. Обработка запроса на получение содержимого файла 111
Thu Dec 21 17:15:52 IRKT 2017. FAST SERVER. Обработка запроса на получение файла по пути: C:\Users\admin\Desktop\Инструкции\ИнформацияИЭСБК\АСРН-2\!Инструкция Работа с приборами учета.doc) Номер запроса: 111
Thu Dec 21 17:15:52 IRKT 2017. FAST SERVER. Запрос успешно выполнен, отправление данных: 111
Thu Dec 21 17:15:54 IRKT 2017. FAST SERVER. Запрос успешно выполнен, отправление данных: 112
Thu Dec 21 17:15:56 IRKT 2017. FAST SERVER. Запрос успешно выполнен, отправление данных: 113
Thu Dec 21 17:15:56 IRKT 2017. FAST SERVER. Обработка запроса на получение содержимого файла 114
Thu Dec 21 17:15:56 IRKT 2017. FAST SERVER. Обработка запроса на получение файла по пути: C:\Users\admin\Desktop\Инструкции\ИнформацияИЭСБК\АСРН-2\Взаиморасчеты с поставщиками.doc) Номер запроса: 114
Thu Dec 21 17:15:56 IRKT 2017. FAST SERVER. Запрос успешно выполнен, отправление данных: 114
Thu Dec 21 17:15:58 IRKT 2017. FAST SERVER. Запрос успешно выполнен, отправление данных: 115
Thu Dec 21 17:16:00 IRKT 2017. FAST SERVER. Запрос успешно выполнен, отправление данных: 116
Thu Dec 21 17:16:02 IRKT 2017. FAST SERVER. Запрос успешно выполнен, отправление данных: 117
