Mon Dec 18 08:15:00 IRKT 2017 Сервер ЕЭИСЦ успешно запущен:
Порт обмена сообщений - 6500
Порт файлового обмена - 6502

Mon Dec 18 08:15:00 IRKT 2017. FTP SERVER. Сервер запущен по порту: 6502
Mon Dec 18 08:15:17 IRKT 2017. FAST SERVER. Клиент присоединился к серверу: /0:0:0:0:0:0:0:1:60795 (e46dee9f)
Mon Dec 18 08:15:17 IRKT 2017. FAST SERVER. Клиент присоединился к серверу: /0:0:0:0:0:0:0:1:60796 (3907d0ba)
Mon Dec 18 08:15:18 IRKT 2017. FAST SERVER. Получено сообщение от /0:0:0:0:0:0:0:1:60796 (3907d0ba)
Mon Dec 18 08:15:18 IRKT 2017. FAST SERVER. Получение расхождений в версиях [id: 0x3907d0ba, L:/0:0:0:0:0:0:0:1:6500 - R:/0:0:0:0:0:0:0:1:60796]) Номер запроса: 1
Mon Dec 18 08:15:18 IRKT 2017. FAST SERVER. Запрос успешно выполнен, отправление данных: [id: 0x3907d0ba, L:/0:0:0:0:0:0:0:1:6500 - R:/0:0:0:0:0:0:0:1:60796]) Номер запроса: 1
Mon Dec 18 08:15:18 IRKT 2017. FTP SERVER. Новое соединение: /0:0:0:0:0:0:0:1
Mon Dec 18 08:15:18 IRKT 2017. FTP SERVER. Запрос на отправку данных клиенту: /0:0:0:0:0:0:0:1 По запросу №1 Объем файла: 10байт
Mon Dec 18 08:15:18 IRKT 2017. FTP SERVER. Запущен процесс отправки данных клиенту: /0:0:0:0:0:0:0:1 Номер сеанса: 1
Mon Dec 18 08:15:18 IRKT 2017. FTP SERVER. Отправка данных клиенту: /0:0:0:0:0:0:0:1 успешно завершена!
Mon Dec 18 08:15:21 IRKT 2017. FAST SERVER. Ошибка при передаче данных (/0:0:0:0:0:0:0:1:60796): Удаленный хост принудительно разорвал существующее подключение (3907d0ba)
Mon Dec 18 08:15:21 IRKT 2017. FAST SERVER. Ошибка при передаче данных (/0:0:0:0:0:0:0:1:60795): Удаленный хост принудительно разорвал существующее подключение (e46dee9f)
Mon Dec 18 08:15:21 IRKT 2017. FAST SERVER. Соединение с сервером было закрыто /0:0:0:0:0:0:0:1:60795 (e46dee9f)
Mon Dec 18 08:15:21 IRKT 2017. FAST SERVER. Соединение с сервером было закрыто /0:0:0:0:0:0:0:1:60796 (3907d0ba)
Mon Dec 18 08:15:36 IRKT 2017. FAST SERVER. Клиент присоединился к серверу: /0:0:0:0:0:0:0:1:60799 (5c13e68b)
Mon Dec 18 08:15:36 IRKT 2017. FAST SERVER. Клиент присоединился к серверу: /0:0:0:0:0:0:0:1:60800 (6b3ef92f)
Mon Dec 18 08:15:36 IRKT 2017. FAST SERVER. Получено сообщение от /0:0:0:0:0:0:0:1:60800 (6b3ef92f)
Mon Dec 18 08:15:36 IRKT 2017. FAST SERVER. Получение расхождений в версиях [id: 0x6b3ef92f, L:/0:0:0:0:0:0:0:1:6500 - R:/0:0:0:0:0:0:0:1:60800]) Номер запроса: 2
Mon Dec 18 08:15:36 IRKT 2017. FAST SERVER. Запрос успешно выполнен, отправление данных: [id: 0x6b3ef92f, L:/0:0:0:0:0:0:0:1:6500 - R:/0:0:0:0:0:0:0:1:60800]) Номер запроса: 2
Mon Dec 18 08:15:36 IRKT 2017. FTP SERVER. Новое соединение: /0:0:0:0:0:0:0:1
Mon Dec 18 08:15:36 IRKT 2017. FTP SERVER. Запрос на отправку данных клиенту: /0:0:0:0:0:0:0:1 По запросу №1 Объем файла: 10байт
Mon Dec 18 08:15:36 IRKT 2017. FTP SERVER. Запущен процесс отправки данных клиенту: /0:0:0:0:0:0:0:1 Номер сеанса: 2
Mon Dec 18 08:15:36 IRKT 2017. FTP SERVER. Отправка данных клиенту: /0:0:0:0:0:0:0:1 успешно завершена!
Mon Dec 18 08:15:40 IRKT 2017. FAST SERVER. Ошибка при передаче данных (/0:0:0:0:0:0:0:1:60799): Удаленный хост принудительно разорвал существующее подключение (5c13e68b)
Mon Dec 18 08:15:40 IRKT 2017. FAST SERVER. Ошибка при передаче данных (/0:0:0:0:0:0:0:1:60800): Удаленный хост принудительно разорвал существующее подключение (6b3ef92f)
Mon Dec 18 08:15:40 IRKT 2017. FAST SERVER. Соединение с сервером было закрыто /0:0:0:0:0:0:0:1:60799 (5c13e68b)
Mon Dec 18 08:15:40 IRKT 2017. FAST SERVER. Соединение с сервером было закрыто /0:0:0:0:0:0:0:1:60800 (6b3ef92f)
Mon Dec 18 08:16:52 IRKT 2017. FAST SERVER. Клиент присоединился к серверу: /0:0:0:0:0:0:0:1:60840 (6fcf9dda)
Mon Dec 18 08:16:52 IRKT 2017. FAST SERVER. Клиент присоединился к серверу: /fe80:0:0:0:ac76:3be5:a64d:6de3%2:60841 (c5ebc4dd)
Mon Dec 18 08:16:53 IRKT 2017. FAST SERVER. Получено сообщение от /fe80:0:0:0:ac76:3be5:a64d:6de3%2:60841 (c5ebc4dd)
Mon Dec 18 08:16:53 IRKT 2017. FAST SERVER. Получение расхождений в версиях [id: 0xc5ebc4dd, L:/fe80:0:0:0:ac76:3be5:a64d:6de3%2:6500 - R:/fe80:0:0:0:ac76:3be5:a64d:6de3%2:60841]) Номер запроса: 3
Mon Dec 18 08:16:53 IRKT 2017. FAST SERVER. Запрос успешно выполнен, отправление данных: [id: 0xc5ebc4dd, L:/fe80:0:0:0:ac76:3be5:a64d:6de3%2:6500 - R:/fe80:0:0:0:ac76:3be5:a64d:6de3%2:60841]) Номер запроса: 3
Mon Dec 18 08:16:53 IRKT 2017. FTP SERVER. Новое соединение: /0:0:0:0:0:0:0:1
Mon Dec 18 08:16:53 IRKT 2017. FTP SERVER. Запрос на отправку данных клиенту: /0:0:0:0:0:0:0:1 По запросу №1 Объем файла: 20байт
Mon Dec 18 08:16:53 IRKT 2017. FTP SERVER. Запущен процесс отправки данных клиенту: /0:0:0:0:0:0:0:1 Номер сеанса: 3
Mon Dec 18 08:16:53 IRKT 2017. FTP SERVER. Отправка данных клиенту: /0:0:0:0:0:0:0:1 успешно завершена!
Mon Dec 18 08:16:53 IRKT 2017. FAST SERVER. Ошибка при передаче данных (/0:0:0:0:0:0:0:1:60840): Удаленный хост принудительно разорвал существующее подключение (6fcf9dda)
Mon Dec 18 08:16:53 IRKT 2017. FAST SERVER. Соединение с сервером было закрыто /0:0:0:0:0:0:0:1:60840 (6fcf9dda)
Mon Dec 18 08:16:57 IRKT 2017. FAST SERVER. Получено сообщение от /fe80:0:0:0:ac76:3be5:a64d:6de3%2:60841 (c5ebc4dd)
Mon Dec 18 08:16:57 IRKT 2017. FAST SERVER. Получение версии 0.8.580 [id: 0xc5ebc4dd, L:/fe80:0:0:0:ac76:3be5:a64d:6de3%2:6500 - R:/fe80:0:0:0:ac76:3be5:a64d:6de3%2:60841]) Номер запроса: 4
Mon Dec 18 08:16:57 IRKT 2017. FAST SERVER. Запрос успешно выполнен, отправление данных: [id: 0xc5ebc4dd, L:/fe80:0:0:0:ac76:3be5:a64d:6de3%2:6500 - R:/fe80:0:0:0:ac76:3be5:a64d:6de3%2:60841]) Номер запроса: 4
Mon Dec 18 08:16:57 IRKT 2017. FTP SERVER. Новое соединение: /0:0:0:0:0:0:0:1
Mon Dec 18 08:16:57 IRKT 2017. FTP SERVER. Запрос на отправку данных клиенту: /0:0:0:0:0:0:0:1 По запросу №1 Объем файла: 5194байт
Mon Dec 18 08:16:57 IRKT 2017. FTP SERVER. Запущен процесс отправки данных клиенту: /0:0:0:0:0:0:0:1 Номер сеанса: 4
Mon Dec 18 08:16:57 IRKT 2017. FTP SERVER. Отправка данных клиенту: /0:0:0:0:0:0:0:1 успешно завершена!
Mon Dec 18 08:16:57 IRKT 2017. FAST SERVER. Получено сообщение от /fe80:0:0:0:ac76:3be5:a64d:6de3%2:60841 (c5ebc4dd)
Mon Dec 18 08:16:57 IRKT 2017. FAST SERVER. Обработка запроса на получение содержимого файла для обновления [id: 0xc5ebc4dd, L:/fe80:0:0:0:ac76:3be5:a64d:6de3%2:6500 - R:/fe80:0:0:0:ac76:3be5:a64d:6de3%2:60841]) Номер запроса: 5
Mon Dec 18 08:16:57 IRKT 2017. FAST SERVER. Обработка запроса на получение файла по пути: .//update_storage//0.8.580//\callback//callback_fast_server.exe Канал [id: 0xc5ebc4dd, L:/fe80:0:0:0:ac76:3be5:a64d:6de3%2:6500 - R:/fe80:0:0:0:ac76:3be5:a64d:6de3%2:60841]) Номер запроса: 5
Mon Dec 18 08:16:57 IRKT 2017. FAST SERVER. Запрос успешно выполнен, отправление данных: [id: 0xc5ebc4dd, L:/fe80:0:0:0:ac76:3be5:a64d:6de3%2:6500 - R:/fe80:0:0:0:ac76:3be5:a64d:6de3%2:60841]) Номер запроса: 5
Mon Dec 18 08:16:57 IRKT 2017. FTP SERVER. Новое соединение: /0:0:0:0:0:0:0:1
Mon Dec 18 08:16:57 IRKT 2017. FTP SERVER. Запрос на отправку данных клиенту: /0:0:0:0:0:0:0:1 По запросу №1 Объем файла: 0байт
Mon Dec 18 08:16:57 IRKT 2017. FTP SERVER. Запущен процесс отправки данных клиенту: /0:0:0:0:0:0:0:1 Номер сеанса: 5
Mon Dec 18 08:16:57 IRKT 2017. FTP SERVER. Отправка данных клиенту: /0:0:0:0:0:0:0:1 успешно завершена!
Mon Dec 18 08:16:57 IRKT 2017. FAST SERVER. Получено сообщение от /fe80:0:0:0:ac76:3be5:a64d:6de3%2:60841 (c5ebc4dd)
Mon Dec 18 08:16:57 IRKT 2017. FAST SERVER. Обработка запроса на получение содержимого файла для обновления [id: 0xc5ebc4dd, L:/fe80:0:0:0:ac76:3be5:a64d:6de3%2:6500 - R:/fe80:0:0:0:ac76:3be5:a64d:6de3%2:60841]) Номер запроса: 6
Mon Dec 18 08:16:57 IRKT 2017. FAST SERVER. Обработка запроса на получение файла по пути: .//update_storage//0.8.580//\callback//callback_fast_server.exe.config Канал [id: 0xc5ebc4dd, L:/fe80:0:0:0:ac76:3be5:a64d:6de3%2:6500 - R:/fe80:0:0:0:ac76:3be5:a64d:6de3%2:60841]) Номер запроса: 6
Mon Dec 18 08:16:57 IRKT 2017. FAST SERVER. Запрос успешно выполнен, отправление данных: [id: 0xc5ebc4dd, L:/fe80:0:0:0:ac76:3be5:a64d:6de3%2:6500 - R:/fe80:0:0:0:ac76:3be5:a64d:6de3%2:60841]) Номер запроса: 6
Mon Dec 18 08:16:57 IRKT 2017. FTP SERVER. Новое соединение: /0:0:0:0:0:0:0:1
Mon Dec 18 08:16:57 IRKT 2017. FTP SERVER. Запрос на отправку данных клиенту: /0:0:0:0:0:0:0:1 По запросу №1 Объем файла: 0байт
Mon Dec 18 08:16:57 IRKT 2017. FTP SERVER. Запущен процесс отправки данных клиенту: /0:0:0:0:0:0:0:1 Номер сеанса: 6
Mon Dec 18 08:16:57 IRKT 2017. FTP SERVER. Отправка данных клиенту: /0:0:0:0:0:0:0:1 успешно завершена!
Mon Dec 18 08:16:57 IRKT 2017. FAST SERVER. Получено сообщение от /fe80:0:0:0:ac76:3be5:a64d:6de3%2:60841 (c5ebc4dd)
Mon Dec 18 08:16:57 IRKT 2017. FAST SERVER. Обработка запроса на получение содержимого файла для обновления [id: 0xc5ebc4dd, L:/fe80:0:0:0:ac76:3be5:a64d:6de3%2:6500 - R:/fe80:0:0:0:ac76:3be5:a64d:6de3%2:60841]) Номер запроса: 7
Mon Dec 18 08:16:57 IRKT 2017. FAST SERVER. Обработка запроса на получение файла по пути: .//update_storage//0.8.580//\callback//callback_ftp_server.exe Канал [id: 0xc5ebc4dd, L:/fe80:0:0:0:ac76:3be5:a64d:6de3%2:6500 - R:/fe80:0:0:0:ac76:3be5:a64d:6de3%2:60841]) Номер запроса: 7
Mon Dec 18 08:16:57 IRKT 2017. FAST SERVER. Запрос успешно выполнен, отправление данных: [id: 0xc5ebc4dd, L:/fe80:0:0:0:ac76:3be5:a64d:6de3%2:6500 - R:/fe80:0:0:0:ac76:3be5:a64d:6de3%2:60841]) Номер запроса: 7
Mon Dec 18 08:16:57 IRKT 2017. FTP SERVER. Новое соединение: /0:0:0:0:0:0:0:1
Mon Dec 18 08:16:57 IRKT 2017. FTP SERVER. Запрос на отправку данных клиенту: /0:0:0:0:0:0:0:1 По запросу №1 Объем файла: 0байт
Mon Dec 18 08:16:57 IRKT 2017. FTP SERVER. Запущен процесс отправки данных клиенту: /0:0:0:0:0:0:0:1 Номер сеанса: 7
Mon Dec 18 08:16:57 IRKT 2017. FTP SERVER. Отправка данных клиенту: /0:0:0:0:0:0:0:1 успешно завершена!
Mon Dec 18 08:16:57 IRKT 2017. FAST SERVER. Получено сообщение от /fe80:0:0:0:ac76:3be5:a64d:6de3%2:60841 (c5ebc4dd)
Mon Dec 18 08:16:57 IRKT 2017. FAST SERVER. Обработка запроса на получение содержимого файла для обновления [id: 0xc5ebc4dd, L:/fe80:0:0:0:ac76:3be5:a64d:6de3%2:6500 - R:/fe80:0:0:0:ac76:3be5:a64d:6de3%2:60841]) Номер запроса: 8
Mon Dec 18 08:16:57 IRKT 2017. FAST SERVER. Обработка запроса на получение файла по пути: .//update_storage//0.8.580//\callback//callback_ftp_server.exe.config Канал [id: 0xc5ebc4dd, L:/fe80:0:0:0:ac76:3be5:a64d:6de3%2:6500 - R:/fe80:0:0:0:ac76:3be5:a64d:6de3%2:60841]) Номер запроса: 8
Mon Dec 18 08:16:57 IRKT 2017. FAST SERVER. Запрос успешно выполнен, отправление данных: [id: 0xc5ebc4dd, L:/fe80:0:0:0:ac76:3be5:a64d:6de3%2:6500 - R:/fe80:0:0:0:ac76:3be5:a64d:6de3%2:60841]) Номер запроса: 8
Mon Dec 18 08:16:57 IRKT 2017. FTP SERVER. Новое соединение: /0:0:0:0:0:0:0:1
Mon Dec 18 08:16:57 IRKT 2017. FTP SERVER. Запрос на отправку данных клиенту: /0:0:0:0:0:0:0:1 По запросу №1 Объем файла: 0байт
Mon Dec 18 08:16:57 IRKT 2017. FTP SERVER. Запущен процесс отправки данных клиенту: /0:0:0:0:0:0:0:1 Номер сеанса: 8
Mon Dec 18 08:16:57 IRKT 2017. FTP SERVER. Отправка данных клиенту: /0:0:0:0:0:0:0:1 успешно завершена!
Mon Dec 18 08:16:57 IRKT 2017. FAST SERVER. Получено сообщение от /fe80:0:0:0:ac76:3be5:a64d:6de3%2:60841 (c5ebc4dd)
Mon Dec 18 08:16:57 IRKT 2017. FAST SERVER. Обработка запроса на получение содержимого файла для обновления [id: 0xc5ebc4dd, L:/fe80:0:0:0:ac76:3be5:a64d:6de3%2:6500 - R:/fe80:0:0:0:ac76:3be5:a64d:6de3%2:60841]) Номер запроса: 9
Mon Dec 18 08:16:57 IRKT 2017. FAST SERVER. Обработка запроса на получение файла по пути: .//update_storage//0.8.580//\callback//Newtonsoft.Json.dll Канал [id: 0xc5ebc4dd, L:/fe80:0:0:0:ac76:3be5:a64d:6de3%2:6500 - R:/fe80:0:0:0:ac76:3be5:a64d:6de3%2:60841]) Номер запроса: 9
Mon Dec 18 08:16:57 IRKT 2017. FAST SERVER. Запрос успешно выполнен, отправление данных: [id: 0xc5ebc4dd, L:/fe80:0:0:0:ac76:3be5:a64d:6de3%2:6500 - R:/fe80:0:0:0:ac76:3be5:a64d:6de3%2:60841]) Номер запроса: 9
Mon Dec 18 08:16:57 IRKT 2017. FTP SERVER. Новое соединение: /0:0:0:0:0:0:0:1
Mon Dec 18 08:16:57 IRKT 2017. FTP SERVER. Запрос на отправку данных клиенту: /0:0:0:0:0:0:0:1 По запросу №1 Объем файла: 0байт
Mon Dec 18 08:16:57 IRKT 2017. FTP SERVER. Запущен процесс отправки данных клиенту: /0:0:0:0:0:0:0:1 Номер сеанса: 9
Mon Dec 18 08:16:57 IRKT 2017. FTP SERVER. Отправка данных клиенту: /0:0:0:0:0:0:0:1 успешно завершена!
Mon Dec 18 08:16:57 IRKT 2017. FAST SERVER. Получено сообщение от /fe80:0:0:0:ac76:3be5:a64d:6de3%2:60841 (c5ebc4dd)
Mon Dec 18 08:16:57 IRKT 2017. FAST SERVER. Обработка запроса на получение содержимого файла для обновления [id: 0xc5ebc4dd, L:/fe80:0:0:0:ac76:3be5:a64d:6de3%2:6500 - R:/fe80:0:0:0:ac76:3be5:a64d:6de3%2:60841]) Номер запроса: 10
Mon Dec 18 08:16:57 IRKT 2017. FAST SERVER. Обработка запроса на получение файла по пути: .//update_storage//0.8.580//\resources//222.png Канал [id: 0xc5ebc4dd, L:/fe80:0:0:0:ac76:3be5:a64d:6de3%2:6500 - R:/fe80:0:0:0:ac76:3be5:a64d:6de3%2:60841]) Номер запроса: 10
Mon Dec 18 08:16:57 IRKT 2017. FAST SERVER. Запрос успешно выполнен, отправление данных: [id: 0xc5ebc4dd, L:/fe80:0:0:0:ac76:3be5:a64d:6de3%2:6500 - R:/fe80:0:0:0:ac76:3be5:a64d:6de3%2:60841]) Номер запроса: 10
Mon Dec 18 08:16:57 IRKT 2017. FTP SERVER. Новое соединение: /0:0:0:0:0:0:0:1
Mon Dec 18 08:16:57 IRKT 2017. FTP SERVER. Запрос на отправку данных клиенту: /0:0:0:0:0:0:0:1 По запросу №1 Объем файла: 614байт
Mon Dec 18 08:16:57 IRKT 2017. FTP SERVER. Запущен процесс отправки данных клиенту: /0:0:0:0:0:0:0:1 Номер сеанса: 10
Mon Dec 18 08:16:57 IRKT 2017. FTP SERVER. Отправка данных клиенту: /0:0:0:0:0:0:0:1 успешно завершена!
Mon Dec 18 08:16:57 IRKT 2017. FAST SERVER. Получено сообщение от /fe80:0:0:0:ac76:3be5:a64d:6de3%2:60841 (c5ebc4dd)
Mon Dec 18 08:16:57 IRKT 2017. FAST SERVER. Обработка запроса на получение содержимого файла для обновления [id: 0xc5ebc4dd, L:/fe80:0:0:0:ac76:3be5:a64d:6de3%2:6500 - R:/fe80:0:0:0:ac76:3be5:a64d:6de3%2:60841]) Номер запроса: 11
Mon Dec 18 08:16:57 IRKT 2017. FAST SERVER. Обработка запроса на получение файла по пути: .//update_storage//0.8.580//\resources//auth_info.png Канал [id: 0xc5ebc4dd, L:/fe80:0:0:0:ac76:3be5:a64d:6de3%2:6500 - R:/fe80:0:0:0:ac76:3be5:a64d:6de3%2:60841]) Номер запроса: 11
Mon Dec 18 08:16:57 IRKT 2017. FAST SERVER. Запрос успешно выполнен, отправление данных: [id: 0xc5ebc4dd, L:/fe80:0:0:0:ac76:3be5:a64d:6de3%2:6500 - R:/fe80:0:0:0:ac76:3be5:a64d:6de3%2:60841]) Номер запроса: 11
Mon Dec 18 08:16:57 IRKT 2017. FTP SERVER. Новое соединение: /0:0:0:0:0:0:0:1
Mon Dec 18 08:16:57 IRKT 2017. FTP SERVER. Запрос на отправку данных клиенту: /0:0:0:0:0:0:0:1 По запросу №1 Объем файла: 2056байт
Mon Dec 18 08:16:57 IRKT 2017. FTP SERVER. Запущен процесс отправки данных клиенту: /0:0:0:0:0:0:0:1 Номер сеанса: 11
Mon Dec 18 08:16:57 IRKT 2017. FTP SERVER. Отправка данных клиенту: /0:0:0:0:0:0:0:1 успешно завершена!
Mon Dec 18 08:16:57 IRKT 2017. FAST SERVER. Получено сообщение от /fe80:0:0:0:ac76:3be5:a64d:6de3%2:60841 (c5ebc4dd)
Mon Dec 18 08:16:57 IRKT 2017. FAST SERVER. Обработка запроса на получение содержимого файла для обновления [id: 0xc5ebc4dd, L:/fe80:0:0:0:ac76:3be5:a64d:6de3%2:6500 - R:/fe80:0:0:0:ac76:3be5:a64d:6de3%2:60841]) Номер запроса: 12
Mon Dec 18 08:16:57 IRKT 2017. FAST SERVER. Обработка запроса на получение файла по пути: .//update_storage//0.8.580//\resources//catalog.png Канал [id: 0xc5ebc4dd, L:/fe80:0:0:0:ac76:3be5:a64d:6de3%2:6500 - R:/fe80:0:0:0:ac76:3be5:a64d:6de3%2:60841]) Номер запроса: 12
Mon Dec 18 08:16:57 IRKT 2017. FAST SERVER. Запрос успешно выполнен, отправление данных: [id: 0xc5ebc4dd, L:/fe80:0:0:0:ac76:3be5:a64d:6de3%2:6500 - R:/fe80:0:0:0:ac76:3be5:a64d:6de3%2:60841]) Номер запроса: 12
Mon Dec 18 08:16:57 IRKT 2017. FTP SERVER. Новое соединение: /0:0:0:0:0:0:0:1
Mon Dec 18 08:16:57 IRKT 2017. FTP SERVER. Запрос на отправку данных клиенту: /0:0:0:0:0:0:0:1 По запросу №1 Объем файла: 193байт
Mon Dec 18 08:16:57 IRKT 2017. FTP SERVER. Запущен процесс отправки данных клиенту: /0:0:0:0:0:0:0:1 Номер сеанса: 12
Mon Dec 18 08:16:57 IRKT 2017. FTP SERVER. Отправка данных клиенту: /0:0:0:0:0:0:0:1 успешно завершена!
Mon Dec 18 08:16:57 IRKT 2017. FAST SERVER. Получено сообщение от /fe80:0:0:0:ac76:3be5:a64d:6de3%2:60841 (c5ebc4dd)
Mon Dec 18 08:16:57 IRKT 2017. FAST SERVER. Обработка запроса на получение содержимого файла для обновления [id: 0xc5ebc4dd, L:/fe80:0:0:0:ac76:3be5:a64d:6de3%2:6500 - R:/fe80:0:0:0:ac76:3be5:a64d:6de3%2:60841]) Номер запроса: 13
Mon Dec 18 08:16:57 IRKT 2017. FAST SERVER. Обработка запроса на получение файла по пути: .//update_storage//0.8.580//\resources//csv.png Канал [id: 0xc5ebc4dd, L:/fe80:0:0:0:ac76:3be5:a64d:6de3%2:6500 - R:/fe80:0:0:0:ac76:3be5:a64d:6de3%2:60841]) Номер запроса: 13
Mon Dec 18 08:16:57 IRKT 2017. FAST SERVER. Запрос успешно выполнен, отправление данных: [id: 0xc5ebc4dd, L:/fe80:0:0:0:ac76:3be5:a64d:6de3%2:6500 - R:/fe80:0:0:0:ac76:3be5:a64d:6de3%2:60841]) Номер запроса: 13
Mon Dec 18 08:16:57 IRKT 2017. FTP SERVER. Новое соединение: /0:0:0:0:0:0:0:1
Mon Dec 18 08:16:57 IRKT 2017. FTP SERVER. Запрос на отправку данных клиенту: /0:0:0:0:0:0:0:1 По запросу №1 Объем файла: 316байт
Mon Dec 18 08:16:57 IRKT 2017. FTP SERVER. Запущен процесс отправки данных клиенту: /0:0:0:0:0:0:0:1 Номер сеанса: 13
Mon Dec 18 08:16:57 IRKT 2017. FTP SERVER. Отправка данных клиенту: /0:0:0:0:0:0:0:1 успешно завершена!
Mon Dec 18 08:16:57 IRKT 2017. FAST SERVER. Получено сообщение от /fe80:0:0:0:ac76:3be5:a64d:6de3%2:60841 (c5ebc4dd)
Mon Dec 18 08:16:57 IRKT 2017. FAST SERVER. Обработка запроса на получение содержимого файла для обновления [id: 0xc5ebc4dd, L:/fe80:0:0:0:ac76:3be5:a64d:6de3%2:6500 - R:/fe80:0:0:0:ac76:3be5:a64d:6de3%2:60841]) Номер запроса: 14
Mon Dec 18 08:16:57 IRKT 2017. FAST SERVER. Обработка запроса на получение файла по пути: .//update_storage//0.8.580//\resources//doc.png Канал [id: 0xc5ebc4dd, L:/fe80:0:0:0:ac76:3be5:a64d:6de3%2:6500 - R:/fe80:0:0:0:ac76:3be5:a64d:6de3%2:60841]) Номер запроса: 14
Mon Dec 18 08:16:57 IRKT 2017. FAST SERVER. Запрос успешно выполнен, отправление данных: [id: 0xc5ebc4dd, L:/fe80:0:0:0:ac76:3be5:a64d:6de3%2:6500 - R:/fe80:0:0:0:ac76:3be5:a64d:6de3%2:60841]) Номер запроса: 14
Mon Dec 18 08:16:57 IRKT 2017. FTP SERVER. Новое соединение: /0:0:0:0:0:0:0:1
Mon Dec 18 08:16:57 IRKT 2017. FTP SERVER. Запрос на отправку данных клиенту: /0:0:0:0:0:0:0:1 По запросу №1 Объем файла: 370байт
Mon Dec 18 08:16:57 IRKT 2017. FTP SERVER. Запущен процесс отправки данных клиенту: /0:0:0:0:0:0:0:1 Номер сеанса: 14
Mon Dec 18 08:16:57 IRKT 2017. FTP SERVER. Отправка данных клиенту: /0:0:0:0:0:0:0:1 успешно завершена!
Mon Dec 18 08:16:57 IRKT 2017. FAST SERVER. Получено сообщение от /fe80:0:0:0:ac76:3be5:a64d:6de3%2:60841 (c5ebc4dd)
Mon Dec 18 08:16:57 IRKT 2017. FAST SERVER. Обработка запроса на получение содержимого файла для обновления [id: 0xc5ebc4dd, L:/fe80:0:0:0:ac76:3be5:a64d:6de3%2:6500 - R:/fe80:0:0:0:ac76:3be5:a64d:6de3%2:60841]) Номер запроса: 15
Mon Dec 18 08:16:57 IRKT 2017. FAST SERVER. Обработка запроса на получение файла по пути: .//update_storage//0.8.580//\resources//docx.png Канал [id: 0xc5ebc4dd, L:/fe80:0:0:0:ac76:3be5:a64d:6de3%2:6500 - R:/fe80:0:0:0:ac76:3be5:a64d:6de3%2:60841]) Номер запроса: 15
Mon Dec 18 08:16:57 IRKT 2017. FAST SERVER. Запрос успешно выполнен, отправление данных: [id: 0xc5ebc4dd, L:/fe80:0:0:0:ac76:3be5:a64d:6de3%2:6500 - R:/fe80:0:0:0:ac76:3be5:a64d:6de3%2:60841]) Номер запроса: 15
Mon Dec 18 08:16:57 IRKT 2017. FTP SERVER. Новое соединение: /0:0:0:0:0:0:0:1
Mon Dec 18 08:16:57 IRKT 2017. FTP SERVER. Запрос на отправку данных клиенту: /0:0:0:0:0:0:0:1 По запросу №1 Объем файла: 253байт
Mon Dec 18 08:16:57 IRKT 2017. FTP SERVER. Запущен процесс отправки данных клиенту: /0:0:0:0:0:0:0:1 Номер сеанса: 15
Mon Dec 18 08:16:57 IRKT 2017. FTP SERVER. Отправка данных клиенту: /0:0:0:0:0:0:0:1 успешно завершена!
Mon Dec 18 08:16:57 IRKT 2017. FAST SERVER. Получено сообщение от /fe80:0:0:0:ac76:3be5:a64d:6de3%2:60841 (c5ebc4dd)
Mon Dec 18 08:16:57 IRKT 2017. FAST SERVER. Обработка запроса на получение содержимого файла для обновления [id: 0xc5ebc4dd, L:/fe80:0:0:0:ac76:3be5:a64d:6de3%2:6500 - R:/fe80:0:0:0:ac76:3be5:a64d:6de3%2:60841]) Номер запроса: 16
Mon Dec 18 08:16:57 IRKT 2017. FAST SERVER. Обработка запроса на получение файла по пути: .//update_storage//0.8.580//\resources//docx_tooltip.png Канал [id: 0xc5ebc4dd, L:/fe80:0:0:0:ac76:3be5:a64d:6de3%2:6500 - R:/fe80:0:0:0:ac76:3be5:a64d:6de3%2:60841]) Номер запроса: 16
Mon Dec 18 08:16:57 IRKT 2017. FAST SERVER. Запрос успешно выполнен, отправление данных: [id: 0xc5ebc4dd, L:/fe80:0:0:0:ac76:3be5:a64d:6de3%2:6500 - R:/fe80:0:0:0:ac76:3be5:a64d:6de3%2:60841]) Номер запроса: 16
Mon Dec 18 08:16:57 IRKT 2017. FTP SERVER. Новое соединение: /0:0:0:0:0:0:0:1
Mon Dec 18 08:16:57 IRKT 2017. FTP SERVER. Запрос на отправку данных клиенту: /0:0:0:0:0:0:0:1 По запросу №1 Объем файла: 319байт
Mon Dec 18 08:16:57 IRKT 2017. FTP SERVER. Запущен процесс отправки данных клиенту: /0:0:0:0:0:0:0:1 Номер сеанса: 16
Mon Dec 18 08:16:57 IRKT 2017. FTP SERVER. Отправка данных клиенту: /0:0:0:0:0:0:0:1 успешно завершена!
Mon Dec 18 08:16:57 IRKT 2017. FAST SERVER. Получено сообщение от /fe80:0:0:0:ac76:3be5:a64d:6de3%2:60841 (c5ebc4dd)
Mon Dec 18 08:16:57 IRKT 2017. FAST SERVER. Обработка запроса на получение содержимого файла для обновления [id: 0xc5ebc4dd, L:/fe80:0:0:0:ac76:3be5:a64d:6de3%2:6500 - R:/fe80:0:0:0:ac76:3be5:a64d:6de3%2:60841]) Номер запроса: 17
Mon Dec 18 08:16:57 IRKT 2017. FAST SERVER. Обработка запроса на получение файла по пути: .//update_storage//0.8.580//\resources//doc_tooltip.png Канал [id: 0xc5ebc4dd, L:/fe80:0:0:0:ac76:3be5:a64d:6de3%2:6500 - R:/fe80:0:0:0:ac76:3be5:a64d:6de3%2:60841]) Номер запроса: 17
Mon Dec 18 08:16:57 IRKT 2017. FAST SERVER. Запрос успешно выполнен, отправление данных: [id: 0xc5ebc4dd, L:/fe80:0:0:0:ac76:3be5:a64d:6de3%2:6500 - R:/fe80:0:0:0:ac76:3be5:a64d:6de3%2:60841]) Номер запроса: 17
Mon Dec 18 08:16:57 IRKT 2017. FTP SERVER. Новое соединение: /0:0:0:0:0:0:0:1
Mon Dec 18 08:16:57 IRKT 2017. FTP SERVER. Запрос на отправку данных клиенту: /0:0:0:0:0:0:0:1 По запросу №1 Объем файла: 439байт
Mon Dec 18 08:16:57 IRKT 2017. FTP SERVER. Запущен процесс отправки данных клиенту: /0:0:0:0:0:0:0:1 Номер сеанса: 17
Mon Dec 18 08:16:57 IRKT 2017. FTP SERVER. Отправка данных клиенту: /0:0:0:0:0:0:0:1 успешно завершена!
Mon Dec 18 08:16:57 IRKT 2017. FAST SERVER. Получено сообщение от /fe80:0:0:0:ac76:3be5:a64d:6de3%2:60841 (c5ebc4dd)
Mon Dec 18 08:16:57 IRKT 2017. FAST SERVER. Обработка запроса на получение содержимого файла для обновления [id: 0xc5ebc4dd, L:/fe80:0:0:0:ac76:3be5:a64d:6de3%2:6500 - R:/fe80:0:0:0:ac76:3be5:a64d:6de3%2:60841]) Номер запроса: 18
Mon Dec 18 08:16:57 IRKT 2017. FAST SERVER. Обработка запроса на получение файла по пути: .//update_storage//0.8.580//\resources//exit.ico Канал [id: 0xc5ebc4dd, L:/fe80:0:0:0:ac76:3be5:a64d:6de3%2:6500 - R:/fe80:0:0:0:ac76:3be5:a64d:6de3%2:60841]) Номер запроса: 18
Mon Dec 18 08:16:57 IRKT 2017. FAST SERVER. Запрос успешно выполнен, отправление данных: [id: 0xc5ebc4dd, L:/fe80:0:0:0:ac76:3be5:a64d:6de3%2:6500 - R:/fe80:0:0:0:ac76:3be5:a64d:6de3%2:60841]) Номер запроса: 18
Mon Dec 18 08:16:57 IRKT 2017. FTP SERVER. Новое соединение: /0:0:0:0:0:0:0:1
Mon Dec 18 08:16:57 IRKT 2017. FTP SERVER. Запрос на отправку данных клиенту: /0:0:0:0:0:0:0:1 По запросу №1 Объем файла: 16958байт
Mon Dec 18 08:16:57 IRKT 2017. FTP SERVER. Запущен процесс отправки данных клиенту: /0:0:0:0:0:0:0:1 Номер сеанса: 18
Mon Dec 18 08:16:57 IRKT 2017. FTP SERVER. Отправка данных клиенту: /0:0:0:0:0:0:0:1 успешно завершена!
Mon Dec 18 08:16:57 IRKT 2017. FAST SERVER. Получено сообщение от /fe80:0:0:0:ac76:3be5:a64d:6de3%2:60841 (c5ebc4dd)
Mon Dec 18 08:16:57 IRKT 2017. FAST SERVER. Обработка запроса на получение содержимого файла для обновления [id: 0xc5ebc4dd, L:/fe80:0:0:0:ac76:3be5:a64d:6de3%2:6500 - R:/fe80:0:0:0:ac76:3be5:a64d:6de3%2:60841]) Номер запроса: 19
Mon Dec 18 08:16:57 IRKT 2017. FAST SERVER. Обработка запроса на получение файла по пути: .//update_storage//0.8.580//\resources//exit.png Канал [id: 0xc5ebc4dd, L:/fe80:0:0:0:ac76:3be5:a64d:6de3%2:6500 - R:/fe80:0:0:0:ac76:3be5:a64d:6de3%2:60841]) Номер запроса: 19
Mon Dec 18 08:16:57 IRKT 2017. FAST SERVER. Запрос успешно выполнен, отправление данных: [id: 0xc5ebc4dd, L:/fe80:0:0:0:ac76:3be5:a64d:6de3%2:6500 - R:/fe80:0:0:0:ac76:3be5:a64d:6de3%2:60841]) Номер запроса: 19
Mon Dec 18 08:16:57 IRKT 2017. FTP SERVER. Новое соединение: /0:0:0:0:0:0:0:1
Mon Dec 18 08:16:57 IRKT 2017. FTP SERVER. Запрос на отправку данных клиенту: /0:0:0:0:0:0:0:1 По запросу №1 Объем файла: 300байт
Mon Dec 18 08:16:57 IRKT 2017. FTP SERVER. Запущен процесс отправки данных клиенту: /0:0:0:0:0:0:0:1 Номер сеанса: 19
Mon Dec 18 08:16:57 IRKT 2017. FTP SERVER. Отправка данных клиенту: /0:0:0:0:0:0:0:1 успешно завершена!
Mon Dec 18 08:16:57 IRKT 2017. FAST SERVER. Получено сообщение от /fe80:0:0:0:ac76:3be5:a64d:6de3%2:60841 (c5ebc4dd)
Mon Dec 18 08:16:57 IRKT 2017. FAST SERVER. Обработка запроса на получение содержимого файла для обновления [id: 0xc5ebc4dd, L:/fe80:0:0:0:ac76:3be5:a64d:6de3%2:6500 - R:/fe80:0:0:0:ac76:3be5:a64d:6de3%2:60841]) Номер запроса: 20
Mon Dec 18 08:16:57 IRKT 2017. FAST SERVER. Обработка запроса на получение файла по пути: .//update_storage//0.8.580//\resources//exit_from_app.ico Канал [id: 0xc5ebc4dd, L:/fe80:0:0:0:ac76:3be5:a64d:6de3%2:6500 - R:/fe80:0:0:0:ac76:3be5:a64d:6de3%2:60841]) Номер запроса: 20
Mon Dec 18 08:16:57 IRKT 2017. FAST SERVER. Запрос успешно выполнен, отправление данных: [id: 0xc5ebc4dd, L:/fe80:0:0:0:ac76:3be5:a64d:6de3%2:6500 - R:/fe80:0:0:0:ac76:3be5:a64d:6de3%2:60841]) Номер запроса: 20
Mon Dec 18 08:16:57 IRKT 2017. FTP SERVER. Новое соединение: /0:0:0:0:0:0:0:1
Mon Dec 18 08:16:57 IRKT 2017. FTP SERVER. Запрос на отправку данных клиенту: /0:0:0:0:0:0:0:1 По запросу №1 Объем файла: 4286байт
Mon Dec 18 08:16:57 IRKT 2017. FTP SERVER. Запущен процесс отправки данных клиенту: /0:0:0:0:0:0:0:1 Номер сеанса: 20
Mon Dec 18 08:16:57 IRKT 2017. FTP SERVER. Отправка данных клиенту: /0:0:0:0:0:0:0:1 успешно завершена!
Mon Dec 18 08:16:57 IRKT 2017. FAST SERVER. Получено сообщение от /fe80:0:0:0:ac76:3be5:a64d:6de3%2:60841 (c5ebc4dd)
Mon Dec 18 08:16:57 IRKT 2017. FAST SERVER. Обработка запроса на получение содержимого файла для обновления [id: 0xc5ebc4dd, L:/fe80:0:0:0:ac76:3be5:a64d:6de3%2:6500 - R:/fe80:0:0:0:ac76:3be5:a64d:6de3%2:60841]) Номер запроса: 21
Mon Dec 18 08:16:57 IRKT 2017. FAST SERVER. Обработка запроса на получение файла по пути: .//update_storage//0.8.580//\resources//exit_from_app.png Канал [id: 0xc5ebc4dd, L:/fe80:0:0:0:ac76:3be5:a64d:6de3%2:6500 - R:/fe80:0:0:0:ac76:3be5:a64d:6de3%2:60841]) Номер запроса: 21
Mon Dec 18 08:16:57 IRKT 2017. FAST SERVER. Запрос успешно выполнен, отправление данных: [id: 0xc5ebc4dd, L:/fe80:0:0:0:ac76:3be5:a64d:6de3%2:6500 - R:/fe80:0:0:0:ac76:3be5:a64d:6de3%2:60841]) Номер запроса: 21
Mon Dec 18 08:16:57 IRKT 2017. FTP SERVER. Новое соединение: /0:0:0:0:0:0:0:1
Mon Dec 18 08:16:57 IRKT 2017. FTP SERVER. Запрос на отправку данных клиенту: /0:0:0:0:0:0:0:1 По запросу №1 Объем файла: 800байт
Mon Dec 18 08:16:57 IRKT 2017. FTP SERVER. Запущен процесс отправки данных клиенту: /0:0:0:0:0:0:0:1 Номер сеанса: 21
Mon Dec 18 08:16:57 IRKT 2017. FTP SERVER. Отправка данных клиенту: /0:0:0:0:0:0:0:1 успешно завершена!
Mon Dec 18 08:16:57 IRKT 2017. FAST SERVER. Получено сообщение от /fe80:0:0:0:ac76:3be5:a64d:6de3%2:60841 (c5ebc4dd)
Mon Dec 18 08:16:57 IRKT 2017. FAST SERVER. Обработка запроса на получение содержимого файла для обновления [id: 0xc5ebc4dd, L:/fe80:0:0:0:ac76:3be5:a64d:6de3%2:6500 - R:/fe80:0:0:0:ac76:3be5:a64d:6de3%2:60841]) Номер запроса: 22
Mon Dec 18 08:16:57 IRKT 2017. FAST SERVER. Обработка запроса на получение файла по пути: .//update_storage//0.8.580//\resources//exit_from_system.ico Канал [id: 0xc5ebc4dd, L:/fe80:0:0:0:ac76:3be5:a64d:6de3%2:6500 - R:/fe80:0:0:0:ac76:3be5:a64d:6de3%2:60841]) Номер запроса: 22
Mon Dec 18 08:16:57 IRKT 2017. FAST SERVER. Запрос успешно выполнен, отправление данных: [id: 0xc5ebc4dd, L:/fe80:0:0:0:ac76:3be5:a64d:6de3%2:6500 - R:/fe80:0:0:0:ac76:3be5:a64d:6de3%2:60841]) Номер запроса: 22
Mon Dec 18 08:16:57 IRKT 2017. FTP SERVER. Новое соединение: /0:0:0:0:0:0:0:1
Mon Dec 18 08:16:57 IRKT 2017. FTP SERVER. Запрос на отправку данных клиенту: /0:0:0:0:0:0:0:1 По запросу №1 Объем файла: 1742байт
Mon Dec 18 08:16:57 IRKT 2017. FTP SERVER. Запущен процесс отправки данных клиенту: /0:0:0:0:0:0:0:1 Номер сеанса: 22
Mon Dec 18 08:16:57 IRKT 2017. FTP SERVER. Отправка данных клиенту: /0:0:0:0:0:0:0:1 успешно завершена!
Mon Dec 18 08:16:57 IRKT 2017. FAST SERVER. Получено сообщение от /fe80:0:0:0:ac76:3be5:a64d:6de3%2:60841 (c5ebc4dd)
Mon Dec 18 08:16:57 IRKT 2017. FAST SERVER. Обработка запроса на получение содержимого файла для обновления [id: 0xc5ebc4dd, L:/fe80:0:0:0:ac76:3be5:a64d:6de3%2:6500 - R:/fe80:0:0:0:ac76:3be5:a64d:6de3%2:60841]) Номер запроса: 23
Mon Dec 18 08:16:57 IRKT 2017. FAST SERVER. Обработка запроса на получение файла по пути: .//update_storage//0.8.580//\resources//help.ico Канал [id: 0xc5ebc4dd, L:/fe80:0:0:0:ac76:3be5:a64d:6de3%2:6500 - R:/fe80:0:0:0:ac76:3be5:a64d:6de3%2:60841]) Номер запроса: 23
Mon Dec 18 08:16:57 IRKT 2017. FAST SERVER. Запрос успешно выполнен, отправление данных: [id: 0xc5ebc4dd, L:/fe80:0:0:0:ac76:3be5:a64d:6de3%2:6500 - R:/fe80:0:0:0:ac76:3be5:a64d:6de3%2:60841]) Номер запроса: 23
Mon Dec 18 08:16:57 IRKT 2017. FTP SERVER. Новое соединение: /0:0:0:0:0:0:0:1
Mon Dec 18 08:16:57 IRKT 2017. FTP SERVER. Запрос на отправку данных клиенту: /0:0:0:0:0:0:0:1 По запросу №1 Объем файла: 67646байт
Mon Dec 18 08:16:57 IRKT 2017. FTP SERVER. Запущен процесс отправки данных клиенту: /0:0:0:0:0:0:0:1 Номер сеанса: 23
Mon Dec 18 08:16:57 IRKT 2017. FTP SERVER. Сессия получения файла была завершена с клиентом /0:0:0:0:0:0:0:1 Номер сеанса: 23 Connection reset
Mon Dec 18 08:16:57 IRKT 2017. FAST SERVER. Получено сообщение от /fe80:0:0:0:ac76:3be5:a64d:6de3%2:60841 (c5ebc4dd)
Mon Dec 18 08:16:57 IRKT 2017. FAST SERVER. Обработка запроса на получение содержимого файла для обновления [id: 0xc5ebc4dd, L:/fe80:0:0:0:ac76:3be5:a64d:6de3%2:6500 - R:/fe80:0:0:0:ac76:3be5:a64d:6de3%2:60841]) Номер запроса: 24
Mon Dec 18 08:16:57 IRKT 2017. FAST SERVER. Обработка запроса на получение файла по пути: .//update_storage//0.8.580//\resources//help.png Канал [id: 0xc5ebc4dd, L:/fe80:0:0:0:ac76:3be5:a64d:6de3%2:6500 - R:/fe80:0:0:0:ac76:3be5:a64d:6de3%2:60841]) Номер запроса: 24
Mon Dec 18 08:16:57 IRKT 2017. FAST SERVER. Запрос успешно выполнен, отправление данных: [id: 0xc5ebc4dd, L:/fe80:0:0:0:ac76:3be5:a64d:6de3%2:6500 - R:/fe80:0:0:0:ac76:3be5:a64d:6de3%2:60841]) Номер запроса: 24
Mon Dec 18 08:16:57 IRKT 2017. FTP SERVER. Новое соединение: /0:0:0:0:0:0:0:1
Mon Dec 18 08:16:57 IRKT 2017. FTP SERVER. Запрос на отправку данных клиенту: /0:0:0:0:0:0:0:1 По запросу №1 Объем файла: 1607байт
Mon Dec 18 08:16:57 IRKT 2017. FTP SERVER. Запущен процесс отправки данных клиенту: /0:0:0:0:0:0:0:1 Номер сеанса: 24
Mon Dec 18 08:16:57 IRKT 2017. FTP SERVER. Отправка данных клиенту: /0:0:0:0:0:0:0:1 успешно завершена!
Mon Dec 18 08:16:57 IRKT 2017. FAST SERVER. Получено сообщение от /fe80:0:0:0:ac76:3be5:a64d:6de3%2:60841 (c5ebc4dd)
Mon Dec 18 08:16:57 IRKT 2017. FAST SERVER. Обработка запроса на получение содержимого файла для обновления [id: 0xc5ebc4dd, L:/fe80:0:0:0:ac76:3be5:a64d:6de3%2:6500 - R:/fe80:0:0:0:ac76:3be5:a64d:6de3%2:60841]) Номер запроса: 25
Mon Dec 18 08:16:57 IRKT 2017. FAST SERVER. Обработка запроса на получение файла по пути: .//update_storage//0.8.580//\resources//html.png Канал [id: 0xc5ebc4dd, L:/fe80:0:0:0:ac76:3be5:a64d:6de3%2:6500 - R:/fe80:0:0:0:ac76:3be5:a64d:6de3%2:60841]) Номер запроса: 25
Mon Dec 18 08:16:57 IRKT 2017. FAST SERVER. Запрос успешно выполнен, отправление данных: [id: 0xc5ebc4dd, L:/fe80:0:0:0:ac76:3be5:a64d:6de3%2:6500 - R:/fe80:0:0:0:ac76:3be5:a64d:6de3%2:60841]) Номер запроса: 25
Mon Dec 18 08:16:57 IRKT 2017. FTP SERVER. Новое соединение: /0:0:0:0:0:0:0:1
Mon Dec 18 08:16:57 IRKT 2017. FTP SERVER. Запрос на отправку данных клиенту: /0:0:0:0:0:0:0:1 По запросу №1 Объем файла: 284байт
Mon Dec 18 08:16:57 IRKT 2017. FTP SERVER. Запущен процесс отправки данных клиенту: /0:0:0:0:0:0:0:1 Номер сеанса: 25
Mon Dec 18 08:16:57 IRKT 2017. FTP SERVER. Отправка данных клиенту: /0:0:0:0:0:0:0:1 успешно завершена!
Mon Dec 18 08:16:57 IRKT 2017. FAST SERVER. Получено сообщение от /fe80:0:0:0:ac76:3be5:a64d:6de3%2:60841 (c5ebc4dd)
Mon Dec 18 08:16:57 IRKT 2017. FAST SERVER. Обработка запроса на получение содержимого файла для обновления [id: 0xc5ebc4dd, L:/fe80:0:0:0:ac76:3be5:a64d:6de3%2:6500 - R:/fe80:0:0:0:ac76:3be5:a64d:6de3%2:60841]) Номер запроса: 26
Mon Dec 18 08:16:57 IRKT 2017. FAST SERVER. Обработка запроса на получение файла по пути: .//update_storage//0.8.580//\resources//jpeg.png Канал [id: 0xc5ebc4dd, L:/fe80:0:0:0:ac76:3be5:a64d:6de3%2:6500 - R:/fe80:0:0:0:ac76:3be5:a64d:6de3%2:60841]) Номер запроса: 26
Mon Dec 18 08:16:57 IRKT 2017. FAST SERVER. Запрос успешно выполнен, отправление данных: [id: 0xc5ebc4dd, L:/fe80:0:0:0:ac76:3be5:a64d:6de3%2:6500 - R:/fe80:0:0:0:ac76:3be5:a64d:6de3%2:60841]) Номер запроса: 26
Mon Dec 18 08:16:57 IRKT 2017. FTP SERVER. Новое соединение: /0:0:0:0:0:0:0:1
Mon Dec 18 08:16:57 IRKT 2017. FTP SERVER. Запрос на отправку данных клиенту: /0:0:0:0:0:0:0:1 По запросу №1 Объем файла: 284байт
Mon Dec 18 08:16:57 IRKT 2017. FTP SERVER. Запущен процесс отправки данных клиенту: /0:0:0:0:0:0:0:1 Номер сеанса: 26
Mon Dec 18 08:16:57 IRKT 2017. FTP SERVER. Отправка данных клиенту: /0:0:0:0:0:0:0:1 успешно завершена!
Mon Dec 18 08:16:57 IRKT 2017. FAST SERVER. Получено сообщение от /fe80:0:0:0:ac76:3be5:a64d:6de3%2:60841 (c5ebc4dd)
Mon Dec 18 08:16:57 IRKT 2017. FAST SERVER. Обработка запроса на получение содержимого файла для обновления [id: 0xc5ebc4dd, L:/fe80:0:0:0:ac76:3be5:a64d:6de3%2:6500 - R:/fe80:0:0:0:ac76:3be5:a64d:6de3%2:60841]) Номер запроса: 27
Mon Dec 18 08:16:57 IRKT 2017. FAST SERVER. Обработка запроса на получение файла по пути: .//update_storage//0.8.580//\resources//link.png Канал [id: 0xc5ebc4dd, L:/fe80:0:0:0:ac76:3be5:a64d:6de3%2:6500 - R:/fe80:0:0:0:ac76:3be5:a64d:6de3%2:60841]) Номер запроса: 27
Mon Dec 18 08:16:57 IRKT 2017. FAST SERVER. Запрос успешно выполнен, отправление данных: [id: 0xc5ebc4dd, L:/fe80:0:0:0:ac76:3be5:a64d:6de3%2:6500 - R:/fe80:0:0:0:ac76:3be5:a64d:6de3%2:60841]) Номер запроса: 27
Mon Dec 18 08:16:57 IRKT 2017. FTP SERVER. Новое соединение: /0:0:0:0:0:0:0:1
Mon Dec 18 08:16:57 IRKT 2017. FTP SERVER. Запрос на отправку данных клиенту: /0:0:0:0:0:0:0:1 По запросу №1 Объем файла: 191байт
Mon Dec 18 08:16:57 IRKT 2017. FTP SERVER. Запущен процесс отправки данных клиенту: /0:0:0:0:0:0:0:1 Номер сеанса: 27
Mon Dec 18 08:16:57 IRKT 2017. FTP SERVER. Отправка данных клиенту: /0:0:0:0:0:0:0:1 успешно завершена!
Mon Dec 18 08:16:57 IRKT 2017. FAST SERVER. Получено сообщение от /fe80:0:0:0:ac76:3be5:a64d:6de3%2:60841 (c5ebc4dd)
Mon Dec 18 08:16:57 IRKT 2017. FAST SERVER. Обработка запроса на получение содержимого файла для обновления [id: 0xc5ebc4dd, L:/fe80:0:0:0:ac76:3be5:a64d:6de3%2:6500 - R:/fe80:0:0:0:ac76:3be5:a64d:6de3%2:60841]) Номер запроса: 28
Mon Dec 18 08:16:57 IRKT 2017. FAST SERVER. Обработка запроса на получение файла по пути: .//update_storage//0.8.580//\resources//load.png Канал [id: 0xc5ebc4dd, L:/fe80:0:0:0:ac76:3be5:a64d:6de3%2:6500 - R:/fe80:0:0:0:ac76:3be5:a64d:6de3%2:60841]) Номер запроса: 28
Mon Dec 18 08:16:57 IRKT 2017. FAST SERVER. Запрос успешно выполнен, отправление данных: [id: 0xc5ebc4dd, L:/fe80:0:0:0:ac76:3be5:a64d:6de3%2:6500 - R:/fe80:0:0:0:ac76:3be5:a64d:6de3%2:60841]) Номер запроса: 28
Mon Dec 18 08:16:57 IRKT 2017. FTP SERVER. Новое соединение: /0:0:0:0:0:0:0:1
Mon Dec 18 08:16:57 IRKT 2017. FTP SERVER. Запрос на отправку данных клиенту: /0:0:0:0:0:0:0:1 По запросу №1 Объем файла: 1372байт
Mon Dec 18 08:16:57 IRKT 2017. FTP SERVER. Запущен процесс отправки данных клиенту: /0:0:0:0:0:0:0:1 Номер сеанса: 28
Mon Dec 18 08:16:57 IRKT 2017. FTP SERVER. Отправка данных клиенту: /0:0:0:0:0:0:0:1 успешно завершена!
Mon Dec 18 08:16:57 IRKT 2017. FAST SERVER. Получено сообщение от /fe80:0:0:0:ac76:3be5:a64d:6de3%2:60841 (c5ebc4dd)
Mon Dec 18 08:16:57 IRKT 2017. FAST SERVER. Обработка запроса на получение содержимого файла для обновления [id: 0xc5ebc4dd, L:/fe80:0:0:0:ac76:3be5:a64d:6de3%2:6500 - R:/fe80:0:0:0:ac76:3be5:a64d:6de3%2:60841]) Номер запроса: 29
Mon Dec 18 08:16:57 IRKT 2017. FAST SERVER. Обработка запроса на получение файла по пути: .//update_storage//0.8.580//\resources//network_settings.png Канал [id: 0xc5ebc4dd, L:/fe80:0:0:0:ac76:3be5:a64d:6de3%2:6500 - R:/fe80:0:0:0:ac76:3be5:a64d:6de3%2:60841]) Номер запроса: 29
Mon Dec 18 08:16:57 IRKT 2017. FAST SERVER. Запрос успешно выполнен, отправление данных: [id: 0xc5ebc4dd, L:/fe80:0:0:0:ac76:3be5:a64d:6de3%2:6500 - R:/fe80:0:0:0:ac76:3be5:a64d:6de3%2:60841]) Номер запроса: 29
Mon Dec 18 08:16:57 IRKT 2017. FTP SERVER. Новое соединение: /0:0:0:0:0:0:0:1
Mon Dec 18 08:16:57 IRKT 2017. FTP SERVER. Запрос на отправку данных клиенту: /0:0:0:0:0:0:0:1 По запросу №1 Объем файла: 1474байт
Mon Dec 18 08:16:57 IRKT 2017. FTP SERVER. Запущен процесс отправки данных клиенту: /0:0:0:0:0:0:0:1 Номер сеанса: 29
Mon Dec 18 08:16:57 IRKT 2017. FTP SERVER. Отправка данных клиенту: /0:0:0:0:0:0:0:1 успешно завершена!
Mon Dec 18 08:16:57 IRKT 2017. FAST SERVER. Получено сообщение от /fe80:0:0:0:ac76:3be5:a64d:6de3%2:60841 (c5ebc4dd)
Mon Dec 18 08:16:57 IRKT 2017. FAST SERVER. Обработка запроса на получение содержимого файла для обновления [id: 0xc5ebc4dd, L:/fe80:0:0:0:ac76:3be5:a64d:6de3%2:6500 - R:/fe80:0:0:0:ac76:3be5:a64d:6de3%2:60841]) Номер запроса: 30
Mon Dec 18 08:16:57 IRKT 2017. FAST SERVER. Обработка запроса на получение файла по пути: .//update_storage//0.8.580//\resources//open.png Канал [id: 0xc5ebc4dd, L:/fe80:0:0:0:ac76:3be5:a64d:6de3%2:6500 - R:/fe80:0:0:0:ac76:3be5:a64d:6de3%2:60841]) Номер запроса: 30
Mon Dec 18 08:16:57 IRKT 2017. FAST SERVER. Запрос успешно выполнен, отправление данных: [id: 0xc5ebc4dd, L:/fe80:0:0:0:ac76:3be5:a64d:6de3%2:6500 - R:/fe80:0:0:0:ac76:3be5:a64d:6de3%2:60841]) Номер запроса: 30
Mon Dec 18 08:16:57 IRKT 2017. FTP SERVER. Новое соединение: /0:0:0:0:0:0:0:1
Mon Dec 18 08:16:57 IRKT 2017. FTP SERVER. Запрос на отправку данных клиенту: /0:0:0:0:0:0:0:1 По запросу №1 Объем файла: 471байт
Mon Dec 18 08:16:57 IRKT 2017. FTP SERVER. Запущен процесс отправки данных клиенту: /0:0:0:0:0:0:0:1 Номер сеанса: 30
Mon Dec 18 08:16:57 IRKT 2017. FTP SERVER. Отправка данных клиенту: /0:0:0:0:0:0:0:1 успешно завершена!
Mon Dec 18 08:16:57 IRKT 2017. FAST SERVER. Получено сообщение от /fe80:0:0:0:ac76:3be5:a64d:6de3%2:60841 (c5ebc4dd)
Mon Dec 18 08:16:57 IRKT 2017. FAST SERVER. Обработка запроса на получение содержимого файла для обновления [id: 0xc5ebc4dd, L:/fe80:0:0:0:ac76:3be5:a64d:6de3%2:6500 - R:/fe80:0:0:0:ac76:3be5:a64d:6de3%2:60841]) Номер запроса: 31
Mon Dec 18 08:16:57 IRKT 2017. FAST SERVER. Обработка запроса на получение файла по пути: .//update_storage//0.8.580//\resources//open_folders.png Канал [id: 0xc5ebc4dd, L:/fe80:0:0:0:ac76:3be5:a64d:6de3%2:6500 - R:/fe80:0:0:0:ac76:3be5:a64d:6de3%2:60841]) Номер запроса: 31
Mon Dec 18 08:16:57 IRKT 2017. FAST SERVER. Запрос успешно выполнен, отправление данных: [id: 0xc5ebc4dd, L:/fe80:0:0:0:ac76:3be5:a64d:6de3%2:6500 - R:/fe80:0:0:0:ac76:3be5:a64d:6de3%2:60841]) Номер запроса: 31
Mon Dec 18 08:16:57 IRKT 2017. FTP SERVER. Новое соединение: /0:0:0:0:0:0:0:1
Mon Dec 18 08:16:57 IRKT 2017. FTP SERVER. Запрос на отправку данных клиенту: /0:0:0:0:0:0:0:1 По запросу №1 Объем файла: 271байт
Mon Dec 18 08:16:57 IRKT 2017. FTP SERVER. Запущен процесс отправки данных клиенту: /0:0:0:0:0:0:0:1 Номер сеанса: 31
Mon Dec 18 08:16:57 IRKT 2017. FTP SERVER. Отправка данных клиенту: /0:0:0:0:0:0:0:1 успешно завершена!
Mon Dec 18 08:16:57 IRKT 2017. FAST SERVER. Получено сообщение от /fe80:0:0:0:ac76:3be5:a64d:6de3%2:60841 (c5ebc4dd)
Mon Dec 18 08:16:57 IRKT 2017. FAST SERVER. Обработка запроса на получение содержимого файла для обновления [id: 0xc5ebc4dd, L:/fe80:0:0:0:ac76:3be5:a64d:6de3%2:6500 - R:/fe80:0:0:0:ac76:3be5:a64d:6de3%2:60841]) Номер запроса: 32
Mon Dec 18 08:16:57 IRKT 2017. FAST SERVER. Обработка запроса на получение файла по пути: .//update_storage//0.8.580//\resources//pdf.png Канал [id: 0xc5ebc4dd, L:/fe80:0:0:0:ac76:3be5:a64d:6de3%2:6500 - R:/fe80:0:0:0:ac76:3be5:a64d:6de3%2:60841]) Номер запроса: 32
Mon Dec 18 08:16:57 IRKT 2017. FAST SERVER. Запрос успешно выполнен, отправление данных: [id: 0xc5ebc4dd, L:/fe80:0:0:0:ac76:3be5:a64d:6de3%2:6500 - R:/fe80:0:0:0:ac76:3be5:a64d:6de3%2:60841]) Номер запроса: 32
Mon Dec 18 08:16:57 IRKT 2017. FTP SERVER. Новое соединение: /0:0:0:0:0:0:0:1
Mon Dec 18 08:16:57 IRKT 2017. FTP SERVER. Запрос на отправку данных клиенту: /0:0:0:0:0:0:0:1 По запросу №1 Объем файла: 219байт
Mon Dec 18 08:16:57 IRKT 2017. FTP SERVER. Запущен процесс отправки данных клиенту: /0:0:0:0:0:0:0:1 Номер сеанса: 32
Mon Dec 18 08:16:57 IRKT 2017. FTP SERVER. Отправка данных клиенту: /0:0:0:0:0:0:0:1 успешно завершена!
Mon Dec 18 08:16:57 IRKT 2017. FAST SERVER. Получено сообщение от /fe80:0:0:0:ac76:3be5:a64d:6de3%2:60841 (c5ebc4dd)
Mon Dec 18 08:16:57 IRKT 2017. FAST SERVER. Обработка запроса на получение содержимого файла для обновления [id: 0xc5ebc4dd, L:/fe80:0:0:0:ac76:3be5:a64d:6de3%2:6500 - R:/fe80:0:0:0:ac76:3be5:a64d:6de3%2:60841]) Номер запроса: 33
Mon Dec 18 08:16:57 IRKT 2017. FAST SERVER. Обработка запроса на получение файла по пути: .//update_storage//0.8.580//\resources//png.png Канал [id: 0xc5ebc4dd, L:/fe80:0:0:0:ac76:3be5:a64d:6de3%2:6500 - R:/fe80:0:0:0:ac76:3be5:a64d:6de3%2:60841]) Номер запроса: 33
Mon Dec 18 08:16:57 IRKT 2017. FAST SERVER. Запрос успешно выполнен, отправление данных: [id: 0xc5ebc4dd, L:/fe80:0:0:0:ac76:3be5:a64d:6de3%2:6500 - R:/fe80:0:0:0:ac76:3be5:a64d:6de3%2:60841]) Номер запроса: 33
Mon Dec 18 08:16:57 IRKT 2017. FTP SERVER. Новое соединение: /0:0:0:0:0:0:0:1
Mon Dec 18 08:16:57 IRKT 2017. FTP SERVER. Запрос на отправку данных клиенту: /0:0:0:0:0:0:0:1 По запросу №1 Объем файла: 267байт
Mon Dec 18 08:16:57 IRKT 2017. FTP SERVER. Запущен процесс отправки данных клиенту: /0:0:0:0:0:0:0:1 Номер сеанса: 33
Mon Dec 18 08:16:57 IRKT 2017. FTP SERVER. Отправка данных клиенту: /0:0:0:0:0:0:0:1 успешно завершена!
Mon Dec 18 08:16:57 IRKT 2017. FAST SERVER. Получено сообщение от /fe80:0:0:0:ac76:3be5:a64d:6de3%2:60841 (c5ebc4dd)
Mon Dec 18 08:16:57 IRKT 2017. FAST SERVER. Обработка запроса на получение содержимого файла для обновления [id: 0xc5ebc4dd, L:/fe80:0:0:0:ac76:3be5:a64d:6de3%2:6500 - R:/fe80:0:0:0:ac76:3be5:a64d:6de3%2:60841]) Номер запроса: 34
Mon Dec 18 08:16:57 IRKT 2017. FAST SERVER. Обработка запроса на получение файла по пути: .//update_storage//0.8.580//\resources//registr.png Канал [id: 0xc5ebc4dd, L:/fe80:0:0:0:ac76:3be5:a64d:6de3%2:6500 - R:/fe80:0:0:0:ac76:3be5:a64d:6de3%2:60841]) Номер запроса: 34
Mon Dec 18 08:16:57 IRKT 2017. FAST SERVER. Запрос успешно выполнен, отправление данных: [id: 0xc5ebc4dd, L:/fe80:0:0:0:ac76:3be5:a64d:6de3%2:6500 - R:/fe80:0:0:0:ac76:3be5:a64d:6de3%2:60841]) Номер запроса: 34
Mon Dec 18 08:16:57 IRKT 2017. FTP SERVER. Новое соединение: /0:0:0:0:0:0:0:1
Mon Dec 18 08:16:57 IRKT 2017. FTP SERVER. Запрос на отправку данных клиенту: /0:0:0:0:0:0:0:1 По запросу №1 Объем файла: 748байт
Mon Dec 18 08:16:57 IRKT 2017. FTP SERVER. Запущен процесс отправки данных клиенту: /0:0:0:0:0:0:0:1 Номер сеанса: 34
Mon Dec 18 08:16:57 IRKT 2017. FTP SERVER. Отправка данных клиенту: /0:0:0:0:0:0:0:1 успешно завершена!
Mon Dec 18 08:16:57 IRKT 2017. FAST SERVER. Получено сообщение от /fe80:0:0:0:ac76:3be5:a64d:6de3%2:60841 (c5ebc4dd)
Mon Dec 18 08:16:57 IRKT 2017. FAST SERVER. Обработка запроса на получение содержимого файла для обновления [id: 0xc5ebc4dd, L:/fe80:0:0:0:ac76:3be5:a64d:6de3%2:6500 - R:/fe80:0:0:0:ac76:3be5:a64d:6de3%2:60841]) Номер запроса: 35
Mon Dec 18 08:16:57 IRKT 2017. FAST SERVER. Обработка запроса на получение файла по пути: .//update_storage//0.8.580//\resources//send_to_developer.png Канал [id: 0xc5ebc4dd, L:/fe80:0:0:0:ac76:3be5:a64d:6de3%2:6500 - R:/fe80:0:0:0:ac76:3be5:a64d:6de3%2:60841]) Номер запроса: 35
Mon Dec 18 08:16:57 IRKT 2017. FAST SERVER. Запрос успешно выполнен, отправление данных: [id: 0xc5ebc4dd, L:/fe80:0:0:0:ac76:3be5:a64d:6de3%2:6500 - R:/fe80:0:0:0:ac76:3be5:a64d:6de3%2:60841]) Номер запроса: 35
Mon Dec 18 08:16:57 IRKT 2017. FTP SERVER. Новое соединение: /0:0:0:0:0:0:0:1
Mon Dec 18 08:16:57 IRKT 2017. FTP SERVER. Запрос на отправку данных клиенту: /0:0:0:0:0:0:0:1 По запросу №1 Объем файла: 1034байт
Mon Dec 18 08:16:57 IRKT 2017. FTP SERVER. Запущен процесс отправки данных клиенту: /0:0:0:0:0:0:0:1 Номер сеанса: 35
Mon Dec 18 08:16:57 IRKT 2017. FTP SERVER. Отправка данных клиенту: /0:0:0:0:0:0:0:1 успешно завершена!
Mon Dec 18 08:16:57 IRKT 2017. FAST SERVER. Получено сообщение от /fe80:0:0:0:ac76:3be5:a64d:6de3%2:60841 (c5ebc4dd)
Mon Dec 18 08:16:57 IRKT 2017. FAST SERVER. Обработка запроса на получение содержимого файла для обновления [id: 0xc5ebc4dd, L:/fe80:0:0:0:ac76:3be5:a64d:6de3%2:6500 - R:/fe80:0:0:0:ac76:3be5:a64d:6de3%2:60841]) Номер запроса: 36
Mon Dec 18 08:16:57 IRKT 2017. FAST SERVER. Обработка запроса на получение файла по пути: .//update_storage//0.8.580//\resources//settings.ico Канал [id: 0xc5ebc4dd, L:/fe80:0:0:0:ac76:3be5:a64d:6de3%2:6500 - R:/fe80:0:0:0:ac76:3be5:a64d:6de3%2:60841]) Номер запроса: 36
Mon Dec 18 08:16:57 IRKT 2017. FAST SERVER. Запрос успешно выполнен, отправление данных: [id: 0xc5ebc4dd, L:/fe80:0:0:0:ac76:3be5:a64d:6de3%2:6500 - R:/fe80:0:0:0:ac76:3be5:a64d:6de3%2:60841]) Номер запроса: 36
Mon Dec 18 08:16:57 IRKT 2017. FTP SERVER. Новое соединение: /0:0:0:0:0:0:0:1
Mon Dec 18 08:16:57 IRKT 2017. FTP SERVER. Запрос на отправку данных клиенту: /0:0:0:0:0:0:0:1 По запросу №1 Объем файла: 67646байт
Mon Dec 18 08:16:57 IRKT 2017. FTP SERVER. Запущен процесс отправки данных клиенту: /0:0:0:0:0:0:0:1 Номер сеанса: 36
Mon Dec 18 08:16:57 IRKT 2017. FTP SERVER. Сессия получения файла была завершена с клиентом /0:0:0:0:0:0:0:1 Номер сеанса: 36 Connection reset
Mon Dec 18 08:16:57 IRKT 2017. FAST SERVER. Получено сообщение от /fe80:0:0:0:ac76:3be5:a64d:6de3%2:60841 (c5ebc4dd)
Mon Dec 18 08:16:57 IRKT 2017. FAST SERVER. Обработка запроса на получение содержимого файла для обновления [id: 0xc5ebc4dd, L:/fe80:0:0:0:ac76:3be5:a64d:6de3%2:6500 - R:/fe80:0:0:0:ac76:3be5:a64d:6de3%2:60841]) Номер запроса: 37
Mon Dec 18 08:16:57 IRKT 2017. FAST SERVER. Обработка запроса на получение файла по пути: .//update_storage//0.8.580//\resources//settings.png Канал [id: 0xc5ebc4dd, L:/fe80:0:0:0:ac76:3be5:a64d:6de3%2:6500 - R:/fe80:0:0:0:ac76:3be5:a64d:6de3%2:60841]) Номер запроса: 37
Mon Dec 18 08:16:57 IRKT 2017. FAST SERVER. Запрос успешно выполнен, отправление данных: [id: 0xc5ebc4dd, L:/fe80:0:0:0:ac76:3be5:a64d:6de3%2:6500 - R:/fe80:0:0:0:ac76:3be5:a64d:6de3%2:60841]) Номер запроса: 37
Mon Dec 18 08:16:57 IRKT 2017. FTP SERVER. Новое соединение: /0:0:0:0:0:0:0:1
Mon Dec 18 08:16:57 IRKT 2017. FTP SERVER. Запрос на отправку данных клиенту: /0:0:0:0:0:0:0:1 По запросу №1 Объем файла: 2797байт
Mon Dec 18 08:16:57 IRKT 2017. FTP SERVER. Запущен процесс отправки данных клиенту: /0:0:0:0:0:0:0:1 Номер сеанса: 37
Mon Dec 18 08:16:57 IRKT 2017. FTP SERVER. Отправка данных клиенту: /0:0:0:0:0:0:0:1 успешно завершена!
Mon Dec 18 08:16:57 IRKT 2017. FAST SERVER. Получено сообщение от /fe80:0:0:0:ac76:3be5:a64d:6de3%2:60841 (c5ebc4dd)
Mon Dec 18 08:16:57 IRKT 2017. FAST SERVER. Обработка запроса на получение содержимого файла для обновления [id: 0xc5ebc4dd, L:/fe80:0:0:0:ac76:3be5:a64d:6de3%2:6500 - R:/fe80:0:0:0:ac76:3be5:a64d:6de3%2:60841]) Номер запроса: 38
Mon Dec 18 08:16:57 IRKT 2017. FAST SERVER. Обработка запроса на получение файла по пути: .//update_storage//0.8.580//\resources//tiff.png Канал [id: 0xc5ebc4dd, L:/fe80:0:0:0:ac76:3be5:a64d:6de3%2:6500 - R:/fe80:0:0:0:ac76:3be5:a64d:6de3%2:60841]) Номер запроса: 38
Mon Dec 18 08:16:57 IRKT 2017. FAST SERVER. Запрос успешно выполнен, отправление данных: [id: 0xc5ebc4dd, L:/fe80:0:0:0:ac76:3be5:a64d:6de3%2:6500 - R:/fe80:0:0:0:ac76:3be5:a64d:6de3%2:60841]) Номер запроса: 38
Mon Dec 18 08:16:57 IRKT 2017. FTP SERVER. Новое соединение: /0:0:0:0:0:0:0:1
Mon Dec 18 08:16:57 IRKT 2017. FTP SERVER. Запрос на отправку данных клиенту: /0:0:0:0:0:0:0:1 По запросу №1 Объем файла: 198байт
Mon Dec 18 08:16:57 IRKT 2017. FTP SERVER. Запущен процесс отправки данных клиенту: /0:0:0:0:0:0:0:1 Номер сеанса: 38
Mon Dec 18 08:16:57 IRKT 2017. FTP SERVER. Отправка данных клиенту: /0:0:0:0:0:0:0:1 успешно завершена!
Mon Dec 18 08:16:57 IRKT 2017. FAST SERVER. Получено сообщение от /fe80:0:0:0:ac76:3be5:a64d:6de3%2:60841 (c5ebc4dd)
Mon Dec 18 08:16:57 IRKT 2017. FAST SERVER. Обработка запроса на получение содержимого файла для обновления [id: 0xc5ebc4dd, L:/fe80:0:0:0:ac76:3be5:a64d:6de3%2:6500 - R:/fe80:0:0:0:ac76:3be5:a64d:6de3%2:60841]) Номер запроса: 39
Mon Dec 18 08:16:57 IRKT 2017. FAST SERVER. Обработка запроса на получение файла по пути: .//update_storage//0.8.580//\resources//txt.png Канал [id: 0xc5ebc4dd, L:/fe80:0:0:0:ac76:3be5:a64d:6de3%2:6500 - R:/fe80:0:0:0:ac76:3be5:a64d:6de3%2:60841]) Номер запроса: 39
Mon Dec 18 08:16:57 IRKT 2017. FAST SERVER. Запрос успешно выполнен, отправление данных: [id: 0xc5ebc4dd, L:/fe80:0:0:0:ac76:3be5:a64d:6de3%2:6500 - R:/fe80:0:0:0:ac76:3be5:a64d:6de3%2:60841]) Номер запроса: 39
Mon Dec 18 08:16:57 IRKT 2017. FTP SERVER. Новое соединение: /0:0:0:0:0:0:0:1
Mon Dec 18 08:16:57 IRKT 2017. FTP SERVER. Запрос на отправку данных клиенту: /0:0:0:0:0:0:0:1 По запросу №1 Объем файла: 240байт
Mon Dec 18 08:16:57 IRKT 2017. FTP SERVER. Запущен процесс отправки данных клиенту: /0:0:0:0:0:0:0:1 Номер сеанса: 39
Mon Dec 18 08:16:57 IRKT 2017. FTP SERVER. Отправка данных клиенту: /0:0:0:0:0:0:0:1 успешно завершена!
Mon Dec 18 08:16:58 IRKT 2017. FAST SERVER. Получено сообщение от /fe80:0:0:0:ac76:3be5:a64d:6de3%2:60841 (c5ebc4dd)
Mon Dec 18 08:16:58 IRKT 2017. FAST SERVER. Обработка запроса на получение содержимого файла для обновления [id: 0xc5ebc4dd, L:/fe80:0:0:0:ac76:3be5:a64d:6de3%2:6500 - R:/fe80:0:0:0:ac76:3be5:a64d:6de3%2:60841]) Номер запроса: 40
Mon Dec 18 08:16:58 IRKT 2017. FAST SERVER. Обработка запроса на получение файла по пути: .//update_storage//0.8.580//\resources//unknown.png Канал [id: 0xc5ebc4dd, L:/fe80:0:0:0:ac76:3be5:a64d:6de3%2:6500 - R:/fe80:0:0:0:ac76:3be5:a64d:6de3%2:60841]) Номер запроса: 40
Mon Dec 18 08:16:58 IRKT 2017. FAST SERVER. Запрос успешно выполнен, отправление данных: [id: 0xc5ebc4dd, L:/fe80:0:0:0:ac76:3be5:a64d:6de3%2:6500 - R:/fe80:0:0:0:ac76:3be5:a64d:6de3%2:60841]) Номер запроса: 40
Mon Dec 18 08:16:58 IRKT 2017. FTP SERVER. Новое соединение: /0:0:0:0:0:0:0:1
Mon Dec 18 08:16:58 IRKT 2017. FTP SERVER. Запрос на отправку данных клиенту: /0:0:0:0:0:0:0:1 По запросу №1 Объем файла: 127байт
Mon Dec 18 08:16:58 IRKT 2017. FTP SERVER. Запущен процесс отправки данных клиенту: /0:0:0:0:0:0:0:1 Номер сеанса: 40
Mon Dec 18 08:16:58 IRKT 2017. FTP SERVER. Отправка данных клиенту: /0:0:0:0:0:0:0:1 успешно завершена!
Mon Dec 18 08:16:58 IRKT 2017. FAST SERVER. Получено сообщение от /fe80:0:0:0:ac76:3be5:a64d:6de3%2:60841 (c5ebc4dd)
Mon Dec 18 08:16:58 IRKT 2017. FAST SERVER. Обработка запроса на получение содержимого файла для обновления [id: 0xc5ebc4dd, L:/fe80:0:0:0:ac76:3be5:a64d:6de3%2:6500 - R:/fe80:0:0:0:ac76:3be5:a64d:6de3%2:60841]) Номер запроса: 41
Mon Dec 18 08:16:58 IRKT 2017. FAST SERVER. Обработка запроса на получение файла по пути: .//update_storage//0.8.580//\resources//update.ico Канал [id: 0xc5ebc4dd, L:/fe80:0:0:0:ac76:3be5:a64d:6de3%2:6500 - R:/fe80:0:0:0:ac76:3be5:a64d:6de3%2:60841]) Номер запроса: 41
Mon Dec 18 08:16:58 IRKT 2017. FAST SERVER. Запрос успешно выполнен, отправление данных: [id: 0xc5ebc4dd, L:/fe80:0:0:0:ac76:3be5:a64d:6de3%2:6500 - R:/fe80:0:0:0:ac76:3be5:a64d:6de3%2:60841]) Номер запроса: 41
Mon Dec 18 08:16:58 IRKT 2017. FTP SERVER. Новое соединение: /0:0:0:0:0:0:0:1
Mon Dec 18 08:16:58 IRKT 2017. FTP SERVER. Запрос на отправку данных клиенту: /0:0:0:0:0:0:0:1 По запросу №1 Объем файла: 4286байт
Mon Dec 18 08:16:58 IRKT 2017. FTP SERVER. Запущен процесс отправки данных клиенту: /0:0:0:0:0:0:0:1 Номер сеанса: 41
Mon Dec 18 08:16:58 IRKT 2017. FTP SERVER. Отправка данных клиенту: /0:0:0:0:0:0:0:1 успешно завершена!
Mon Dec 18 08:16:58 IRKT 2017. FAST SERVER. Получено сообщение от /fe80:0:0:0:ac76:3be5:a64d:6de3%2:60841 (c5ebc4dd)
Mon Dec 18 08:16:58 IRKT 2017. FAST SERVER. Обработка запроса на получение содержимого файла для обновления [id: 0xc5ebc4dd, L:/fe80:0:0:0:ac76:3be5:a64d:6de3%2:6500 - R:/fe80:0:0:0:ac76:3be5:a64d:6de3%2:60841]) Номер запроса: 42
Mon Dec 18 08:16:58 IRKT 2017. FAST SERVER. Обработка запроса на получение файла по пути: .//update_storage//0.8.580//\resources//update.png Канал [id: 0xc5ebc4dd, L:/fe80:0:0:0:ac76:3be5:a64d:6de3%2:6500 - R:/fe80:0:0:0:ac76:3be5:a64d:6de3%2:60841]) Номер запроса: 42
Mon Dec 18 08:16:58 IRKT 2017. FAST SERVER. Запрос успешно выполнен, отправление данных: [id: 0xc5ebc4dd, L:/fe80:0:0:0:ac76:3be5:a64d:6de3%2:6500 - R:/fe80:0:0:0:ac76:3be5:a64d:6de3%2:60841]) Номер запроса: 42
Mon Dec 18 08:16:58 IRKT 2017. FTP SERVER. Новое соединение: /0:0:0:0:0:0:0:1
Mon Dec 18 08:16:58 IRKT 2017. FTP SERVER. Запрос на отправку данных клиенту: /0:0:0:0:0:0:0:1 По запросу №1 Объем файла: 870байт
Mon Dec 18 08:16:58 IRKT 2017. FTP SERVER. Запущен процесс отправки данных клиенту: /0:0:0:0:0:0:0:1 Номер сеанса: 42
Mon Dec 18 08:16:58 IRKT 2017. FTP SERVER. Отправка данных клиенту: /0:0:0:0:0:0:0:1 успешно завершена!
Mon Dec 18 08:16:58 IRKT 2017. FAST SERVER. Получено сообщение от /fe80:0:0:0:ac76:3be5:a64d:6de3%2:60841 (c5ebc4dd)
Mon Dec 18 08:16:58 IRKT 2017. FAST SERVER. Обработка запроса на получение содержимого файла для обновления [id: 0xc5ebc4dd, L:/fe80:0:0:0:ac76:3be5:a64d:6de3%2:6500 - R:/fe80:0:0:0:ac76:3be5:a64d:6de3%2:60841]) Номер запроса: 43
Mon Dec 18 08:16:58 IRKT 2017. FAST SERVER. Обработка запроса на получение файла по пути: .//update_storage//0.8.580//\resources//view_settings.png Канал [id: 0xc5ebc4dd, L:/fe80:0:0:0:ac76:3be5:a64d:6de3%2:6500 - R:/fe80:0:0:0:ac76:3be5:a64d:6de3%2:60841]) Номер запроса: 43
Mon Dec 18 08:16:58 IRKT 2017. FAST SERVER. Запрос успешно выполнен, отправление данных: [id: 0xc5ebc4dd, L:/fe80:0:0:0:ac76:3be5:a64d:6de3%2:6500 - R:/fe80:0:0:0:ac76:3be5:a64d:6de3%2:60841]) Номер запроса: 43
Mon Dec 18 08:16:58 IRKT 2017. FTP SERVER. Новое соединение: /0:0:0:0:0:0:0:1
Mon Dec 18 08:16:58 IRKT 2017. FTP SERVER. Запрос на отправку данных клиенту: /0:0:0:0:0:0:0:1 По запросу №1 Объем файла: 1316байт
Mon Dec 18 08:16:58 IRKT 2017. FTP SERVER. Запущен процесс отправки данных клиенту: /0:0:0:0:0:0:0:1 Номер сеанса: 43
Mon Dec 18 08:16:58 IRKT 2017. FTP SERVER. Отправка данных клиенту: /0:0:0:0:0:0:0:1 успешно завершена!
Mon Dec 18 08:16:58 IRKT 2017. FAST SERVER. Получено сообщение от /fe80:0:0:0:ac76:3be5:a64d:6de3%2:60841 (c5ebc4dd)
Mon Dec 18 08:16:58 IRKT 2017. FAST SERVER. Обработка запроса на получение содержимого файла для обновления [id: 0xc5ebc4dd, L:/fe80:0:0:0:ac76:3be5:a64d:6de3%2:6500 - R:/fe80:0:0:0:ac76:3be5:a64d:6de3%2:60841]) Номер запроса: 44
Mon Dec 18 08:16:58 IRKT 2017. FAST SERVER. Обработка запроса на получение файла по пути: .//update_storage//0.8.580//\resources//xls.png Канал [id: 0xc5ebc4dd, L:/fe80:0:0:0:ac76:3be5:a64d:6de3%2:6500 - R:/fe80:0:0:0:ac76:3be5:a64d:6de3%2:60841]) Номер запроса: 44
Mon Dec 18 08:16:58 IRKT 2017. FAST SERVER. Запрос успешно выполнен, отправление данных: [id: 0xc5ebc4dd, L:/fe80:0:0:0:ac76:3be5:a64d:6de3%2:6500 - R:/fe80:0:0:0:ac76:3be5:a64d:6de3%2:60841]) Номер запроса: 44
Mon Dec 18 08:16:58 IRKT 2017. FTP SERVER. Новое соединение: /0:0:0:0:0:0:0:1
Mon Dec 18 08:16:58 IRKT 2017. FTP SERVER. Запрос на отправку данных клиенту: /0:0:0:0:0:0:0:1 По запросу №1 Объем файла: 370байт
Mon Dec 18 08:16:58 IRKT 2017. FTP SERVER. Запущен процесс отправки данных клиенту: /0:0:0:0:0:0:0:1 Номер сеанса: 44
Mon Dec 18 08:16:58 IRKT 2017. FTP SERVER. Отправка данных клиенту: /0:0:0:0:0:0:0:1 успешно завершена!
Mon Dec 18 08:16:58 IRKT 2017. FAST SERVER. Получено сообщение от /fe80:0:0:0:ac76:3be5:a64d:6de3%2:60841 (c5ebc4dd)
Mon Dec 18 08:16:58 IRKT 2017. FAST SERVER. Обработка запроса на получение содержимого файла для обновления [id: 0xc5ebc4dd, L:/fe80:0:0:0:ac76:3be5:a64d:6de3%2:6500 - R:/fe80:0:0:0:ac76:3be5:a64d:6de3%2:60841]) Номер запроса: 45
Mon Dec 18 08:16:58 IRKT 2017. FAST SERVER. Обработка запроса на получение файла по пути: .//update_storage//0.8.580//\resources//xlsx.png Канал [id: 0xc5ebc4dd, L:/fe80:0:0:0:ac76:3be5:a64d:6de3%2:6500 - R:/fe80:0:0:0:ac76:3be5:a64d:6de3%2:60841]) Номер запроса: 45
Mon Dec 18 08:16:58 IRKT 2017. FAST SERVER. Запрос успешно выполнен, отправление данных: [id: 0xc5ebc4dd, L:/fe80:0:0:0:ac76:3be5:a64d:6de3%2:6500 - R:/fe80:0:0:0:ac76:3be5:a64d:6de3%2:60841]) Номер запроса: 45
Mon Dec 18 08:16:58 IRKT 2017. FTP SERVER. Новое соединение: /0:0:0:0:0:0:0:1
Mon Dec 18 08:16:58 IRKT 2017. FTP SERVER. Запрос на отправку данных клиенту: /0:0:0:0:0:0:0:1 По запросу №1 Объем файла: 219байт
Mon Dec 18 08:16:58 IRKT 2017. FTP SERVER. Запущен процесс отправки данных клиенту: /0:0:0:0:0:0:0:1 Номер сеанса: 45
Mon Dec 18 08:16:58 IRKT 2017. FTP SERVER. Отправка данных клиенту: /0:0:0:0:0:0:0:1 успешно завершена!
Mon Dec 18 08:16:58 IRKT 2017. FAST SERVER. Получено сообщение от /fe80:0:0:0:ac76:3be5:a64d:6de3%2:60841 (c5ebc4dd)
Mon Dec 18 08:16:58 IRKT 2017. FAST SERVER. Обработка запроса на получение содержимого файла для обновления [id: 0xc5ebc4dd, L:/fe80:0:0:0:ac76:3be5:a64d:6de3%2:6500 - R:/fe80:0:0:0:ac76:3be5:a64d:6de3%2:60841]) Номер запроса: 46
Mon Dec 18 08:16:58 IRKT 2017. FAST SERVER. Обработка запроса на получение файла по пути: .//update_storage//0.8.580//\resources//xps.png Канал [id: 0xc5ebc4dd, L:/fe80:0:0:0:ac76:3be5:a64d:6de3%2:6500 - R:/fe80:0:0:0:ac76:3be5:a64d:6de3%2:60841]) Номер запроса: 46
Mon Dec 18 08:16:58 IRKT 2017. FAST SERVER. Запрос успешно выполнен, отправление данных: [id: 0xc5ebc4dd, L:/fe80:0:0:0:ac76:3be5:a64d:6de3%2:6500 - R:/fe80:0:0:0:ac76:3be5:a64d:6de3%2:60841]) Номер запроса: 46
Mon Dec 18 08:16:58 IRKT 2017. FTP SERVER. Новое соединение: /0:0:0:0:0:0:0:1
Mon Dec 18 08:16:58 IRKT 2017. FTP SERVER. Запрос на отправку данных клиенту: /0:0:0:0:0:0:0:1 По запросу №1 Объем файла: 520байт
Mon Dec 18 08:16:58 IRKT 2017. FTP SERVER. Запущен процесс отправки данных клиенту: /0:0:0:0:0:0:0:1 Номер сеанса: 46
Mon Dec 18 08:16:58 IRKT 2017. FTP SERVER. Отправка данных клиенту: /0:0:0:0:0:0:0:1 успешно завершена!
Mon Dec 18 08:16:58 IRKT 2017. FAST SERVER. Получено сообщение от /fe80:0:0:0:ac76:3be5:a64d:6de3%2:60841 (c5ebc4dd)
Mon Dec 18 08:16:58 IRKT 2017. FAST SERVER. Произошла ошибка при выполнении команды. Клиент [id: 0xc5ebc4dd, L:/fe80:0:0:0:ac76:3be5:a64d:6de3%2:6500 - R:/fe80:0:0:0:ac76:3be5:a64d:6de3%2:60841] Номер запроса 47. Сообщение от клиента: {"command":"get_update","param1":"0.8.580","param2":"","param3":"","param4_array":"Ly/QkNCg0Jwg0L7Qv9C10YDQsNGC0L7RgNCwINC60L7QvdGC0LDQutGCLdGG0LXQvdGC0YDQsC5leGU=","param5_arr
Mon Dec 18 08:16:58 IRKT 2017. FAST SERVER. Получено сообщение от /fe80:0:0:0:ac76:3be5:a64d:6de3%2:60841 (c5ebc4dd)
Mon Dec 18 08:16:58 IRKT 2017. FAST SERVER. Произошла ошибка при выполнении команды. Клиент [id: 0xc5ebc4dd, L:/fe80:0:0:0:ac76:3be5:a64d:6de3%2:6500 - R:/fe80:0:0:0:ac76:3be5:a64d:6de3%2:60841] Номер запроса 48. Сообщение от клиента: ay":null} 
Mon Dec 18 08:16:58 IRKT 2017. FAST SERVER. Получено сообщение от /fe80:0:0:0:ac76:3be5:a64d:6de3%2:60841 (c5ebc4dd)
Mon Dec 18 08:16:58 IRKT 2017. FAST SERVER. Получение версии 0.9.0 [id: 0xc5ebc4dd, L:/fe80:0:0:0:ac76:3be5:a64d:6de3%2:6500 - R:/fe80:0:0:0:ac76:3be5:a64d:6de3%2:60841]) Номер запроса: 49
Mon Dec 18 08:16:58 IRKT 2017. FAST SERVER. Запрос успешно выполнен, отправление данных: [id: 0xc5ebc4dd, L:/fe80:0:0:0:ac76:3be5:a64d:6de3%2:6500 - R:/fe80:0:0:0:ac76:3be5:a64d:6de3%2:60841]) Номер запроса: 49
Mon Dec 18 08:17:01 IRKT 2017. FAST SERVER. Ошибка при передаче данных (/fe80:0:0:0:ac76:3be5:a64d:6de3%2:60841): Удаленный хост принудительно разорвал существующее подключение (c5ebc4dd)
Mon Dec 18 08:17:01 IRKT 2017. FAST SERVER. Соединение с сервером было закрыто /fe80:0:0:0:ac76:3be5:a64d:6de3%2:60841 (c5ebc4dd)
Mon Dec 18 08:17:34 IRKT 2017. FAST SERVER. Клиент присоединился к серверу: /0:0:0:0:0:0:0:1:60890 (4c8afbe5)
Mon Dec 18 08:17:34 IRKT 2017. FAST SERVER. Клиент присоединился к серверу: /fe80:0:0:0:ac76:3be5:a64d:6de3%2:60891 (47929d4a)
Mon Dec 18 08:17:34 IRKT 2017. FAST SERVER. Получено сообщение от /fe80:0:0:0:ac76:3be5:a64d:6de3%2:60891 (47929d4a)
Mon Dec 18 08:17:34 IRKT 2017. FAST SERVER. Получение расхождений в версиях [id: 0x47929d4a, L:/fe80:0:0:0:ac76:3be5:a64d:6de3%2:6500 - R:/fe80:0:0:0:ac76:3be5:a64d:6de3%2:60891]) Номер запроса: 50
Mon Dec 18 08:17:34 IRKT 2017. FAST SERVER. Запрос успешно выполнен, отправление данных: [id: 0x47929d4a, L:/fe80:0:0:0:ac76:3be5:a64d:6de3%2:6500 - R:/fe80:0:0:0:ac76:3be5:a64d:6de3%2:60891]) Номер запроса: 50
Mon Dec 18 08:17:34 IRKT 2017. FTP SERVER. Новое соединение: /0:0:0:0:0:0:0:1
Mon Dec 18 08:17:34 IRKT 2017. FTP SERVER. Запрос на отправку данных клиенту: /0:0:0:0:0:0:0:1 По запросу №2 Объем файла: 3байт
Mon Dec 18 08:17:34 IRKT 2017. FTP SERVER. Запущен процесс отправки данных клиенту: /0:0:0:0:0:0:0:1 Номер сеанса: 47
Mon Dec 18 08:17:34 IRKT 2017. FTP SERVER. Отправка данных клиенту: /0:0:0:0:0:0:0:1 успешно завершена!
Mon Dec 18 08:17:41 IRKT 2017. FAST SERVER. Ошибка при передаче данных (/0:0:0:0:0:0:0:1:60890): Удаленный хост принудительно разорвал существующее подключение (4c8afbe5)
Mon Dec 18 08:17:41 IRKT 2017. FAST SERVER. Соединение с сервером было закрыто /0:0:0:0:0:0:0:1:60890 (4c8afbe5)
Mon Dec 18 08:19:03 IRKT 2017. FAST SERVER. Ошибка при передаче данных (/fe80:0:0:0:ac76:3be5:a64d:6de3%2:60891): Удаленный хост принудительно разорвал существующее подключение (47929d4a)
Mon Dec 18 08:19:03 IRKT 2017. FAST SERVER. Соединение с сервером было закрыто /fe80:0:0:0:ac76:3be5:a64d:6de3%2:60891 (47929d4a)
Mon Dec 18 08:19:21 IRKT 2017. FAST SERVER. Клиент присоединился к серверу: /0:0:0:0:0:0:0:1:60894 (d35940e5)
Mon Dec 18 08:19:21 IRKT 2017. FAST SERVER. Клиент присоединился к серверу: /0:0:0:0:0:0:0:1:60895 (707868d1)
Mon Dec 18 08:19:21 IRKT 2017. FAST SERVER. Получено сообщение от /0:0:0:0:0:0:0:1:60895 (707868d1)
Mon Dec 18 08:19:21 IRKT 2017. FAST SERVER. Получение расхождений в версиях [id: 0x707868d1, L:/0:0:0:0:0:0:0:1:6500 - R:/0:0:0:0:0:0:0:1:60895]) Номер запроса: 51
Mon Dec 18 08:19:21 IRKT 2017. FAST SERVER. Запрос успешно выполнен, отправление данных: [id: 0x707868d1, L:/0:0:0:0:0:0:0:1:6500 - R:/0:0:0:0:0:0:0:1:60895]) Номер запроса: 51
Mon Dec 18 08:19:21 IRKT 2017. FTP SERVER. Новое соединение: /0:0:0:0:0:0:0:1
Mon Dec 18 08:19:21 IRKT 2017. FTP SERVER. Запрос на отправку данных клиенту: /0:0:0:0:0:0:0:1 По запросу №2 Объем файла: 10байт
Mon Dec 18 08:19:21 IRKT 2017. FTP SERVER. Запущен процесс отправки данных клиенту: /0:0:0:0:0:0:0:1 Номер сеанса: 48
Mon Dec 18 08:19:21 IRKT 2017. FTP SERVER. Отправка данных клиенту: /0:0:0:0:0:0:0:1 успешно завершена!
Mon Dec 18 08:19:23 IRKT 2017. FAST SERVER. Ошибка при передаче данных (/0:0:0:0:0:0:0:1:60895): Удаленный хост принудительно разорвал существующее подключение (707868d1)
Mon Dec 18 08:19:23 IRKT 2017. FAST SERVER. Ошибка при передаче данных (/0:0:0:0:0:0:0:1:60894): Удаленный хост принудительно разорвал существующее подключение (d35940e5)
Mon Dec 18 08:19:23 IRKT 2017. FAST SERVER. Соединение с сервером было закрыто /0:0:0:0:0:0:0:1:60894 (d35940e5)
Mon Dec 18 08:19:23 IRKT 2017. FAST SERVER. Соединение с сервером было закрыто /0:0:0:0:0:0:0:1:60895 (707868d1)
Mon Dec 18 08:20:53 IRKT 2017. FAST SERVER. Клиент присоединился к серверу: /0:0:0:0:0:0:0:1:60900 (7c460837)
Mon Dec 18 08:20:54 IRKT 2017. FAST SERVER. Получено сообщение от /0:0:0:0:0:0:0:1:60900 (7c460837)
Mon Dec 18 08:20:54 IRKT 2017. FAST SERVER. Авторизация пользователя с сервером [id: 0x7c460837, L:/0:0:0:0:0:0:0:1:6500 - R:/0:0:0:0:0:0:0:1:60900]) Номер запроса: 52 Имя пользователя: contact
Mon Dec 18 08:20:54 IRKT 2017. FAST SERVER. Запрос успешно выполнен, отправление данных: [id: 0x7c460837, L:/0:0:0:0:0:0:0:1:6500 - R:/0:0:0:0:0:0:0:1:60900]) Номер запроса: 52
Mon Dec 18 08:20:59 IRKT 2017. FAST SERVER. Ошибка при передаче данных (/0:0:0:0:0:0:0:1:60900): Удаленный хост принудительно разорвал существующее подключение (7c460837)
Mon Dec 18 08:20:59 IRKT 2017. FAST SERVER. Соединение с сервером было закрыто /0:0:0:0:0:0:0:1:60900 (7c460837)
Mon Dec 18 08:29:35 IRKT 2017. FAST SERVER. Клиент присоединился к серверу: /0:0:0:0:0:0:0:1:60915 (a3f3988f)
Mon Dec 18 08:29:35 IRKT 2017. FAST SERVER. Клиент присоединился к серверу: /fe80:0:0:0:ac76:3be5:a64d:6de3%2:60916 (2ac2be76)
Mon Dec 18 08:29:35 IRKT 2017. FAST SERVER. Получено сообщение от /fe80:0:0:0:ac76:3be5:a64d:6de3%2:60916 (2ac2be76)
Mon Dec 18 08:29:35 IRKT 2017. FAST SERVER. Получение расхождений в версиях [id: 0x2ac2be76, L:/fe80:0:0:0:ac76:3be5:a64d:6de3%2:6500 - R:/fe80:0:0:0:ac76:3be5:a64d:6de3%2:60916]) Номер запроса: 53
Mon Dec 18 08:29:35 IRKT 2017. FAST SERVER. Запрос успешно выполнен, отправление данных: [id: 0x2ac2be76, L:/fe80:0:0:0:ac76:3be5:a64d:6de3%2:6500 - R:/fe80:0:0:0:ac76:3be5:a64d:6de3%2:60916]) Номер запроса: 53
Mon Dec 18 08:29:35 IRKT 2017. FTP SERVER. Новое соединение: /0:0:0:0:0:0:0:1
Mon Dec 18 08:29:35 IRKT 2017. FTP SERVER. Запрос на отправку данных клиенту: /0:0:0:0:0:0:0:1 По запросу №2 Объем файла: 10байт
Mon Dec 18 08:29:35 IRKT 2017. FTP SERVER. Запущен процесс отправки данных клиенту: /0:0:0:0:0:0:0:1 Номер сеанса: 49
Mon Dec 18 08:29:35 IRKT 2017. FTP SERVER. Отправка данных клиенту: /0:0:0:0:0:0:0:1 успешно завершена!
Mon Dec 18 08:29:35 IRKT 2017. FAST SERVER. Ошибка при передаче данных (/0:0:0:0:0:0:0:1:60915): Удаленный хост принудительно разорвал существующее подключение (a3f3988f)
Mon Dec 18 08:29:35 IRKT 2017. FAST SERVER. Соединение с сервером было закрыто /0:0:0:0:0:0:0:1:60915 (a3f3988f)
Mon Dec 18 08:29:37 IRKT 2017. FAST SERVER. Ошибка при передаче данных (/fe80:0:0:0:ac76:3be5:a64d:6de3%2:60916): Удаленный хост принудительно разорвал существующее подключение (2ac2be76)
Mon Dec 18 08:29:37 IRKT 2017. FAST SERVER. Соединение с сервером было закрыто /fe80:0:0:0:ac76:3be5:a64d:6de3%2:60916 (2ac2be76)
Mon Dec 18 16:52:45 IRKT 2017. FAST SERVER. Клиент присоединился к серверу: /fe80:0:0:0:ac76:3be5:a64d:6de3%2:51587 (bd624289)
Mon Dec 18 16:52:45 IRKT 2017. FAST SERVER. Клиент присоединился к серверу: /fe80:0:0:0:ac76:3be5:a64d:6de3%2:51588 (045ad961)
Mon Dec 18 16:52:45 IRKT 2017. FAST SERVER. Получено сообщение от /fe80:0:0:0:ac76:3be5:a64d:6de3%2:51588 (045ad961)
Mon Dec 18 16:52:45 IRKT 2017. FAST SERVER. Получение расхождений в версиях [id: 0x045ad961, L:/fe80:0:0:0:ac76:3be5:a64d:6de3%2:6500 - R:/fe80:0:0:0:ac76:3be5:a64d:6de3%2:51588]) Номер запроса: 54
Mon Dec 18 16:52:45 IRKT 2017. FAST SERVER. Запрос успешно выполнен, отправление данных: [id: 0x045ad961, L:/fe80:0:0:0:ac76:3be5:a64d:6de3%2:6500 - R:/fe80:0:0:0:ac76:3be5:a64d:6de3%2:51588]) Номер запроса: 54
Mon Dec 18 16:52:46 IRKT 2017. FTP SERVER. Новое соединение: /fe80:0:0:0:ac76:3be5:a64d:6de3%2
Mon Dec 18 16:52:46 IRKT 2017. FTP SERVER. Запрос на отправку данных клиенту: /fe80:0:0:0:ac76:3be5:a64d:6de3%2 По запросу №2 Объем файла: 3байт
Mon Dec 18 16:52:46 IRKT 2017. FTP SERVER. Запущен процесс отправки данных клиенту: /fe80:0:0:0:ac76:3be5:a64d:6de3%2 Номер сеанса: 50
Mon Dec 18 16:52:46 IRKT 2017. FTP SERVER. Отправка данных клиенту: /fe80:0:0:0:ac76:3be5:a64d:6de3%2 успешно завершена!
Mon Dec 18 16:52:46 IRKT 2017. FAST SERVER. Ошибка при передаче данных (/fe80:0:0:0:ac76:3be5:a64d:6de3%2:51587): Удаленный хост принудительно разорвал существующее подключение (bd624289)
Mon Dec 18 16:52:46 IRKT 2017. FAST SERVER. Соединение с сервером было закрыто /fe80:0:0:0:ac76:3be5:a64d:6de3%2:51587 (bd624289)
Mon Dec 18 16:52:52 IRKT 2017. FAST SERVER. Соединение с сервером было закрыто /fe80:0:0:0:ac76:3be5:a64d:6de3%2:51588 (045ad961)
