Mon Nov 27 16:28:47 IRKT 2017. Thread. Thread: Main FAST
Mon Nov 27 16:28:47 IRKT 2017. Thread. Thread: submain FAST start
Mon Nov 27 16:28:47 IRKT 2017. Thread. Thread: submain FAST end
Mon Nov 27 16:28:47 IRKT 2017. Thread. Thread: Main FTP
Mon Nov 27 16:28:47 IRKT 2017. Thread. Thread: submain FTP start
Mon Nov 27 16:28:47 IRKT 2017. Thread. Thread: submain FTP end
Mon Nov 27 16:28:48 IRKT 2017. Thread. Thread: Main FAST
Mon Nov 27 16:28:48 IRKT 2017. Thread. Thread: submain FAST start
Mon Nov 27 16:28:48 IRKT 2017. Thread. Thread: submain FAST end
Mon Nov 27 16:28:48 IRKT 2017. Thread. Thread: Main FTP
Mon Nov 27 16:28:48 IRKT 2017. Thread. Thread: submain FTP start
Mon Nov 27 16:28:48 IRKT 2017. Thread. Thread: submain FTP end
Mon Nov 27 16:28:49 IRKT 2017. Thread. Thread: Main FAST
Mon Nov 27 16:28:49 IRKT 2017. Thread. Thread: submain FAST start
Mon Nov 27 16:28:49 IRKT 2017. Thread. Thread: submain FAST end
Mon Nov 27 16:28:49 IRKT 2017. Thread. Thread: Main FTP
Mon Nov 27 16:28:49 IRKT 2017. Thread. Thread: submain FTP start
Mon Nov 27 16:28:49 IRKT 2017. Thread. Thread: submain FTP end
Mon Nov 27 16:28:51 IRKT 2017. Thread. Thread: Main FAST
Mon Nov 27 16:28:51 IRKT 2017. Thread. Thread: submain FAST start
Mon Nov 27 16:28:51 IRKT 2017. Thread. Thread: submain FAST end
Mon Nov 27 16:28:51 IRKT 2017. Thread. Thread: Main FTP
Mon Nov 27 16:28:51 IRKT 2017. Thread. Thread: submain FTP start
Mon Nov 27 16:28:51 IRKT 2017. Thread. Thread: submain FTP end
Mon Nov 27 16:28:53 IRKT 2017. Thread. Thread: Main FAST
Mon Nov 27 16:28:53 IRKT 2017. Thread. Thread: submain FAST start
Mon Nov 27 16:28:53 IRKT 2017. Thread. Thread: submain FAST end
Mon Nov 27 16:28:53 IRKT 2017. Thread. Thread: Main FTP
Mon Nov 27 16:28:53 IRKT 2017. Thread. Thread: submain FTP start
Mon Nov 27 16:28:53 IRKT 2017. Thread. Thread: submain FTP end
Mon Nov 27 16:28:55 IRKT 2017. Thread. Thread: Main FAST
Mon Nov 27 16:28:55 IRKT 2017. Thread. Thread: submain FAST start
Mon Nov 27 16:28:55 IRKT 2017. Thread. Thread: submain FAST end
Mon Nov 27 16:28:55 IRKT 2017. Thread. Thread: Main FTP
Mon Nov 27 16:28:55 IRKT 2017. Thread. Thread: submain FTP start
Mon Nov 27 16:28:55 IRKT 2017. Thread. Thread: submain FTP end
Mon Nov 27 16:28:57 IRKT 2017. Thread. Thread: Main FAST
Mon Nov 27 16:28:57 IRKT 2017. Thread. Thread: submain FAST start
Mon Nov 27 16:28:57 IRKT 2017. Thread. Thread: submain FAST end
Mon Nov 27 16:28:57 IRKT 2017. Thread. Thread: Main FTP
Mon Nov 27 16:28:57 IRKT 2017. Thread. Thread: submain FTP start
Mon Nov 27 16:28:57 IRKT 2017. Thread. Thread: submain FTP end
Mon Nov 27 16:28:59 IRKT 2017. Thread. Thread: Main FAST
Mon Nov 27 16:28:59 IRKT 2017. Thread. Thread: submain FAST start
Mon Nov 27 16:28:59 IRKT 2017. Thread. Thread: submain FAST end
Mon Nov 27 16:28:59 IRKT 2017. Thread. Thread: Main FTP
Mon Nov 27 16:28:59 IRKT 2017. Thread. Thread: submain FTP start
Mon Nov 27 16:28:59 IRKT 2017. Thread. Thread: submain FTP end
Mon Nov 27 16:29:01 IRKT 2017. Thread. Thread: Main FAST
Mon Nov 27 16:29:01 IRKT 2017. Thread. Thread: submain FAST start
Mon Nov 27 16:29:01 IRKT 2017. Thread. Thread: submain FAST end
Mon Nov 27 16:29:02 IRKT 2017. Thread. Thread: Main FTP
Mon Nov 27 16:29:02 IRKT 2017. Thread. Thread: submain FTP start
Mon Nov 27 16:29:02 IRKT 2017. Thread. Thread: submain FTP end
Mon Nov 27 16:29:04 IRKT 2017. Thread. Thread: Main FAST
Mon Nov 27 16:29:04 IRKT 2017. Thread. Thread: submain FAST start
Mon Nov 27 16:29:04 IRKT 2017. Thread. Thread: submain FAST end
Mon Nov 27 16:29:04 IRKT 2017. Thread. Thread: Main FTP
Mon Nov 27 16:29:04 IRKT 2017. Thread. Thread: submain FTP start
Mon Nov 27 16:29:04 IRKT 2017. Thread. Thread: submain FTP end
Mon Nov 27 16:29:06 IRKT 2017. Thread. Thread: Main FAST
Mon Nov 27 16:29:06 IRKT 2017. Thread. Thread: submain FAST start
Mon Nov 27 16:29:06 IRKT 2017. Thread. Thread: submain FAST end
Mon Nov 27 16:29:06 IRKT 2017. Thread. Thread: Main FTP
Mon Nov 27 16:29:06 IRKT 2017. Thread. Thread: submain FTP start
Mon Nov 27 16:29:06 IRKT 2017. Thread. Thread: submain FTP end
Mon Nov 27 16:29:08 IRKT 2017. Thread. Thread: Main FAST
Mon Nov 27 16:29:08 IRKT 2017. Thread. Thread: submain FAST start
Mon Nov 27 16:29:08 IRKT 2017. Thread. Thread: submain FAST end
Mon Nov 27 16:29:08 IRKT 2017. Thread. Thread: Main FTP
Mon Nov 27 16:29:08 IRKT 2017. Thread. Thread: submain FTP start
Mon Nov 27 16:29:08 IRKT 2017. Thread. Thread: submain FTP end
Mon Nov 27 16:41:31 IRKT 2017. Thread. Thread: Main FAST
Mon Nov 27 16:41:31 IRKT 2017. Thread. Thread: submain FAST start
Mon Nov 27 16:41:31 IRKT 2017. Thread. Thread: submain FAST end
Mon Nov 27 16:41:32 IRKT 2017. Thread. Thread: Main FTP
Mon Nov 27 16:41:32 IRKT 2017. Thread. Thread: submain FTP start
Mon Nov 27 16:41:32 IRKT 2017. Thread. Thread: submain FTP end
Mon Nov 27 16:41:32 IRKT 2017. Thread. Thread: Main FAST
Mon Nov 27 16:41:32 IRKT 2017. Thread. Thread: submain FAST start
Mon Nov 27 16:41:32 IRKT 2017. Thread. Thread: submain FAST end
Mon Nov 27 16:41:32 IRKT 2017. Thread. Thread: Main FTP
Mon Nov 27 16:41:32 IRKT 2017. Thread. Thread: submain FTP start
Mon Nov 27 16:41:32 IRKT 2017. Thread. Thread: submain FTP end
Mon Nov 27 16:41:32 IRKT 2017. Thread. Thread: Main FAST
Mon Nov 27 16:41:32 IRKT 2017. Thread. Thread: submain FAST start
Mon Nov 27 16:41:32 IRKT 2017. Thread. Thread: submain FAST end
Mon Nov 27 16:41:32 IRKT 2017. Thread. Thread: Main FTP
Mon Nov 27 16:41:32 IRKT 2017. Thread. Thread: submain FTP start
Mon Nov 27 16:41:32 IRKT 2017. Thread. Thread: submain FTP end
Mon Nov 27 16:41:34 IRKT 2017. Thread. Thread: Main FAST
Mon Nov 27 16:41:34 IRKT 2017. Thread. Thread: submain FAST start
Mon Nov 27 16:41:34 IRKT 2017. Thread. Thread: submain FAST end
Mon Nov 27 16:41:34 IRKT 2017. Thread. Thread: Main FTP
Mon Nov 27 16:41:34 IRKT 2017. Thread. Thread: submain FTP start
Mon Nov 27 16:41:34 IRKT 2017. Thread. Thread: submain FTP end
